This is worker21
Starting training...
Train Epoch: 1 [0/1935 (0%)]	Loss: 2.307718
Train Epoch: 1 [640/1935 (32%)]	Loss: 0.782937
Train Epoch: 1 [1280/1935 (65%)]	Loss: 0.522656
Train Epoch: 1 [450/1935 (97%)]	Loss: 0.796629
finished training...
writing file...
sending signal at time.struct_time(tm_year=2023, tm_mon=6, tm_mday=19, tm_hour=20, tm_min=41, tm_sec=29, tm_wday=0, tm_yday=170, tm_isdst=0) or 1687207289.2940574 in seconds
Compute time is : 49.85982942581177
.
Sent 1 packets.
waiting for a signal back...
Recevied signal from omnet++, time to read...
Epoch 1 took 111.23300433158875s
Train Epoch: 2 [0/1935 (0%)]	Loss: 0.226030
Train Epoch: 2 [640/1935 (32%)]	Loss: 0.544747
Train Epoch: 2 [1280/1935 (65%)]	Loss: 0.625583
Train Epoch: 2 [450/1935 (97%)]	Loss: 0.279760
finished training...
writing file...
sending signal at time.struct_time(tm_year=2023, tm_mon=6, tm_mday=19, tm_hour=20, tm_min=43, tm_sec=53, tm_wday=0, tm_yday=170, tm_isdst=0) or 1687207433.1781168 in seconds
Compute time is : 82.51087474822998
.
Sent 1 packets.
waiting for a signal back...
Recevied signal from omnet++, time to read...
Epoch 2 took 120.54746270179749s
Train Epoch: 3 [0/1935 (0%)]	Loss: 0.066802
Train Epoch: 3 [640/1935 (32%)]	Loss: 0.247223
Train Epoch: 3 [1280/1935 (65%)]	Loss: 0.273263
Train Epoch: 3 [450/1935 (97%)]	Loss: 0.302641
finished training...
writing file...
sending signal at time.struct_time(tm_year=2023, tm_mon=6, tm_mday=19, tm_hour=20, tm_min=45, tm_sec=55, tm_wday=0, tm_yday=170, tm_isdst=0) or 1687207555.5880876 in seconds
Compute time is : 84.37283635139465
.
Sent 1 packets.
waiting for a signal back...
Recevied signal from omnet++, time to read...
Epoch 3 took 120.49423575401306s
Train Epoch: 4 [0/1935 (0%)]	Loss: 0.160242
Train Epoch: 4 [640/1935 (32%)]	Loss: 0.335886
Train Epoch: 4 [1280/1935 (65%)]	Loss: 0.307894
Train Epoch: 4 [450/1935 (97%)]	Loss: 0.360652
finished training...
writing file...
sending signal at time.struct_time(tm_year=2023, tm_mon=6, tm_mday=19, tm_hour=20, tm_min=47, tm_sec=56, tm_wday=0, tm_yday=170, tm_isdst=0) or 1687207676.521605 in seconds
Compute time is : 84.81211233139038
.
Sent 1 packets.
waiting for a signal back...
Recevied signal from omnet++, time to read...
Epoch 4 took 120.74861097335815s
Train Epoch: 5 [0/1935 (0%)]	Loss: 0.321956
Train Epoch: 5 [640/1935 (32%)]	Loss: 0.122411
Train Epoch: 5 [1280/1935 (65%)]	Loss: 0.266106
Train Epoch: 5 [450/1935 (97%)]	Loss: 0.414386
finished training...
writing file...
sending signal at time.struct_time(tm_year=2023, tm_mon=6, tm_mday=19, tm_hour=20, tm_min=49, tm_sec=57, tm_wday=0, tm_yday=170, tm_isdst=0) or 1687207797.1556113 in seconds
Compute time is : 84.69744729995728
.
Sent 1 packets.
waiting for a signal back...
Recevied signal from omnet++, time to read...
Epoch 5 took 120.70949959754944s
Average epoch train time: 118.74656267166138
Convergence time from worker21: 593.7343254089355
Average training time: 77.1014708518982
Average time it takes worker to receive a new model from when he is done training his model: 41.30811247825623
Average amount of time it takes to load the new model received from the parameter server: 0.09563555717468261
Average time it takes to write trained model to text file: 0.14914445877075194
Final loss: 0.41438642144203186
for 5 epochs and 20 workers:
Loss: [0.7966288924217224, 0.2797599136829376, 0.3026411235332489, 0.360652357339859, 0.41438642144203186]
Train Times: [49.69452095031738, 82.34571313858032, 84.21602654457092, 84.70577955245972, 84.54531407356262]
Computation times of worker21: [49.85982942581177, 82.51087474822998, 84.37283635139465, 84.81211233139038, 84.69744729995728]
Times it took to receive new model each epoch: [61.14009141921997, 37.84716057777405, 35.96228003501892, 35.76562809944153, 35.82540225982666]
Program finished successfully!
