This is worker6
Starting training...
Train Epoch: 1 [0/1935 (0%)]	Loss: 2.292526
Train Epoch: 1 [640/1935 (32%)]	Loss: 0.589657
Train Epoch: 1 [1280/1935 (65%)]	Loss: 0.619961
Train Epoch: 1 [450/1935 (97%)]	Loss: 0.596860
finished training...
writing file...
sending signal at time.struct_time(tm_year=2023, tm_mon=6, tm_mday=19, tm_hour=20, tm_min=41, tm_sec=22, tm_wday=0, tm_yday=170, tm_isdst=0) or 1687207282.4920855 in seconds
Compute time is : 51.346083641052246
.
Sent 1 packets.
waiting for a signal back...
Recevied signal from omnet++, time to read...
Epoch 1 took 119.50598406791687s
Train Epoch: 2 [0/1935 (0%)]	Loss: 0.594537
Train Epoch: 2 [640/1935 (32%)]	Loss: 0.416643
Train Epoch: 2 [1280/1935 (65%)]	Loss: 0.411601
Train Epoch: 2 [450/1935 (97%)]	Loss: 0.101280
finished training...
writing file...
sending signal at time.struct_time(tm_year=2023, tm_mon=6, tm_mday=19, tm_hour=20, tm_min=43, tm_sec=53, tm_wday=0, tm_yday=170, tm_isdst=0) or 1687207433.304234 in seconds
Compute time is : 82.65219640731812
.
Sent 1 packets.
waiting for a signal back...
Recevied signal from omnet++, time to read...
Epoch 2 took 120.61068153381348s
Train Epoch: 3 [0/1935 (0%)]	Loss: 0.237325
Train Epoch: 3 [640/1935 (32%)]	Loss: 0.231269
Train Epoch: 3 [1280/1935 (65%)]	Loss: 0.162305
Train Epoch: 3 [450/1935 (97%)]	Loss: 0.156330
finished training...
writing file...
sending signal at time.struct_time(tm_year=2023, tm_mon=6, tm_mday=19, tm_hour=20, tm_min=45, tm_sec=55, tm_wday=0, tm_yday=170, tm_isdst=0) or 1687207555.4090242 in seconds
Compute time is : 84.14626455307007
.
Sent 1 packets.
waiting for a signal back...
Recevied signal from omnet++, time to read...
Epoch 3 took 120.49137854576111s
Train Epoch: 4 [0/1935 (0%)]	Loss: 0.105673
Train Epoch: 4 [640/1935 (32%)]	Loss: 0.140813
Train Epoch: 4 [1280/1935 (65%)]	Loss: 0.107341
Train Epoch: 4 [450/1935 (97%)]	Loss: 0.018040
finished training...
writing file...
sending signal at time.struct_time(tm_year=2023, tm_mon=6, tm_mday=19, tm_hour=20, tm_min=47, tm_sec=56, tm_wday=0, tm_yday=170, tm_isdst=0) or 1687207676.3915575 in seconds
Compute time is : 84.63728260993958
.
Sent 1 packets.
waiting for a signal back...
Recevied signal from omnet++, time to read...
Epoch 4 took 120.66388273239136s
Train Epoch: 5 [0/1935 (0%)]	Loss: 0.083390
Train Epoch: 5 [640/1935 (32%)]	Loss: 0.047095
Train Epoch: 5 [1280/1935 (65%)]	Loss: 0.406356
Train Epoch: 5 [450/1935 (97%)]	Loss: 0.042356
finished training...
writing file...
sending signal at time.struct_time(tm_year=2023, tm_mon=6, tm_mday=19, tm_hour=20, tm_min=49, tm_sec=57, tm_wday=0, tm_yday=170, tm_isdst=0) or 1687207797.044905 in seconds
Compute time is : 84.62680625915527
.
Sent 1 packets.
waiting for a signal back...
Recevied signal from omnet++, time to read...
Epoch 5 took 120.74425649642944s
Average epoch train time: 120.40323667526245
Convergence time from worker6: 602.0166869163513
Average training time: 77.31940083503723
Average time it takes worker to receive a new model from when he is done training his model: 42.73414297103882
Average amount of time it takes to load the new model received from the parameter server: 0.10594253540039063
Average time it takes to write trained model to text file: 0.16231975555419922
Final loss: 0.04235556349158287
for 5 epochs and 5 workers:
Loss: [0.5968603491783142, 0.10127997398376465, 0.15632981061935425, 0.01804005354642868, 0.04235556349158287]
Train Times: [51.18470287322998, 82.49227929115295, 83.98354816436768, 84.47545576095581, 84.46101808547974]
Computation times of worker6: [51.346083641052246, 82.65219640731812, 84.14626455307007, 84.63728260993958, 84.62680625915527]
Times it took to receive new model each epoch: [67.94758701324463, 37.747458934783936, 36.159531354904175, 35.895453214645386, 35.92068433761597]
Program finished successfully!
