This is worker22
Starting training...
Train Epoch: 1 [0/1935 (0%)]	Loss: 2.305969
Train Epoch: 1 [640/1935 (32%)]	Loss: 0.568676
Train Epoch: 1 [1280/1935 (65%)]	Loss: 0.378869
Train Epoch: 1 [450/1935 (97%)]	Loss: 0.130130
finished training...
writing file...
sending signal at time.struct_time(tm_year=2023, tm_mon=6, tm_mday=19, tm_hour=20, tm_min=41, tm_sec=51, tm_wday=0, tm_yday=170, tm_isdst=0) or 1687207311.0359762 in seconds
Compute time is : 70.72726273536682
.
Sent 1 packets.
waiting for a signal back...
Recevied signal from omnet++, time to read...
Epoch 1 took 110.3576979637146s
Train Epoch: 2 [0/1935 (0%)]	Loss: 0.359032
Train Epoch: 2 [640/1935 (32%)]	Loss: 0.141260
Train Epoch: 2 [1280/1935 (65%)]	Loss: 0.556684
Train Epoch: 2 [450/1935 (97%)]	Loss: 0.252235
finished training...
writing file...
sending signal at time.struct_time(tm_year=2023, tm_mon=6, tm_mday=19, tm_hour=20, tm_min=43, tm_sec=55, tm_wday=0, tm_yday=170, tm_isdst=0) or 1687207435.2843533 in seconds
Compute time is : 84.617928981781
.
Sent 1 packets.
waiting for a signal back...
Recevied signal from omnet++, time to read...
Epoch 2 took 120.57426142692566s
Train Epoch: 3 [0/1935 (0%)]	Loss: 0.064173
Train Epoch: 3 [640/1935 (32%)]	Loss: 0.157189
Train Epoch: 3 [1280/1935 (65%)]	Loss: 0.395634
Train Epoch: 3 [450/1935 (97%)]	Loss: 0.409945
finished training...
writing file...
sending signal at time.struct_time(tm_year=2023, tm_mon=6, tm_mday=19, tm_hour=20, tm_min=45, tm_sec=52, tm_wday=0, tm_yday=170, tm_isdst=0) or 1687207552.1715512 in seconds
Compute time is : 80.93078875541687
.
Sent 1 packets.
waiting for a signal back...
Recevied signal from omnet++, time to read...
Epoch 3 took 120.49955940246582s
Train Epoch: 4 [0/1935 (0%)]	Loss: 0.106740
Train Epoch: 4 [640/1935 (32%)]	Loss: 0.103274
Train Epoch: 4 [1280/1935 (65%)]	Loss: 0.119615
Train Epoch: 4 [450/1935 (97%)]	Loss: 0.169487
finished training...
writing file...
sending signal at time.struct_time(tm_year=2023, tm_mon=6, tm_mday=19, tm_hour=20, tm_min=47, tm_sec=52, tm_wday=0, tm_yday=170, tm_isdst=0) or 1687207672.2891734 in seconds
Compute time is : 80.54880118370056
.
Sent 1 packets.
waiting for a signal back...
Recevied signal from omnet++, time to read...
Epoch 4 took 120.66892647743225s
Train Epoch: 5 [0/1935 (0%)]	Loss: 0.239028
Train Epoch: 5 [640/1935 (32%)]	Loss: 0.097276
Train Epoch: 5 [1280/1935 (65%)]	Loss: 0.125752
Train Epoch: 5 [450/1935 (97%)]	Loss: 0.077749
finished training...
writing file...
sending signal at time.struct_time(tm_year=2023, tm_mon=6, tm_mday=19, tm_hour=20, tm_min=49, tm_sec=56, tm_wday=0, tm_yday=170, tm_isdst=0) or 1687207796.2721353 in seconds
Compute time is : 83.86274671554565
.
Sent 1 packets.
waiting for a signal back...
Recevied signal from omnet++, time to read...
Epoch 5 took 120.69197034835815s
Average epoch train time: 118.5584831237793
Convergence time from worker22: 592.7931480407715
Average training time: 79.98113012313843
Average time it takes worker to receive a new model from when he is done training his model: 38.252170419692995
Average amount of time it takes to load the new model received from the parameter server: 0.08272442817687989
Average time it takes to write trained model to text file: 0.1563716411590576
Final loss: 0.0777493342757225
for 5 epochs and 21 workers:
Loss: [0.13012966513633728, 0.252234548330307, 0.40994536876678467, 0.16948683559894562, 0.0777493342757225]
Train Times: [70.5679829120636, 84.52844214439392, 80.74934315681458, 80.35715579986572, 83.70272660255432]
Computation times of worker22: [70.72726273536682, 84.617928981781, 80.93078875541687, 80.54880118370056, 83.86274671554565]
Times it took to receive new model each epoch: [39.435730934143066, 35.81164073944092, 39.37036442756653, 39.96568179130554, 36.67743420600891]
Program finished successfully!
