This is worker4
Starting training...
Train Epoch: 1 [0/1935 (0%)]	Loss: 2.314009
Train Epoch: 1 [640/1935 (32%)]	Loss: 0.855471
Train Epoch: 1 [1280/1935 (65%)]	Loss: 0.401793
Train Epoch: 1 [450/1935 (97%)]	Loss: 0.187930
finished training...
writing file...
sending signal at time.struct_time(tm_year=2023, tm_mon=6, tm_mday=19, tm_hour=20, tm_min=41, tm_sec=19, tm_wday=0, tm_yday=170, tm_isdst=0) or 1687207279.787342 in seconds
Compute time is : 49.6496524810791
.
Sent 1 packets.
waiting for a signal back...
Recevied signal from omnet++, time to read...
Epoch 1 took 120.51604342460632s
Train Epoch: 2 [0/1935 (0%)]	Loss: 0.290285
Train Epoch: 2 [640/1935 (32%)]	Loss: 0.435131
Train Epoch: 2 [1280/1935 (65%)]	Loss: 0.430603
Train Epoch: 2 [450/1935 (97%)]	Loss: 0.709134
finished training...
writing file...
sending signal at time.struct_time(tm_year=2023, tm_mon=6, tm_mday=19, tm_hour=20, tm_min=43, tm_sec=52, tm_wday=0, tm_yday=170, tm_isdst=0) or 1687207432.1137483 in seconds
Compute time is : 81.45997428894043
.
Sent 1 packets.
waiting for a signal back...
Recevied signal from omnet++, time to read...
Epoch 2 took 120.61517882347107s
Train Epoch: 3 [0/1935 (0%)]	Loss: 0.135372
Train Epoch: 3 [640/1935 (32%)]	Loss: 0.429085
Train Epoch: 3 [1280/1935 (65%)]	Loss: 0.343726
Train Epoch: 3 [450/1935 (97%)]	Loss: 0.095927
finished training...
writing file...
sending signal at time.struct_time(tm_year=2023, tm_mon=6, tm_mday=19, tm_hour=20, tm_min=45, tm_sec=55, tm_wday=0, tm_yday=170, tm_isdst=0) or 1687207555.8240757 in seconds
Compute time is : 84.55508303642273
.
Sent 1 packets.
waiting for a signal back...
Recevied signal from omnet++, time to read...
Epoch 3 took 120.45815229415894s
Train Epoch: 4 [0/1935 (0%)]	Loss: 0.277653
Train Epoch: 4 [640/1935 (32%)]	Loss: 0.396072
Train Epoch: 4 [1280/1935 (65%)]	Loss: 0.309621
Train Epoch: 4 [450/1935 (97%)]	Loss: 0.229998
finished training...
writing file...
sending signal at time.struct_time(tm_year=2023, tm_mon=6, tm_mday=19, tm_hour=20, tm_min=47, tm_sec=56, tm_wday=0, tm_yday=170, tm_isdst=0) or 1687207676.1744232 in seconds
Compute time is : 84.44720911979675
.
Sent 1 packets.
waiting for a signal back...
Recevied signal from omnet++, time to read...
Epoch 4 took 120.73699307441711s
Train Epoch: 5 [0/1935 (0%)]	Loss: 0.075811
Train Epoch: 5 [640/1935 (32%)]	Loss: 0.181432
Train Epoch: 5 [1280/1935 (65%)]	Loss: 0.168609
Train Epoch: 5 [450/1935 (97%)]	Loss: 0.770940
finished training...
writing file...
sending signal at time.struct_time(tm_year=2023, tm_mon=6, tm_mday=19, tm_hour=20, tm_min=49, tm_sec=56, tm_wday=0, tm_yday=170, tm_isdst=0) or 1687207796.8221605 in seconds
Compute time is : 84.35789656639099
.
Sent 1 packets.
waiting for a signal back...
Recevied signal from omnet++, time to read...
Epoch 5 took 120.70173525810242s
Average epoch train time: 120.60562057495117
Convergence time from worker4: 603.0285952091217
Average training time: 76.74129180908203
Average time it takes worker to receive a new model from when he is done training his model: 43.520881462097165
Average amount of time it takes to load the new model received from the parameter server: 0.11279072761535644
Average time it takes to write trained model to text file: 0.15266666412353516
Final loss: 0.7709404826164246
for 5 epochs and 3 workers:
Loss: [0.1879296898841858, 0.7091336846351624, 0.09592664241790771, 0.22999826073646545, 0.7709404826164246]
Train Times: [49.4872670173645, 81.28616714477539, 84.45842933654785, 84.288001537323, 84.18659400939941]
Computation times of worker4: [49.6496524810791, 81.45997428894043, 84.55508303642273, 84.44720911979675, 84.35789656639099]
Times it took to receive new model each epoch: [70.65917563438416, 38.931262254714966, 35.763277769088745, 36.10334610939026, 36.147345542907715]
Program finished successfully!
