This is worker28
Starting training...
Train Epoch: 1 [0/1935 (0%)]	Loss: 2.303084
Train Epoch: 1 [640/1935 (32%)]	Loss: 0.829819
Train Epoch: 1 [1280/1935 (65%)]	Loss: 0.313091
Train Epoch: 1 [450/1935 (97%)]	Loss: 0.560591
finished training...
writing file...
sending signal at time.struct_time(tm_year=2023, tm_mon=6, tm_mday=19, tm_hour=20, tm_min=41, tm_sec=54, tm_wday=0, tm_yday=170, tm_isdst=0) or 1687207314.0504944 in seconds
Compute time is : 69.76487135887146
.
Sent 1 packets.
waiting for a signal back...
Recevied signal from omnet++, time to read...
Epoch 1 took 106.3694097995758s
Train Epoch: 2 [0/1935 (0%)]	Loss: 0.300549
Train Epoch: 2 [640/1935 (32%)]	Loss: 0.598229
Train Epoch: 2 [1280/1935 (65%)]	Loss: 0.340309
Train Epoch: 2 [450/1935 (97%)]	Loss: 0.368520
finished training...
writing file...
sending signal at time.struct_time(tm_year=2023, tm_mon=6, tm_mday=19, tm_hour=20, tm_min=43, tm_sec=55, tm_wday=0, tm_yday=170, tm_isdst=0) or 1687207435.2740002 in seconds
Compute time is : 84.61907839775085
.
Sent 1 packets.
waiting for a signal back...
Recevied signal from omnet++, time to read...
Epoch 2 took 120.58785152435303s
Train Epoch: 3 [0/1935 (0%)]	Loss: 0.049527
Train Epoch: 3 [640/1935 (32%)]	Loss: 0.655691
Train Epoch: 3 [1280/1935 (65%)]	Loss: 0.134099
Train Epoch: 3 [450/1935 (97%)]	Loss: 0.543298
finished training...
writing file...
sending signal at time.struct_time(tm_year=2023, tm_mon=6, tm_mday=19, tm_hour=20, tm_min=45, tm_sec=52, tm_wday=0, tm_yday=170, tm_isdst=0) or 1687207552.1200166 in seconds
Compute time is : 80.8771653175354
.
Sent 1 packets.
waiting for a signal back...
Recevied signal from omnet++, time to read...
Epoch 3 took 120.50732064247131s
Train Epoch: 4 [0/1935 (0%)]	Loss: 0.133399
Train Epoch: 4 [640/1935 (32%)]	Loss: 0.289918
Train Epoch: 4 [1280/1935 (65%)]	Loss: 0.227479
Train Epoch: 4 [450/1935 (97%)]	Loss: 0.212624
finished training...
writing file...
sending signal at time.struct_time(tm_year=2023, tm_mon=6, tm_mday=19, tm_hour=20, tm_min=47, tm_sec=54, tm_wday=0, tm_yday=170, tm_isdst=0) or 1687207674.217372 in seconds
Compute time is : 82.46713495254517
.
Sent 1 packets.
waiting for a signal back...
Recevied signal from omnet++, time to read...
Epoch 4 took 120.70066452026367s
Train Epoch: 5 [0/1935 (0%)]	Loss: 0.110923
Train Epoch: 5 [640/1935 (32%)]	Loss: 0.111053
Train Epoch: 5 [1280/1935 (65%)]	Loss: 0.196190
Train Epoch: 5 [450/1935 (97%)]	Loss: 0.115868
finished training...
writing file...
sending signal at time.struct_time(tm_year=2023, tm_mon=6, tm_mday=19, tm_hour=20, tm_min=49, tm_sec=55, tm_wday=0, tm_yday=170, tm_isdst=0) or 1687207795.2830625 in seconds
Compute time is : 82.83199834823608
.
Sent 1 packets.
waiting for a signal back...
Recevied signal from omnet++, time to read...
Epoch 5 took 120.69720005989075s
Average epoch train time: 117.77248930931091
Convergence time from worker28: 588.8676750659943
Average training time: 79.96090335845948
Average time it takes worker to receive a new model from when he is done training his model: 37.466967821121216
Average amount of time it takes to load the new model received from the parameter server: 0.0988591194152832
Average time it takes to write trained model to text file: 0.15114226341247558
Final loss: 0.11586795747280121
for 5 epochs and 27 workers:
Loss: [0.5605911016464233, 0.3685203194618225, 0.5432981252670288, 0.21262405812740326, 0.11586795747280121]
Train Times: [69.60171270370483, 84.51501965522766, 80.71664333343506, 82.3072829246521, 82.66385817527771]
Computation times of worker28: [69.76487135887146, 84.61907839775085, 80.8771653175354, 82.46713495254517, 82.83199834823608]
Times it took to receive new model each epoch: [36.40002417564392, 35.79812669754028, 39.42761540412903, 38.03290057182312, 37.67617225646973]
Program finished successfully!
