This is worker14
Starting training...
Train Epoch: 1 [0/1935 (0%)]	Loss: 2.302478
Train Epoch: 1 [640/1935 (32%)]	Loss: 0.594129
Train Epoch: 1 [1280/1935 (65%)]	Loss: 0.510388
Train Epoch: 1 [450/1935 (97%)]	Loss: 0.430182
finished training...
writing file...
sending signal at time.struct_time(tm_year=2023, tm_mon=6, tm_mday=19, tm_hour=20, tm_min=41, tm_sec=26, tm_wday=0, tm_yday=170, tm_isdst=0) or 1687207286.2721918 in seconds
Compute time is : 51.26592469215393
.
Sent 1 packets.
waiting for a signal back...
Recevied signal from omnet++, time to read...
Epoch 1 took 115.65929222106934s
Train Epoch: 2 [0/1935 (0%)]	Loss: 0.523954
Train Epoch: 2 [640/1935 (32%)]	Loss: 0.284180
Train Epoch: 2 [1280/1935 (65%)]	Loss: 0.475375
Train Epoch: 2 [450/1935 (97%)]	Loss: 0.486357
finished training...
writing file...
sending signal at time.struct_time(tm_year=2023, tm_mon=6, tm_mday=19, tm_hour=20, tm_min=43, tm_sec=52, tm_wday=0, tm_yday=170, tm_isdst=0) or 1687207432.5907094 in seconds
Compute time is : 81.92508673667908
.
Sent 1 packets.
waiting for a signal back...
Recevied signal from omnet++, time to read...
Epoch 2 took 120.59577107429504s
Train Epoch: 3 [0/1935 (0%)]	Loss: 0.257060
Train Epoch: 3 [640/1935 (32%)]	Loss: 0.394675
Train Epoch: 3 [1280/1935 (65%)]	Loss: 0.188870
Train Epoch: 3 [450/1935 (97%)]	Loss: 0.190420
finished training...
writing file...
sending signal at time.struct_time(tm_year=2023, tm_mon=6, tm_mday=19, tm_hour=20, tm_min=45, tm_sec=55, tm_wday=0, tm_yday=170, tm_isdst=0) or 1687207555.788293 in seconds
Compute time is : 84.52688121795654
.
Sent 1 packets.
waiting for a signal back...
Recevied signal from omnet++, time to read...
Epoch 3 took 120.4544792175293s
Train Epoch: 4 [0/1935 (0%)]	Loss: 0.123125
Train Epoch: 4 [640/1935 (32%)]	Loss: 0.234728
Train Epoch: 4 [1280/1935 (65%)]	Loss: 0.381015
Train Epoch: 4 [450/1935 (97%)]	Loss: 0.281047
finished training...
writing file...
sending signal at time.struct_time(tm_year=2023, tm_mon=6, tm_mday=19, tm_hour=20, tm_min=47, tm_sec=56, tm_wday=0, tm_yday=170, tm_isdst=0) or 1687207676.0811496 in seconds
Compute time is : 84.36514687538147
.
Sent 1 packets.
waiting for a signal back...
Recevied signal from omnet++, time to read...
Epoch 4 took 120.6996841430664s
Train Epoch: 5 [0/1935 (0%)]	Loss: 0.096757
Train Epoch: 5 [640/1935 (32%)]	Loss: 0.335079
Train Epoch: 5 [1280/1935 (65%)]	Loss: 0.433973
Train Epoch: 5 [450/1935 (97%)]	Loss: 0.060473
finished training...
writing file...
sending signal at time.struct_time(tm_year=2023, tm_mon=6, tm_mday=19, tm_hour=20, tm_min=49, tm_sec=57, tm_wday=0, tm_yday=170, tm_isdst=0) or 1687207797.2129474 in seconds
Compute time is : 84.79723310470581
.
Sent 1 packets.
waiting for a signal back...
Recevied signal from omnet++, time to read...
Epoch 5 took 120.69245195388794s
Average epoch train time: 119.62033572196961
Convergence time from worker14: 598.1020529270172
Average training time: 77.2336555480957
Average time it takes worker to receive a new model from when he is done training his model: 42.07125687599182
Average amount of time it takes to load the new model received from the parameter server: 0.08733415603637695
Average time it takes to write trained model to text file: 0.14239511489868165
Final loss: 0.06047280132770538
for 5 epochs and 13 workers:
Loss: [0.43018195033073425, 0.48635709285736084, 0.19042041897773743, 0.28104734420776367, 0.06047280132770538]
Train Times: [51.106412172317505, 81.75989723205566, 84.39376544952393, 84.20632791519165, 84.70187497138977]
Computation times of worker14: [51.26592469215393, 81.92508673667908, 84.52688121795654, 84.36514687538147, 84.79723310470581]
Times it took to receive new model each epoch: [64.14057302474976, 38.45727562904358, 35.7887818813324, 36.17727589607239, 35.792377948760986]
Program finished successfully!
