This is worker16
.
Sent 1 packets.
Starting training...
Train Epoch: 1 [0/1935 (0%)]	Loss: 2.292762
Train Epoch: 1 [640/1935 (32%)]	Loss: 0.842235
Train Epoch: 1 [1280/1935 (65%)]	Loss: 0.851118
Train Epoch: 1 [450/1935 (97%)]	Loss: 0.176237
finished training...
writing file...
sending signal at time.struct_time(tm_year=2023, tm_mon=6, tm_mday=19, tm_hour=20, tm_min=41, tm_sec=26, tm_wday=0, tm_yday=170, tm_isdst=0) or 1687207286.6064231 in seconds
Compute time is : 50.286255836486816
.
Sent 1 packets.
waiting for a signal back...
Recevied signal from omnet++, time to read...
Epoch 1 took 114.296067237854s
Train Epoch: 2 [0/1935 (0%)]	Loss: 0.359937
Train Epoch: 2 [640/1935 (32%)]	Loss: 0.820692
Train Epoch: 2 [1280/1935 (65%)]	Loss: 0.427688
Train Epoch: 2 [450/1935 (97%)]	Loss: 0.145188
finished training...
writing file...
sending signal at time.struct_time(tm_year=2023, tm_mon=6, tm_mday=19, tm_hour=20, tm_min=43, tm_sec=53, tm_wday=0, tm_yday=170, tm_isdst=0) or 1687207433.1755867 in seconds
Compute time is : 82.5593147277832
.
Sent 1 packets.
waiting for a signal back...
Recevied signal from omnet++, time to read...
Epoch 2 took 120.64436030387878s
Train Epoch: 3 [0/1935 (0%)]	Loss: 0.312464
Train Epoch: 3 [640/1935 (32%)]	Loss: 0.087446
Train Epoch: 3 [1280/1935 (65%)]	Loss: 0.242056
Train Epoch: 3 [450/1935 (97%)]	Loss: 0.077936
finished training...
writing file...
sending signal at time.struct_time(tm_year=2023, tm_mon=6, tm_mday=19, tm_hour=20, tm_min=45, tm_sec=55, tm_wday=0, tm_yday=170, tm_isdst=0) or 1687207555.6605546 in seconds
Compute time is : 84.39989471435547
.
Sent 1 packets.
waiting for a signal back...
Recevied signal from omnet++, time to read...
Epoch 3 took 120.49307346343994s
Train Epoch: 4 [0/1935 (0%)]	Loss: 0.397838
Train Epoch: 4 [640/1935 (32%)]	Loss: 0.511698
Train Epoch: 4 [1280/1935 (65%)]	Loss: 0.231913
Train Epoch: 4 [450/1935 (97%)]	Loss: 0.477583
finished training...
writing file...
sending signal at time.struct_time(tm_year=2023, tm_mon=6, tm_mday=19, tm_hour=20, tm_min=47, tm_sec=56, tm_wday=0, tm_yday=170, tm_isdst=0) or 1687207676.5113692 in seconds
Compute time is : 84.75758981704712
.
Sent 1 packets.
waiting for a signal back...
Recevied signal from omnet++, time to read...
Epoch 4 took 120.66382813453674s
Train Epoch: 5 [0/1935 (0%)]	Loss: 0.160755
Train Epoch: 5 [640/1935 (32%)]	Loss: 0.047162
Train Epoch: 5 [1280/1935 (65%)]	Loss: 0.137019
Train Epoch: 5 [450/1935 (97%)]	Loss: 0.277090
finished training...
writing file...
sending signal at time.struct_time(tm_year=2023, tm_mon=6, tm_mday=19, tm_hour=20, tm_min=49, tm_sec=56, tm_wday=0, tm_yday=170, tm_isdst=0) or 1687207796.938059 in seconds
Compute time is : 84.5203583240509
.
Sent 1 packets.
waiting for a signal back...
Recevied signal from omnet++, time to read...
Epoch 5 took 120.69311571121216s
Average epoch train time: 119.35808897018433
Convergence time from worker16: 596.7908701896667
Average training time: 77.15395073890686
Average time it takes worker to receive a new model from when he is done training his model: 41.87677345275879
Average amount of time it takes to load the new model received from the parameter server: 0.08550996780395508
Average time it takes to write trained model to text file: 0.15072741508483886
Final loss: 0.27709028124809265
for 5 epochs and 15 workers:
Loss: [0.17623725533485413, 0.14518801867961884, 0.07793594151735306, 0.4775831997394562, 0.27709028124809265]
Train Times: [50.125083923339844, 82.40074634552002, 84.24581098556519, 84.63909602165222, 84.35901641845703]
Computation times of worker16: [50.286255836486816, 82.5593147277832, 84.39989471435547, 84.75758981704712, 84.5203583240509]
Times it took to receive new model each epoch: [63.82277297973633, 37.86944818496704, 35.90522742271423, 35.765300989151, 36.02111768722534]
Program finished successfully!
