This is worker3
.
Sent 1 packets.
Starting training...
Train Epoch: 1 [0/1935 (0%)]	Loss: 2.309177
Train Epoch: 1 [640/1935 (32%)]	Loss: 0.447460
Train Epoch: 1 [1280/1935 (65%)]	Loss: 0.511334
Train Epoch: 1 [450/1935 (97%)]	Loss: 0.133681
finished training...
writing file...
sending signal at time.struct_time(tm_year=2023, tm_mon=6, tm_mday=19, tm_hour=20, tm_min=41, tm_sec=17, tm_wday=0, tm_yday=170, tm_isdst=0) or 1687207277.1620708 in seconds
Compute time is : 47.4707772731781
.
Sent 1 packets.
waiting for a signal back...
Recevied signal from omnet++, time to read...
Epoch 1 took 120.91930294036865s
Train Epoch: 2 [0/1935 (0%)]	Loss: 0.270392
Train Epoch: 2 [640/1935 (32%)]	Loss: 0.293390
Train Epoch: 2 [1280/1935 (65%)]	Loss: 0.421134
Train Epoch: 2 [450/1935 (97%)]	Loss: 0.218247
finished training...
writing file...
sending signal at time.struct_time(tm_year=2023, tm_mon=6, tm_mday=19, tm_hour=20, tm_min=43, tm_sec=53, tm_wday=0, tm_yday=170, tm_isdst=0) or 1687207433.632197 in seconds
Compute time is : 83.02156114578247
.
Sent 1 packets.
waiting for a signal back...
Recevied signal from omnet++, time to read...
Epoch 2 took 120.64919209480286s
Train Epoch: 3 [0/1935 (0%)]	Loss: 0.145652
Train Epoch: 3 [640/1935 (32%)]	Loss: 0.614402
Train Epoch: 3 [1280/1935 (65%)]	Loss: 0.482688
Train Epoch: 3 [450/1935 (97%)]	Loss: 0.183766
finished training...
writing file...
sending signal at time.struct_time(tm_year=2023, tm_mon=6, tm_mday=19, tm_hour=20, tm_min=45, tm_sec=55, tm_wday=0, tm_yday=170, tm_isdst=0) or 1687207555.8096433 in seconds
Compute time is : 84.54976987838745
.
Sent 1 packets.
waiting for a signal back...
Recevied signal from omnet++, time to read...
Epoch 3 took 120.49399018287659s
Train Epoch: 4 [0/1935 (0%)]	Loss: 0.216626
Train Epoch: 4 [640/1935 (32%)]	Loss: 0.237961
Train Epoch: 4 [1280/1935 (65%)]	Loss: 0.317941
Train Epoch: 4 [450/1935 (97%)]	Loss: 0.253508
finished training...
writing file...
sending signal at time.struct_time(tm_year=2023, tm_mon=6, tm_mday=19, tm_hour=20, tm_min=47, tm_sec=55, tm_wday=0, tm_yday=170, tm_isdst=0) or 1687207675.680219 in seconds
Compute time is : 83.92624592781067
.
Sent 1 packets.
waiting for a signal back...
Recevied signal from omnet++, time to read...
Epoch 4 took 120.70820093154907s
Train Epoch: 5 [0/1935 (0%)]	Loss: 0.101988
Train Epoch: 5 [640/1935 (32%)]	Loss: 0.174698
Train Epoch: 5 [1280/1935 (65%)]	Loss: 0.235169
Train Epoch: 5 [450/1935 (97%)]	Loss: 0.290454
finished training...
writing file...
sending signal at time.struct_time(tm_year=2023, tm_mon=6, tm_mday=19, tm_hour=20, tm_min=49, tm_sec=56, tm_wday=0, tm_yday=170, tm_isdst=0) or 1687207796.562508 in seconds
Compute time is : 84.10031723976135
.
Sent 1 packets.
waiting for a signal back...
Recevied signal from omnet++, time to read...
Epoch 5 took 120.69518113136292s
Average epoch train time: 120.69317345619201
Convergence time from worker3: 603.4666578769684
Average training time: 76.46508750915527
Average time it takes worker to receive a new model from when he is done training his model: 43.88755388259888
Average amount of time it takes to load the new model received from the parameter server: 0.10563054084777831
Average time it takes to write trained model to text file: 0.14863862991333007
Final loss: 0.29045405983924866
for 5 epochs and 2 workers:
Loss: [0.1336812525987625, 0.21824714541435242, 0.18376585841178894, 0.2535080313682556, 0.29045405983924866]
Train Times: [47.297807693481445, 82.86311340332031, 84.47109079360962, 83.75917267799377, 83.93425297737122]
Computation times of worker3: [47.4707772731781, 83.02156114578247, 84.54976987838745, 83.92624592781067, 84.10031723976135]
Times it took to receive new model each epoch: [73.2789990901947, 37.431209564208984, 35.771241903305054, 36.57124066352844, 36.3850781917572]
Program finished successfully!
