This is a parameter server!
.
Sent 1 packets.
wating for a signal...
reading files...
files to read from:
./logs/root_switch/dict.txt

aggregating received dicts...
writing file...
Server is sending signal for epoch 0 at time.struct_time(tm_year=2023, tm_mon=6, tm_mday=19, tm_hour=19, tm_min=23, tm_sec=59, tm_wday=0, tm_yday=170, tm_isdst=0) or 1687202639.6785562 in seconds
.
Sent 1 packets.

Test set: Accuracy: 9049/10000 (90%)

Finished Epoch Number 1
Average time to compute new model: 0.004845142364501953s
Average time it takes the server to read all the new files: 0.06399798393249512
Avergae time to test: 3.290332794189453s
wating for a signal...
reading files...
files to read from:
./logs/root_switch/dict.txt

aggregating received dicts...
writing file...
Server is sending signal for epoch 1 at time.struct_time(tm_year=2023, tm_mon=6, tm_mday=19, tm_hour=19, tm_min=26, tm_sec=32, tm_wday=0, tm_yday=170, tm_isdst=0) or 1687202792.3903618 in seconds
.
Sent 1 packets.

Test set: Accuracy: 9358/10000 (94%)

Finished Epoch Number 2
Average time to compute new model: 0.00473177433013916s
Average time it takes the server to read all the new files: 0.06287109851837158
Avergae time to test: 3.0592554807662964s
wating for a signal...
reading files...
files to read from:
./logs/root_switch/dict.txt

aggregating received dicts...
writing file...
Server is sending signal for epoch 2 at time.struct_time(tm_year=2023, tm_mon=6, tm_mday=19, tm_hour=19, tm_min=29, tm_sec=5, tm_wday=0, tm_yday=170, tm_isdst=0) or 1687202945.1300313 in seconds
.
Sent 1 packets.

Test set: Accuracy: 9495/10000 (95%)

Finished Epoch Number 3
Average time to compute new model: 0.0046540101369222s
Average time it takes the server to read all the new files: 0.06244182586669922
Avergae time to test: 3.0343401432037354s
wating for a signal...
reading files...
files to read from:
./logs/root_switch/dict.txt

aggregating received dicts...
writing file...
Server is sending signal for epoch 3 at time.struct_time(tm_year=2023, tm_mon=6, tm_mday=19, tm_hour=19, tm_min=31, tm_sec=37, tm_wday=0, tm_yday=170, tm_isdst=0) or 1687203097.7936382 in seconds
.
Sent 1 packets.

Test set: Accuracy: 9586/10000 (96%)

Finished Epoch Number 4
Average time to compute new model: 0.004589557647705078s
Average time it takes the server to read all the new files: 0.06219512224197388
Avergae time to test: 2.9890514612197876s
wating for a signal...
reading files...
files to read from:
./logs/root_switch/dict.txt

aggregating received dicts...
writing file...
Server is sending signal for epoch 4 at time.struct_time(tm_year=2023, tm_mon=6, tm_mday=19, tm_hour=19, tm_min=34, tm_sec=10, tm_wday=0, tm_yday=170, tm_isdst=0) or 1687203250.373988 in seconds
.
Sent 1 packets.

Test set: Accuracy: 9647/10000 (96%)

Finished Epoch Number 5
Average time to compute new model: 0.004544210433959961s
Average time it takes the server to read all the new files: 0.0620574951171875
Avergae time to test: 2.9496781826019287s
Accuracies: [90.48999786376953, 93.58000183105469, 94.94999694824219, 95.86000061035156, 96.47000122070312]
Test losses: [tensor(0.3252), tensor(0.2196), tensor(0.1674), tensor(0.1490), tensor(0.1293)]
Simulation is done!
