This is worker15
Starting training...
Train Epoch: 1 [0/1935 (0%)]	Loss: 2.308599
Train Epoch: 1 [640/1935 (32%)]	Loss: 0.468634
Train Epoch: 1 [1280/1935 (65%)]	Loss: 0.647945
Train Epoch: 1 [450/1935 (97%)]	Loss: 0.457084
finished training...
writing file...
sending signal at time.struct_time(tm_year=2023, tm_mon=6, tm_mday=19, tm_hour=19, tm_min=23, tm_sec=2, tm_wday=0, tm_yday=170, tm_isdst=0) or 1687202582.7660549 in seconds
Compute time is : 75.50212240219116
.
Sent 1 packets.
waiting for a signal back...
Recevied signal from omnet++, time to read...
Epoch 1 took 147.15288305282593s
Train Epoch: 2 [0/1935 (0%)]	Loss: 0.257552
Train Epoch: 2 [640/1935 (32%)]	Loss: 0.470268
Train Epoch: 2 [1280/1935 (65%)]	Loss: 0.373546
Train Epoch: 2 [450/1935 (97%)]	Loss: 0.392028
finished training...
writing file...
sending signal at time.struct_time(tm_year=2023, tm_mon=6, tm_mday=19, tm_hour=19, tm_min=25, tm_sec=36, tm_wday=0, tm_yday=170, tm_isdst=0) or 1687202736.4407296 in seconds
Compute time is : 82.02390265464783
.
Sent 1 packets.
waiting for a signal back...
Recevied signal from omnet++, time to read...
Epoch 2 took 152.71758460998535s
Train Epoch: 3 [0/1935 (0%)]	Loss: 0.148119
Train Epoch: 3 [640/1935 (32%)]	Loss: 0.352245
Train Epoch: 3 [1280/1935 (65%)]	Loss: 0.380212
Train Epoch: 3 [450/1935 (97%)]	Loss: 0.152886
finished training...
writing file...
sending signal at time.struct_time(tm_year=2023, tm_mon=6, tm_mday=19, tm_hour=19, tm_min=28, tm_sec=9, tm_wday=0, tm_yday=170, tm_isdst=0) or 1687202889.8530731 in seconds
Compute time is : 82.71861958503723
.
Sent 1 packets.
waiting for a signal back...
Recevied signal from omnet++, time to read...
Epoch 3 took 152.73928093910217s
Train Epoch: 4 [0/1935 (0%)]	Loss: 0.266834
Train Epoch: 4 [640/1935 (32%)]	Loss: 0.276868
Train Epoch: 4 [1280/1935 (65%)]	Loss: 0.110367
Train Epoch: 4 [450/1935 (97%)]	Loss: 0.544469
finished training...
writing file...
sending signal at time.struct_time(tm_year=2023, tm_mon=6, tm_mday=19, tm_hour=19, tm_min=30, tm_sec=42, tm_wday=0, tm_yday=170, tm_isdst=0) or 1687203042.4915545 in seconds
Compute time is : 82.6177110671997
.
Sent 1 packets.
waiting for a signal back...
Recevied signal from omnet++, time to read...
Epoch 4 took 152.60801649093628s
Train Epoch: 5 [0/1935 (0%)]	Loss: 0.146460
Train Epoch: 5 [640/1935 (32%)]	Loss: 0.285959
Train Epoch: 5 [1280/1935 (65%)]	Loss: 0.260027
Train Epoch: 5 [450/1935 (97%)]	Loss: 0.064606
finished training...
writing file...
sending signal at time.struct_time(tm_year=2023, tm_mon=6, tm_mday=19, tm_hour=19, tm_min=33, tm_sec=14, tm_wday=0, tm_yday=170, tm_isdst=0) or 1687203194.9646783 in seconds
Compute time is : 82.48273301124573
.
Sent 1 packets.
waiting for a signal back...
Recevied signal from omnet++, time to read...
Epoch 5 took 152.57970881462097s
Average epoch train time: 151.55949478149415
Convergence time from worker15: 757.798520565033
Average training time: 80.90196981430054
Average time it takes worker to receive a new model from when he is done training his model: 70.30484218597412
Average amount of time it takes to load the new model received from the parameter server: 0.09544267654418945
Average time it takes to write trained model to text file: 0.16704368591308594
Final loss: 0.06460646539926529
for 5 epochs and 14 workers:
Loss: [0.457083523273468, 0.39202845096588135, 0.15288619697093964, 0.5444692373275757, 0.06460646539926529]
Train Times: [75.33899354934692, 81.8536319732666, 82.55221748352051, 82.44643473625183, 82.31857132911682]
Computation times of worker15: [75.50212240219116, 82.02390265464783, 82.71861958503723, 82.6177110671997, 82.48273301124573]
Times it took to receive new model each epoch: [71.46398496627808, 70.48026752471924, 69.81785202026367, 69.8335165977478, 69.92858982086182]
Program finished successfully!
