This is worker10
.
Sent 1 packets.
Starting training...
Train Epoch: 1 [0/1935 (0%)]	Loss: 2.293532
Train Epoch: 1 [640/1935 (32%)]	Loss: 0.565340
Train Epoch: 1 [1280/1935 (65%)]	Loss: 0.406666
Train Epoch: 1 [450/1935 (97%)]	Loss: 1.020575
finished training...
writing file...
sending signal at time.struct_time(tm_year=2023, tm_mon=6, tm_mday=19, tm_hour=19, tm_min=22, tm_sec=45, tm_wday=0, tm_yday=170, tm_isdst=0) or 1687202565.2015104 in seconds
Compute time is : 60.82080292701721
.
Sent 1 packets.
waiting for a signal back...
Recevied signal from omnet++, time to read...
Epoch 1 took 150.0166952610016s
Train Epoch: 2 [0/1935 (0%)]	Loss: 0.294352
Train Epoch: 2 [640/1935 (32%)]	Loss: 0.538753
Train Epoch: 2 [1280/1935 (65%)]	Loss: 0.305153
Train Epoch: 2 [450/1935 (97%)]	Loss: 0.054423
finished training...
writing file...
sending signal at time.struct_time(tm_year=2023, tm_mon=6, tm_mday=19, tm_hour=19, tm_min=25, tm_sec=35, tm_wday=0, tm_yday=170, tm_isdst=0) or 1687202735.6029773 in seconds
Compute time is : 81.20555853843689
.
Sent 1 packets.
waiting for a signal back...
Recevied signal from omnet++, time to read...
Epoch 2 took 152.70699954032898s
Train Epoch: 3 [0/1935 (0%)]	Loss: 0.185481
Train Epoch: 3 [640/1935 (32%)]	Loss: 0.470679
Train Epoch: 3 [1280/1935 (65%)]	Loss: 0.169875
Train Epoch: 3 [450/1935 (97%)]	Loss: 0.434694
finished training...
writing file...
sending signal at time.struct_time(tm_year=2023, tm_mon=6, tm_mday=19, tm_hour=19, tm_min=28, tm_sec=9, tm_wday=0, tm_yday=170, tm_isdst=0) or 1687202889.7055078 in seconds
Compute time is : 82.6007616519928
.
Sent 1 packets.
waiting for a signal back...
Recevied signal from omnet++, time to read...
Epoch 3 took 152.77459979057312s
Train Epoch: 4 [0/1935 (0%)]	Loss: 0.147561
Train Epoch: 4 [640/1935 (32%)]	Loss: 0.119956
Train Epoch: 4 [1280/1935 (65%)]	Loss: 0.385474
Train Epoch: 4 [450/1935 (97%)]	Loss: 0.392679
finished training...
writing file...
sending signal at time.struct_time(tm_year=2023, tm_mon=6, tm_mday=19, tm_hour=19, tm_min=30, tm_sec=41, tm_wday=0, tm_yday=170, tm_isdst=0) or 1687203041.358732 in seconds
Compute time is : 81.47935628890991
.
Sent 1 packets.
waiting for a signal back...
Recevied signal from omnet++, time to read...
Epoch 4 took 152.65244483947754s
Train Epoch: 5 [0/1935 (0%)]	Loss: 0.305598
Train Epoch: 5 [640/1935 (32%)]	Loss: 0.148723
Train Epoch: 5 [1280/1935 (65%)]	Loss: 0.155520
Train Epoch: 5 [450/1935 (97%)]	Loss: 0.032382
finished training...
writing file...
sending signal at time.struct_time(tm_year=2023, tm_mon=6, tm_mday=19, tm_hour=19, tm_min=33, tm_sec=15, tm_wday=0, tm_yday=170, tm_isdst=0) or 1687203195.098774 in seconds
Compute time is : 82.56690621376038
.
Sent 1 packets.
waiting for a signal back...
Recevied signal from omnet++, time to read...
Epoch 5 took 152.5952444076538s
Average epoch train time: 152.149196767807
Convergence time from worker10: 760.7468640804291
Average training time: 77.56622381210327
Average time it takes worker to receive a new model from when he is done training his model: 74.20637993812561
Average amount of time it takes to load the new model received from the parameter server: 0.11175074577331542
Average time it takes to write trained model to text file: 0.1684493064880371
Final loss: 0.03238153085112572
for 5 epochs and 9 workers:
Loss: [1.0205750465393066, 0.05442322418093681, 0.4346943497657776, 0.3926786184310913, 0.03238153085112572]
Train Times: [60.6572208404541, 81.02753472328186, 82.43739056587219, 81.30587029457092, 82.40310263633728]
Computation times of worker10: [60.82080292701721, 81.20555853843689, 82.6007616519928, 81.47935628890991, 82.56690621376038]
Times it took to receive new model each epoch: [88.99894285202026, 71.31975388526917, 69.96149754524231, 70.94786667823792, 69.8038387298584]
Program finished successfully!
