This is worker30
Starting training...
Train Epoch: 1 [0/1935 (0%)]	Loss: 2.293939
Train Epoch: 1 [640/1935 (32%)]	Loss: 0.544776
Train Epoch: 1 [1280/1935 (65%)]	Loss: 0.606442
Train Epoch: 1 [450/1935 (97%)]	Loss: 0.835601
finished training...
writing file...
sending signal at time.struct_time(tm_year=2023, tm_mon=6, tm_mday=19, tm_hour=19, tm_min=23, tm_sec=6, tm_wday=0, tm_yday=170, tm_isdst=0) or 1687202586.2124321 in seconds
Compute time is : 68.56910347938538
.
Sent 1 packets.
waiting for a signal back...
Recevied signal from omnet++, time to read...
Epoch 1 took 136.76953172683716s
Train Epoch: 2 [0/1935 (0%)]	Loss: 0.329619
Train Epoch: 2 [640/1935 (32%)]	Loss: 0.612226
Train Epoch: 2 [1280/1935 (65%)]	Loss: 0.236313
Train Epoch: 2 [450/1935 (97%)]	Loss: 0.408076
finished training...
writing file...
sending signal at time.struct_time(tm_year=2023, tm_mon=6, tm_mday=19, tm_hour=19, tm_min=25, tm_sec=38, tm_wday=0, tm_yday=170, tm_isdst=0) or 1687202738.316997 in seconds
Compute time is : 83.90410137176514
.
Sent 1 packets.
waiting for a signal back...
Recevied signal from omnet++, time to read...
Epoch 2 took 152.65450048446655s
Train Epoch: 3 [0/1935 (0%)]	Loss: 0.230531
Train Epoch: 3 [640/1935 (32%)]	Loss: 0.118481
Train Epoch: 3 [1280/1935 (65%)]	Loss: 0.131108
Train Epoch: 3 [450/1935 (97%)]	Loss: 0.297741
finished training...
writing file...
sending signal at time.struct_time(tm_year=2023, tm_mon=6, tm_mday=19, tm_hour=19, tm_min=28, tm_sec=11, tm_wday=0, tm_yday=170, tm_isdst=0) or 1687202891.359629 in seconds
Compute time is : 84.29218792915344
.
Sent 1 packets.
waiting for a signal back...
Recevied signal from omnet++, time to read...
Epoch 3 took 152.75905466079712s
Train Epoch: 4 [0/1935 (0%)]	Loss: 0.123804
Train Epoch: 4 [640/1935 (32%)]	Loss: 0.194939
Train Epoch: 4 [1280/1935 (65%)]	Loss: 0.291339
Train Epoch: 4 [450/1935 (97%)]	Loss: 0.383429
finished training...
writing file...
sending signal at time.struct_time(tm_year=2023, tm_mon=6, tm_mday=19, tm_hour=19, tm_min=30, tm_sec=44, tm_wday=0, tm_yday=170, tm_isdst=0) or 1687203044.5528586 in seconds
Compute time is : 84.72630763053894
.
Sent 1 packets.
waiting for a signal back...
Recevied signal from omnet++, time to read...
Epoch 4 took 152.64421844482422s
Train Epoch: 5 [0/1935 (0%)]	Loss: 0.185869
Train Epoch: 5 [640/1935 (32%)]	Loss: 0.221891
Train Epoch: 5 [1280/1935 (65%)]	Loss: 0.124763
Train Epoch: 5 [450/1935 (97%)]	Loss: 0.332936
finished training...
writing file...
sending signal at time.struct_time(tm_year=2023, tm_mon=6, tm_mday=19, tm_hour=19, tm_min=33, tm_sec=16, tm_wday=0, tm_yday=170, tm_isdst=0) or 1687203196.6285348 in seconds
Compute time is : 84.15772199630737
.
Sent 1 packets.
waiting for a signal back...
Recevied signal from omnet++, time to read...
Epoch 5 took 152.64051151275635s
Average epoch train time: 149.49356336593627
Convergence time from worker30: 747.4692692756653
Average training time: 80.97972898483276
Average time it takes worker to receive a new model from when he is done training his model: 68.20483264923095
Average amount of time it takes to load the new model received from the parameter server: 0.0754727840423584
Average time it takes to write trained model to text file: 0.1501516342163086
Final loss: 0.3329361081123352
for 5 epochs and 29 workers:
Loss: [0.8356005549430847, 0.4080756604671478, 0.2977413237094879, 0.3834291994571686, 0.3329361081123352]
Train Times: [68.41164326667786, 83.73338913917542, 84.13792586326599, 84.61372423171997, 84.00196242332458]
Computation times of worker30: [68.56910347938538, 83.90410137176514, 84.29218792915344, 84.72630763053894, 84.15772199630737]
Times it took to receive new model each epoch: [68.02096676826477, 68.60616207122803, 68.31526446342468, 67.79861545562744, 68.28315448760986]
Program finished successfully!
