This is worker9
Starting training...
Train Epoch: 1 [0/1935 (0%)]	Loss: 2.292132
Train Epoch: 1 [640/1935 (32%)]	Loss: 0.708002
Train Epoch: 1 [1280/1935 (65%)]	Loss: 0.402119
Train Epoch: 1 [450/1935 (97%)]	Loss: 0.995942
finished training...
writing file...
sending signal at time.struct_time(tm_year=2023, tm_mon=6, tm_mday=19, tm_hour=19, tm_min=23, tm_sec=4, tm_wday=0, tm_yday=170, tm_isdst=0) or 1687202584.5777054 in seconds
Compute time is : 80.72449088096619
.
Sent 1 packets.
waiting for a signal back...
Recevied signal from omnet++, time to read...
Epoch 1 took 150.54982948303223s
Train Epoch: 2 [0/1935 (0%)]	Loss: 0.365848
Train Epoch: 2 [640/1935 (32%)]	Loss: 0.329407
Train Epoch: 2 [1280/1935 (65%)]	Loss: 0.507907
Train Epoch: 2 [450/1935 (97%)]	Loss: 0.351994
finished training...
writing file...
sending signal at time.struct_time(tm_year=2023, tm_mon=6, tm_mday=19, tm_hour=19, tm_min=25, tm_sec=38, tm_wday=0, tm_yday=170, tm_isdst=0) or 1687202738.337779 in seconds
Compute time is : 83.93474888801575
.
Sent 1 packets.
waiting for a signal back...
Recevied signal from omnet++, time to read...
Epoch 2 took 152.6630985736847s
Train Epoch: 3 [0/1935 (0%)]	Loss: 0.221715
Train Epoch: 3 [640/1935 (32%)]	Loss: 0.319390
Train Epoch: 3 [1280/1935 (65%)]	Loss: 0.235423
Train Epoch: 3 [450/1935 (97%)]	Loss: 0.603853
finished training...
writing file...
sending signal at time.struct_time(tm_year=2023, tm_mon=6, tm_mday=19, tm_hour=19, tm_min=28, tm_sec=11, tm_wday=0, tm_yday=170, tm_isdst=0) or 1687202891.704145 in seconds
Compute time is : 84.63797187805176
.
Sent 1 packets.
waiting for a signal back...
Recevied signal from omnet++, time to read...
Epoch 3 took 152.79490756988525s
Train Epoch: 4 [0/1935 (0%)]	Loss: 0.248542
Train Epoch: 4 [640/1935 (32%)]	Loss: 0.286936
Train Epoch: 4 [1280/1935 (65%)]	Loss: 0.254572
Train Epoch: 4 [450/1935 (97%)]	Loss: 0.250884
finished training...
writing file...
sending signal at time.struct_time(tm_year=2023, tm_mon=6, tm_mday=19, tm_hour=19, tm_min=30, tm_sec=44, tm_wday=0, tm_yday=170, tm_isdst=0) or 1687203044.5539937 in seconds
Compute time is : 84.68945288658142
.
Sent 1 packets.
waiting for a signal back...
Recevied signal from omnet++, time to read...
Epoch 4 took 152.6051046848297s
Train Epoch: 5 [0/1935 (0%)]	Loss: 0.187591
Train Epoch: 5 [640/1935 (32%)]	Loss: 0.093844
Train Epoch: 5 [1280/1935 (65%)]	Loss: 0.263815
Train Epoch: 5 [450/1935 (97%)]	Loss: 0.038680
finished training...
writing file...
sending signal at time.struct_time(tm_year=2023, tm_mon=6, tm_mday=19, tm_hour=19, tm_min=33, tm_sec=16, tm_wday=0, tm_yday=170, tm_isdst=0) or 1687203196.8926313 in seconds
Compute time is : 84.42282152175903
.
Sent 1 packets.
waiting for a signal back...
Recevied signal from omnet++, time to read...
Epoch 5 took 152.62617707252502s
Average epoch train time: 152.24782347679138
Convergence time from worker9: 761.2429049015045
Average training time: 83.53097352981567
Average time it takes worker to receive a new model from when he is done training his model: 68.40427923202515
Average amount of time it takes to load the new model received from the parameter server: 0.08307671546936035
Average time it takes to write trained model to text file: 0.15091919898986816
Final loss: 0.038680337369441986
for 5 epochs and 8 workers:
Loss: [0.995942234992981, 0.35199418663978577, 0.6038525700569153, 0.25088366866111755, 0.038680337369441986]
Train Times: [80.55977964401245, 83.77053236961365, 84.47936654090881, 84.58205556869507, 84.26313352584839]
Computation times of worker9: [80.72449088096619, 83.93474888801575, 84.63797187805176, 84.68945288658142, 84.42282152175903]
Times it took to receive new model each epoch: [69.64909601211548, 68.57960653305054, 67.9773964881897, 67.79561471939087, 68.01968240737915]
Program finished successfully!
