This is worker7
Starting training...
Train Epoch: 1 [0/1935 (0%)]	Loss: 2.297401
Train Epoch: 1 [640/1935 (32%)]	Loss: 0.506918
Train Epoch: 1 [1280/1935 (65%)]	Loss: 0.447878
Train Epoch: 1 [450/1935 (97%)]	Loss: 0.542910
finished training...
writing file...
sending signal at time.struct_time(tm_year=2023, tm_mon=6, tm_mday=19, tm_hour=19, tm_min=23, tm_sec=4, tm_wday=0, tm_yday=170, tm_isdst=0) or 1687202584.247513 in seconds
Compute time is : 81.18442296981812
.
Sent 1 packets.
waiting for a signal back...
Recevied signal from omnet++, time to read...
Epoch 1 took 151.33153200149536s
Train Epoch: 2 [0/1935 (0%)]	Loss: 0.335880
Train Epoch: 2 [640/1935 (32%)]	Loss: 0.389656
Train Epoch: 2 [1280/1935 (65%)]	Loss: 0.245548
Train Epoch: 2 [450/1935 (97%)]	Loss: 0.292898
finished training...
writing file...
sending signal at time.struct_time(tm_year=2023, tm_mon=6, tm_mday=19, tm_hour=19, tm_min=25, tm_sec=39, tm_wday=0, tm_yday=170, tm_isdst=0) or 1687202739.1705425 in seconds
Compute time is : 84.7759006023407
.
Sent 1 packets.
waiting for a signal back...
Recevied signal from omnet++, time to read...
Epoch 2 took 152.71052932739258s
Train Epoch: 3 [0/1935 (0%)]	Loss: 0.273000
Train Epoch: 3 [640/1935 (32%)]	Loss: 0.436580
Train Epoch: 3 [1280/1935 (65%)]	Loss: 0.387300
Train Epoch: 3 [450/1935 (97%)]	Loss: 0.584630
finished training...
writing file...
sending signal at time.struct_time(tm_year=2023, tm_mon=6, tm_mday=19, tm_hour=19, tm_min=28, tm_sec=11, tm_wday=0, tm_yday=170, tm_isdst=0) or 1687202891.8459136 in seconds
Compute time is : 84.74066758155823
.
Sent 1 packets.
waiting for a signal back...
Recevied signal from omnet++, time to read...
Epoch 3 took 152.7575044631958s
Train Epoch: 4 [0/1935 (0%)]	Loss: 0.113757
Train Epoch: 4 [640/1935 (32%)]	Loss: 0.228351
Train Epoch: 4 [1280/1935 (65%)]	Loss: 0.175343
Train Epoch: 4 [450/1935 (97%)]	Loss: 0.537879
finished training...
writing file...
sending signal at time.struct_time(tm_year=2023, tm_mon=6, tm_mday=19, tm_hour=19, tm_min=30, tm_sec=44, tm_wday=0, tm_yday=170, tm_isdst=0) or 1687203044.3362465 in seconds
Compute time is : 84.47342205047607
.
Sent 1 packets.
waiting for a signal back...
Recevied signal from omnet++, time to read...
Epoch 4 took 152.64401602745056s
Train Epoch: 5 [0/1935 (0%)]	Loss: 0.152204
Train Epoch: 5 [640/1935 (32%)]	Loss: 0.137433
Train Epoch: 5 [1280/1935 (65%)]	Loss: 0.322139
Train Epoch: 5 [450/1935 (97%)]	Loss: 0.035634
finished training...
writing file...
sending signal at time.struct_time(tm_year=2023, tm_mon=6, tm_mday=19, tm_hour=19, tm_min=33, tm_sec=17, tm_wday=0, tm_yday=170, tm_isdst=0) or 1687203197.177423 in seconds
Compute time is : 84.67026162147522
.
Sent 1 packets.
waiting for a signal back...
Recevied signal from omnet++, time to read...
Epoch 5 took 152.54412460327148s
Average epoch train time: 152.39754128456116
Convergence time from worker7: 761.9883978366852
Average training time: 83.84859595298767
Average time it takes worker to receive a new model from when he is done training his model: 68.27278289794921
Average amount of time it takes to load the new model received from the parameter server: 0.08831944465637206
Average time it takes to write trained model to text file: 0.12033543586730958
Final loss: 0.03563385084271431
for 5 epochs and 6 workers:
Loss: [0.5429096817970276, 0.29289767146110535, 0.5846298933029175, 0.5378789305686951, 0.03563385084271431]
Train Times: [81.02353262901306, 84.68265199661255, 84.6323790550232, 84.31589961051941, 84.58851647377014]
Computation times of worker7: [81.18442296981812, 84.7759006023407, 84.74066758155823, 84.47342205047607, 84.67026162147522]
Times it took to receive new model each epoch: [69.95255947113037, 67.80524516105652, 67.83720207214355, 67.98354077339172, 67.78536701202393]
Program finished successfully!
