This is worker1
.
Sent 1 packets.
Starting training...
Train Epoch: 1 [0/1935 (0%)]	Loss: 2.290435
Train Epoch: 1 [640/1935 (32%)]	Loss: 0.760090
Train Epoch: 1 [1280/1935 (65%)]	Loss: 0.424225
Train Epoch: 1 [450/1935 (97%)]	Loss: 0.636469
finished training...
writing file...
sending signal at time.struct_time(tm_year=2023, tm_mon=6, tm_mday=19, tm_hour=19, tm_min=22, tm_sec=38, tm_wday=0, tm_yday=170, tm_isdst=0) or 1687202558.1774743 in seconds
Compute time is : 58.18980932235718
.
Sent 1 packets.
waiting for a signal back...
Recevied signal from omnet++, time to read...
Epoch 1 took 154.41628336906433s
Train Epoch: 2 [0/1935 (0%)]	Loss: 0.579299
Train Epoch: 2 [640/1935 (32%)]	Loss: 0.484487
Train Epoch: 2 [1280/1935 (65%)]	Loss: 0.225352
Train Epoch: 2 [450/1935 (97%)]	Loss: 0.623225
finished training...
writing file...
sending signal at time.struct_time(tm_year=2023, tm_mon=6, tm_mday=19, tm_hour=19, tm_min=25, tm_sec=38, tm_wday=0, tm_yday=170, tm_isdst=0) or 1687202738.635195 in seconds
Compute time is : 84.23124647140503
.
Sent 1 packets.
waiting for a signal back...
Recevied signal from omnet++, time to read...
Epoch 2 took 152.7086546421051s
Train Epoch: 3 [0/1935 (0%)]	Loss: 0.317266
Train Epoch: 3 [640/1935 (32%)]	Loss: 0.315414
Train Epoch: 3 [1280/1935 (65%)]	Loss: 0.445562
Train Epoch: 3 [450/1935 (97%)]	Loss: 0.084998
finished training...
writing file...
sending signal at time.struct_time(tm_year=2023, tm_mon=6, tm_mday=19, tm_hour=19, tm_min=28, tm_sec=11, tm_wday=0, tm_yday=170, tm_isdst=0) or 1687202891.869938 in seconds
Compute time is : 84.75722551345825
.
Sent 1 packets.
waiting for a signal back...
Recevied signal from omnet++, time to read...
Epoch 3 took 152.75040698051453s
Train Epoch: 4 [0/1935 (0%)]	Loss: 0.074566
Train Epoch: 4 [640/1935 (32%)]	Loss: 0.244175
Train Epoch: 4 [1280/1935 (65%)]	Loss: 0.402832
Train Epoch: 4 [450/1935 (97%)]	Loss: 0.044027
finished training...
writing file...
sending signal at time.struct_time(tm_year=2023, tm_mon=6, tm_mday=19, tm_hour=19, tm_min=30, tm_sec=43, tm_wday=0, tm_yday=170, tm_isdst=0) or 1687203043.5283747 in seconds
Compute time is : 83.6651759147644
.
Sent 1 packets.
waiting for a signal back...
Recevied signal from omnet++, time to read...
Epoch 4 took 152.65108585357666s
Train Epoch: 5 [0/1935 (0%)]	Loss: 0.117103
Train Epoch: 5 [640/1935 (32%)]	Loss: 0.139069
Train Epoch: 5 [1280/1935 (65%)]	Loss: 0.267386
Train Epoch: 5 [450/1935 (97%)]	Loss: 0.136519
finished training...
writing file...
sending signal at time.struct_time(tm_year=2023, tm_mon=6, tm_mday=19, tm_hour=19, tm_min=33, tm_sec=16, tm_wday=0, tm_yday=170, tm_isdst=0) or 1687203196.2385678 in seconds
Compute time is : 83.72418236732483
.
Sent 1 packets.
waiting for a signal back...
Recevied signal from omnet++, time to read...
Epoch 5 took 152.5743591785431s
Average epoch train time: 153.02015800476073
Convergence time from worker1: 765.1013259887695
Average training time: 78.75324654579163
Average time it takes worker to receive a new model from when he is done training his model: 73.91931862831116
Average amount of time it takes to load the new model received from the parameter server: 0.10144186019897461
Average time it takes to write trained model to text file: 0.1602771282196045
Final loss: 0.136519193649292
for 5 epochs and 0 workers:
Loss: [0.6364694237709045, 0.6232247948646545, 0.08499807864427567, 0.04402672499418259, 0.136519193649292]
Train Times: [57.989171504974365, 84.07542896270752, 84.63236784934998, 83.50738906860352, 83.56187534332275]
Computation times of worker1: [58.18980932235718, 84.23124647140503, 84.75722551345825, 83.6651759147644, 83.72418236732483]
Times it took to receive new model each epoch: [96.0352132320404, 68.27089881896973, 67.82846546173096, 68.79096841812134, 68.67104721069336]
Program finished successfully!
