This is worker17
Starting training...
Train Epoch: 1 [0/1935 (0%)]	Loss: 2.300524
Train Epoch: 1 [640/1935 (32%)]	Loss: 0.705761
Train Epoch: 1 [1280/1935 (65%)]	Loss: 0.604557
Train Epoch: 1 [450/1935 (97%)]	Loss: 0.652735
finished training...
writing file...
sending signal at time.struct_time(tm_year=2023, tm_mon=6, tm_mday=19, tm_hour=19, tm_min=22, tm_sec=49, tm_wday=0, tm_yday=170, tm_isdst=0) or 1687202569.1504095 in seconds
Compute time is : 60.53643321990967
.
Sent 1 packets.
waiting for a signal back...
Recevied signal from omnet++, time to read...
Epoch 1 took 145.77088975906372s
Train Epoch: 2 [0/1935 (0%)]	Loss: 0.444488
Train Epoch: 2 [640/1935 (32%)]	Loss: 0.445928
Train Epoch: 2 [1280/1935 (65%)]	Loss: 0.325441
Train Epoch: 2 [450/1935 (97%)]	Loss: 0.482013
finished training...
writing file...
sending signal at time.struct_time(tm_year=2023, tm_mon=6, tm_mday=19, tm_hour=19, tm_min=25, tm_sec=37, tm_wday=0, tm_yday=170, tm_isdst=0) or 1687202737.060609 in seconds
Compute time is : 82.67567038536072
.
Sent 1 packets.
waiting for a signal back...
Recevied signal from omnet++, time to read...
Epoch 2 took 152.74699568748474s
Train Epoch: 3 [0/1935 (0%)]	Loss: 0.163285
Train Epoch: 3 [640/1935 (32%)]	Loss: 0.178681
Train Epoch: 3 [1280/1935 (65%)]	Loss: 0.216449
Train Epoch: 3 [450/1935 (97%)]	Loss: 0.170462
finished training...
writing file...
sending signal at time.struct_time(tm_year=2023, tm_mon=6, tm_mday=19, tm_hour=19, tm_min=28, tm_sec=10, tm_wday=0, tm_yday=170, tm_isdst=0) or 1687202890.2377567 in seconds
Compute time is : 83.10577845573425
.
Sent 1 packets.
waiting for a signal back...
Recevied signal from omnet++, time to read...
Epoch 3 took 152.74801063537598s
Train Epoch: 4 [0/1935 (0%)]	Loss: 0.027495
Train Epoch: 4 [640/1935 (32%)]	Loss: 0.249189
Train Epoch: 4 [1280/1935 (65%)]	Loss: 0.174050
Train Epoch: 4 [450/1935 (97%)]	Loss: 0.513585
finished training...
writing file...
sending signal at time.struct_time(tm_year=2023, tm_mon=6, tm_mday=19, tm_hour=19, tm_min=30, tm_sec=41, tm_wday=0, tm_yday=170, tm_isdst=0) or 1687203041.5772243 in seconds
Compute time is : 81.69714188575745
.
Sent 1 packets.
waiting for a signal back...
Recevied signal from omnet++, time to read...
Epoch 4 took 152.65121269226074s
Train Epoch: 5 [0/1935 (0%)]	Loss: 0.178628
Train Epoch: 5 [640/1935 (32%)]	Loss: 0.294239
Train Epoch: 5 [1280/1935 (65%)]	Loss: 0.137671
Train Epoch: 5 [450/1935 (97%)]	Loss: 0.118817
finished training...
writing file...
sending signal at time.struct_time(tm_year=2023, tm_mon=6, tm_mday=19, tm_hour=19, tm_min=33, tm_sec=15, tm_wday=0, tm_yday=170, tm_isdst=0) or 1687203195.3594532 in seconds
Compute time is : 82.8281352519989
.
Sent 1 packets.
waiting for a signal back...
Recevied signal from omnet++, time to read...
Epoch 5 took 152.59790635108948s
Average epoch train time: 151.30300302505492
Convergence time from worker17: 756.5156853199005
Average training time: 78.00526351928711
Average time it takes worker to receive a new model from when he is done training his model: 72.92830843925476
Average amount of time it takes to load the new model received from the parameter server: 0.11293225288391114
Average time it takes to write trained model to text file: 0.16336407661437988
Final loss: 0.11881706863641739
for 5 epochs and 16 workers:
Loss: [0.6527349948883057, 0.4820133447647095, 0.1704624593257904, 0.5135853886604309, 0.11881706863641739]
Train Times: [60.364275217056274, 82.51337695121765, 82.9433126449585, 81.53793263435364, 82.66742014884949]
Computation times of worker17: [60.53643321990967, 82.67567038536072, 83.10577845573425, 81.69714188575745, 82.8281352519989]
Times it took to receive new model each epoch: [85.04008531570435, 69.86459684371948, 69.43017673492432, 70.7457160949707, 69.56096720695496]
Program finished successfully!
