This is worker6
Starting training...
Train Epoch: 1 [0/1935 (0%)]	Loss: 2.292526
Train Epoch: 1 [640/1935 (32%)]	Loss: 0.589657
Train Epoch: 1 [1280/1935 (65%)]	Loss: 0.619961
Train Epoch: 1 [450/1935 (97%)]	Loss: 0.596860
finished training...
writing file...
sending signal at time.struct_time(tm_year=2023, tm_mon=6, tm_mday=19, tm_hour=19, tm_min=23, tm_sec=2, tm_wday=0, tm_yday=170, tm_isdst=0) or 1687202582.0242546 in seconds
Compute time is : 79.63701272010803
.
Sent 1 packets.
waiting for a signal back...
Recevied signal from omnet++, time to read...
Epoch 1 took 152.01997470855713s
Train Epoch: 2 [0/1935 (0%)]	Loss: 0.594537
Train Epoch: 2 [640/1935 (32%)]	Loss: 0.416643
Train Epoch: 2 [1280/1935 (65%)]	Loss: 0.411601
Train Epoch: 2 [450/1935 (97%)]	Loss: 0.101280
finished training...
writing file...
sending signal at time.struct_time(tm_year=2023, tm_mon=6, tm_mday=19, tm_hour=19, tm_min=25, tm_sec=39, tm_wday=0, tm_yday=170, tm_isdst=0) or 1687202739.0603402 in seconds
Compute time is : 84.65324282646179
.
Sent 1 packets.
waiting for a signal back...
Recevied signal from omnet++, time to read...
Epoch 2 took 152.69741868972778s
Train Epoch: 3 [0/1935 (0%)]	Loss: 0.237325
Train Epoch: 3 [640/1935 (32%)]	Loss: 0.231269
Train Epoch: 3 [1280/1935 (65%)]	Loss: 0.162305
Train Epoch: 3 [450/1935 (97%)]	Loss: 0.156330
finished training...
writing file...
sending signal at time.struct_time(tm_year=2023, tm_mon=6, tm_mday=19, tm_hour=19, tm_min=28, tm_sec=10, tm_wday=0, tm_yday=170, tm_isdst=0) or 1687202890.442202 in seconds
Compute time is : 83.33748030662537
.
Sent 1 packets.
waiting for a signal back...
Recevied signal from omnet++, time to read...
Epoch 3 took 152.7095284461975s
Train Epoch: 4 [0/1935 (0%)]	Loss: 0.105673
Train Epoch: 4 [640/1935 (32%)]	Loss: 0.140813
Train Epoch: 4 [1280/1935 (65%)]	Loss: 0.107341
Train Epoch: 4 [450/1935 (97%)]	Loss: 0.018040
finished training...
writing file...
sending signal at time.struct_time(tm_year=2023, tm_mon=6, tm_mday=19, tm_hour=19, tm_min=30, tm_sec=44, tm_wday=0, tm_yday=170, tm_isdst=0) or 1687203044.0103376 in seconds
Compute time is : 84.19606900215149
.
Sent 1 packets.
waiting for a signal back...
Recevied signal from omnet++, time to read...
Epoch 4 took 152.69521141052246s
Train Epoch: 5 [0/1935 (0%)]	Loss: 0.083390
Train Epoch: 5 [640/1935 (32%)]	Loss: 0.047095
Train Epoch: 5 [1280/1935 (65%)]	Loss: 0.406356
Train Epoch: 5 [450/1935 (97%)]	Loss: 0.042356
finished training...
writing file...
sending signal at time.struct_time(tm_year=2023, tm_mon=6, tm_mday=19, tm_hour=19, tm_min=33, tm_sec=16, tm_wday=0, tm_yday=170, tm_isdst=0) or 1687203196.9796922 in seconds
Compute time is : 84.46982336044312
.
Sent 1 packets.
waiting for a signal back...
Recevied signal from omnet++, time to read...
Epoch 5 took 152.58159112930298s
Average epoch train time: 152.54074487686157
Convergence time from worker6: 762.7125537395477
Average training time: 83.08756513595581
Average time it takes worker to receive a new model from when he is done training his model: 69.10390419960022
Average amount of time it takes to load the new model received from the parameter server: 0.08966865539550781
Average time it takes to write trained model to text file: 0.17115511894226074
Final loss: 0.04235556349158287
for 5 epochs and 5 workers:
Loss: [0.5968603491783142, 0.10127997398376465, 0.15632981061935425, 0.01804005354642868, 0.04235556349158287]
Train Times: [79.47357392311096, 84.49921011924744, 83.11954927444458, 84.03478360176086, 84.31070876121521]
Computation times of worker6: [79.63701272010803, 84.65324282646179, 83.33748030662537, 84.19606900215149, 84.46982336044312]
Times it took to receive new model each epoch: [72.1842873096466, 67.87126183509827, 69.21709036827087, 68.31142091751099, 67.93546056747437]
Program finished successfully!
