This is worker27
Starting training...
Train Epoch: 1 [0/1935 (0%)]	Loss: 2.291584
Train Epoch: 1 [640/1935 (32%)]	Loss: 0.708290
Train Epoch: 1 [1280/1935 (65%)]	Loss: 0.507213
Train Epoch: 1 [450/1935 (97%)]	Loss: 0.733699
finished training...
writing file...
sending signal at time.struct_time(tm_year=2023, tm_mon=6, tm_mday=19, tm_hour=20, tm_min=29, tm_sec=47, tm_wday=0, tm_yday=170, tm_isdst=0) or 1687206587.3551545 in seconds
Compute time is : 72.32938408851624
.
Sent 1 packets.
waiting for a signal back...
Recevied signal from omnet++, time to read...
Epoch 1 took 108.24573683738708s
Train Epoch: 2 [0/1935 (0%)]	Loss: 0.245241
Train Epoch: 2 [640/1935 (32%)]	Loss: 0.172936
Train Epoch: 2 [1280/1935 (65%)]	Loss: 0.419506
Train Epoch: 2 [450/1935 (97%)]	Loss: 0.733218
finished training...
writing file...
sending signal at time.struct_time(tm_year=2023, tm_mon=6, tm_mday=19, tm_hour=20, tm_min=31, tm_sec=47, tm_wday=0, tm_yday=170, tm_isdst=0) or 1687206707.531526 in seconds
Compute time is : 84.25992846488953
.
Sent 1 packets.
waiting for a signal back...
Recevied signal from omnet++, time to read...
Epoch 2 took 120.37325429916382s
Train Epoch: 3 [0/1935 (0%)]	Loss: 0.170927
Train Epoch: 3 [640/1935 (32%)]	Loss: 0.170911
Train Epoch: 3 [1280/1935 (65%)]	Loss: 0.231537
Train Epoch: 3 [450/1935 (97%)]	Loss: 0.072316
finished training...
writing file...
sending signal at time.struct_time(tm_year=2023, tm_mon=6, tm_mday=19, tm_hour=20, tm_min=33, tm_sec=48, tm_wday=0, tm_yday=170, tm_isdst=0) or 1687206828.330536 in seconds
Compute time is : 84.68563222885132
.
Sent 1 packets.
waiting for a signal back...
Recevied signal from omnet++, time to read...
Epoch 3 took 120.72874474525452s
Train Epoch: 4 [0/1935 (0%)]	Loss: 0.200289
Train Epoch: 4 [640/1935 (32%)]	Loss: 0.322958
Train Epoch: 4 [1280/1935 (65%)]	Loss: 0.201367
Train Epoch: 4 [450/1935 (97%)]	Loss: 0.059848
finished training...
writing file...
sending signal at time.struct_time(tm_year=2023, tm_mon=6, tm_mday=19, tm_hour=20, tm_min=35, tm_sec=47, tm_wday=0, tm_yday=170, tm_isdst=0) or 1687206947.9997401 in seconds
Compute time is : 83.62600088119507
.
Sent 1 packets.
waiting for a signal back...
Recevied signal from omnet++, time to read...
Epoch 4 took 120.6315667629242s
Train Epoch: 5 [0/1935 (0%)]	Loss: 0.319193
Train Epoch: 5 [640/1935 (32%)]	Loss: 0.277995
Train Epoch: 5 [1280/1935 (65%)]	Loss: 0.105554
Train Epoch: 5 [450/1935 (97%)]	Loss: 0.202952
finished training...
writing file...
sending signal at time.struct_time(tm_year=2023, tm_mon=6, tm_mday=19, tm_hour=20, tm_min=37, tm_sec=49, tm_wday=0, tm_yday=170, tm_isdst=0) or 1687207069.7060344 in seconds
Compute time is : 84.70066523551941
.
Sent 1 packets.
waiting for a signal back...
Recevied signal from omnet++, time to read...
Epoch 5 took 120.71333456039429s
Average epoch train time: 118.13852744102478
Convergence time from worker27: 590.6940252780914
Average training time: 81.78245210647583
Average time it takes worker to receive a new model from when he is done training his model: 36.047800636291505
Average amount of time it takes to load the new model received from the parameter server: 0.09055428504943848
Average time it takes to write trained model to text file: 0.13786592483520507
Final loss: 0.20295225083827972
for 5 epochs and 26 workers:
Loss: [0.7336986064910889, 0.7332176566123962, 0.0723155066370964, 0.05984793230891228, 0.20295225083827972]
Train Times: [72.25310611724854, 84.10306739807129, 84.53069162368774, 83.46072816848755, 84.56466722488403]
Computation times of worker27: [72.32938408851624, 84.25992846488953, 84.68563222885132, 83.62600088119507, 84.70066523551941]
Times it took to receive new model each epoch: [35.81261205673218, 35.93320369720459, 35.86332297325134, 36.801629066467285, 35.828235387802124]
Program finished successfully!
