This is worker5
Starting training...
Train Epoch: 1 [0/1935 (0%)]	Loss: 2.297720
Train Epoch: 1 [640/1935 (32%)]	Loss: 0.819702
Train Epoch: 1 [1280/1935 (65%)]	Loss: 0.708000
Train Epoch: 1 [450/1935 (97%)]	Loss: 0.373699
finished training...
writing file...
sending signal at time.struct_time(tm_year=2023, tm_mon=6, tm_mday=19, tm_hour=20, tm_min=29, tm_sec=41, tm_wday=0, tm_yday=170, tm_isdst=0) or 1687206581.7118998 in seconds
Compute time is : 79.83003377914429
.
Sent 1 packets.
waiting for a signal back...
Recevied signal from omnet++, time to read...
Epoch 1 took 121.37758088111877s
Train Epoch: 2 [0/1935 (0%)]	Loss: 0.246443
Train Epoch: 2 [640/1935 (32%)]	Loss: 0.552601
Train Epoch: 2 [1280/1935 (65%)]	Loss: 0.359119
Train Epoch: 2 [450/1935 (97%)]	Loss: 0.957073
finished training...
writing file...
sending signal at time.struct_time(tm_year=2023, tm_mon=6, tm_mday=19, tm_hour=20, tm_min=31, tm_sec=47, tm_wday=0, tm_yday=170, tm_isdst=0) or 1687206707.5230584 in seconds
Compute time is : 84.26360011100769
.
Sent 1 packets.
waiting for a signal back...
Recevied signal from omnet++, time to read...
Epoch 2 took 120.3862075805664s
Train Epoch: 3 [0/1935 (0%)]	Loss: 0.259900
Train Epoch: 3 [640/1935 (32%)]	Loss: 0.436801
Train Epoch: 3 [1280/1935 (65%)]	Loss: 0.402037
Train Epoch: 3 [450/1935 (97%)]	Loss: 0.536306
finished training...
writing file...
sending signal at time.struct_time(tm_year=2023, tm_mon=6, tm_mday=19, tm_hour=20, tm_min=33, tm_sec=48, tm_wday=0, tm_yday=170, tm_isdst=0) or 1687206828.1578445 in seconds
Compute time is : 84.5121283531189
.
Sent 1 packets.
waiting for a signal back...
Recevied signal from omnet++, time to read...
Epoch 3 took 120.7224178314209s
Train Epoch: 4 [0/1935 (0%)]	Loss: 0.269599
Train Epoch: 4 [640/1935 (32%)]	Loss: 0.320548
Train Epoch: 4 [1280/1935 (65%)]	Loss: 0.527128
Train Epoch: 4 [450/1935 (97%)]	Loss: 0.344934
finished training...
writing file...
sending signal at time.struct_time(tm_year=2023, tm_mon=6, tm_mday=19, tm_hour=20, tm_min=35, tm_sec=48, tm_wday=0, tm_yday=170, tm_isdst=0) or 1687206949.0024347 in seconds
Compute time is : 84.63421392440796
.
Sent 1 packets.
waiting for a signal back...
Recevied signal from omnet++, time to read...
Epoch 4 took 120.59452629089355s
Train Epoch: 5 [0/1935 (0%)]	Loss: 0.071031
Train Epoch: 5 [640/1935 (32%)]	Loss: 0.105354
Train Epoch: 5 [1280/1935 (65%)]	Loss: 0.132866
Train Epoch: 5 [450/1935 (97%)]	Loss: 0.012450
finished training...
writing file...
sending signal at time.struct_time(tm_year=2023, tm_mon=6, tm_mday=19, tm_hour=20, tm_min=37, tm_sec=49, tm_wday=0, tm_yday=170, tm_isdst=0) or 1687207069.735063 in seconds
Compute time is : 84.77228808403015
.
Sent 1 packets.
waiting for a signal back...
Recevied signal from omnet++, time to read...
Epoch 5 took 120.75032615661621s
Average epoch train time: 120.76621174812317
Convergence time from worker5: 603.8317203521729
Average training time: 83.45239963531495
Average time it takes worker to receive a new model from when he is done training his model: 37.004262161254886
Average amount of time it takes to load the new model received from the parameter server: 0.08146433830261231
Average time it takes to write trained model to text file: 0.15004806518554686
Final loss: 0.012449519708752632
for 5 epochs and 4 workers:
Loss: [0.3736988604068756, 0.9570727944374084, 0.5363064408302307, 0.34493446350097656, 0.012449519708752632]
Train Times: [79.66221523284912, 84.10492014884949, 84.3533308506012, 84.51670694351196, 84.62482500076294]
Computation times of worker5: [79.83003377914429, 84.26360011100769, 84.5121283531189, 84.63421392440796, 84.77228808403015]
Times it took to receive new model each epoch: [41.37984371185303, 35.9732232093811, 36.03618383407593, 35.81568884849548, 35.81637120246887]
Program finished successfully!
