This is worker6
Starting training...
Train Epoch: 1 [0/1935 (0%)]	Loss: 2.292526
Train Epoch: 1 [640/1935 (32%)]	Loss: 0.589657
Train Epoch: 1 [1280/1935 (65%)]	Loss: 0.619961
Train Epoch: 1 [450/1935 (97%)]	Loss: 0.596860
finished training...
writing file...
sending signal at time.struct_time(tm_year=2023, tm_mon=6, tm_mday=19, tm_hour=20, tm_min=29, tm_sec=26, tm_wday=0, tm_yday=170, tm_isdst=0) or 1687206566.9986606 in seconds
Compute time is : 64.82266783714294
.
Sent 1 packets.
waiting for a signal back...
Recevied signal from omnet++, time to read...
Epoch 1 took 121.1045401096344s
Train Epoch: 2 [0/1935 (0%)]	Loss: 0.594537
Train Epoch: 2 [640/1935 (32%)]	Loss: 0.416643
Train Epoch: 2 [1280/1935 (65%)]	Loss: 0.411601
Train Epoch: 2 [450/1935 (97%)]	Loss: 0.101280
finished training...
writing file...
sending signal at time.struct_time(tm_year=2023, tm_mon=6, tm_mday=19, tm_hour=20, tm_min=31, tm_sec=40, tm_wday=0, tm_yday=170, tm_isdst=0) or 1687206700.9520612 in seconds
Compute time is : 77.67115902900696
.
Sent 1 packets.
waiting for a signal back...
Recevied signal from omnet++, time to read...
Epoch 2 took 120.39864921569824s
Train Epoch: 3 [0/1935 (0%)]	Loss: 0.237325
Train Epoch: 3 [640/1935 (32%)]	Loss: 0.231269
Train Epoch: 3 [1280/1935 (65%)]	Loss: 0.162305
Train Epoch: 3 [450/1935 (97%)]	Loss: 0.156330
finished training...
writing file...
sending signal at time.struct_time(tm_year=2023, tm_mon=6, tm_mday=19, tm_hour=20, tm_min=33, tm_sec=44, tm_wday=0, tm_yday=170, tm_isdst=0) or 1687206824.2701507 in seconds
Compute time is : 80.59056544303894
.
Sent 1 packets.
waiting for a signal back...
Recevied signal from omnet++, time to read...
Epoch 3 took 120.70741391181946s
Train Epoch: 4 [0/1935 (0%)]	Loss: 0.105673
Train Epoch: 4 [640/1935 (32%)]	Loss: 0.140813
Train Epoch: 4 [1280/1935 (65%)]	Loss: 0.107341
Train Epoch: 4 [450/1935 (97%)]	Loss: 0.018040
finished training...
writing file...
sending signal at time.struct_time(tm_year=2023, tm_mon=6, tm_mday=19, tm_hour=20, tm_min=35, tm_sec=44, tm_wday=0, tm_yday=170, tm_isdst=0) or 1687206944.4513495 in seconds
Compute time is : 80.06430244445801
.
Sent 1 packets.
waiting for a signal back...
Recevied signal from omnet++, time to read...
Epoch 4 took 120.63283729553223s
Train Epoch: 5 [0/1935 (0%)]	Loss: 0.083390
Train Epoch: 5 [640/1935 (32%)]	Loss: 0.047095
Train Epoch: 5 [1280/1935 (65%)]	Loss: 0.406356
Train Epoch: 5 [450/1935 (97%)]	Loss: 0.042356
finished training...
writing file...
sending signal at time.struct_time(tm_year=2023, tm_mon=6, tm_mday=19, tm_hour=20, tm_min=37, tm_sec=46, tm_wday=0, tm_yday=170, tm_isdst=0) or 1687207066.5770292 in seconds
Compute time is : 81.55707240104675
.
Sent 1 packets.
waiting for a signal back...
Recevied signal from omnet++, time to read...
Epoch 5 took 120.72334742546082s
Average epoch train time: 120.71335759162903
Convergence time from worker6: 603.5677092075348
Average training time: 76.76614866256713
Average time it takes worker to receive a new model from when he is done training his model: 43.57844429016113
Average amount of time it takes to load the new model received from the parameter server: 0.11204142570495605
Average time it takes to write trained model to text file: 0.17499980926513672
Final loss: 0.04235556349158287
for 5 epochs and 5 workers:
Loss: [0.5968603491783142, 0.10127997398376465, 0.15632981061935425, 0.01804005354642868, 0.04235556349158287]
Train Times: [64.63941407203674, 77.49352478981018, 80.41589117050171, 79.89760375022888, 81.38430953025818]
Computation times of worker6: [64.82266783714294, 77.67115902900696, 80.59056544303894, 80.06430244445801, 81.55707240104675]
Times it took to receive new model each epoch: [56.119736671447754, 42.51878356933594, 39.929362535476685, 40.35984396934509, 38.964494705200195]
Program finished successfully!
