This is worker30
Starting training...
Train Epoch: 1 [0/1935 (0%)]	Loss: 2.293939
Train Epoch: 1 [640/1935 (32%)]	Loss: 0.544776
Train Epoch: 1 [1280/1935 (65%)]	Loss: 0.606442
Train Epoch: 1 [450/1935 (97%)]	Loss: 0.835601
finished training...
writing file...
sending signal at time.struct_time(tm_year=2023, tm_mon=6, tm_mday=19, tm_hour=20, tm_min=29, tm_sec=43, tm_wday=0, tm_yday=170, tm_isdst=0) or 1687206583.35383 in seconds
Compute time is : 66.13770031929016
.
Sent 1 packets.
waiting for a signal back...
Recevied signal from omnet++, time to read...
Epoch 1 took 106.11325979232788s
Train Epoch: 2 [0/1935 (0%)]	Loss: 0.329619
Train Epoch: 2 [640/1935 (32%)]	Loss: 0.612226
Train Epoch: 2 [1280/1935 (65%)]	Loss: 0.236313
Train Epoch: 2 [450/1935 (97%)]	Loss: 0.408076
finished training...
writing file...
sending signal at time.struct_time(tm_year=2023, tm_mon=6, tm_mday=19, tm_hour=20, tm_min=31, tm_sec=41, tm_wday=0, tm_yday=170, tm_isdst=0) or 1687206701.9008474 in seconds
Compute time is : 78.57142376899719
.
Sent 1 packets.
waiting for a signal back...
Recevied signal from omnet++, time to read...
Epoch 2 took 120.35289764404297s
Train Epoch: 3 [0/1935 (0%)]	Loss: 0.230531
Train Epoch: 3 [640/1935 (32%)]	Loss: 0.118481
Train Epoch: 3 [1280/1935 (65%)]	Loss: 0.131108
Train Epoch: 3 [450/1935 (97%)]	Loss: 0.297741
finished training...
writing file...
sending signal at time.struct_time(tm_year=2023, tm_mon=6, tm_mday=19, tm_hour=20, tm_min=33, tm_sec=44, tm_wday=0, tm_yday=170, tm_isdst=0) or 1687206824.282521 in seconds
Compute time is : 80.60015153884888
.
Sent 1 packets.
waiting for a signal back...
Recevied signal from omnet++, time to read...
Epoch 3 took 120.65557646751404s
Train Epoch: 4 [0/1935 (0%)]	Loss: 0.123804
Train Epoch: 4 [640/1935 (32%)]	Loss: 0.194939
Train Epoch: 4 [1280/1935 (65%)]	Loss: 0.291339
Train Epoch: 4 [450/1935 (97%)]	Loss: 0.383429
finished training...
writing file...
sending signal at time.struct_time(tm_year=2023, tm_mon=6, tm_mday=19, tm_hour=20, tm_min=35, tm_sec=46, tm_wday=0, tm_yday=170, tm_isdst=0) or 1687206946.4836302 in seconds
Compute time is : 82.14566683769226
.
Sent 1 packets.
waiting for a signal back...
Recevied signal from omnet++, time to read...
Epoch 4 took 120.68248248100281s
Train Epoch: 5 [0/1935 (0%)]	Loss: 0.185869
Train Epoch: 5 [640/1935 (32%)]	Loss: 0.221891
Train Epoch: 5 [1280/1935 (65%)]	Loss: 0.124763
Train Epoch: 5 [450/1935 (97%)]	Loss: 0.332936
finished training...
writing file...
sending signal at time.struct_time(tm_year=2023, tm_mon=6, tm_mday=19, tm_hour=20, tm_min=37, tm_sec=48, tm_wday=0, tm_yday=170, tm_isdst=0) or 1687207068.3402698 in seconds
Compute time is : 83.319748878479
.
Sent 1 packets.
waiting for a signal back...
Recevied signal from omnet++, time to read...
Epoch 5 took 120.73498034477234s
Average epoch train time: 117.707839345932
Convergence time from worker30: 588.5397117137909
Average training time: 77.99037890434265
Average time it takes worker to receive a new model from when he is done training his model: 39.35574851036072
Average amount of time it takes to load the new model received from the parameter server: 0.11222696304321289
Average time it takes to write trained model to text file: 0.16455154418945311
Final loss: 0.3329361081123352
for 5 epochs and 29 workers:
Loss: [0.8356005549430847, 0.4080756604671478, 0.2977413237094879, 0.3834291994571686, 0.3329361081123352]
Train Times: [65.97103214263916, 78.40913343429565, 80.43460607528687, 81.97898864746094, 83.15813422203064]
Computation times of worker30: [66.13770031929016, 78.57142376899719, 80.60015153884888, 82.14566683769226, 83.319748878479]
Times it took to receive new model each epoch: [39.78335618972778, 41.577656507492065, 39.879807233810425, 38.33708572387695, 37.20083689689636]
Program finished successfully!
