This is worker29
Starting training...
Train Epoch: 1 [0/1935 (0%)]	Loss: 2.294467
Train Epoch: 1 [640/1935 (32%)]	Loss: 0.783797
Train Epoch: 1 [1280/1935 (65%)]	Loss: 0.481422
Train Epoch: 1 [450/1935 (97%)]	Loss: 0.305023
finished training...
writing file...
sending signal at time.struct_time(tm_year=2023, tm_mon=6, tm_mday=19, tm_hour=20, tm_min=29, tm_sec=42, tm_wday=0, tm_yday=170, tm_isdst=0) or 1687206582.334335 in seconds
Compute time is : 66.01747536659241
.
Sent 1 packets.
waiting for a signal back...
Recevied signal from omnet++, time to read...
Epoch 1 took 107.01242756843567s
Train Epoch: 2 [0/1935 (0%)]	Loss: 0.514250
Train Epoch: 2 [640/1935 (32%)]	Loss: 0.438075
Train Epoch: 2 [1280/1935 (65%)]	Loss: 0.464993
Train Epoch: 2 [450/1935 (97%)]	Loss: 0.462000
finished training...
writing file...
sending signal at time.struct_time(tm_year=2023, tm_mon=6, tm_mday=19, tm_hour=20, tm_min=31, tm_sec=41, tm_wday=0, tm_yday=170, tm_isdst=0) or 1687206701.3330736 in seconds
Compute time is : 78.00373005867004
.
Sent 1 packets.
waiting for a signal back...
Recevied signal from omnet++, time to read...
Epoch 2 took 120.35159993171692s
Train Epoch: 3 [0/1935 (0%)]	Loss: 0.481909
Train Epoch: 3 [640/1935 (32%)]	Loss: 0.187051
Train Epoch: 3 [1280/1935 (65%)]	Loss: 0.380128
Train Epoch: 3 [450/1935 (97%)]	Loss: 0.335935
finished training...
writing file...
sending signal at time.struct_time(tm_year=2023, tm_mon=6, tm_mday=19, tm_hour=20, tm_min=33, tm_sec=45, tm_wday=0, tm_yday=170, tm_isdst=0) or 1687206825.4864101 in seconds
Compute time is : 81.80536794662476
.
Sent 1 packets.
waiting for a signal back...
Recevied signal from omnet++, time to read...
Epoch 3 took 120.70982122421265s
Train Epoch: 4 [0/1935 (0%)]	Loss: 0.160562
Train Epoch: 4 [640/1935 (32%)]	Loss: 0.320517
Train Epoch: 4 [1280/1935 (65%)]	Loss: 0.261667
Train Epoch: 4 [450/1935 (97%)]	Loss: 0.389320
finished training...
writing file...
sending signal at time.struct_time(tm_year=2023, tm_mon=6, tm_mday=19, tm_hour=20, tm_min=35, tm_sec=45, tm_wday=0, tm_yday=170, tm_isdst=0) or 1687206945.6613283 in seconds
Compute time is : 81.27032899856567
.
Sent 1 packets.
waiting for a signal back...
Recevied signal from omnet++, time to read...
Epoch 4 took 120.58211159706116s
Train Epoch: 5 [0/1935 (0%)]	Loss: 0.091266
Train Epoch: 5 [640/1935 (32%)]	Loss: 0.301205
Train Epoch: 5 [1280/1935 (65%)]	Loss: 0.250368
Train Epoch: 5 [450/1935 (97%)]	Loss: 0.086654
finished training...
writing file...
sending signal at time.struct_time(tm_year=2023, tm_mon=6, tm_mday=19, tm_hour=20, tm_min=37, tm_sec=47, tm_wday=0, tm_yday=170, tm_isdst=0) or 1687207067.234108 in seconds
Compute time is : 82.26097345352173
.
Sent 1 packets.
waiting for a signal back...
Recevied signal from omnet++, time to read...
Epoch 5 took 120.77145147323608s
Average epoch train time: 117.88548235893249
Convergence time from worker29: 589.4284574985504
Average training time: 77.70726342201233
Average time it takes worker to receive a new model from when he is done training his model: 39.80756115913391
Average amount of time it takes to load the new model received from the parameter server: 0.11092743873596192
Average time it takes to write trained model to text file: 0.1643068790435791
Final loss: 0.08665425330400467
for 5 epochs and 28 workers:
Loss: [0.305023193359375, 0.4619995653629303, 0.3359352648258209, 0.3893202245235443, 0.08665425330400467]
Train Times: [65.85496211051941, 77.84588527679443, 81.63618850708008, 81.09768843650818, 82.10159277915955]
Computation times of worker29: [66.01747536659241, 78.00373005867004, 81.80536794662476, 81.27032899856567, 82.26097345352173]
Times it took to receive new model each epoch: [40.77291488647461, 42.12758255004883, 38.70363640785217, 39.15699911117554, 38.27667284011841]
Program finished successfully!
