This is worker17
Starting training...
Train Epoch: 1 [0/1935 (0%)]	Loss: 2.300524
Train Epoch: 1 [640/1935 (32%)]	Loss: 0.705761
Train Epoch: 1 [1280/1935 (65%)]	Loss: 0.604557
Train Epoch: 1 [450/1935 (97%)]	Loss: 0.652735
finished training...
writing file...
sending signal at time.struct_time(tm_year=2023, tm_mon=6, tm_mday=19, tm_hour=20, tm_min=29, tm_sec=47, tm_wday=0, tm_yday=170, tm_isdst=0) or 1687206587.0121853 in seconds
Compute time is : 78.81357884407043
.
Sent 1 packets.
waiting for a signal back...
Recevied signal from omnet++, time to read...
Epoch 1 took 115.06660866737366s
Train Epoch: 2 [0/1935 (0%)]	Loss: 0.444488
Train Epoch: 2 [640/1935 (32%)]	Loss: 0.445928
Train Epoch: 2 [1280/1935 (65%)]	Loss: 0.325441
Train Epoch: 2 [450/1935 (97%)]	Loss: 0.482013
finished training...
writing file...
sending signal at time.struct_time(tm_year=2023, tm_mon=6, tm_mday=19, tm_hour=20, tm_min=31, tm_sec=47, tm_wday=0, tm_yday=170, tm_isdst=0) or 1687206707.2998137 in seconds
Compute time is : 84.034592628479
.
Sent 1 packets.
waiting for a signal back...
Recevied signal from omnet++, time to read...
Epoch 2 took 120.39127492904663s
Train Epoch: 3 [0/1935 (0%)]	Loss: 0.163285
Train Epoch: 3 [640/1935 (32%)]	Loss: 0.178681
Train Epoch: 3 [1280/1935 (65%)]	Loss: 0.216449
Train Epoch: 3 [450/1935 (97%)]	Loss: 0.170462
finished training...
writing file...
sending signal at time.struct_time(tm_year=2023, tm_mon=6, tm_mday=19, tm_hour=20, tm_min=33, tm_sec=48, tm_wday=0, tm_yday=170, tm_isdst=0) or 1687206828.346861 in seconds
Compute time is : 84.69031286239624
.
Sent 1 packets.
waiting for a signal back...
Recevied signal from omnet++, time to read...
Epoch 3 took 120.67148661613464s
Train Epoch: 4 [0/1935 (0%)]	Loss: 0.027495
Train Epoch: 4 [640/1935 (32%)]	Loss: 0.249189
Train Epoch: 4 [1280/1935 (65%)]	Loss: 0.174050
Train Epoch: 4 [450/1935 (97%)]	Loss: 0.513585
finished training...
writing file...
sending signal at time.struct_time(tm_year=2023, tm_mon=6, tm_mday=19, tm_hour=20, tm_min=35, tm_sec=47, tm_wday=0, tm_yday=170, tm_isdst=0) or 1687206947.823724 in seconds
Compute time is : 83.49562239646912
.
Sent 1 packets.
waiting for a signal back...
Recevied signal from omnet++, time to read...
Epoch 4 took 120.67314004898071s
Train Epoch: 5 [0/1935 (0%)]	Loss: 0.178628
Train Epoch: 5 [640/1935 (32%)]	Loss: 0.294239
Train Epoch: 5 [1280/1935 (65%)]	Loss: 0.137671
Train Epoch: 5 [450/1935 (97%)]	Loss: 0.118817
finished training...
writing file...
sending signal at time.struct_time(tm_year=2023, tm_mon=6, tm_mday=19, tm_hour=20, tm_min=37, tm_sec=49, tm_wday=0, tm_yday=170, tm_isdst=0) or 1687207069.7445374 in seconds
Compute time is : 84.74322199821472
.
Sent 1 packets.
waiting for a signal back...
Recevied signal from omnet++, time to read...
Epoch 5 took 120.67112612724304s
Average epoch train time: 119.49472727775574
Convergence time from worker17: 597.4740459918976
Average training time: 83.00454359054565
Average time it takes worker to receive a new model from when he is done training his model: 36.19057607650757
Average amount of time it takes to load the new model received from the parameter server: 0.07349276542663574
Average time it takes to write trained model to text file: 0.15091781616210936
Final loss: 0.11881706863641739
for 5 epochs and 16 workers:
Loss: [0.6527349948883057, 0.4820133447647095, 0.1704624593257904, 0.5135853886604309, 0.11881706863641739]
Train Times: [78.6590268611908, 83.86685633659363, 84.52785420417786, 83.3314528465271, 84.63752770423889]
Computation times of worker17: [78.81357884407043, 84.034592628479, 84.69031286239624, 83.49562239646912, 84.74322199821472]
Times it took to receive new model each epoch: [36.124282360076904, 36.16805696487427, 35.84979867935181, 37.008381605148315, 35.80236077308655]
Program finished successfully!
