This is worker20
Starting training...
Train Epoch: 1 [0/1935 (0%)]	Loss: 2.304578
Train Epoch: 1 [640/1935 (32%)]	Loss: 0.740688
Train Epoch: 1 [1280/1935 (65%)]	Loss: 0.349447
Train Epoch: 1 [450/1935 (97%)]	Loss: 0.440331
finished training...
writing file...
sending signal at time.struct_time(tm_year=2023, tm_mon=6, tm_mday=19, tm_hour=20, tm_min=29, tm_sec=40, tm_wday=0, tm_yday=170, tm_isdst=0) or 1687206580.2880282 in seconds
Compute time is : 70.33730411529541
.
Sent 1 packets.
waiting for a signal back...
Recevied signal from omnet++, time to read...
Epoch 1 took 113.38289952278137s
Train Epoch: 2 [0/1935 (0%)]	Loss: 0.380753
Train Epoch: 2 [640/1935 (32%)]	Loss: 0.495172
Train Epoch: 2 [1280/1935 (65%)]	Loss: 0.268498
Train Epoch: 2 [450/1935 (97%)]	Loss: 0.070958
finished training...
writing file...
sending signal at time.struct_time(tm_year=2023, tm_mon=6, tm_mday=19, tm_hour=20, tm_min=31, tm_sec=41, tm_wday=0, tm_yday=170, tm_isdst=0) or 1687206701.2041812 in seconds
Compute time is : 77.87051439285278
.
Sent 1 packets.
waiting for a signal back...
Recevied signal from omnet++, time to read...
Epoch 2 took 120.35056161880493s
Train Epoch: 3 [0/1935 (0%)]	Loss: 0.136198
Train Epoch: 3 [640/1935 (32%)]	Loss: 0.198790
Train Epoch: 3 [1280/1935 (65%)]	Loss: 0.403504
Train Epoch: 3 [450/1935 (97%)]	Loss: 0.522576
finished training...
writing file...
sending signal at time.struct_time(tm_year=2023, tm_mon=6, tm_mday=19, tm_hour=20, tm_min=33, tm_sec=46, tm_wday=0, tm_yday=170, tm_isdst=0) or 1687206826.093852 in seconds
Compute time is : 82.40959215164185
.
Sent 1 packets.
waiting for a signal back...
Recevied signal from omnet++, time to read...
Epoch 3 took 120.70729064941406s
Train Epoch: 4 [0/1935 (0%)]	Loss: 0.272021
Train Epoch: 4 [640/1935 (32%)]	Loss: 0.135347
Train Epoch: 4 [1280/1935 (65%)]	Loss: 0.243440
Train Epoch: 4 [450/1935 (97%)]	Loss: 0.229016
finished training...
writing file...
sending signal at time.struct_time(tm_year=2023, tm_mon=6, tm_mday=19, tm_hour=20, tm_min=35, tm_sec=46, tm_wday=0, tm_yday=170, tm_isdst=0) or 1687206946.0641274 in seconds
Compute time is : 81.67249083518982
.
Sent 1 packets.
waiting for a signal back...
Recevied signal from omnet++, time to read...
Epoch 4 took 120.63456583023071s
Train Epoch: 5 [0/1935 (0%)]	Loss: 0.146276
Train Epoch: 5 [640/1935 (32%)]	Loss: 0.269648
Train Epoch: 5 [1280/1935 (65%)]	Loss: 0.259017
Train Epoch: 5 [450/1935 (97%)]	Loss: 0.055771
finished training...
writing file...
sending signal at time.struct_time(tm_year=2023, tm_mon=6, tm_mday=19, tm_hour=20, tm_min=37, tm_sec=48, tm_wday=0, tm_yday=170, tm_isdst=0) or 1687207068.1949759 in seconds
Compute time is : 83.1687080860138
.
Sent 1 packets.
waiting for a signal back...
Recevied signal from omnet++, time to read...
Epoch 5 took 120.72268319129944s
Average epoch train time: 119.15960016250611
Convergence time from worker20: 595.7987658977509
Average training time: 78.9230507850647
Average time it takes worker to receive a new model from when he is done training his model: 39.856285905838014
Average amount of time it takes to load the new model received from the parameter server: 0.12510886192321777
Average time it takes to write trained model to text file: 0.16866650581359863
Final loss: 0.05577081814408302
for 5 epochs and 19 workers:
Loss: [0.4403313994407654, 0.07095769047737122, 0.5225756168365479, 0.22901558876037598, 0.05577081814408302]
Train Times: [70.15892100334167, 77.70835614204407, 82.24937224388123, 81.4891242980957, 83.00948023796082]
Computation times of worker20: [70.33730411529541, 77.87051439285278, 82.40959215164185, 81.67249083518982, 83.1687080860138]
Times it took to receive new model each epoch: [42.82975697517395, 42.27244973182678, 38.094282150268555, 38.76056909561157, 37.324371576309204]
Program finished successfully!
