This is worker16
.
Sent 1 packets.
Starting training...
Train Epoch: 1 [0/1935 (0%)]	Loss: 2.292762
Train Epoch: 1 [640/1935 (32%)]	Loss: 0.842235
Train Epoch: 1 [1280/1935 (65%)]	Loss: 0.851118
Train Epoch: 1 [450/1935 (97%)]	Loss: 0.176237
finished training...
writing file...
sending signal at time.struct_time(tm_year=2023, tm_mon=6, tm_mday=19, tm_hour=20, tm_min=29, tm_sec=44, tm_wday=0, tm_yday=170, tm_isdst=0) or 1687206584.0165071 in seconds
Compute time is : 76.03886318206787
.
Sent 1 packets.
waiting for a signal back...
Recevied signal from omnet++, time to read...
Epoch 1 took 115.3412537574768s
Train Epoch: 2 [0/1935 (0%)]	Loss: 0.359937
Train Epoch: 2 [640/1935 (32%)]	Loss: 0.820692
Train Epoch: 2 [1280/1935 (65%)]	Loss: 0.427688
Train Epoch: 2 [450/1935 (97%)]	Loss: 0.145188
finished training...
writing file...
sending signal at time.struct_time(tm_year=2023, tm_mon=6, tm_mday=19, tm_hour=20, tm_min=31, tm_sec=47, tm_wday=0, tm_yday=170, tm_isdst=0) or 1687206707.7190049 in seconds
Compute time is : 84.40002179145813
.
Sent 1 packets.
waiting for a signal back...
Recevied signal from omnet++, time to read...
Epoch 2 took 120.28988456726074s
Train Epoch: 3 [0/1935 (0%)]	Loss: 0.312464
Train Epoch: 3 [640/1935 (32%)]	Loss: 0.087446
Train Epoch: 3 [1280/1935 (65%)]	Loss: 0.242056
Train Epoch: 3 [450/1935 (97%)]	Loss: 0.077936
finished training...
writing file...
sending signal at time.struct_time(tm_year=2023, tm_mon=6, tm_mday=19, tm_hour=20, tm_min=33, tm_sec=48, tm_wday=0, tm_yday=170, tm_isdst=0) or 1687206828.3821568 in seconds
Compute time is : 84.77321791648865
.
Sent 1 packets.
waiting for a signal back...
Recevied signal from omnet++, time to read...
Epoch 3 took 120.76192688941956s
Train Epoch: 4 [0/1935 (0%)]	Loss: 0.397838
Train Epoch: 4 [640/1935 (32%)]	Loss: 0.511698
Train Epoch: 4 [1280/1935 (65%)]	Loss: 0.231913
Train Epoch: 4 [450/1935 (97%)]	Loss: 0.477583
finished training...
writing file...
sending signal at time.struct_time(tm_year=2023, tm_mon=6, tm_mday=19, tm_hour=20, tm_min=35, tm_sec=48, tm_wday=0, tm_yday=170, tm_isdst=0) or 1687206948.4474814 in seconds
Compute time is : 84.0765790939331
.
Sent 1 packets.
waiting for a signal back...
Recevied signal from omnet++, time to read...
Epoch 4 took 120.63569521903992s
Train Epoch: 5 [0/1935 (0%)]	Loss: 0.160755
Train Epoch: 5 [640/1935 (32%)]	Loss: 0.047162
Train Epoch: 5 [1280/1935 (65%)]	Loss: 0.137019
Train Epoch: 5 [450/1935 (97%)]	Loss: 0.277090
finished training...
writing file...
sending signal at time.struct_time(tm_year=2023, tm_mon=6, tm_mday=19, tm_hour=20, tm_min=37, tm_sec=49, tm_wday=0, tm_yday=170, tm_isdst=0) or 1687207069.5494165 in seconds
Compute time is : 84.54257845878601
.
Sent 1 packets.
waiting for a signal back...
Recevied signal from omnet++, time to read...
Epoch 5 took 120.70659160614014s
Average epoch train time: 119.54707040786744
Convergence time from worker16: 597.7360560894012
Average training time: 82.62178845405579
Average time it takes worker to receive a new model from when he is done training his model: 36.61368536949158
Average amount of time it takes to load the new model received from the parameter server: 0.09259977340698242
Average time it takes to write trained model to text file: 0.14445939064025878
Final loss: 0.27709028124809265
for 5 epochs and 15 workers:
Loss: [0.17623725533485413, 0.14518801867961884, 0.07793594151735306, 0.4775831997394562, 0.27709028124809265]
Train Times: [75.87161993980408, 84.3201687335968, 84.61822724342346, 83.91614389419556, 84.38278245925903]
Computation times of worker16: [76.03886318206787, 84.40002179145813, 84.77321791648865, 84.0765790939331, 84.54257845878601]
Times it took to receive new model each epoch: [39.096179246902466, 35.783793926239014, 35.82560205459595, 36.36459469795227, 35.99825692176819]
Program finished successfully!
