This is worker22
Starting training...
Train Epoch: 1 [0/1935 (0%)]	Loss: 2.305969
Train Epoch: 1 [640/1935 (32%)]	Loss: 0.568676
Train Epoch: 1 [1280/1935 (65%)]	Loss: 0.378869
Train Epoch: 1 [450/1935 (97%)]	Loss: 0.130130
finished training...
writing file...
sending signal at time.struct_time(tm_year=2023, tm_mon=6, tm_mday=19, tm_hour=20, tm_min=29, tm_sec=40, tm_wday=0, tm_yday=170, tm_isdst=0) or 1687206580.127212 in seconds
Compute time is : 68.59932470321655
.
Sent 1 packets.
waiting for a signal back...
Recevied signal from omnet++, time to read...
Epoch 1 took 111.80179834365845s
Train Epoch: 2 [0/1935 (0%)]	Loss: 0.359032
Train Epoch: 2 [640/1935 (32%)]	Loss: 0.141260
Train Epoch: 2 [1280/1935 (65%)]	Loss: 0.556684
Train Epoch: 2 [450/1935 (97%)]	Loss: 0.252235
finished training...
writing file...
sending signal at time.struct_time(tm_year=2023, tm_mon=6, tm_mday=19, tm_hour=20, tm_min=31, tm_sec=41, tm_wday=0, tm_yday=170, tm_isdst=0) or 1687206701.1347413 in seconds
Compute time is : 77.80501914024353
.
Sent 1 packets.
waiting for a signal back...
Recevied signal from omnet++, time to read...
Epoch 2 took 120.35174679756165s
Train Epoch: 3 [0/1935 (0%)]	Loss: 0.064173
Train Epoch: 3 [640/1935 (32%)]	Loss: 0.157189
Train Epoch: 3 [1280/1935 (65%)]	Loss: 0.395634
Train Epoch: 3 [450/1935 (97%)]	Loss: 0.409945
finished training...
writing file...
sending signal at time.struct_time(tm_year=2023, tm_mon=6, tm_mday=19, tm_hour=20, tm_min=33, tm_sec=44, tm_wday=0, tm_yday=170, tm_isdst=0) or 1687206824.5886736 in seconds
Compute time is : 80.9071729183197
.
Sent 1 packets.
waiting for a signal back...
Recevied signal from omnet++, time to read...
Epoch 3 took 120.71001672744751s
Train Epoch: 4 [0/1935 (0%)]	Loss: 0.106740
Train Epoch: 4 [640/1935 (32%)]	Loss: 0.103274
Train Epoch: 4 [1280/1935 (65%)]	Loss: 0.119615
Train Epoch: 4 [450/1935 (97%)]	Loss: 0.169487
finished training...
writing file...
sending signal at time.struct_time(tm_year=2023, tm_mon=6, tm_mday=19, tm_hour=20, tm_min=35, tm_sec=46, tm_wday=0, tm_yday=170, tm_isdst=0) or 1687206946.389354 in seconds
Compute time is : 81.99773907661438
.
Sent 1 packets.
waiting for a signal back...
Recevied signal from omnet++, time to read...
Epoch 4 took 120.6209728717804s
Train Epoch: 5 [0/1935 (0%)]	Loss: 0.239028
Train Epoch: 5 [640/1935 (32%)]	Loss: 0.097276
Train Epoch: 5 [1280/1935 (65%)]	Loss: 0.125752
Train Epoch: 5 [450/1935 (97%)]	Loss: 0.077749
finished training...
writing file...
sending signal at time.struct_time(tm_year=2023, tm_mon=6, tm_mday=19, tm_hour=20, tm_min=37, tm_sec=47, tm_wday=0, tm_yday=170, tm_isdst=0) or 1687207067.2247052 in seconds
Compute time is : 82.212069272995
.
Sent 1 packets.
waiting for a signal back...
Recevied signal from omnet++, time to read...
Epoch 5 took 120.72764539718628s
Average epoch train time: 118.84243602752686
Convergence time from worker22: 594.2130591869354
Average training time: 78.13241209983826
Average time it takes worker to receive a new model from when he is done training his model: 40.32280340194702
Average amount of time it takes to load the new model received from the parameter server: 0.1191871166229248
Average time it takes to write trained model to text file: 0.17184762954711913
Final loss: 0.0777493342757225
for 5 epochs and 21 workers:
Loss: [0.13012966513633728, 0.252234548330307, 0.40994536876678467, 0.16948683559894562, 0.0777493342757225]
Train Times: [68.43794822692871, 77.6390495300293, 80.7290186882019, 81.81608700752258, 82.03995704650879]
Computation times of worker22: [68.59932470321655, 77.80501914024353, 80.9071729183197, 81.99773907661438, 82.212069272995]
Times it took to receive new model each epoch: [42.98455262184143, 42.332783222198486, 39.578633069992065, 38.416669845581055, 38.30137825012207]
Program finished successfully!
