This is worker31
Starting training...
Train Epoch: 1 [0/1935 (0%)]	Loss: 2.312536
Train Epoch: 1 [640/1935 (32%)]	Loss: 0.597450
Train Epoch: 1 [1280/1935 (65%)]	Loss: 0.496503
Train Epoch: 1 [450/1935 (97%)]	Loss: 0.364212
finished training...
writing file...
sending signal at time.struct_time(tm_year=2023, tm_mon=6, tm_mday=19, tm_hour=20, tm_min=29, tm_sec=42, tm_wday=0, tm_yday=170, tm_isdst=0) or 1687206582.6148295 in seconds
Compute time is : 64.69847345352173
.
Sent 1 packets.
waiting for a signal back...
Recevied signal from omnet++, time to read...
Epoch 1 took 105.40862607955933s
Train Epoch: 2 [0/1935 (0%)]	Loss: 0.398865
Train Epoch: 2 [640/1935 (32%)]	Loss: 0.445457
Train Epoch: 2 [1280/1935 (65%)]	Loss: 0.488377
Train Epoch: 2 [450/1935 (97%)]	Loss: 0.112987
finished training...
writing file...
sending signal at time.struct_time(tm_year=2023, tm_mon=6, tm_mday=19, tm_hour=20, tm_min=31, tm_sec=41, tm_wday=0, tm_yday=170, tm_isdst=0) or 1687206701.7965508 in seconds
Compute time is : 78.47149658203125
.
Sent 1 packets.
waiting for a signal back...
Recevied signal from omnet++, time to read...
Epoch 2 took 120.35647535324097s
Train Epoch: 3 [0/1935 (0%)]	Loss: 0.133055
Train Epoch: 3 [640/1935 (32%)]	Loss: 0.223458
Train Epoch: 3 [1280/1935 (65%)]	Loss: 0.314633
Train Epoch: 3 [450/1935 (97%)]	Loss: 0.824806
finished training...
writing file...
sending signal at time.struct_time(tm_year=2023, tm_mon=6, tm_mday=19, tm_hour=20, tm_min=33, tm_sec=44, tm_wday=0, tm_yday=170, tm_isdst=0) or 1687206824.8891454 in seconds
Compute time is : 81.20758986473083
.
Sent 1 packets.
waiting for a signal back...
Recevied signal from omnet++, time to read...
Epoch 3 took 120.71133065223694s
Train Epoch: 4 [0/1935 (0%)]	Loss: 0.107426
Train Epoch: 4 [640/1935 (32%)]	Loss: 0.289562
Train Epoch: 4 [1280/1935 (65%)]	Loss: 0.251320
Train Epoch: 4 [450/1935 (97%)]	Loss: 0.475163
finished training...
writing file...
sending signal at time.struct_time(tm_year=2023, tm_mon=6, tm_mday=19, tm_hour=20, tm_min=35, tm_sec=46, tm_wday=0, tm_yday=170, tm_isdst=0) or 1687206946.3046553 in seconds
Compute time is : 81.9086012840271
.
Sent 1 packets.
waiting for a signal back...
Recevied signal from omnet++, time to read...
Epoch 4 took 120.57517647743225s
Train Epoch: 5 [0/1935 (0%)]	Loss: 0.216350
Train Epoch: 5 [640/1935 (32%)]	Loss: 0.286868
Train Epoch: 5 [1280/1935 (65%)]	Loss: 0.108023
Train Epoch: 5 [450/1935 (97%)]	Loss: 0.031700
finished training...
writing file...
sending signal at time.struct_time(tm_year=2023, tm_mon=6, tm_mday=19, tm_hour=20, tm_min=37, tm_sec=47, tm_wday=0, tm_yday=170, tm_isdst=0) or 1687207067.7021565 in seconds
Compute time is : 82.73085904121399
.
Sent 1 packets.
waiting for a signal back...
Recevied signal from omnet++, time to read...
Epoch 5 took 120.77240180969238s
Average epoch train time: 117.56480207443238
Convergence time from worker31: 587.838728427887
Average training time: 77.64253535270691
Average time it takes worker to receive a new model from when he is done training his model: 39.56532735824585
Average amount of time it takes to load the new model received from the parameter server: 0.10729684829711914
Average time it takes to write trained model to text file: 0.16086483001708984
Final loss: 0.03169960901141167
for 5 epochs and 30 workers:
Loss: [0.36421167850494385, 0.11298734694719315, 0.8248056173324585, 0.47516292333602905, 0.03169960901141167]
Train Times: [64.53678512573242, 78.31275725364685, 81.04726910591125, 81.74631571769714, 82.56954956054688]
Computation times of worker31: [64.69847345352173, 78.47149658203125, 81.20758986473083, 81.9086012840271, 82.73085904121399]
Times it took to receive new model each epoch: [40.50142168998718, 41.676504135131836, 39.31462574005127, 38.50507569313049, 37.82900953292847]
Program finished successfully!
