This is worker3
.
Sent 1 packets.
Starting training...
Train Epoch: 1 [0/1935 (0%)]	Loss: 2.309177
Train Epoch: 1 [640/1935 (32%)]	Loss: 0.447460
Train Epoch: 1 [1280/1935 (65%)]	Loss: 0.511334
Train Epoch: 1 [450/1935 (97%)]	Loss: 0.133681
finished training...
writing file...
sending signal at time.struct_time(tm_year=2023, tm_mon=6, tm_mday=19, tm_hour=20, tm_min=29, tm_sec=21, tm_wday=0, tm_yday=170, tm_isdst=0) or 1687206561.8567047 in seconds
Compute time is : 60.5743248462677
.
Sent 1 packets.
waiting for a signal back...
Recevied signal from omnet++, time to read...
Epoch 1 took 122.02831506729126s
Train Epoch: 2 [0/1935 (0%)]	Loss: 0.270392
Train Epoch: 2 [640/1935 (32%)]	Loss: 0.293390
Train Epoch: 2 [1280/1935 (65%)]	Loss: 0.421134
Train Epoch: 2 [450/1935 (97%)]	Loss: 0.218247
finished training...
writing file...
sending signal at time.struct_time(tm_year=2023, tm_mon=6, tm_mday=19, tm_hour=20, tm_min=31, tm_sec=40, tm_wday=0, tm_yday=170, tm_isdst=0) or 1687206700.6499393 in seconds
Compute time is : 77.33922457695007
.
Sent 1 packets.
waiting for a signal back...
Recevied signal from omnet++, time to read...
Epoch 2 took 120.36359357833862s
Train Epoch: 3 [0/1935 (0%)]	Loss: 0.145652
Train Epoch: 3 [640/1935 (32%)]	Loss: 0.614402
Train Epoch: 3 [1280/1935 (65%)]	Loss: 0.482688
Train Epoch: 3 [450/1935 (97%)]	Loss: 0.183766
finished training...
writing file...
sending signal at time.struct_time(tm_year=2023, tm_mon=6, tm_mday=19, tm_hour=20, tm_min=33, tm_sec=45, tm_wday=0, tm_yday=170, tm_isdst=0) or 1687206825.9769802 in seconds
Compute time is : 82.30258274078369
.
Sent 1 packets.
waiting for a signal back...
Recevied signal from omnet++, time to read...
Epoch 3 took 120.70837616920471s
Train Epoch: 4 [0/1935 (0%)]	Loss: 0.216626
Train Epoch: 4 [640/1935 (32%)]	Loss: 0.237961
Train Epoch: 4 [1280/1935 (65%)]	Loss: 0.317941
Train Epoch: 4 [450/1935 (97%)]	Loss: 0.253508
finished training...
writing file...
sending signal at time.struct_time(tm_year=2023, tm_mon=6, tm_mday=19, tm_hour=20, tm_min=35, tm_sec=46, tm_wday=0, tm_yday=170, tm_isdst=0) or 1687206946.293333 in seconds
Compute time is : 81.91049194335938
.
Sent 1 packets.
waiting for a signal back...
Recevied signal from omnet++, time to read...
Epoch 4 took 120.64186906814575s
Train Epoch: 5 [0/1935 (0%)]	Loss: 0.101988
Train Epoch: 5 [640/1935 (32%)]	Loss: 0.174698
Train Epoch: 5 [1280/1935 (65%)]	Loss: 0.235169
Train Epoch: 5 [450/1935 (97%)]	Loss: 0.290454
finished training...
writing file...
sending signal at time.struct_time(tm_year=2023, tm_mon=6, tm_mday=19, tm_hour=20, tm_min=37, tm_sec=47, tm_wday=0, tm_yday=170, tm_isdst=0) or 1687207067.396373 in seconds
Compute time is : 82.37158179283142
.
Sent 1 packets.
waiting for a signal back...
Recevied signal from omnet++, time to read...
Epoch 5 took 120.73089981079102s
Average epoch train time: 120.89461073875427
Convergence time from worker3: 604.4736936092377
Average training time: 76.73209295272827
Average time it takes worker to receive a new model from when he is done training his model: 43.7771821975708
Average amount of time it takes to load the new model received from the parameter server: 0.12148785591125488
Average time it takes to write trained model to text file: 0.16754364967346191
Final loss: 0.29045405983924866
for 5 epochs and 2 workers:
Loss: [0.1336812525987625, 0.21824714541435242, 0.18376585841178894, 0.2535080313682556, 0.29045405983924866]
Train Times: [60.4029905796051, 77.15647840499878, 82.14176225662231, 81.74537897109985, 82.21385455131531]
Computation times of worker3: [60.5743248462677, 77.33922457695007, 82.30258274078369, 81.91049194335938, 82.37158179283142]
Times it took to receive new model each epoch: [61.251351833343506, 42.81858801841736, 38.17203712463379, 38.51174569129944, 38.13218832015991]
Program finished successfully!
