This is worker22
Starting training...
Train Epoch: 1 [0/1935 (0%)]	Loss: 2.305969
Train Epoch: 1 [640/1935 (32%)]	Loss: 0.568676
Train Epoch: 1 [1280/1935 (65%)]	Loss: 0.378869
Train Epoch: 1 [450/1935 (97%)]	Loss: 0.130130
finished training...
writing file...
sending signal at time.struct_time(tm_year=2023, tm_mon=6, tm_mday=19, tm_hour=20, tm_min=12, tm_sec=47, tm_wday=0, tm_yday=170, tm_isdst=0) or 1687205567.0441766 in seconds
Compute time is : 74.258229970932
.
Sent 1 packets.
waiting for a signal back...
Recevied signal from omnet++, time to read...
Epoch 1 took 123.43043351173401s
Train Epoch: 2 [0/1935 (0%)]	Loss: 0.359032
Train Epoch: 2 [640/1935 (32%)]	Loss: 0.141260
Train Epoch: 2 [1280/1935 (65%)]	Loss: 0.556684
Train Epoch: 2 [450/1935 (97%)]	Loss: 0.252235
finished training...
writing file...
sending signal at time.struct_time(tm_year=2023, tm_mon=6, tm_mday=19, tm_hour=20, tm_min=14, tm_sec=59, tm_wday=0, tm_yday=170, tm_isdst=0) or 1687205699.5859733 in seconds
Compute time is : 83.36945962905884
.
Sent 1 packets.
waiting for a signal back...
Recevied signal from omnet++, time to read...
Epoch 2 took 132.86824679374695s
Train Epoch: 3 [0/1935 (0%)]	Loss: 0.064173
Train Epoch: 3 [640/1935 (32%)]	Loss: 0.157189
Train Epoch: 3 [1280/1935 (65%)]	Loss: 0.395634
Train Epoch: 3 [450/1935 (97%)]	Loss: 0.409945
finished training...
writing file...
sending signal at time.struct_time(tm_year=2023, tm_mon=6, tm_mday=19, tm_hour=20, tm_min=17, tm_sec=13, tm_wday=0, tm_yday=170, tm_isdst=0) or 1687205833.206026 in seconds
Compute time is : 84.12118935585022
.
Sent 1 packets.
waiting for a signal back...
Recevied signal from omnet++, time to read...
Epoch 3 took 133.07432508468628s
Train Epoch: 4 [0/1935 (0%)]	Loss: 0.106740
Train Epoch: 4 [640/1935 (32%)]	Loss: 0.103274
Train Epoch: 4 [1280/1935 (65%)]	Loss: 0.119615
Train Epoch: 4 [450/1935 (97%)]	Loss: 0.169487
finished training...
writing file...
sending signal at time.struct_time(tm_year=2023, tm_mon=6, tm_mday=19, tm_hour=20, tm_min=19, tm_sec=26, tm_wday=0, tm_yday=170, tm_isdst=0) or 1687205966.7327883 in seconds
Compute time is : 84.57357358932495
.
Sent 1 packets.
waiting for a signal back...
Recevied signal from omnet++, time to read...
Epoch 4 took 133.3798952102661s
Train Epoch: 5 [0/1935 (0%)]	Loss: 0.239028
Train Epoch: 5 [640/1935 (32%)]	Loss: 0.097276
Train Epoch: 5 [1280/1935 (65%)]	Loss: 0.125752
Train Epoch: 5 [450/1935 (97%)]	Loss: 0.077749
finished training...
writing file...
sending signal at time.struct_time(tm_year=2023, tm_mon=6, tm_mday=19, tm_hour=20, tm_min=21, tm_sec=39, tm_wday=0, tm_yday=170, tm_isdst=0) or 1687206099.379971 in seconds
Compute time is : 83.84076595306396
.
Sent 1 packets.
waiting for a signal back...
Recevied signal from omnet++, time to read...
Epoch 5 took 133.50460529327393s
Average epoch train time: 131.25150117874145
Convergence time from worker22: 656.2586758136749
Average training time: 81.87690019607544
Average time it takes worker to receive a new model from when he is done training his model: 49.04931530952454
Average amount of time it takes to load the new model received from the parameter server: 0.08276643753051757
Average time it takes to write trained model to text file: 0.1557386875152588
Final loss: 0.077749103307724
for 5 epochs and 21 workers:
Loss: [0.13012966513633728, 0.2522345781326294, 0.40994539856910706, 0.1694866269826889, 0.077749103307724]
Train Times: [74.09507656097412, 83.21007108688354, 83.9598331451416, 84.43870711326599, 83.68081307411194]
Computation times of worker22: [74.258229970932, 83.36945962905884, 84.12118935585022, 84.57357358932495, 83.84076595306396]
Times it took to receive new model each epoch: [48.97795367240906, 49.33544158935547, 48.78545880317688, 48.69446063041687, 49.453261852264404]
Program finished successfully!
