This is worker4
Starting training...
Train Epoch: 1 [0/1935 (0%)]	Loss: 2.314009
Train Epoch: 1 [640/1935 (32%)]	Loss: 0.855471
Train Epoch: 1 [1280/1935 (65%)]	Loss: 0.401793
Train Epoch: 1 [450/1935 (97%)]	Loss: 0.187930
finished training...
writing file...
sending signal at time.struct_time(tm_year=2023, tm_mon=6, tm_mday=19, tm_hour=20, tm_min=12, tm_sec=18, tm_wday=0, tm_yday=170, tm_isdst=0) or 1687205538.8653975 in seconds
Compute time is : 56.08023142814636
.
Sent 1 packets.
waiting for a signal back...
Recevied signal from omnet++, time to read...
Epoch 1 took 133.4386010169983s
Train Epoch: 2 [0/1935 (0%)]	Loss: 0.290285
Train Epoch: 2 [640/1935 (32%)]	Loss: 0.435131
Train Epoch: 2 [1280/1935 (65%)]	Loss: 0.430603
Train Epoch: 2 [450/1935 (97%)]	Loss: 0.709134
finished training...
writing file...
sending signal at time.struct_time(tm_year=2023, tm_mon=6, tm_mday=19, tm_hour=20, tm_min=14, tm_sec=45, tm_wday=0, tm_yday=170, tm_isdst=0) or 1687205685.670438 in seconds
Compute time is : 69.44667387008667
.
Sent 1 packets.
waiting for a signal back...
Recevied signal from omnet++, time to read...
Epoch 2 took 132.925528049469s
Train Epoch: 3 [0/1935 (0%)]	Loss: 0.135372
Train Epoch: 3 [640/1935 (32%)]	Loss: 0.429085
Train Epoch: 3 [1280/1935 (65%)]	Loss: 0.343726
Train Epoch: 3 [450/1935 (97%)]	Loss: 0.095927
finished training...
writing file...
sending signal at time.struct_time(tm_year=2023, tm_mon=6, tm_mday=19, tm_hour=20, tm_min=17, tm_sec=3, tm_wday=0, tm_yday=170, tm_isdst=0) or 1687205823.206768 in seconds
Compute time is : 74.05742025375366
.
Sent 1 packets.
waiting for a signal back...
Recevied signal from omnet++, time to read...
Epoch 3 took 133.01981019973755s
Train Epoch: 4 [0/1935 (0%)]	Loss: 0.277653
Train Epoch: 4 [640/1935 (32%)]	Loss: 0.396072
Train Epoch: 4 [1280/1935 (65%)]	Loss: 0.309621
Train Epoch: 4 [450/1935 (97%)]	Loss: 0.229998
finished training...
writing file...
sending signal at time.struct_time(tm_year=2023, tm_mon=6, tm_mday=19, tm_hour=20, tm_min=19, tm_sec=19, tm_wday=0, tm_yday=170, tm_isdst=0) or 1687205959.9710684 in seconds
Compute time is : 77.80152297019958
.
Sent 1 packets.
waiting for a signal back...
Recevied signal from omnet++, time to read...
Epoch 4 took 133.43883299827576s
Train Epoch: 5 [0/1935 (0%)]	Loss: 0.075811
Train Epoch: 5 [640/1935 (32%)]	Loss: 0.181432
Train Epoch: 5 [1280/1935 (65%)]	Loss: 0.168609
Train Epoch: 5 [450/1935 (97%)]	Loss: 0.770940
finished training...
writing file...
sending signal at time.struct_time(tm_year=2023, tm_mon=6, tm_mday=19, tm_hour=20, tm_min=21, tm_sec=38, tm_wday=0, tm_yday=170, tm_isdst=0) or 1687206098.2526915 in seconds
Compute time is : 82.64424991607666
.
Sent 1 packets.
waiting for a signal back...
Recevied signal from omnet++, time to read...
Epoch 5 took 133.46740221977234s
Average epoch train time: 133.25803489685057
Convergence time from worker4: 666.2908954620361
Average training time: 71.84321284294128
Average time it takes worker to receive a new model from when he is done training his model: 61.02537493705749
Average amount of time it takes to load the new model received from the parameter server: 0.12252650260925294
Average time it takes to write trained model to text file: 0.16280179023742675
Final loss: 0.7709401249885559
for 5 epochs and 3 workers:
Loss: [0.1879296898841858, 0.7091337442398071, 0.09592660516500473, 0.22999818623065948, 0.7709401249885559]
Train Times: [55.91596078872681, 69.28452277183533, 73.89819240570068, 77.63979458808899, 82.47759366035461]
Computation times of worker4: [56.08023142814636, 69.44667387008667, 74.05742025375366, 77.80152297019958, 82.64424991607666]
Times it took to receive new model each epoch: [77.13082909584045, 63.25462365150452, 58.76364493370056, 55.394994497299194, 50.58278250694275]
Program finished successfully!
