This is worker28
Starting training...
Train Epoch: 1 [0/1935 (0%)]	Loss: 2.303084
Train Epoch: 1 [640/1935 (32%)]	Loss: 0.829819
Train Epoch: 1 [1280/1935 (65%)]	Loss: 0.313091
Train Epoch: 1 [450/1935 (97%)]	Loss: 0.560591
finished training...
writing file...
sending signal at time.struct_time(tm_year=2023, tm_mon=6, tm_mday=19, tm_hour=20, tm_min=12, tm_sec=31, tm_wday=0, tm_yday=170, tm_isdst=0) or 1687205551.3345232 in seconds
Compute time is : 54.03385877609253
.
Sent 1 packets.
waiting for a signal back...
Recevied signal from omnet++, time to read...
Epoch 1 took 118.93429183959961s
Train Epoch: 2 [0/1935 (0%)]	Loss: 0.300549
Train Epoch: 2 [640/1935 (32%)]	Loss: 0.598229
Train Epoch: 2 [1280/1935 (65%)]	Loss: 0.340309
Train Epoch: 2 [450/1935 (97%)]	Loss: 0.368520
finished training...
writing file...
sending signal at time.struct_time(tm_year=2023, tm_mon=6, tm_mday=19, tm_hour=20, tm_min=14, tm_sec=46, tm_wday=0, tm_yday=170, tm_isdst=0) or 1687205686.5211716 in seconds
Compute time is : 70.28619742393494
.
Sent 1 packets.
waiting for a signal back...
Recevied signal from omnet++, time to read...
Epoch 2 took 132.9179322719574s
Train Epoch: 3 [0/1935 (0%)]	Loss: 0.049527
Train Epoch: 3 [640/1935 (32%)]	Loss: 0.655691
Train Epoch: 3 [1280/1935 (65%)]	Loss: 0.134099
Train Epoch: 3 [450/1935 (97%)]	Loss: 0.543298
finished training...
writing file...
sending signal at time.struct_time(tm_year=2023, tm_mon=6, tm_mday=19, tm_hour=20, tm_min=17, tm_sec=2, tm_wday=0, tm_yday=170, tm_isdst=0) or 1687205822.999306 in seconds
Compute time is : 73.8463523387909
.
Sent 1 packets.
waiting for a signal back...
Recevied signal from omnet++, time to read...
Epoch 3 took 133.03460144996643s
Train Epoch: 4 [0/1935 (0%)]	Loss: 0.133399
Train Epoch: 4 [640/1935 (32%)]	Loss: 0.289918
Train Epoch: 4 [1280/1935 (65%)]	Loss: 0.227479
Train Epoch: 4 [450/1935 (97%)]	Loss: 0.212624
finished training...
writing file...
sending signal at time.struct_time(tm_year=2023, tm_mon=6, tm_mday=19, tm_hour=20, tm_min=19, tm_sec=20, tm_wday=0, tm_yday=170, tm_isdst=0) or 1687205960.2420487 in seconds
Compute time is : 78.054452419281
.
Sent 1 packets.
waiting for a signal back...
Recevied signal from omnet++, time to read...
Epoch 4 took 133.4192614555359s
Train Epoch: 5 [0/1935 (0%)]	Loss: 0.110923
Train Epoch: 5 [640/1935 (32%)]	Loss: 0.111053
Train Epoch: 5 [1280/1935 (65%)]	Loss: 0.196190
Train Epoch: 5 [450/1935 (97%)]	Loss: 0.115868
finished training...
writing file...
sending signal at time.struct_time(tm_year=2023, tm_mon=6, tm_mday=19, tm_hour=20, tm_min=21, tm_sec=38, tm_wday=0, tm_yday=170, tm_isdst=0) or 1687206098.5733495 in seconds
Compute time is : 82.96640205383301
.
Sent 1 packets.
waiting for a signal back...
Recevied signal from omnet++, time to read...
Epoch 5 took 133.46936750411987s
Average epoch train time: 130.35509090423585
Convergence time from worker28: 651.7764163017273
Average training time: 71.67995896339417
Average time it takes worker to receive a new model from when he is done training his model: 58.30242948532104
Average amount of time it takes to load the new model received from the parameter server: 0.12032012939453125
Average time it takes to write trained model to text file: 0.15748844146728516
Final loss: 0.11586784571409225
for 5 epochs and 27 workers:
Loss: [0.5605911016464233, 0.3685203790664673, 0.543298065662384, 0.21262410283088684, 0.11586784571409225]
Train Times: [53.87300372123718, 70.12747359275818, 73.69376468658447, 77.89434695243835, 82.81120586395264]
Computation times of worker28: [54.03385877609253, 70.28619742393494, 73.8463523387909, 78.054452419281, 82.96640205383301]
Times it took to receive new model each epoch: [64.69740200042725, 62.408238887786865, 58.98046350479126, 55.135804653167725, 50.29023838043213]
Program finished successfully!
