This is worker16
.
Sent 1 packets.
Starting training...
Train Epoch: 1 [0/1935 (0%)]	Loss: 2.292762
Train Epoch: 1 [640/1935 (32%)]	Loss: 0.842235
Train Epoch: 1 [1280/1935 (65%)]	Loss: 0.851118
Train Epoch: 1 [450/1935 (97%)]	Loss: 0.176237
finished training...
writing file...
sending signal at time.struct_time(tm_year=2023, tm_mon=6, tm_mday=19, tm_hour=20, tm_min=12, tm_sec=27, tm_wday=0, tm_yday=170, tm_isdst=0) or 1687205547.5713463 in seconds
Compute time is : 58.39071202278137
.
Sent 1 packets.
waiting for a signal back...
Recevied signal from omnet++, time to read...
Epoch 1 took 127.05229496955872s
Train Epoch: 2 [0/1935 (0%)]	Loss: 0.359937
Train Epoch: 2 [640/1935 (32%)]	Loss: 0.820692
Train Epoch: 2 [1280/1935 (65%)]	Loss: 0.427688
Train Epoch: 2 [450/1935 (97%)]	Loss: 0.145188
finished training...
writing file...
sending signal at time.struct_time(tm_year=2023, tm_mon=6, tm_mday=19, tm_hour=20, tm_min=14, tm_sec=46, tm_wday=0, tm_yday=170, tm_isdst=0) or 1687205686.7623444 in seconds
Compute time is : 70.52939248085022
.
Sent 1 packets.
waiting for a signal back...
Recevied signal from omnet++, time to read...
Epoch 2 took 132.86419796943665s
Train Epoch: 3 [0/1935 (0%)]	Loss: 0.312464
Train Epoch: 3 [640/1935 (32%)]	Loss: 0.087446
Train Epoch: 3 [1280/1935 (65%)]	Loss: 0.242056
Train Epoch: 3 [450/1935 (97%)]	Loss: 0.077936
finished training...
writing file...
sending signal at time.struct_time(tm_year=2023, tm_mon=6, tm_mday=19, tm_hour=20, tm_min=17, tm_sec=2, tm_wday=0, tm_yday=170, tm_isdst=0) or 1687205822.140982 in seconds
Compute time is : 73.04365873336792
.
Sent 1 packets.
waiting for a signal back...
Recevied signal from omnet++, time to read...
Epoch 3 took 133.08419632911682s
Train Epoch: 4 [0/1935 (0%)]	Loss: 0.397838
Train Epoch: 4 [640/1935 (32%)]	Loss: 0.511698
Train Epoch: 4 [1280/1935 (65%)]	Loss: 0.231913
Train Epoch: 4 [450/1935 (97%)]	Loss: 0.477583
finished training...
writing file...
sending signal at time.struct_time(tm_year=2023, tm_mon=6, tm_mday=19, tm_hour=20, tm_min=19, tm_sec=19, tm_wday=0, tm_yday=170, tm_isdst=0) or 1687205959.769245 in seconds
Compute time is : 77.587641954422
.
Sent 1 packets.
waiting for a signal back...
Recevied signal from omnet++, time to read...
Epoch 4 took 133.38122487068176s
Train Epoch: 5 [0/1935 (0%)]	Loss: 0.160755
Train Epoch: 5 [640/1935 (32%)]	Loss: 0.047162
Train Epoch: 5 [1280/1935 (65%)]	Loss: 0.137019
Train Epoch: 5 [450/1935 (97%)]	Loss: 0.277090
finished training...
writing file...
sending signal at time.struct_time(tm_year=2023, tm_mon=6, tm_mday=19, tm_hour=20, tm_min=21, tm_sec=37, tm_wday=0, tm_yday=170, tm_isdst=0) or 1687206097.7546039 in seconds
Compute time is : 82.19146084785461
.
Sent 1 packets.
waiting for a signal back...
Recevied signal from omnet++, time to read...
Epoch 5 took 133.5163893699646s
Average epoch train time: 131.9796607017517
Convergence time from worker16: 659.9015696048737
Average training time: 72.18463296890259
Average time it takes worker to receive a new model from when he is done training his model: 59.42668504714966
Average amount of time it takes to load the new model received from the parameter server: 0.10561904907226563
Average time it takes to write trained model to text file: 0.16393594741821288
Final loss: 0.27709004282951355
for 5 epochs and 15 workers:
Loss: [0.17623725533485413, 0.14518801867961884, 0.07793590426445007, 0.47758322954177856, 0.27709004282951355]
Train Times: [58.23023509979248, 70.36256766319275, 72.87354969978333, 77.42850995063782, 82.02830243110657]
Computation times of worker16: [58.39071202278137, 70.52939248085022, 73.04365873336792, 77.587641954422, 82.19146084785461]
Times it took to receive new model each epoch: [68.44035816192627, 62.17200469970703, 59.80500555038452, 55.64122438430786, 51.07483243942261]
Program finished successfully!
