This is worker8
.
Sent 1 packets.
Starting training...
Train Epoch: 1 [0/1935 (0%)]	Loss: 2.286287
Train Epoch: 1 [640/1935 (32%)]	Loss: 0.750239
Train Epoch: 1 [1280/1935 (65%)]	Loss: 0.693321
Train Epoch: 1 [450/1935 (97%)]	Loss: 0.382593
finished training...
writing file...
sending signal at time.struct_time(tm_year=2023, tm_mon=6, tm_mday=19, tm_hour=20, tm_min=12, tm_sec=42, tm_wday=0, tm_yday=170, tm_isdst=0) or 1687205562.0294018 in seconds
Compute time is : 77.68457698822021
.
Sent 1 packets.
waiting for a signal back...
Recevied signal from omnet++, time to read...
Epoch 1 took 131.8681652545929s
Train Epoch: 2 [0/1935 (0%)]	Loss: 0.366492
Train Epoch: 2 [640/1935 (32%)]	Loss: 0.251809
Train Epoch: 2 [1280/1935 (65%)]	Loss: 0.225226
Train Epoch: 2 [450/1935 (97%)]	Loss: 0.296790
finished training...
writing file...
sending signal at time.struct_time(tm_year=2023, tm_mon=6, tm_mday=19, tm_hour=20, tm_min=14, tm_sec=58, tm_wday=0, tm_yday=170, tm_isdst=0) or 1687205698.9799442 in seconds
Compute time is : 82.76704335212708
.
Sent 1 packets.
waiting for a signal back...
Recevied signal from omnet++, time to read...
Epoch 2 took 132.93389630317688s
Train Epoch: 3 [0/1935 (0%)]	Loss: 0.309794
Train Epoch: 3 [640/1935 (32%)]	Loss: 0.185774
Train Epoch: 3 [1280/1935 (65%)]	Loss: 0.339417
Train Epoch: 3 [450/1935 (97%)]	Loss: 0.189418
finished training...
writing file...
sending signal at time.struct_time(tm_year=2023, tm_mon=6, tm_mday=19, tm_hour=20, tm_min=17, tm_sec=12, tm_wday=0, tm_yday=170, tm_isdst=0) or 1687205832.214196 in seconds
Compute time is : 83.06727576255798
.
Sent 1 packets.
waiting for a signal back...
Recevied signal from omnet++, time to read...
Epoch 3 took 133.00802874565125s
Train Epoch: 4 [0/1935 (0%)]	Loss: 0.060350
Train Epoch: 4 [640/1935 (32%)]	Loss: 0.260894
Train Epoch: 4 [1280/1935 (65%)]	Loss: 0.359280
Train Epoch: 4 [450/1935 (97%)]	Loss: 0.124253
finished training...
writing file...
sending signal at time.struct_time(tm_year=2023, tm_mon=6, tm_mday=19, tm_hour=20, tm_min=19, tm_sec=26, tm_wday=0, tm_yday=170, tm_isdst=0) or 1687205966.3884919 in seconds
Compute time is : 84.23347640037537
.
Sent 1 packets.
waiting for a signal back...
Recevied signal from omnet++, time to read...
Epoch 4 took 133.38410091400146s
Train Epoch: 5 [0/1935 (0%)]	Loss: 0.188039
Train Epoch: 5 [640/1935 (32%)]	Loss: 0.193981
Train Epoch: 5 [1280/1935 (65%)]	Loss: 0.116925
Train Epoch: 5 [450/1935 (97%)]	Loss: 0.038738
finished training...
writing file...
sending signal at time.struct_time(tm_year=2023, tm_mon=6, tm_mday=19, tm_hour=20, tm_min=21, tm_sec=39, tm_wday=0, tm_yday=170, tm_isdst=0) or 1687206099.0567677 in seconds
Compute time is : 83.51755738258362
.
Sent 1 packets.
waiting for a signal back...
Recevied signal from omnet++, time to read...
Epoch 5 took 133.50597310066223s
Average epoch train time: 132.94003286361695
Convergence time from worker8: 664.7009797096252
Average training time: 82.09296307563781
Average time it takes worker to receive a new model from when he is done training his model: 50.49226660728455
Average amount of time it takes to load the new model received from the parameter server: 0.09652318954467773
Average time it takes to write trained model to text file: 0.16101813316345215
Final loss: 0.03873809427022934
for 5 epochs and 7 workers:
Loss: [0.3825932741165161, 0.2967900037765503, 0.18941792845726013, 0.12425310909748077, 0.03873809427022934]
Train Times: [77.5151002407074, 82.6071195602417, 82.90911984443665, 84.07556080818176, 83.35791492462158]
Computation times of worker8: [77.68457698822021, 82.76704335212708, 83.06727576255798, 84.23347640037537, 83.51755738258362]
Times it took to receive new model each epoch: [53.98775053024292, 49.950982332229614, 49.74807095527649, 48.995439767837524, 49.77908945083618]
Program finished successfully!
