This is worker15
Starting training...
Train Epoch: 1 [0/1935 (0%)]	Loss: 2.308599
Train Epoch: 1 [640/1935 (32%)]	Loss: 0.468634
Train Epoch: 1 [1280/1935 (65%)]	Loss: 0.647945
Train Epoch: 1 [450/1935 (97%)]	Loss: 0.457084
finished training...
writing file...
sending signal at time.struct_time(tm_year=2023, tm_mon=6, tm_mday=19, tm_hour=20, tm_min=12, tm_sec=47, tm_wday=0, tm_yday=170, tm_isdst=0) or 1687205567.1410453 in seconds
Compute time is : 78.75730562210083
.
Sent 1 packets.
waiting for a signal back...
Recevied signal from omnet++, time to read...
Epoch 1 took 127.83307838439941s
Train Epoch: 2 [0/1935 (0%)]	Loss: 0.257552
Train Epoch: 2 [640/1935 (32%)]	Loss: 0.470268
Train Epoch: 2 [1280/1935 (65%)]	Loss: 0.373546
Train Epoch: 2 [450/1935 (97%)]	Loss: 0.392028
finished training...
writing file...
sending signal at time.struct_time(tm_year=2023, tm_mon=6, tm_mday=19, tm_hour=20, tm_min=14, tm_sec=59, tm_wday=0, tm_yday=170, tm_isdst=0) or 1687205699.4265218 in seconds
Compute time is : 83.20965504646301
.
Sent 1 packets.
waiting for a signal back...
Recevied signal from omnet++, time to read...
Epoch 2 took 132.91720581054688s
Train Epoch: 3 [0/1935 (0%)]	Loss: 0.148119
Train Epoch: 3 [640/1935 (32%)]	Loss: 0.352245
Train Epoch: 3 [1280/1935 (65%)]	Loss: 0.380213
Train Epoch: 3 [450/1935 (97%)]	Loss: 0.152886
finished training...
writing file...
sending signal at time.struct_time(tm_year=2023, tm_mon=6, tm_mday=19, tm_hour=20, tm_min=17, tm_sec=11, tm_wday=0, tm_yday=170, tm_isdst=0) or 1687205831.5112042 in seconds
Compute time is : 82.37665891647339
.
Sent 1 packets.
waiting for a signal back...
Recevied signal from omnet++, time to read...
Epoch 3 took 133.05723071098328s
Train Epoch: 4 [0/1935 (0%)]	Loss: 0.266834
Train Epoch: 4 [640/1935 (32%)]	Loss: 0.276868
Train Epoch: 4 [1280/1935 (65%)]	Loss: 0.110367
Train Epoch: 4 [450/1935 (97%)]	Loss: 0.544469
finished training...
writing file...
sending signal at time.struct_time(tm_year=2023, tm_mon=6, tm_mday=19, tm_hour=20, tm_min=19, tm_sec=20, tm_wday=0, tm_yday=170, tm_isdst=0) or 1687205960.041793 in seconds
Compute time is : 77.85005712509155
.
Sent 1 packets.
waiting for a signal back...
Recevied signal from omnet++, time to read...
Epoch 4 took 133.41307282447815s
Train Epoch: 5 [0/1935 (0%)]	Loss: 0.146460
Train Epoch: 5 [640/1935 (32%)]	Loss: 0.285959
Train Epoch: 5 [1280/1935 (65%)]	Loss: 0.260027
Train Epoch: 5 [450/1935 (97%)]	Loss: 0.064607
finished training...
writing file...
sending signal at time.struct_time(tm_year=2023, tm_mon=6, tm_mday=19, tm_hour=20, tm_min=21, tm_sec=38, tm_wday=0, tm_yday=170, tm_isdst=0) or 1687206098.4498808 in seconds
Compute time is : 82.84498524665833
.
Sent 1 packets.
waiting for a signal back...
Recevied signal from omnet++, time to read...
Epoch 5 took 133.46827793121338s
Average epoch train time: 132.1377731323242
Convergence time from worker15: 660.6897301673889
Average training time: 80.84459586143494
Average time it takes worker to receive a new model from when he is done training his model: 50.931611967086795
Average amount of time it takes to load the new model received from the parameter server: 0.11900324821472168
Average time it takes to write trained model to text file: 0.16312837600708008
Final loss: 0.06460655480623245
for 5 epochs and 14 workers:
Loss: [0.457083523273468, 0.39202848076820374, 0.15288622677326202, 0.5444691777229309, 0.06460655480623245]
Train Times: [78.60635805130005, 83.04494380950928, 82.2090117931366, 77.67918157577515, 82.68348407745361]
Computation times of worker15: [78.75730562210083, 83.20965504646301, 82.37665891647339, 77.85005712509155, 82.84498524665833]
Times it took to receive new model each epoch: [48.892293214797974, 49.531736612319946, 50.46087622642517, 55.348982095718384, 50.424171686172485]
Program finished successfully!
