This is worker26
.
Sent 1 packets.
Starting training...
Train Epoch: 1 [0/1935 (0%)]	Loss: 2.304808
Train Epoch: 1 [640/1935 (32%)]	Loss: 0.534863
Train Epoch: 1 [1280/1935 (65%)]	Loss: 0.393779
Train Epoch: 1 [450/1935 (97%)]	Loss: 0.068938
finished training...
writing file...
sending signal at time.struct_time(tm_year=2023, tm_mon=6, tm_mday=19, tm_hour=20, tm_min=12, tm_sec=30, tm_wday=0, tm_yday=170, tm_isdst=0) or 1687205550.133023 in seconds
Compute time is : 54.103150606155396
.
Sent 1 packets.
waiting for a signal back...
Recevied signal from omnet++, time to read...
Epoch 1 took 120.20480251312256s
Train Epoch: 2 [0/1935 (0%)]	Loss: 0.441682
Train Epoch: 2 [640/1935 (32%)]	Loss: 0.525308
Train Epoch: 2 [1280/1935 (65%)]	Loss: 0.268285
Train Epoch: 2 [450/1935 (97%)]	Loss: 0.796508
finished training...
writing file...
sending signal at time.struct_time(tm_year=2023, tm_mon=6, tm_mday=19, tm_hour=20, tm_min=14, tm_sec=46, tm_wday=0, tm_yday=170, tm_isdst=0) or 1687205686.6392925 in seconds
Compute time is : 70.4046061038971
.
Sent 1 packets.
waiting for a signal back...
Recevied signal from omnet++, time to read...
Epoch 2 took 132.91829109191895s
Train Epoch: 3 [0/1935 (0%)]	Loss: 0.203592
Train Epoch: 3 [640/1935 (32%)]	Loss: 0.213727
Train Epoch: 3 [1280/1935 (65%)]	Loss: 0.111117
Train Epoch: 3 [450/1935 (97%)]	Loss: 0.411853
finished training...
writing file...
sending signal at time.struct_time(tm_year=2023, tm_mon=6, tm_mday=19, tm_hour=20, tm_min=17, tm_sec=1, tm_wday=0, tm_yday=170, tm_isdst=0) or 1687205821.9545448 in seconds
Compute time is : 72.80149602890015
.
Sent 1 packets.
waiting for a signal back...
Recevied signal from omnet++, time to read...
Epoch 3 took 133.03563952445984s
Train Epoch: 4 [0/1935 (0%)]	Loss: 0.153544
Train Epoch: 4 [640/1935 (32%)]	Loss: 0.366714
Train Epoch: 4 [1280/1935 (65%)]	Loss: 0.188642
Train Epoch: 4 [450/1935 (97%)]	Loss: 0.425114
finished training...
writing file...
sending signal at time.struct_time(tm_year=2023, tm_mon=6, tm_mday=19, tm_hour=20, tm_min=19, tm_sec=20, tm_wday=0, tm_yday=170, tm_isdst=0) or 1687205960.4290378 in seconds
Compute time is : 78.2403211593628
.
Sent 1 packets.
waiting for a signal back...
Recevied signal from omnet++, time to read...
Epoch 4 took 133.42167472839355s
Train Epoch: 5 [0/1935 (0%)]	Loss: 0.136713
Train Epoch: 5 [640/1935 (32%)]	Loss: 0.392012
Train Epoch: 5 [1280/1935 (65%)]	Loss: 0.362770
Train Epoch: 5 [450/1935 (97%)]	Loss: 0.039367
finished training...
writing file...
sending signal at time.struct_time(tm_year=2023, tm_mon=6, tm_mday=19, tm_hour=20, tm_min=21, tm_sec=35, tm_wday=0, tm_yday=170, tm_isdst=0) or 1687206095.2187417 in seconds
Compute time is : 79.60829591751099
.
Sent 1 packets.
waiting for a signal back...
Recevied signal from omnet++, time to read...
Epoch 5 took 133.473073720932s
Average epoch train time: 130.61069631576538
Convergence time from worker26: 653.0544590950012
Average training time: 70.85835137367249
Average time it takes worker to receive a new model from when he is done training his model: 59.36576008796692
Average amount of time it takes to load the new model received from the parameter server: 0.12687296867370607
Average time it takes to write trained model to text file: 0.17321791648864746
Final loss: 0.03936692699790001
for 5 epochs and 25 workers:
Loss: [0.06893771141767502, 0.7965083718299866, 0.41185262799263, 0.4251136779785156, 0.03936692699790001]
Train Times: [53.92895722389221, 70.24157977104187, 72.6028037071228, 78.08131241798401, 79.43710374832153]
Computation times of worker26: [54.103150606155396, 70.4046061038971, 72.80149602890015, 78.2403211593628, 79.60829591751099]
Times it took to receive new model each epoch: [65.90441060066223, 62.30915117263794, 60.00994920730591, 54.97136974334717, 53.63391971588135]
Program finished successfully!
