This is worker20
Starting training...
Train Epoch: 1 [0/1935 (0%)]	Loss: 2.304578
Train Epoch: 1 [640/1935 (32%)]	Loss: 0.740688
Train Epoch: 1 [1280/1935 (65%)]	Loss: 0.349447
Train Epoch: 1 [450/1935 (97%)]	Loss: 0.440331
finished training...
writing file...
sending signal at time.struct_time(tm_year=2023, tm_mon=6, tm_mday=19, tm_hour=20, tm_min=12, tm_sec=29, tm_wday=0, tm_yday=170, tm_isdst=0) or 1687205549.8395264 in seconds
Compute time is : 58.538134813308716
.
Sent 1 packets.
waiting for a signal back...
Recevied signal from omnet++, time to read...
Epoch 1 took 124.93062806129456s
Train Epoch: 2 [0/1935 (0%)]	Loss: 0.380753
Train Epoch: 2 [640/1935 (32%)]	Loss: 0.495172
Train Epoch: 2 [1280/1935 (65%)]	Loss: 0.268498
Train Epoch: 2 [450/1935 (97%)]	Loss: 0.070958
finished training...
writing file...
sending signal at time.struct_time(tm_year=2023, tm_mon=6, tm_mday=19, tm_hour=20, tm_min=14, tm_sec=46, tm_wday=0, tm_yday=170, tm_isdst=0) or 1687205686.4732616 in seconds
Compute time is : 70.2411961555481
.
Sent 1 packets.
waiting for a signal back...
Recevied signal from omnet++, time to read...
Epoch 2 took 132.92323899269104s
Train Epoch: 3 [0/1935 (0%)]	Loss: 0.136198
Train Epoch: 3 [640/1935 (32%)]	Loss: 0.198790
Train Epoch: 3 [1280/1935 (65%)]	Loss: 0.403504
Train Epoch: 3 [450/1935 (97%)]	Loss: 0.522576
finished training...
writing file...
sending signal at time.struct_time(tm_year=2023, tm_mon=6, tm_mday=19, tm_hour=20, tm_min=17, tm_sec=2, tm_wday=0, tm_yday=170, tm_isdst=0) or 1687205822.681761 in seconds
Compute time is : 73.52642774581909
.
Sent 1 packets.
waiting for a signal back...
Recevied signal from omnet++, time to read...
Epoch 3 took 133.0283374786377s
Train Epoch: 4 [0/1935 (0%)]	Loss: 0.272021
Train Epoch: 4 [640/1935 (32%)]	Loss: 0.135347
Train Epoch: 4 [1280/1935 (65%)]	Loss: 0.243440
Train Epoch: 4 [450/1935 (97%)]	Loss: 0.229016
finished training...
writing file...
sending signal at time.struct_time(tm_year=2023, tm_mon=6, tm_mday=19, tm_hour=20, tm_min=19, tm_sec=20, tm_wday=0, tm_yday=170, tm_isdst=0) or 1687205960.3131328 in seconds
Compute time is : 78.12940645217896
.
Sent 1 packets.
waiting for a signal back...
Recevied signal from omnet++, time to read...
Epoch 4 took 133.42005157470703s
Train Epoch: 5 [0/1935 (0%)]	Loss: 0.146276
Train Epoch: 5 [640/1935 (32%)]	Loss: 0.269648
Train Epoch: 5 [1280/1935 (65%)]	Loss: 0.259017
Train Epoch: 5 [450/1935 (97%)]	Loss: 0.055771
finished training...
writing file...
sending signal at time.struct_time(tm_year=2023, tm_mon=6, tm_mday=19, tm_hour=20, tm_min=21, tm_sec=37, tm_wday=0, tm_yday=170, tm_isdst=0) or 1687206097.5704286 in seconds
Compute time is : 81.9666018486023
.
Sent 1 packets.
waiting for a signal back...
Recevied signal from omnet++, time to read...
Epoch 5 took 133.47212076187134s
Average epoch train time: 131.55487537384033
Convergence time from worker20: 657.7749254703522
Average training time: 72.31745982170105
Average time it takes worker to receive a new model from when he is done training his model: 58.85395874977112
Average amount of time it takes to load the new model received from the parameter server: 0.12439002990722656
Average time it takes to write trained model to text file: 0.1628892421722412
Final loss: 0.055770713835954666
for 5 epochs and 19 workers:
Loss: [0.4403313994407654, 0.07095762342214584, 0.5225757360458374, 0.22901591658592224, 0.055770713835954666]
Train Times: [58.374796628952026, 70.07848906517029, 73.36103320121765, 77.97005844116211, 81.80292177200317]
Computation times of worker20: [58.538134813308716, 70.2411961555481, 73.52642774581909, 78.12940645217896, 81.9666018486023]
Times it took to receive new model each epoch: [66.18495035171509, 62.44840717315674, 59.285332679748535, 55.08613848686218, 51.26496505737305]
Program finished successfully!
