This is worker21
Starting training...
Train Epoch: 1 [0/1935 (0%)]	Loss: 2.307718
Train Epoch: 1 [640/1935 (32%)]	Loss: 0.782937
Train Epoch: 1 [1280/1935 (65%)]	Loss: 0.522656
Train Epoch: 1 [450/1935 (97%)]	Loss: 0.796629
finished training...
writing file...
sending signal at time.struct_time(tm_year=2023, tm_mon=6, tm_mday=19, tm_hour=20, tm_min=12, tm_sec=29, tm_wday=0, tm_yday=170, tm_isdst=0) or 1687205549.4709344 in seconds
Compute time is : 57.17955446243286
.
Sent 1 packets.
waiting for a signal back...
Recevied signal from omnet++, time to read...
Epoch 1 took 123.9394109249115s
Train Epoch: 2 [0/1935 (0%)]	Loss: 0.226030
Train Epoch: 2 [640/1935 (32%)]	Loss: 0.544747
Train Epoch: 2 [1280/1935 (65%)]	Loss: 0.625583
Train Epoch: 2 [450/1935 (97%)]	Loss: 0.279760
finished training...
writing file...
sending signal at time.struct_time(tm_year=2023, tm_mon=6, tm_mday=19, tm_hour=20, tm_min=14, tm_sec=44, tm_wday=0, tm_yday=170, tm_isdst=0) or 1687205684.2767427 in seconds
Compute time is : 68.04593205451965
.
Sent 1 packets.
waiting for a signal back...
Recevied signal from omnet++, time to read...
Epoch 2 took 132.9153699874878s
Train Epoch: 3 [0/1935 (0%)]	Loss: 0.066802
Train Epoch: 3 [640/1935 (32%)]	Loss: 0.247223
Train Epoch: 3 [1280/1935 (65%)]	Loss: 0.273263
Train Epoch: 3 [450/1935 (97%)]	Loss: 0.302641
finished training...
writing file...
sending signal at time.struct_time(tm_year=2023, tm_mon=6, tm_mday=19, tm_hour=20, tm_min=17, tm_sec=3, tm_wday=0, tm_yday=170, tm_isdst=0) or 1687205823.184471 in seconds
Compute time is : 74.0380449295044
.
Sent 1 packets.
waiting for a signal back...
Recevied signal from omnet++, time to read...
Epoch 3 took 133.04213905334473s
Train Epoch: 4 [0/1935 (0%)]	Loss: 0.160242
Train Epoch: 4 [640/1935 (32%)]	Loss: 0.335886
Train Epoch: 4 [1280/1935 (65%)]	Loss: 0.307894
Train Epoch: 4 [450/1935 (97%)]	Loss: 0.360653
finished training...
writing file...
sending signal at time.struct_time(tm_year=2023, tm_mon=6, tm_mday=19, tm_hour=20, tm_min=19, tm_sec=19, tm_wday=0, tm_yday=170, tm_isdst=0) or 1687205959.4622815 in seconds
Compute time is : 77.27366995811462
.
Sent 1 packets.
waiting for a signal back...
Recevied signal from omnet++, time to read...
Epoch 4 took 133.42080760002136s
Train Epoch: 5 [0/1935 (0%)]	Loss: 0.321956
Train Epoch: 5 [640/1935 (32%)]	Loss: 0.122411
Train Epoch: 5 [1280/1935 (65%)]	Loss: 0.266105
Train Epoch: 5 [450/1935 (97%)]	Loss: 0.414387
finished training...
writing file...
sending signal at time.struct_time(tm_year=2023, tm_mon=6, tm_mday=19, tm_hour=20, tm_min=21, tm_sec=38, tm_wday=0, tm_yday=170, tm_isdst=0) or 1687206098.209338 in seconds
Compute time is : 82.59985780715942
.
Sent 1 packets.
waiting for a signal back...
Recevied signal from omnet++, time to read...
Epoch 5 took 133.46725988388062s
Average epoch train time: 131.3569974899292
Convergence time from worker21: 656.7859082221985
Average training time: 71.66402711868287
Average time it takes worker to receive a new model from when he is done training his model: 59.304085159301756
Average amount of time it takes to load the new model received from the parameter server: 0.12434024810791015
Average time it takes to write trained model to text file: 0.16338009834289552
Final loss: 0.41438716650009155
for 5 epochs and 20 workers:
Loss: [0.7966288924217224, 0.2797600030899048, 0.3026411831378937, 0.36065274477005005, 0.41438716650009155]
Train Times: [57.019731283187866, 67.87910604476929, 73.87917923927307, 77.10069274902344, 82.44142627716064]
Computation times of worker21: [57.17955446243286, 68.04593205451965, 74.0380449295044, 77.27366995811462, 82.59985780715942]
Times it took to receive new model each epoch: [66.57100677490234, 64.64056539535522, 58.789403200149536, 55.89833211898804, 50.62111830711365]
Program finished successfully!
