This is worker10
.
Sent 1 packets.
Starting training...
Train Epoch: 1 [0/1935 (0%)]	Loss: 2.293532
Train Epoch: 1 [640/1935 (32%)]	Loss: 0.565340
Train Epoch: 1 [1280/1935 (65%)]	Loss: 0.406666
Train Epoch: 1 [450/1935 (97%)]	Loss: 1.020575
finished training...
writing file...
sending signal at time.struct_time(tm_year=2023, tm_mon=6, tm_mday=19, tm_hour=20, tm_min=12, tm_sec=44, tm_wday=0, tm_yday=170, tm_isdst=0) or 1687205564.690018 in seconds
Compute time is : 79.30798768997192
.
Sent 1 packets.
waiting for a signal back...
Recevied signal from omnet++, time to read...
Epoch 1 took 130.84004712104797s
Train Epoch: 2 [0/1935 (0%)]	Loss: 0.294352
Train Epoch: 2 [640/1935 (32%)]	Loss: 0.538753
Train Epoch: 2 [1280/1935 (65%)]	Loss: 0.305153
Train Epoch: 2 [450/1935 (97%)]	Loss: 0.054423
finished training...
writing file...
sending signal at time.struct_time(tm_year=2023, tm_mon=6, tm_mday=19, tm_hour=20, tm_min=15, tm_sec=0, tm_wday=0, tm_yday=170, tm_isdst=0) or 1687205700.3362951 in seconds
Compute time is : 84.11415696144104
.
Sent 1 packets.
waiting for a signal back...
Recevied signal from omnet++, time to read...
Epoch 2 took 132.88951563835144s
Train Epoch: 3 [0/1935 (0%)]	Loss: 0.185481
Train Epoch: 3 [640/1935 (32%)]	Loss: 0.470679
Train Epoch: 3 [1280/1935 (65%)]	Loss: 0.169875
Train Epoch: 3 [450/1935 (97%)]	Loss: 0.434694
finished training...
writing file...
sending signal at time.struct_time(tm_year=2023, tm_mon=6, tm_mday=19, tm_hour=20, tm_min=17, tm_sec=12, tm_wday=0, tm_yday=170, tm_isdst=0) or 1687205832.754865 in seconds
Compute time is : 83.64311981201172
.
Sent 1 packets.
waiting for a signal back...
Recevied signal from omnet++, time to read...
Epoch 3 took 133.00524353981018s
Train Epoch: 4 [0/1935 (0%)]	Loss: 0.147561
Train Epoch: 4 [640/1935 (32%)]	Loss: 0.119956
Train Epoch: 4 [1280/1935 (65%)]	Loss: 0.385474
Train Epoch: 4 [450/1935 (97%)]	Loss: 0.392679
finished training...
writing file...
sending signal at time.struct_time(tm_year=2023, tm_mon=6, tm_mday=19, tm_hour=20, tm_min=19, tm_sec=26, tm_wday=0, tm_yday=170, tm_isdst=0) or 1687205966.670645 in seconds
Compute time is : 84.55362629890442
.
Sent 1 packets.
waiting for a signal back...
Recevied signal from omnet++, time to read...
Epoch 4 took 133.4711000919342s
Train Epoch: 5 [0/1935 (0%)]	Loss: 0.305598
Train Epoch: 5 [640/1935 (32%)]	Loss: 0.148723
Train Epoch: 5 [1280/1935 (65%)]	Loss: 0.155520
Train Epoch: 5 [450/1935 (97%)]	Loss: 0.032381
finished training...
writing file...
sending signal at time.struct_time(tm_year=2023, tm_mon=6, tm_mday=19, tm_hour=20, tm_min=21, tm_sec=40, tm_wday=0, tm_yday=170, tm_isdst=0) or 1687206100.2835305 in seconds
Compute time is : 84.69527053833008
.
Sent 1 packets.
waiting for a signal back...
Recevied signal from omnet++, time to read...
Epoch 5 took 133.4170401096344s
Average epoch train time: 132.72458930015563
Convergence time from worker10: 663.6239705085754
Average training time: 83.13653774261475
Average time it takes worker to receive a new model from when he is done training his model: 49.30835227966308
Average amount of time it takes to load the new model received from the parameter server: 0.08449845314025879
Average time it takes to write trained model to text file: 0.12629013061523436
Final loss: 0.032381489872932434
for 5 epochs and 9 workers:
Loss: [1.0205750465393066, 0.05442320927977562, 0.43469443917274475, 0.39267852902412415, 0.032381489872932434]
Train Times: [79.14336085319519, 84.0306487083435, 83.4942626953125, 84.39738988876343, 84.6170265674591]
Computation times of worker10: [79.30798768997192, 84.11415696144104, 83.64311981201172, 84.55362629890442, 84.69527053833008]
Times it took to receive new model each epoch: [51.32010102272034, 48.657084226608276, 49.205504179000854, 48.74786162376404, 48.611210346221924]
Program finished successfully!
