This is worker27
Starting training...
Train Epoch: 1 [0/1935 (0%)]	Loss: 2.291584
Train Epoch: 1 [640/1935 (32%)]	Loss: 0.708290
Train Epoch: 1 [1280/1935 (65%)]	Loss: 0.507213
Train Epoch: 1 [450/1935 (97%)]	Loss: 0.733699
finished training...
writing file...
sending signal at time.struct_time(tm_year=2023, tm_mon=6, tm_mday=19, tm_hour=20, tm_min=12, tm_sec=47, tm_wday=0, tm_yday=170, tm_isdst=0) or 1687205567.3283093 in seconds
Compute time is : 70.53976583480835
.
Sent 1 packets.
waiting for a signal back...
Recevied signal from omnet++, time to read...
Epoch 1 took 119.42464065551758s
Train Epoch: 2 [0/1935 (0%)]	Loss: 0.245241
Train Epoch: 2 [640/1935 (32%)]	Loss: 0.172936
Train Epoch: 2 [1280/1935 (65%)]	Loss: 0.419506
Train Epoch: 2 [450/1935 (97%)]	Loss: 0.733218
finished training...
writing file...
sending signal at time.struct_time(tm_year=2023, tm_mon=6, tm_mday=19, tm_hour=20, tm_min=15, tm_sec=0, tm_wday=0, tm_yday=170, tm_isdst=0) or 1687205700.313037 in seconds
Compute time is : 84.09985947608948
.
Sent 1 packets.
waiting for a signal back...
Recevied signal from omnet++, time to read...
Epoch 2 took 132.93482279777527s
Train Epoch: 3 [0/1935 (0%)]	Loss: 0.170927
Train Epoch: 3 [640/1935 (32%)]	Loss: 0.170911
Train Epoch: 3 [1280/1935 (65%)]	Loss: 0.231537
Train Epoch: 3 [450/1935 (97%)]	Loss: 0.072315
finished training...
writing file...
sending signal at time.struct_time(tm_year=2023, tm_mon=6, tm_mday=19, tm_hour=20, tm_min=17, tm_sec=13, tm_wday=0, tm_yday=170, tm_isdst=0) or 1687205833.2771738 in seconds
Compute time is : 84.12910532951355
.
Sent 1 packets.
waiting for a signal back...
Recevied signal from omnet++, time to read...
Epoch 3 took 133.01089024543762s
Train Epoch: 4 [0/1935 (0%)]	Loss: 0.200289
Train Epoch: 4 [640/1935 (32%)]	Loss: 0.322958
Train Epoch: 4 [1280/1935 (65%)]	Loss: 0.201367
Train Epoch: 4 [450/1935 (97%)]	Loss: 0.059848
finished training...
writing file...
sending signal at time.struct_time(tm_year=2023, tm_mon=6, tm_mday=19, tm_hour=20, tm_min=19, tm_sec=23, tm_wday=0, tm_yday=170, tm_isdst=0) or 1687205963.3227372 in seconds
Compute time is : 81.16372537612915
.
Sent 1 packets.
waiting for a signal back...
Recevied signal from omnet++, time to read...
Epoch 4 took 133.44629335403442s
Train Epoch: 5 [0/1935 (0%)]	Loss: 0.319193
Train Epoch: 5 [640/1935 (32%)]	Loss: 0.277995
Train Epoch: 5 [1280/1935 (65%)]	Loss: 0.105554
Train Epoch: 5 [450/1935 (97%)]	Loss: 0.202952
finished training...
writing file...
sending signal at time.struct_time(tm_year=2023, tm_mon=6, tm_mday=19, tm_hour=20, tm_min=21, tm_sec=40, tm_wday=0, tm_yday=170, tm_isdst=0) or 1687206100.1948116 in seconds
Compute time is : 84.58944129943848
.
Sent 1 packets.
waiting for a signal back...
Recevied signal from omnet++, time to read...
Epoch 5 took 133.45054292678833s
Average epoch train time: 130.45343799591063
Convergence time from worker27: 652.2723126411438
Average training time: 80.76875667572021
Average time it takes worker to receive a new model from when he is done training his model: 49.36915063858032
Average amount of time it takes to load the new model received from the parameter server: 0.10967950820922852
Average time it takes to write trained model to text file: 0.13561773300170898
Final loss: 0.20295195281505585
for 5 epochs and 26 workers:
Loss: [0.7336986064910889, 0.7332176566123962, 0.07231548428535461, 0.05984793230891228, 0.20295195281505585]
Train Times: [70.4027509689331, 84.0085380077362, 83.98039412498474, 81.00793981552124, 84.44416046142578]
Computation times of worker27: [70.53976583480835, 84.09985947608948, 84.12910532951355, 81.16372537612915, 84.58944129943848]
Times it took to receive new model each epoch: [48.74074411392212, 48.64918756484985, 48.70603656768799, 52.07171297073364, 48.67807197570801]
Program finished successfully!
