This is worker1
.
Sent 1 packets.
Starting training...
Train Epoch: 1 [0/7500 (0%)]	Loss: 2.291681
Train Epoch: 1 [640/7500 (8%)]	Loss: 0.594471
Train Epoch: 1 [1280/7500 (17%)]	Loss: 0.347543
Train Epoch: 1 [1920/7500 (25%)]	Loss: 0.393652
Train Epoch: 1 [2560/7500 (34%)]	Loss: 0.329940
Train Epoch: 1 [3200/7500 (42%)]	Loss: 0.298233
Train Epoch: 1 [3840/7500 (51%)]	Loss: 0.512456
Train Epoch: 1 [4480/7500 (59%)]	Loss: 0.397325
Train Epoch: 1 [5120/7500 (68%)]	Loss: 0.203709
Train Epoch: 1 [5760/7500 (76%)]	Loss: 0.157366
Train Epoch: 1 [6400/7500 (85%)]	Loss: 0.316068
Train Epoch: 1 [7040/7500 (93%)]	Loss: 0.185515
finished training...
writing file...
sending signal at time.struct_time(tm_year=2023, tm_mon=6, tm_mday=14, tm_hour=19, tm_min=54, tm_sec=45, tm_wday=2, tm_yday=165, tm_isdst=0) or 1686772485.351641 in seconds
Compute time is : 122.89115571975708
.
Sent 1 packets.
waiting for a signal back...
Recevied signal from omnet++, time to read...
Epoch 1 took 309.7000939846039s
Train Epoch: 2 [0/7500 (0%)]	Loss: 0.561804
Train Epoch: 2 [640/7500 (8%)]	Loss: 0.191890
Train Epoch: 2 [1280/7500 (17%)]	Loss: 0.208348
Train Epoch: 2 [1920/7500 (25%)]	Loss: 0.154087
Train Epoch: 2 [2560/7500 (34%)]	Loss: 0.117762
Train Epoch: 2 [3200/7500 (42%)]	Loss: 0.394272
Train Epoch: 2 [3840/7500 (51%)]	Loss: 0.098586
Train Epoch: 2 [4480/7500 (59%)]	Loss: 0.238191
Train Epoch: 2 [5120/7500 (68%)]	Loss: 0.132866
Train Epoch: 2 [5760/7500 (76%)]	Loss: 0.312143
Train Epoch: 2 [6400/7500 (85%)]	Loss: 0.295698
Train Epoch: 2 [7040/7500 (93%)]	Loss: 0.090887
finished training...
writing file...
sending signal at time.struct_time(tm_year=2023, tm_mon=6, tm_mday=14, tm_hour=19, tm_min=59, tm_sec=55, tm_wday=2, tm_yday=165, tm_isdst=0) or 1686772795.084941 in seconds
Compute time is : 122.92427206039429
.
Sent 1 packets.
waiting for a signal back...
Recevied signal from omnet++, time to read...
Epoch 2 took 307.73513674736023s
Train Epoch: 3 [0/7500 (0%)]	Loss: 0.123208
Train Epoch: 3 [640/7500 (8%)]	Loss: 0.112902
Train Epoch: 3 [1280/7500 (17%)]	Loss: 0.183656
Train Epoch: 3 [1920/7500 (25%)]	Loss: 0.214312
Train Epoch: 3 [2560/7500 (34%)]	Loss: 0.226009
Train Epoch: 3 [3200/7500 (42%)]	Loss: 0.224317
Train Epoch: 3 [3840/7500 (51%)]	Loss: 0.112382
Train Epoch: 3 [4480/7500 (59%)]	Loss: 0.397497
Train Epoch: 3 [5120/7500 (68%)]	Loss: 0.087290
Train Epoch: 3 [5760/7500 (76%)]	Loss: 0.062579
Train Epoch: 3 [6400/7500 (85%)]	Loss: 0.164128
Train Epoch: 3 [7040/7500 (93%)]	Loss: 0.065707
finished training...
writing file...
sending signal at time.struct_time(tm_year=2023, tm_mon=6, tm_mday=14, tm_hour=20, tm_min=5, tm_sec=2, tm_wday=2, tm_yday=165, tm_isdst=0) or 1686773102.624759 in seconds
Compute time is : 122.72059416770935
.
Sent 1 packets.
waiting for a signal back...
Recevied signal from omnet++, time to read...
Epoch 3 took 307.69831347465515s
Train Epoch: 4 [0/7500 (0%)]	Loss: 0.111273
Train Epoch: 4 [640/7500 (8%)]	Loss: 0.142748
Train Epoch: 4 [1280/7500 (17%)]	Loss: 0.262564
Train Epoch: 4 [1920/7500 (25%)]	Loss: 0.124572
Train Epoch: 4 [2560/7500 (34%)]	Loss: 0.092515
Train Epoch: 4 [3200/7500 (42%)]	Loss: 0.289095
Train Epoch: 4 [3840/7500 (51%)]	Loss: 0.042258
Train Epoch: 4 [4480/7500 (59%)]	Loss: 0.170778
Train Epoch: 4 [5120/7500 (68%)]	Loss: 0.042148
Train Epoch: 4 [5760/7500 (76%)]	Loss: 0.138488
Train Epoch: 4 [6400/7500 (85%)]	Loss: 0.101461
Train Epoch: 4 [7040/7500 (93%)]	Loss: 0.155556
finished training...
writing file...
sending signal at time.struct_time(tm_year=2023, tm_mon=6, tm_mday=14, tm_hour=20, tm_min=10, tm_sec=9, tm_wday=2, tm_yday=165, tm_isdst=0) or 1686773409.807441 in seconds
Compute time is : 122.20486259460449
.
Sent 1 packets.
waiting for a signal back...
Recevied signal from omnet++, time to read...
Epoch 4 took 306.84865045547485s
Train Epoch: 5 [0/7500 (0%)]	Loss: 0.054462
Train Epoch: 5 [640/7500 (8%)]	Loss: 0.104286
Train Epoch: 5 [1280/7500 (17%)]	Loss: 0.140727
Train Epoch: 5 [1920/7500 (25%)]	Loss: 0.078789
Train Epoch: 5 [2560/7500 (34%)]	Loss: 0.203257
Train Epoch: 5 [3200/7500 (42%)]	Loss: 0.170198
Train Epoch: 5 [3840/7500 (51%)]	Loss: 0.176373
Train Epoch: 5 [4480/7500 (59%)]	Loss: 0.038057
Train Epoch: 5 [5120/7500 (68%)]	Loss: 0.252204
Train Epoch: 5 [5760/7500 (76%)]	Loss: 0.148127
Train Epoch: 5 [6400/7500 (85%)]	Loss: 0.239624
Train Epoch: 5 [7040/7500 (93%)]	Loss: 0.080277
finished training...
writing file...
sending signal at time.struct_time(tm_year=2023, tm_mon=6, tm_mday=14, tm_hour=20, tm_min=15, tm_sec=17, tm_wday=2, tm_yday=165, tm_isdst=0) or 1686773717.4902482 in seconds
Compute time is : 123.0389039516449
.
Sent 1 packets.
waiting for a signal back...
Recevied signal from omnet++, time to read...
Epoch 5 took 308.8161587715149s
Average epoch train time: 308.1596706867218
Convergence time from worker1: 1540.8073871135712
Average training time: 122.58612246513367
Average time it takes worker to receive a new model from when he is done training his model: 185.2828426361084
Average amount of time it takes to load the new model received from the parameter server: 0.05867524147033691
Average time it takes to write trained model to text file: 0.16983160972595215
Final loss: 0.04343492165207863
for 5 epochs and 0 workers:
Loss: [0.40613412857055664, 0.2967997193336487, 0.07573161274194717, 0.0047889528796076775, 0.04343492165207863]
Train Times: [122.66218161582947, 122.78313398361206, 122.54569268226624, 122.08000469207764, 122.85959935188293]
Computation times of worker1: [122.89115571975708, 122.92427206039429, 122.72059416770935, 122.20486259460449, 123.0389039516449]
Times it took to receive new model each epoch: [186.6934735774994, 184.66845059394836, 184.869069814682, 184.5077645778656, 185.67545461654663]
Program finished successfully!
