This is a parameter server!
.
Sent 1 packets.
wating for a signal...
reading files...
files to read from:
./logs/root_switch/dict.txt

aggregating received dicts...
writing file...
Server is sending signal for epoch 0 at time.struct_time(tm_year=2023, tm_mon=6, tm_mday=19, tm_hour=19, tm_min=8, tm_sec=15, tm_wday=0, tm_yday=170, tm_isdst=0) or 1687201695.3147197 in seconds
.
Sent 1 packets.

Test set: Accuracy: 9049/10000 (90%)

Finished Epoch Number 1
Average time to compute new model: 0.0046672821044921875s
Average time it takes the server to read all the new files: 0.0640115737915039
Avergae time to test: 3.63828182220459s
wating for a signal...
reading files...
files to read from:
./logs/root_switch/dict.txt

aggregating received dicts...
writing file...
Server is sending signal for epoch 1 at time.struct_time(tm_year=2023, tm_mon=6, tm_mday=19, tm_hour=19, tm_min=10, tm_sec=38, tm_wday=0, tm_yday=170, tm_isdst=0) or 1687201838.2122009 in seconds
.
Sent 1 packets.

Test set: Accuracy: 9358/10000 (94%)

Finished Epoch Number 2
Average time to compute new model: 0.00450742244720459s
Average time it takes the server to read all the new files: 0.06269454956054688
Avergae time to test: 3.2103484869003296s
wating for a signal...
reading files...
files to read from:
./logs/root_switch/dict.txt

aggregating received dicts...
writing file...
Server is sending signal for epoch 2 at time.struct_time(tm_year=2023, tm_mon=6, tm_mday=19, tm_hour=19, tm_min=13, tm_sec=1, tm_wday=0, tm_yday=170, tm_isdst=0) or 1687201981.1560342 in seconds
.
Sent 1 packets.

Test set: Accuracy: 9495/10000 (95%)

Finished Epoch Number 3
Average time to compute new model: 0.004497528076171875s
Average time it takes the server to read all the new files: 0.062141100565592446
Avergae time to test: 3.0669643878936768s
wating for a signal...
reading files...
files to read from:
./logs/root_switch/dict.txt

aggregating received dicts...
writing file...
Server is sending signal for epoch 3 at time.struct_time(tm_year=2023, tm_mon=6, tm_mday=19, tm_hour=19, tm_min=15, tm_sec=24, tm_wday=0, tm_yday=170, tm_isdst=0) or 1687202124.2636945 in seconds
.
Sent 1 packets.

Test set: Accuracy: 9586/10000 (96%)

Finished Epoch Number 4
Average time to compute new model: 0.004489302635192871s
Average time it takes the server to read all the new files: 0.061948180198669434
Avergae time to test: 3.013529121875763s
wating for a signal...
reading files...
files to read from:
./logs/root_switch/dict.txt

aggregating received dicts...
writing file...
Server is sending signal for epoch 4 at time.struct_time(tm_year=2023, tm_mon=6, tm_mday=19, tm_hour=19, tm_min=17, tm_sec=47, tm_wday=0, tm_yday=170, tm_isdst=0) or 1687202267.1756935 in seconds
.
Sent 1 packets.

Test set: Accuracy: 9647/10000 (96%)

Finished Epoch Number 5
Average time to compute new model: 0.004423666000366211s
Average time it takes the server to read all the new files: 0.06174945831298828
Avergae time to test: 2.9678251266479494s
Accuracies: [90.48999786376953, 93.58000183105469, 94.94999694824219, 95.86000061035156, 96.47000122070312]
Test losses: [tensor(0.3252), tensor(0.2196), tensor(0.1674), tensor(0.1490), tensor(0.1293)]
Simulation is done!
