This is worker20
Starting training...
Train Epoch: 1 [0/1935 (0%)]	Loss: 2.304578
Train Epoch: 1 [640/1935 (32%)]	Loss: 0.740688
Train Epoch: 1 [1280/1935 (65%)]	Loss: 0.349447
Train Epoch: 1 [450/1935 (97%)]	Loss: 0.440331
finished training...
writing file...
sending signal at time.struct_time(tm_year=2023, tm_mon=6, tm_mday=19, tm_hour=19, tm_min=7, tm_sec=1, tm_wday=0, tm_yday=170, tm_isdst=0) or 1687201621.3139765 in seconds
Compute time is : 44.87012267112732
.
Sent 1 packets.
waiting for a signal back...
Recevied signal from omnet++, time to read...
Epoch 1 took 133.6321485042572s
Train Epoch: 2 [0/1935 (0%)]	Loss: 0.380753
Train Epoch: 2 [640/1935 (32%)]	Loss: 0.495172
Train Epoch: 2 [1280/1935 (65%)]	Loss: 0.268498
Train Epoch: 2 [450/1935 (97%)]	Loss: 0.070958
finished training...
writing file...
sending signal at time.struct_time(tm_year=2023, tm_mon=6, tm_mday=19, tm_hour=19, tm_min=9, tm_sec=48, tm_wday=0, tm_yday=170, tm_isdst=0) or 1687201788.0678844 in seconds
Compute time is : 77.99190878868103
.
Sent 1 packets.
waiting for a signal back...
Recevied signal from omnet++, time to read...
Epoch 2 took 142.89759516716003s
Train Epoch: 3 [0/1935 (0%)]	Loss: 0.136198
Train Epoch: 3 [640/1935 (32%)]	Loss: 0.198790
Train Epoch: 3 [1280/1935 (65%)]	Loss: 0.403504
Train Epoch: 3 [450/1935 (97%)]	Loss: 0.522576
finished training...
writing file...
sending signal at time.struct_time(tm_year=2023, tm_mon=6, tm_mday=19, tm_hour=19, tm_min=12, tm_sec=15, tm_wday=0, tm_yday=170, tm_isdst=0) or 1687201935.9580681 in seconds
Compute time is : 82.98441553115845
.
Sent 1 packets.
waiting for a signal back...
Recevied signal from omnet++, time to read...
Epoch 3 took 142.93656873703003s
Train Epoch: 4 [0/1935 (0%)]	Loss: 0.272021
Train Epoch: 4 [640/1935 (32%)]	Loss: 0.135347
Train Epoch: 4 [1280/1935 (65%)]	Loss: 0.243440
Train Epoch: 4 [450/1935 (97%)]	Loss: 0.229016
finished training...
writing file...
sending signal at time.struct_time(tm_year=2023, tm_mon=6, tm_mday=19, tm_hour=19, tm_min=14, tm_sec=39, tm_wday=0, tm_yday=170, tm_isdst=0) or 1687202079.1030855 in seconds
Compute time is : 83.1928060054779
.
Sent 1 packets.
waiting for a signal back...
Recevied signal from omnet++, time to read...
Epoch 4 took 143.0945611000061s
Train Epoch: 5 [0/1935 (0%)]	Loss: 0.146276
Train Epoch: 5 [640/1935 (32%)]	Loss: 0.269648
Train Epoch: 5 [1280/1935 (65%)]	Loss: 0.259017
Train Epoch: 5 [450/1935 (97%)]	Loss: 0.055771
finished training...
writing file...
sending signal at time.struct_time(tm_year=2023, tm_mon=6, tm_mday=19, tm_hour=19, tm_min=17, tm_sec=0, tm_wday=0, tm_yday=170, tm_isdst=0) or 1687202220.617695 in seconds
Compute time is : 81.612797498703
.
Sent 1 packets.
waiting for a signal back...
Recevied signal from omnet++, time to read...
Epoch 5 took 142.86566591262817s
Average epoch train time: 141.08530788421632
Convergence time from worker20: 705.4272215366364
Average training time: 73.96662702560425
Average time it takes worker to receive a new model from when he is done training his model: 66.75168557167054
Average amount of time it takes to load the new model received from the parameter server: 0.11604161262512207
Average time it takes to write trained model to text file: 0.16377754211425782
Final loss: 0.05577081814408302
for 5 epochs and 19 workers:
Loss: [0.4403313994407654, 0.07095769047737122, 0.5225756168365479, 0.22901558876037598, 0.05577081814408302]
Train Times: [44.70299410820007, 77.83278131484985, 82.82485389709473, 83.03199887275696, 81.44050693511963]
Computation times of worker20: [44.87012267112732, 77.99190878868103, 82.98441553115845, 83.1928060054779, 81.612797498703]
Times it took to receive new model each epoch: [88.54968118667603, 64.70776891708374, 59.72986197471619, 59.66894316673279, 61.10217261314392]
Program finished successfully!
