This is worker14
Starting training...
Train Epoch: 1 [0/1935 (0%)]	Loss: 2.302478
Train Epoch: 1 [640/1935 (32%)]	Loss: 0.594129
Train Epoch: 1 [1280/1935 (65%)]	Loss: 0.510388
Train Epoch: 1 [450/1935 (97%)]	Loss: 0.430182
finished training...
writing file...
sending signal at time.struct_time(tm_year=2023, tm_mon=6, tm_mday=19, tm_hour=19, tm_min=7, tm_sec=30, tm_wday=0, tm_yday=170, tm_isdst=0) or 1687201650.6257234 in seconds
Compute time is : 77.73570966720581
.
Sent 1 packets.
waiting for a signal back...
Recevied signal from omnet++, time to read...
Epoch 1 took 137.14880442619324s
Train Epoch: 2 [0/1935 (0%)]	Loss: 0.523954
Train Epoch: 2 [640/1935 (32%)]	Loss: 0.284180
Train Epoch: 2 [1280/1935 (65%)]	Loss: 0.475375
Train Epoch: 2 [450/1935 (97%)]	Loss: 0.486357
finished training...
writing file...
sending signal at time.struct_time(tm_year=2023, tm_mon=6, tm_mday=19, tm_hour=19, tm_min=9, tm_sec=50, tm_wday=0, tm_yday=170, tm_isdst=0) or 1687201790.6048942 in seconds
Compute time is : 80.56593203544617
.
Sent 1 packets.
waiting for a signal back...
Recevied signal from omnet++, time to read...
Epoch 2 took 142.91864705085754s
Train Epoch: 3 [0/1935 (0%)]	Loss: 0.257060
Train Epoch: 3 [640/1935 (32%)]	Loss: 0.394675
Train Epoch: 3 [1280/1935 (65%)]	Loss: 0.188870
Train Epoch: 3 [450/1935 (97%)]	Loss: 0.190420
finished training...
writing file...
sending signal at time.struct_time(tm_year=2023, tm_mon=6, tm_mday=19, tm_hour=19, tm_min=12, tm_sec=15, tm_wday=0, tm_yday=170, tm_isdst=0) or 1687201935.519936 in seconds
Compute time is : 82.56232142448425
.
Sent 1 packets.
waiting for a signal back...
Recevied signal from omnet++, time to read...
Epoch 3 took 142.95105600357056s
Train Epoch: 4 [0/1935 (0%)]	Loss: 0.123125
Train Epoch: 4 [640/1935 (32%)]	Loss: 0.234728
Train Epoch: 4 [1280/1935 (65%)]	Loss: 0.381015
Train Epoch: 4 [450/1935 (97%)]	Loss: 0.281047
finished training...
writing file...
sending signal at time.struct_time(tm_year=2023, tm_mon=6, tm_mday=19, tm_hour=19, tm_min=14, tm_sec=38, tm_wday=0, tm_yday=170, tm_isdst=0) or 1687202078.365029 in seconds
Compute time is : 82.45632433891296
.
Sent 1 packets.
waiting for a signal back...
Recevied signal from omnet++, time to read...
Epoch 4 took 143.09598398208618s
Train Epoch: 5 [0/1935 (0%)]	Loss: 0.096757
Train Epoch: 5 [640/1935 (32%)]	Loss: 0.335079
Train Epoch: 5 [1280/1935 (65%)]	Loss: 0.433973
Train Epoch: 5 [450/1935 (97%)]	Loss: 0.060473
finished training...
writing file...
sending signal at time.struct_time(tm_year=2023, tm_mon=6, tm_mday=19, tm_hour=19, tm_min=16, tm_sec=59, tm_wday=0, tm_yday=170, tm_isdst=0) or 1687202219.9985616 in seconds
Compute time is : 80.99382328987122
.
Sent 1 packets.
waiting for a signal back...
Recevied signal from omnet++, time to read...
Epoch 5 took 142.93408036231995s
Average epoch train time: 141.8097143650055
Convergence time from worker14: 709.0491435527802
Average training time: 80.68261184692383
Average time it takes worker to receive a new model from when he is done training his model: 60.72743148803711
Average amount of time it takes to load the new model received from the parameter server: 0.11953959465026856
Average time it takes to write trained model to text file: 0.18020524978637695
Final loss: 0.06047280132770538
for 5 epochs and 13 workers:
Loss: [0.43018195033073425, 0.48635709285736084, 0.19042041897773743, 0.28104734420776367, 0.06047280132770538]
Train Times: [77.5763931274414, 80.40630650520325, 82.3544249534607, 82.2881076335907, 80.7878270149231]
Computation times of worker14: [77.73570966720581, 80.56593203544617, 82.56232142448425, 82.45632433891296, 80.99382328987122]
Times it took to receive new model each epoch: [59.21471428871155, 62.13622426986694, 60.18482184410095, 60.39204287528992, 61.70935416221619]
Program finished successfully!
