This is worker15
Starting training...
Train Epoch: 1 [0/1935 (0%)]	Loss: 2.308599
Train Epoch: 1 [640/1935 (32%)]	Loss: 0.468634
Train Epoch: 1 [1280/1935 (65%)]	Loss: 0.647945
Train Epoch: 1 [450/1935 (97%)]	Loss: 0.457084
finished training...
writing file...
sending signal at time.struct_time(tm_year=2023, tm_mon=6, tm_mday=19, tm_hour=19, tm_min=7, tm_sec=30, tm_wday=0, tm_yday=170, tm_isdst=0) or 1687201650.5745103 in seconds
Compute time is : 76.9979989528656
.
Sent 1 packets.
waiting for a signal back...
Recevied signal from omnet++, time to read...
Epoch 1 took 136.47048783302307s
Train Epoch: 2 [0/1935 (0%)]	Loss: 0.257552
Train Epoch: 2 [640/1935 (32%)]	Loss: 0.470268
Train Epoch: 2 [1280/1935 (65%)]	Loss: 0.373546
Train Epoch: 2 [450/1935 (97%)]	Loss: 0.392028
finished training...
writing file...
sending signal at time.struct_time(tm_year=2023, tm_mon=6, tm_mday=19, tm_hour=19, tm_min=9, tm_sec=54, tm_wday=0, tm_yday=170, tm_isdst=0) or 1687201794.5184164 in seconds
Compute time is : 84.47118163108826
.
Sent 1 packets.
waiting for a signal back...
Recevied signal from omnet++, time to read...
Epoch 2 took 142.90546536445618s
Train Epoch: 3 [0/1935 (0%)]	Loss: 0.148119
Train Epoch: 3 [640/1935 (32%)]	Loss: 0.352245
Train Epoch: 3 [1280/1935 (65%)]	Loss: 0.380212
Train Epoch: 3 [450/1935 (97%)]	Loss: 0.152886
finished training...
writing file...
sending signal at time.struct_time(tm_year=2023, tm_mon=6, tm_mday=19, tm_hour=19, tm_min=12, tm_sec=17, tm_wday=0, tm_yday=170, tm_isdst=0) or 1687201937.5538695 in seconds
Compute time is : 84.60114312171936
.
Sent 1 packets.
waiting for a signal back...
Recevied signal from omnet++, time to read...
Epoch 3 took 142.88631057739258s
Train Epoch: 4 [0/1935 (0%)]	Loss: 0.266834
Train Epoch: 4 [640/1935 (32%)]	Loss: 0.276868
Train Epoch: 4 [1280/1935 (65%)]	Loss: 0.110367
Train Epoch: 4 [450/1935 (97%)]	Loss: 0.544469
finished training...
writing file...
sending signal at time.struct_time(tm_year=2023, tm_mon=6, tm_mday=19, tm_hour=19, tm_min=14, tm_sec=40, tm_wday=0, tm_yday=170, tm_isdst=0) or 1687202080.0962365 in seconds
Compute time is : 84.2571234703064
.
Sent 1 packets.
waiting for a signal back...
Recevied signal from omnet++, time to read...
Epoch 4 took 143.09856629371643s
Train Epoch: 5 [0/1935 (0%)]	Loss: 0.146460
Train Epoch: 5 [640/1935 (32%)]	Loss: 0.285959
Train Epoch: 5 [1280/1935 (65%)]	Loss: 0.260027
Train Epoch: 5 [450/1935 (97%)]	Loss: 0.064606
finished training...
writing file...
sending signal at time.struct_time(tm_year=2023, tm_mon=6, tm_mday=19, tm_hour=19, tm_min=17, tm_sec=3, tm_wday=0, tm_yday=170, tm_isdst=0) or 1687202223.4511147 in seconds
Compute time is : 84.5133445262909
.
Sent 1 packets.
waiting for a signal back...
Recevied signal from omnet++, time to read...
Epoch 5 took 142.9658443927765s
Average epoch train time: 141.66533489227294
Convergence time from worker15: 708.3277378082275
Average training time: 82.82697186470031
Average time it takes worker to receive a new model from when he is done training his model: 58.539614248275754
Average amount of time it takes to load the new model received from the parameter server: 0.08574590682983399
Average time it takes to write trained model to text file: 0.14118151664733886
Final loss: 0.06460646539926529
for 5 epochs and 14 workers:
Loss: [0.457083523273468, 0.39202845096588135, 0.15288619697093964, 0.5444692373275757, 0.06460646539926529]
Train Times: [76.84337544441223, 84.32563281059265, 84.51904129981995, 84.09386587142944, 84.35294389724731]
Computation times of worker15: [76.9979989528656, 84.47118163108826, 84.60114312171936, 84.2571234703064, 84.5133445262909]
Times it took to receive new model each epoch: [59.28142857551575, 58.23211145401001, 58.19088792800903, 58.700157165527344, 58.29348611831665]
Program finished successfully!
