This is worker2
Starting training...
Train Epoch: 1 [0/1935 (0%)]	Loss: 2.295502
Train Epoch: 1 [640/1935 (32%)]	Loss: 0.750613
Train Epoch: 1 [1280/1935 (65%)]	Loss: 0.344668
Train Epoch: 1 [450/1935 (97%)]	Loss: 0.810793
finished training...
writing file...
sending signal at time.struct_time(tm_year=2023, tm_mon=6, tm_mday=19, tm_hour=19, tm_min=7, tm_sec=15, tm_wday=0, tm_yday=170, tm_isdst=0) or 1687201635.793302 in seconds
Compute time is : 69.43662738800049
.
Sent 1 packets.
waiting for a signal back...
Recevied signal from omnet++, time to read...
Epoch 1 took 143.69279861450195s
Train Epoch: 2 [0/1935 (0%)]	Loss: 0.157486
Train Epoch: 2 [640/1935 (32%)]	Loss: 0.517982
Train Epoch: 2 [1280/1935 (65%)]	Loss: 0.319840
Train Epoch: 2 [450/1935 (97%)]	Loss: 0.552778
finished training...
writing file...
sending signal at time.struct_time(tm_year=2023, tm_mon=6, tm_mday=19, tm_hour=19, tm_min=9, tm_sec=51, tm_wday=0, tm_yday=170, tm_isdst=0) or 1687201791.3501298 in seconds
Compute time is : 81.30052161216736
.
Sent 1 packets.
waiting for a signal back...
Recevied signal from omnet++, time to read...
Epoch 2 took 142.9101493358612s
Train Epoch: 3 [0/1935 (0%)]	Loss: 0.211632
Train Epoch: 3 [640/1935 (32%)]	Loss: 0.123389
Train Epoch: 3 [1280/1935 (65%)]	Loss: 0.126029
Train Epoch: 3 [450/1935 (97%)]	Loss: 0.069322
finished training...
writing file...
sending signal at time.struct_time(tm_year=2023, tm_mon=6, tm_mday=19, tm_hour=19, tm_min=12, tm_sec=17, tm_wday=0, tm_yday=170, tm_isdst=0) or 1687201937.5575309 in seconds
Compute time is : 84.59769344329834
.
Sent 1 packets.
waiting for a signal back...
Recevied signal from omnet++, time to read...
Epoch 3 took 142.91864371299744s
Train Epoch: 4 [0/1935 (0%)]	Loss: 0.159651
Train Epoch: 4 [640/1935 (32%)]	Loss: 0.191438
Train Epoch: 4 [1280/1935 (65%)]	Loss: 0.133440
Train Epoch: 4 [450/1935 (97%)]	Loss: 0.350748
finished training...
writing file...
sending signal at time.struct_time(tm_year=2023, tm_mon=6, tm_mday=19, tm_hour=19, tm_min=14, tm_sec=38, tm_wday=0, tm_yday=170, tm_isdst=0) or 1687202078.8584838 in seconds
Compute time is : 82.97988700866699
.
Sent 1 packets.
waiting for a signal back...
Recevied signal from omnet++, time to read...
Epoch 4 took 143.10013699531555s
Train Epoch: 5 [0/1935 (0%)]	Loss: 0.174665
Train Epoch: 5 [640/1935 (32%)]	Loss: 0.059136
Train Epoch: 5 [1280/1935 (65%)]	Loss: 0.355226
Train Epoch: 5 [450/1935 (97%)]	Loss: 0.116968
finished training...
writing file...
sending signal at time.struct_time(tm_year=2023, tm_mon=6, tm_mday=19, tm_hour=19, tm_min=17, tm_sec=3, tm_wday=0, tm_yday=170, tm_isdst=0) or 1687202223.5460827 in seconds
Compute time is : 84.5673234462738
.
Sent 1 packets.
waiting for a signal back...
Recevied signal from omnet++, time to read...
Epoch 5 took 142.9148018360138s
Average epoch train time: 143.10730609893798
Convergence time from worker2: 715.5373795032501
Average training time: 80.43673877716064
Average time it takes worker to receive a new model from when he is done training his model: 62.349668979644775
Average amount of time it takes to load the new model received from the parameter server: 0.10410103797912598
Average time it takes to write trained model to text file: 0.13964905738830566
Final loss: 0.11696795374155045
for 5 epochs and 1 workers:
Loss: [0.8107930421829224, 0.552777886390686, 0.06932199001312256, 0.35074758529663086, 0.11696795374155045]
Train Times: [69.27511405944824, 81.14224076271057, 84.51625680923462, 82.79621005058289, 84.4538722038269]
Computation times of worker2: [69.43662738800049, 81.30052161216736, 84.59769344329834, 82.97988700866699, 84.5673234462738]
Times it took to receive new model each epoch: [74.05531358718872, 61.419227600097656, 58.16719388961792, 59.922425985336304, 58.184183835983276]
Program finished successfully!
