This is worker31
Starting training...
Train Epoch: 1 [0/1935 (0%)]	Loss: 2.312536
Train Epoch: 1 [640/1935 (32%)]	Loss: 0.597450
Train Epoch: 1 [1280/1935 (65%)]	Loss: 0.496503
Train Epoch: 1 [450/1935 (97%)]	Loss: 0.364212
finished training...
writing file...
sending signal at time.struct_time(tm_year=2023, tm_mon=6, tm_mday=19, tm_hour=19, tm_min=7, tm_sec=31, tm_wday=0, tm_yday=170, tm_isdst=0) or 1687201651.6273892 in seconds
Compute time is : 67.05554127693176
.
Sent 1 packets.
waiting for a signal back...
Recevied signal from omnet++, time to read...
Epoch 1 took 125.49550938606262s
Train Epoch: 2 [0/1935 (0%)]	Loss: 0.398865
Train Epoch: 2 [640/1935 (32%)]	Loss: 0.445457
Train Epoch: 2 [1280/1935 (65%)]	Loss: 0.488377
Train Epoch: 2 [450/1935 (97%)]	Loss: 0.112987
finished training...
writing file...
sending signal at time.struct_time(tm_year=2023, tm_mon=6, tm_mday=19, tm_hour=19, tm_min=9, tm_sec=53, tm_wday=0, tm_yday=170, tm_isdst=0) or 1687201793.585333 in seconds
Compute time is : 83.51785326004028
.
Sent 1 packets.
waiting for a signal back...
Recevied signal from omnet++, time to read...
Epoch 2 took 142.88504338264465s
Train Epoch: 3 [0/1935 (0%)]	Loss: 0.133055
Train Epoch: 3 [640/1935 (32%)]	Loss: 0.223458
Train Epoch: 3 [1280/1935 (65%)]	Loss: 0.314633
Train Epoch: 3 [450/1935 (97%)]	Loss: 0.824806
finished training...
writing file...
sending signal at time.struct_time(tm_year=2023, tm_mon=6, tm_mday=19, tm_hour=19, tm_min=12, tm_sec=17, tm_wday=0, tm_yday=170, tm_isdst=0) or 1687201937.1878684 in seconds
Compute time is : 84.23526287078857
.
Sent 1 packets.
waiting for a signal back...
Recevied signal from omnet++, time to read...
Epoch 3 took 142.88836765289307s
Train Epoch: 4 [0/1935 (0%)]	Loss: 0.107426
Train Epoch: 4 [640/1935 (32%)]	Loss: 0.289562
Train Epoch: 4 [1280/1935 (65%)]	Loss: 0.251320
Train Epoch: 4 [450/1935 (97%)]	Loss: 0.475163
finished training...
writing file...
sending signal at time.struct_time(tm_year=2023, tm_mon=6, tm_mday=19, tm_hour=19, tm_min=14, tm_sec=40, tm_wday=0, tm_yday=170, tm_isdst=0) or 1687202080.3242733 in seconds
Compute time is : 84.48326873779297
.
Sent 1 packets.
waiting for a signal back...
Recevied signal from omnet++, time to read...
Epoch 4 took 143.1412477493286s
Train Epoch: 5 [0/1935 (0%)]	Loss: 0.216350
Train Epoch: 5 [640/1935 (32%)]	Loss: 0.286868
Train Epoch: 5 [1280/1935 (65%)]	Loss: 0.108023
Train Epoch: 5 [450/1935 (97%)]	Loss: 0.031700
finished training...
writing file...
sending signal at time.struct_time(tm_year=2023, tm_mon=6, tm_mday=19, tm_hour=19, tm_min=17, tm_sec=3, tm_wday=0, tm_yday=170, tm_isdst=0) or 1687202223.5268142 in seconds
Compute time is : 84.54444003105164
.
Sent 1 packets.
waiting for a signal back...
Recevied signal from omnet++, time to read...
Epoch 5 took 142.9088854789734s
Average epoch train time: 139.46381072998048
Convergence time from worker31: 697.3225116729736
Average training time: 80.63427720069885
Average time it takes worker to receive a new model from when he is done training his model: 58.53357357978821
Average amount of time it takes to load the new model received from the parameter server: 0.09268770217895508
Average time it takes to write trained model to text file: 0.13299093246459961
Final loss: 0.03169960901141167
for 5 epochs and 30 workers:
Loss: [0.36421167850494385, 0.11298734694719315, 0.8248056173324585, 0.47516292333602905, 0.03169960901141167]
Train Times: [66.96623992919922, 83.35604953765869, 84.07674074172974, 84.36629986763, 84.40605592727661]
Computation times of worker31: [67.05554127693176, 83.51785326004028, 84.23526287078857, 84.48326873779297, 84.54444003105164]
Times it took to receive new model each epoch: [58.27182126045227, 59.18989610671997, 58.50809097290039, 58.482433795928955, 58.21562576293945]
Program finished successfully!
