This is worker11
.
Sent 1 packets.
Starting training...
Train Epoch: 1 [0/1935 (0%)]	Loss: 2.309240
Train Epoch: 1 [640/1935 (32%)]	Loss: 0.612834
Train Epoch: 1 [1280/1935 (65%)]	Loss: 0.623187
Train Epoch: 1 [450/1935 (97%)]	Loss: 0.580483
finished training...
writing file...
sending signal at time.struct_time(tm_year=2023, tm_mon=6, tm_mday=19, tm_hour=19, tm_min=6, tm_sec=57, tm_wday=0, tm_yday=170, tm_isdst=0) or 1687201617.7585087 in seconds
Compute time is : 46.53783464431763
.
Sent 1 packets.
waiting for a signal back...
Recevied signal from omnet++, time to read...
Epoch 1 took 138.8485608100891s
Train Epoch: 2 [0/1935 (0%)]	Loss: 0.140321
Train Epoch: 2 [640/1935 (32%)]	Loss: 0.237788
Train Epoch: 2 [1280/1935 (65%)]	Loss: 0.318867
Train Epoch: 2 [450/1935 (97%)]	Loss: 0.032517
finished training...
writing file...
sending signal at time.struct_time(tm_year=2023, tm_mon=6, tm_mday=19, tm_hour=19, tm_min=9, tm_sec=47, tm_wday=0, tm_yday=170, tm_isdst=0) or 1687201787.4073448 in seconds
Compute time is : 77.33812189102173
.
Sent 1 packets.
waiting for a signal back...
Recevied signal from omnet++, time to read...
Epoch 2 took 142.90314602851868s
Train Epoch: 3 [0/1935 (0%)]	Loss: 0.385480
Train Epoch: 3 [640/1935 (32%)]	Loss: 0.275186
Train Epoch: 3 [1280/1935 (65%)]	Loss: 0.202450
Train Epoch: 3 [450/1935 (97%)]	Loss: 0.421275
finished training...
writing file...
sending signal at time.struct_time(tm_year=2023, tm_mon=6, tm_mday=19, tm_hour=19, tm_min=12, tm_sec=15, tm_wday=0, tm_yday=170, tm_isdst=0) or 1687201935.835468 in seconds
Compute time is : 82.8629994392395
.
Sent 1 packets.
waiting for a signal back...
Recevied signal from omnet++, time to read...
Epoch 3 took 142.93193292617798s
Train Epoch: 4 [0/1935 (0%)]	Loss: 0.184612
Train Epoch: 4 [640/1935 (32%)]	Loss: 0.407118
Train Epoch: 4 [1280/1935 (65%)]	Loss: 0.402770
Train Epoch: 4 [450/1935 (97%)]	Loss: 0.150789
finished training...
writing file...
sending signal at time.struct_time(tm_year=2023, tm_mon=6, tm_mday=19, tm_hour=19, tm_min=14, tm_sec=39, tm_wday=0, tm_yday=170, tm_isdst=0) or 1687202079.1205628 in seconds
Compute time is : 83.21610260009766
.
Sent 1 packets.
waiting for a signal back...
Recevied signal from omnet++, time to read...
Epoch 4 took 143.101979970932s
Train Epoch: 5 [0/1935 (0%)]	Loss: 0.088206
Train Epoch: 5 [640/1935 (32%)]	Loss: 0.140947
Train Epoch: 5 [1280/1935 (65%)]	Loss: 0.239651
Train Epoch: 5 [450/1935 (97%)]	Loss: 0.113134
finished training...
writing file...
sending signal at time.struct_time(tm_year=2023, tm_mon=6, tm_mday=19, tm_hour=19, tm_min=17, tm_sec=1, tm_wday=0, tm_yday=170, tm_isdst=0) or 1687202221.3843195 in seconds
Compute time is : 82.37782669067383
.
Sent 1 packets.
waiting for a signal back...
Recevied signal from omnet++, time to read...
Epoch 5 took 142.94222497940063s
Average epoch train time: 142.14556894302368
Convergence time from worker11: 710.7283940315247
Average training time: 74.30142259597778
Average time it takes worker to receive a new model from when he is done training his model: 67.4580614566803
Average amount of time it takes to load the new model received from the parameter server: 0.13035187721252442
Average time it takes to write trained model to text file: 0.16514992713928223
Final loss: 0.11313428729772568
for 5 epochs and 10 workers:
Loss: [0.5804829001426697, 0.0325172133743763, 0.4212748110294342, 0.15078875422477722, 0.11313428729772568]
Train Times: [46.381901264190674, 77.1511926651001, 82.70388507843018, 83.05749893188477, 82.2126350402832]
Computation times of worker11: [46.53783464431763, 77.33812189102173, 82.8629994392395, 83.21610260009766, 82.37782669067383]
Times it took to receive new model each epoch: [92.09727311134338, 65.35586333274841, 59.856417179107666, 59.65570425987244, 60.32504940032959]
Program finished successfully!
