This is worker8
.
Sent 1 packets.
Starting training...
Train Epoch: 1 [0/1935 (0%)]	Loss: 2.286287
Train Epoch: 1 [640/1935 (32%)]	Loss: 0.750239
Train Epoch: 1 [1280/1935 (65%)]	Loss: 0.693321
Train Epoch: 1 [450/1935 (97%)]	Loss: 0.382593
finished training...
writing file...
sending signal at time.struct_time(tm_year=2023, tm_mon=6, tm_mday=19, tm_hour=19, tm_min=6, tm_sec=56, tm_wday=0, tm_yday=170, tm_isdst=0) or 1687201616.534963 in seconds
Compute time is : 46.92149543762207
.
Sent 1 packets.
waiting for a signal back...
Recevied signal from omnet++, time to read...
Epoch 1 took 140.45822262763977s
Train Epoch: 2 [0/1935 (0%)]	Loss: 0.366492
Train Epoch: 2 [640/1935 (32%)]	Loss: 0.251809
Train Epoch: 2 [1280/1935 (65%)]	Loss: 0.225226
Train Epoch: 2 [450/1935 (97%)]	Loss: 0.296790
finished training...
writing file...
sending signal at time.struct_time(tm_year=2023, tm_mon=6, tm_mday=19, tm_hour=19, tm_min=9, tm_sec=48, tm_wday=0, tm_yday=170, tm_isdst=0) or 1687201788.4029894 in seconds
Compute time is : 78.33125185966492
.
Sent 1 packets.
waiting for a signal back...
Recevied signal from omnet++, time to read...
Epoch 2 took 142.8996922969818s
Train Epoch: 3 [0/1935 (0%)]	Loss: 0.309794
Train Epoch: 3 [640/1935 (32%)]	Loss: 0.185774
Train Epoch: 3 [1280/1935 (65%)]	Loss: 0.339417
Train Epoch: 3 [450/1935 (97%)]	Loss: 0.189418
finished training...
writing file...
sending signal at time.struct_time(tm_year=2023, tm_mon=6, tm_mday=19, tm_hour=19, tm_min=12, tm_sec=15, tm_wday=0, tm_yday=170, tm_isdst=0) or 1687201935.5595777 in seconds
Compute time is : 82.58808612823486
.
Sent 1 packets.
waiting for a signal back...
Recevied signal from omnet++, time to read...
Epoch 3 took 142.94235277175903s
Train Epoch: 4 [0/1935 (0%)]	Loss: 0.060350
Train Epoch: 4 [640/1935 (32%)]	Loss: 0.260894
Train Epoch: 4 [1280/1935 (65%)]	Loss: 0.359280
Train Epoch: 4 [450/1935 (97%)]	Loss: 0.124253
finished training...
writing file...
sending signal at time.struct_time(tm_year=2023, tm_mon=6, tm_mday=19, tm_hour=19, tm_min=14, tm_sec=38, tm_wday=0, tm_yday=170, tm_isdst=0) or 1687202078.532727 in seconds
Compute time is : 82.61883473396301
.
Sent 1 packets.
waiting for a signal back...
Recevied signal from omnet++, time to read...
Epoch 4 took 143.09080457687378s
Train Epoch: 5 [0/1935 (0%)]	Loss: 0.188039
Train Epoch: 5 [640/1935 (32%)]	Loss: 0.193981
Train Epoch: 5 [1280/1935 (65%)]	Loss: 0.116926
Train Epoch: 5 [450/1935 (97%)]	Loss: 0.038738
finished training...
writing file...
sending signal at time.struct_time(tm_year=2023, tm_mon=6, tm_mday=19, tm_hour=19, tm_min=17, tm_sec=1, tm_wday=0, tm_yday=170, tm_isdst=0) or 1687202221.2311332 in seconds
Compute time is : 82.22638392448425
.
Sent 1 packets.
waiting for a signal back...
Recevied signal from omnet++, time to read...
Epoch 5 took 142.93869018554688s
Average epoch train time: 142.46595249176025
Convergence time from worker8: 712.3304061889648
Average training time: 74.37618799209595
Average time it takes worker to receive a new model from when he is done training his model: 67.7062520980835
Average amount of time it takes to load the new model received from the parameter server: 0.13144917488098146
Average time it takes to write trained model to text file: 0.16101832389831544
Final loss: 0.03873812034726143
for 5 epochs and 7 workers:
Loss: [0.3825932741165161, 0.2967899441719055, 0.18941809237003326, 0.12425307184457779, 0.03873812034726143]
Train Times: [46.75998783111572, 78.17334198951721, 82.4239399433136, 82.44797348976135, 82.07569670677185]
Computation times of worker8: [46.92149543762207, 78.33125185966492, 82.58808612823486, 82.61883473396301, 82.22638392448425]
Times it took to receive new model each epoch: [93.32524275779724, 64.34587836265564, 60.14001154899597, 60.23935127258301, 60.48077654838562]
Program finished successfully!
