This is worker18
Starting training...
Train Epoch: 1 [0/1935 (0%)]	Loss: 2.298421
Train Epoch: 1 [640/1935 (32%)]	Loss: 0.528162
Train Epoch: 1 [1280/1935 (65%)]	Loss: 0.547122
Train Epoch: 1 [450/1935 (97%)]	Loss: 0.259595
finished training...
writing file...
sending signal at time.struct_time(tm_year=2023, tm_mon=6, tm_mday=19, tm_hour=19, tm_min=7, tm_sec=31, tm_wday=0, tm_yday=170, tm_isdst=0) or 1687201651.6546888 in seconds
Compute time is : 76.52471256256104
.
Sent 1 packets.
waiting for a signal back...
Recevied signal from omnet++, time to read...
Epoch 1 took 134.9094500541687s
Train Epoch: 2 [0/1935 (0%)]	Loss: 0.361620
Train Epoch: 2 [640/1935 (32%)]	Loss: 0.298263
Train Epoch: 2 [1280/1935 (65%)]	Loss: 0.363512
Train Epoch: 2 [450/1935 (97%)]	Loss: 0.487891
finished training...
writing file...
sending signal at time.struct_time(tm_year=2023, tm_mon=6, tm_mday=19, tm_hour=19, tm_min=9, tm_sec=54, tm_wday=0, tm_yday=170, tm_isdst=0) or 1687201794.5359807 in seconds
Compute time is : 84.496502161026
.
Sent 1 packets.
waiting for a signal back...
Recevied signal from omnet++, time to read...
Epoch 2 took 142.8629970550537s
Train Epoch: 3 [0/1935 (0%)]	Loss: 0.190047
Train Epoch: 3 [640/1935 (32%)]	Loss: 0.390245
Train Epoch: 3 [1280/1935 (65%)]	Loss: 0.279272
Train Epoch: 3 [450/1935 (97%)]	Loss: 0.137373
finished training...
writing file...
sending signal at time.struct_time(tm_year=2023, tm_mon=6, tm_mday=19, tm_hour=19, tm_min=12, tm_sec=16, tm_wday=0, tm_yday=170, tm_isdst=0) or 1687201936.8340268 in seconds
Compute time is : 83.93146324157715
.
Sent 1 packets.
waiting for a signal back...
Recevied signal from omnet++, time to read...
Epoch 3 took 142.9379539489746s
Train Epoch: 4 [0/1935 (0%)]	Loss: 0.255689
Train Epoch: 4 [640/1935 (32%)]	Loss: 0.233958
Train Epoch: 4 [1280/1935 (65%)]	Loss: 0.195521
Train Epoch: 4 [450/1935 (97%)]	Loss: 0.108881
finished training...
writing file...
sending signal at time.struct_time(tm_year=2023, tm_mon=6, tm_mday=19, tm_hour=19, tm_min=14, tm_sec=40, tm_wday=0, tm_yday=170, tm_isdst=0) or 1687202080.5101862 in seconds
Compute time is : 84.66965246200562
.
Sent 1 packets.
waiting for a signal back...
Recevied signal from omnet++, time to read...
Epoch 4 took 143.09747695922852s
Train Epoch: 5 [0/1935 (0%)]	Loss: 0.160009
Train Epoch: 5 [640/1935 (32%)]	Loss: 0.282305
Train Epoch: 5 [1280/1935 (65%)]	Loss: 0.224965
Train Epoch: 5 [450/1935 (97%)]	Loss: 0.868416
finished training...
writing file...
sending signal at time.struct_time(tm_year=2023, tm_mon=6, tm_mday=19, tm_hour=19, tm_min=17, tm_sec=3, tm_wday=0, tm_yday=170, tm_isdst=0) or 1687202223.580463 in seconds
Compute time is : 84.64241695404053
.
Sent 1 packets.
waiting for a signal back...
Recevied signal from omnet++, time to read...
Epoch 5 took 142.96936178207397s
Average epoch train time: 141.3554479598999
Convergence time from worker18: 706.7811043262482
Average training time: 82.72943105697632
Average time it takes worker to receive a new model from when he is done training his model: 58.35873198509216
Average amount of time it takes to load the new model received from the parameter server: 0.07503247261047363
Average time it takes to write trained model to text file: 0.12351460456848144
Final loss: 0.868416428565979
for 5 epochs and 17 workers:
Loss: [0.2595948576927185, 0.4878914952278137, 0.1373731791973114, 0.10888148844242096, 0.868416428565979]
Train Times: [76.4462342262268, 84.35582566261292, 83.7695837020874, 84.51129865646362, 84.56421303749084]
Computation times of worker18: [76.52471256256104, 84.496502161026, 83.93146324157715, 84.66965246200562, 84.64241695404053]
Times it took to receive new model each epoch: [58.225510120391846, 58.24044156074524, 58.85740637779236, 58.30859065055847, 58.1617112159729]
Program finished successfully!
