This is worker6
.
Sent 1 packets.
Starting training...
/usr/src/app/./distri_ml_ys.py:45: UserWarning: Implicit dimension choice for log_softmax has been deprecated. Change the call to include dim=X as an argument.
  return F.log_softmax(x)
Train Epoch: 1 [0/7500 (0%)]	Loss: 2.390293
Train Epoch: 1 [640/7500 (8%)]	Loss: 2.339042
Train Epoch: 1 [1280/7500 (17%)]	Loss: 2.264636
Train Epoch: 1 [1920/7500 (25%)]	Loss: 2.263185
Train Epoch: 1 [2560/7500 (34%)]	Loss: 2.314513
Train Epoch: 1 [3200/7500 (42%)]	Loss: 2.272655
Train Epoch: 1 [3840/7500 (51%)]	Loss: 2.197064
Train Epoch: 1 [4480/7500 (59%)]	Loss: 2.176059
Train Epoch: 1 [5120/7500 (68%)]	Loss: 2.188628
Train Epoch: 1 [5760/7500 (76%)]	Loss: 2.195065
Train Epoch: 1 [6400/7500 (85%)]	Loss: 2.127443
Train Epoch: 1 [7040/7500 (93%)]	Loss: 2.033368
finished training...
writing file...
sending signal...
.
Sent 1 packets.
waiting for a signal back...
Recevied signal from omnet++, time to read...
name conv1.weight

name conv1.bias

name conv2.weight

name conv2.bias

name fc1.weight

name fc1.bias

name fc2.weight

Epoch 1 took 122.3283200263977s
Train Epoch: 2 [0/7500 (0%)]	Loss: 1.877695
Train Epoch: 2 [640/7500 (8%)]	Loss: 1.765963
Train Epoch: 2 [1280/7500 (17%)]	Loss: 1.641856
Train Epoch: 2 [1920/7500 (25%)]	Loss: 1.539134
Train Epoch: 2 [2560/7500 (34%)]	Loss: 1.349556
Train Epoch: 2 [3200/7500 (42%)]	Loss: 1.424388
Train Epoch: 2 [3840/7500 (51%)]	Loss: 1.199674
Train Epoch: 2 [4480/7500 (59%)]	Loss: 1.112449
Train Epoch: 2 [5120/7500 (68%)]	Loss: 1.256160
Train Epoch: 2 [5760/7500 (76%)]	Loss: 1.078271
Train Epoch: 2 [6400/7500 (85%)]	Loss: 1.276435
Train Epoch: 2 [7040/7500 (93%)]	Loss: 1.023291
finished training...
writing file...
sending signal...
.
Sent 1 packets.
waiting for a signal back...
Recevied signal from omnet++, time to read...
name conv1.weight

name conv1.bias

name conv2.weight

name conv2.bias

name fc1.weight

name fc1.bias

name fc2.weight

Epoch 2 took 123.37616205215454s
Train Epoch: 3 [0/7500 (0%)]	Loss: 0.990724
Train Epoch: 3 [640/7500 (8%)]	Loss: 0.927179
Train Epoch: 3 [1280/7500 (17%)]	Loss: 0.953568
Train Epoch: 3 [1920/7500 (25%)]	Loss: 0.950907
Train Epoch: 3 [2560/7500 (34%)]	Loss: 0.891173
Train Epoch: 3 [3200/7500 (42%)]	Loss: 0.811540
Train Epoch: 3 [3840/7500 (51%)]	Loss: 0.858304
Train Epoch: 3 [4480/7500 (59%)]	Loss: 1.024327
Train Epoch: 3 [5120/7500 (68%)]	Loss: 0.699310
Train Epoch: 3 [5760/7500 (76%)]	Loss: 0.606154
Train Epoch: 3 [6400/7500 (85%)]	Loss: 0.938452
Train Epoch: 3 [7040/7500 (93%)]	Loss: 0.691697
finished training...
writing file...
sending signal...
.
Sent 1 packets.
waiting for a signal back...
Recevied signal from omnet++, time to read...
name conv1.weight

name conv1.bias

name conv2.weight

name conv2.bias

name fc1.weight

name fc1.bias

name fc2.weight

Epoch 3 took 121.93328976631165s
Train Epoch: 4 [0/7500 (0%)]	Loss: 0.808796
Train Epoch: 4 [640/7500 (8%)]	Loss: 0.643320
Train Epoch: 4 [1280/7500 (17%)]	Loss: 0.899462
Train Epoch: 4 [1920/7500 (25%)]	Loss: 0.653034
Train Epoch: 4 [2560/7500 (34%)]	Loss: 0.744567
Train Epoch: 4 [3200/7500 (42%)]	Loss: 0.675763
Train Epoch: 4 [3840/7500 (51%)]	Loss: 0.686946
Train Epoch: 4 [4480/7500 (59%)]	Loss: 0.699159
Train Epoch: 4 [5120/7500 (68%)]	Loss: 0.592818
Train Epoch: 4 [5760/7500 (76%)]	Loss: 0.765411
Train Epoch: 4 [6400/7500 (85%)]	Loss: 0.652247
Train Epoch: 4 [7040/7500 (93%)]	Loss: 0.625775
finished training...
writing file...
sending signal...
.
Sent 1 packets.
waiting for a signal back...
Recevied signal from omnet++, time to read...
name conv1.weight

name conv1.bias

name conv2.weight

name conv2.bias

name fc1.weight

name fc1.bias

name fc2.weight

Epoch 4 took 123.30863237380981s
Train Epoch: 5 [0/7500 (0%)]	Loss: 0.619773
Train Epoch: 5 [640/7500 (8%)]	Loss: 0.637929
Train Epoch: 5 [1280/7500 (17%)]	Loss: 0.752874
Train Epoch: 5 [1920/7500 (25%)]	Loss: 0.678783
Train Epoch: 5 [2560/7500 (34%)]	Loss: 0.570602
Train Epoch: 5 [3200/7500 (42%)]	Loss: 0.565085
Train Epoch: 5 [3840/7500 (51%)]	Loss: 0.611715
Train Epoch: 5 [4480/7500 (59%)]	Loss: 0.483939
Train Epoch: 5 [5120/7500 (68%)]	Loss: 0.656488
Train Epoch: 5 [5760/7500 (76%)]	Loss: 0.664862
Train Epoch: 5 [6400/7500 (85%)]	Loss: 0.676699
Train Epoch: 5 [7040/7500 (93%)]	Loss: 0.601229
finished training...
writing file...
sending signal...
.
Sent 1 packets.
waiting for a signal back...
Recevied signal from omnet++, time to read...
name conv1.weight

name conv1.bias

name conv2.weight

name conv2.bias

name fc1.weight

name fc1.bias

name fc2.weight

Epoch 5 took 120.32934856414795s
Average epoch train time: 122.25515055656433
Convergence time from worker6: 611.2790369987488
Average training time: 121.87914161682129
Average time it takes worker to receive a new model from when he is done training his model: 0.21228485107421874
Average amount of time it takes to load the new model received from the parameter server: 0.05645766258239746
Average time it takes to write trained model to text file: 0.06049137115478516
Final loss: 0.23059505224227905

Loss: [1.789259433746338, 0.9640190601348877, 0.9843478202819824, 1.3247214555740356, 0.23059505224227905]

Train Times: [121.73409247398376, 123.0922749042511, 121.54963684082031, 123.05146622657776, 119.96823763847351]
Program finished successfully!
