This is worker5
.
Sent 1 packets.
Starting training...
/usr/src/app/./distri_ml_ys.py:45: UserWarning: Implicit dimension choice for log_softmax has been deprecated. Change the call to include dim=X as an argument.
  return F.log_softmax(x)
Train Epoch: 1 [0/7500 (0%)]	Loss: 2.326284
Train Epoch: 1 [640/7500 (8%)]	Loss: 2.331086
Train Epoch: 1 [1280/7500 (17%)]	Loss: 2.311119
Train Epoch: 1 [1920/7500 (25%)]	Loss: 2.278784
Train Epoch: 1 [2560/7500 (34%)]	Loss: 2.278459
Train Epoch: 1 [3200/7500 (42%)]	Loss: 2.249863
Train Epoch: 1 [3840/7500 (51%)]	Loss: 2.224803
Train Epoch: 1 [4480/7500 (59%)]	Loss: 2.263969
Train Epoch: 1 [5120/7500 (68%)]	Loss: 2.173842
Train Epoch: 1 [5760/7500 (76%)]	Loss: 2.112340
Train Epoch: 1 [6400/7500 (85%)]	Loss: 2.109732
Train Epoch: 1 [7040/7500 (93%)]	Loss: 1.958400
finished training...
writing file...
sending signal...
.
Sent 1 packets.
waiting for a signal back...
Recevied signal from omnet++, time to read...
name conv1.weight

name conv1.bias

name conv2.weight

name conv2.bias

name fc1.weight

name fc1.bias

name fc2.weight

Epoch 1 took 123.03873062133789s
Train Epoch: 2 [0/7500 (0%)]	Loss: 1.929417
Train Epoch: 2 [640/7500 (8%)]	Loss: 1.902146
Train Epoch: 2 [1280/7500 (17%)]	Loss: 1.712392
Train Epoch: 2 [1920/7500 (25%)]	Loss: 1.454949
Train Epoch: 2 [2560/7500 (34%)]	Loss: 1.555174
Train Epoch: 2 [3200/7500 (42%)]	Loss: 1.357371
Train Epoch: 2 [3840/7500 (51%)]	Loss: 1.159400
Train Epoch: 2 [4480/7500 (59%)]	Loss: 1.328981
Train Epoch: 2 [5120/7500 (68%)]	Loss: 1.116028
Train Epoch: 2 [5760/7500 (76%)]	Loss: 1.124686
Train Epoch: 2 [6400/7500 (85%)]	Loss: 1.279803
Train Epoch: 2 [7040/7500 (93%)]	Loss: 0.906152
finished training...
writing file...
sending signal...
.
Sent 1 packets.
waiting for a signal back...
Recevied signal from omnet++, time to read...
name conv1.weight

name conv1.bias

name conv2.weight

name conv2.bias

name fc1.weight

name fc1.bias

name fc2.weight

Epoch 2 took 123.36741399765015s
Train Epoch: 3 [0/7500 (0%)]	Loss: 1.074952
Train Epoch: 3 [640/7500 (8%)]	Loss: 1.212952
Train Epoch: 3 [1280/7500 (17%)]	Loss: 1.005234
Train Epoch: 3 [1920/7500 (25%)]	Loss: 0.899557
Train Epoch: 3 [2560/7500 (34%)]	Loss: 0.802768
Train Epoch: 3 [3200/7500 (42%)]	Loss: 0.855530
Train Epoch: 3 [3840/7500 (51%)]	Loss: 1.134860
Train Epoch: 3 [4480/7500 (59%)]	Loss: 0.759804
Train Epoch: 3 [5120/7500 (68%)]	Loss: 0.655759
Train Epoch: 3 [5760/7500 (76%)]	Loss: 0.749458
Train Epoch: 3 [6400/7500 (85%)]	Loss: 0.570077
Train Epoch: 3 [7040/7500 (93%)]	Loss: 0.786092
finished training...
writing file...
sending signal...
.
Sent 1 packets.
waiting for a signal back...
Recevied signal from omnet++, time to read...
name conv1.weight

name conv1.bias

name conv2.weight

name conv2.bias

name fc1.weight

name fc1.bias

name fc2.weight

Epoch 3 took 121.92948031425476s
Train Epoch: 4 [0/7500 (0%)]	Loss: 0.835514
Train Epoch: 4 [640/7500 (8%)]	Loss: 0.674262
Train Epoch: 4 [1280/7500 (17%)]	Loss: 0.812676
Train Epoch: 4 [1920/7500 (25%)]	Loss: 0.958115
Train Epoch: 4 [2560/7500 (34%)]	Loss: 0.429524
Train Epoch: 4 [3200/7500 (42%)]	Loss: 0.511514
Train Epoch: 4 [3840/7500 (51%)]	Loss: 0.619258
Train Epoch: 4 [4480/7500 (59%)]	Loss: 0.649894
Train Epoch: 4 [5120/7500 (68%)]	Loss: 0.637459
Train Epoch: 4 [5760/7500 (76%)]	Loss: 0.652209
Train Epoch: 4 [6400/7500 (85%)]	Loss: 0.641906
Train Epoch: 4 [7040/7500 (93%)]	Loss: 0.720014
finished training...
writing file...
sending signal...
.
Sent 1 packets.
waiting for a signal back...
Recevied signal from omnet++, time to read...
name conv1.weight

name conv1.bias

name conv2.weight

name conv2.bias

name fc1.weight

name fc1.bias

name fc2.weight

Epoch 4 took 123.29730939865112s
Train Epoch: 5 [0/7500 (0%)]	Loss: 0.876910
Train Epoch: 5 [640/7500 (8%)]	Loss: 0.636437
Train Epoch: 5 [1280/7500 (17%)]	Loss: 0.413433
Train Epoch: 5 [1920/7500 (25%)]	Loss: 0.576186
Train Epoch: 5 [2560/7500 (34%)]	Loss: 0.774992
Train Epoch: 5 [3200/7500 (42%)]	Loss: 0.832400
Train Epoch: 5 [3840/7500 (51%)]	Loss: 0.332578
Train Epoch: 5 [4480/7500 (59%)]	Loss: 0.637717
Train Epoch: 5 [5120/7500 (68%)]	Loss: 0.499308
Train Epoch: 5 [5760/7500 (76%)]	Loss: 0.612383
Train Epoch: 5 [6400/7500 (85%)]	Loss: 0.672747
Train Epoch: 5 [7040/7500 (93%)]	Loss: 0.459977
finished training...
writing file...
sending signal...
.
Sent 1 packets.
waiting for a signal back...
Recevied signal from omnet++, time to read...
name conv1.weight

name conv1.bias

name conv2.weight

name conv2.bias

name fc1.weight

name fc1.bias

name fc2.weight

Epoch 5 took 120.33514881134033s
Average epoch train time: 122.39361662864685
Convergence time from worker5: 611.9687008857727
Average training time: 121.68236145973205
Average time it takes worker to receive a new model from when he is done training his model: 0.4977682113647461
Average amount of time it takes to load the new model received from the parameter server: 0.05168585777282715
Average time it takes to write trained model to text file: 0.10227108001708984
Final loss: 0.4577154815196991

Loss: [1.765885353088379, 1.093398928642273, 1.0428720712661743, 1.1698657274246216, 0.4577154815196991]

Train Times: [122.12231922149658, 122.45642137527466, 121.25947165489197, 122.56723642349243, 120.00635862350464]
Program finished successfully!
