Received IPs:
Workers: [('192.168.1.21', 49153), ('192.168.2.21', 49154), ('192.168.3.21', 49155), ('192.168.4.21', 49156), ('192.168.5.21', 49157), ('192.168.6.21', 49158), ('192.168.7.21', 49159), ('192.168.8.21', 49160)]
Parameter Server: 192.168.0.21:49152
This is worker2
Starting training...
/usr/src/app/./distri_ml_ys.py:35: UserWarning: Implicit dimension choice for log_softmax has been deprecated. Change the call to include dim=X as an argument.
  return F.log_softmax(x)
Train Epoch: 1 [0/7500 (0%)]	Loss: 2.289188
Train Epoch: 1 [640/7500 (8%)]	Loss: 2.315589
Train Epoch: 1 [1280/7500 (17%)]	Loss: 2.302543
Train Epoch: 1 [1920/7500 (25%)]	Loss: 2.296413
Train Epoch: 1 [2560/7500 (34%)]	Loss: 2.260099
Train Epoch: 1 [3200/7500 (42%)]	Loss: 2.270810
Train Epoch: 1 [3840/7500 (51%)]	Loss: 2.220004
Train Epoch: 1 [4480/7500 (59%)]	Loss: 2.231091
Train Epoch: 1 [5120/7500 (68%)]	Loss: 2.175376
Train Epoch: 1 [5760/7500 (76%)]	Loss: 2.216883
Train Epoch: 1 [6400/7500 (85%)]	Loss: 2.063090
Train Epoch: 1 [7040/7500 (93%)]	Loss: 2.010049
sending model to server...
sent model to server! now waiting to hear back...
Received updated model from server...
Epoch 1 took 136.4483516216278s
/usr/local/lib/python3.9/site-packages/torch/nn/_reduction.py:42: UserWarning: size_average and reduce args will be deprecated, please use reduction='sum' instead.
  warnings.warn(warning.format(ret))

Test set: Avg. loss: 1.8061, Accuracy: 6504/10000 (65%)

Train Epoch: 2 [0/7500 (0%)]	Loss: 1.978225
Train Epoch: 2 [640/7500 (8%)]	Loss: 1.810716
Train Epoch: 2 [1280/7500 (17%)]	Loss: 1.801805
Train Epoch: 2 [1920/7500 (25%)]	Loss: 1.711354
Train Epoch: 2 [2560/7500 (34%)]	Loss: 1.518979
Train Epoch: 2 [3200/7500 (42%)]	Loss: 1.439626
Train Epoch: 2 [3840/7500 (51%)]	Loss: 1.357763
Train Epoch: 2 [4480/7500 (59%)]	Loss: 1.260435
Train Epoch: 2 [5120/7500 (68%)]	Loss: 1.244297
Train Epoch: 2 [5760/7500 (76%)]	Loss: 1.099956
Train Epoch: 2 [6400/7500 (85%)]	Loss: 1.091366
Train Epoch: 2 [7040/7500 (93%)]	Loss: 1.073738
sending model to server...
sent model to server! now waiting to hear back...
Received updated model from server...
Epoch 2 took 139.89855313301086s

Test set: Avg. loss: 0.6046, Accuracy: 8595/10000 (86%)

Train Epoch: 3 [0/7500 (0%)]	Loss: 0.998371
Train Epoch: 3 [640/7500 (8%)]	Loss: 1.101407
Train Epoch: 3 [1280/7500 (17%)]	Loss: 1.017769
Train Epoch: 3 [1920/7500 (25%)]	Loss: 1.032749
Train Epoch: 3 [2560/7500 (34%)]	Loss: 0.930897
Train Epoch: 3 [3200/7500 (42%)]	Loss: 1.075859
Train Epoch: 3 [3840/7500 (51%)]	Loss: 0.804157
Train Epoch: 3 [4480/7500 (59%)]	Loss: 0.847659
Train Epoch: 3 [5120/7500 (68%)]	Loss: 0.766656
Train Epoch: 3 [5760/7500 (76%)]	Loss: 0.971502
Train Epoch: 3 [6400/7500 (85%)]	Loss: 0.654716
Train Epoch: 3 [7040/7500 (93%)]	Loss: 0.833546
sending model to server...
sent model to server! now waiting to hear back...
Received updated model from server...
Epoch 3 took 128.48998475074768s

Test set: Avg. loss: 0.4108, Accuracy: 8942/10000 (89%)

Train Epoch: 4 [0/7500 (0%)]	Loss: 0.762982
Train Epoch: 4 [640/7500 (8%)]	Loss: 0.764586
Train Epoch: 4 [1280/7500 (17%)]	Loss: 0.732669
Train Epoch: 4 [1920/7500 (25%)]	Loss: 1.014994
Train Epoch: 4 [2560/7500 (34%)]	Loss: 0.985561
Train Epoch: 4 [3200/7500 (42%)]	Loss: 0.664268
Train Epoch: 4 [3840/7500 (51%)]	Loss: 0.582577
Train Epoch: 4 [4480/7500 (59%)]	Loss: 0.477189
Train Epoch: 4 [5120/7500 (68%)]	Loss: 0.588523
Train Epoch: 4 [5760/7500 (76%)]	Loss: 0.670964
Train Epoch: 4 [6400/7500 (85%)]	Loss: 0.603817
Train Epoch: 4 [7040/7500 (93%)]	Loss: 0.537531
sending model to server...
sent model to server! now waiting to hear back...
Received updated model from server...
Epoch 4 took 129.70276832580566s

Test set: Avg. loss: 0.3144, Accuracy: 9157/10000 (92%)

Train Epoch: 5 [0/7500 (0%)]	Loss: 0.621392
Train Epoch: 5 [640/7500 (8%)]	Loss: 0.635477
Train Epoch: 5 [1280/7500 (17%)]	Loss: 0.589391
Train Epoch: 5 [1920/7500 (25%)]	Loss: 0.506107
Train Epoch: 5 [2560/7500 (34%)]	Loss: 0.495242
Train Epoch: 5 [3200/7500 (42%)]	Loss: 0.524101
Train Epoch: 5 [3840/7500 (51%)]	Loss: 0.560752
Train Epoch: 5 [4480/7500 (59%)]	Loss: 0.461804
Train Epoch: 5 [5120/7500 (68%)]	Loss: 0.334262
Train Epoch: 5 [5760/7500 (76%)]	Loss: 0.542027
Train Epoch: 5 [6400/7500 (85%)]	Loss: 0.476048
Train Epoch: 5 [7040/7500 (93%)]	Loss: 0.400748
sending model to server...
sent model to server! now waiting to hear back...
Received updated model from server...
Epoch 5 took 122.8154969215393s

Test set: Avg. loss: 0.2617, Accuracy: 9291/10000 (93%)

Train Epoch: 6 [0/7500 (0%)]	Loss: 0.833481
Train Epoch: 6 [640/7500 (8%)]	Loss: 0.615620
Train Epoch: 6 [1280/7500 (17%)]	Loss: 0.421823
Train Epoch: 6 [1920/7500 (25%)]	Loss: 0.468689
Train Epoch: 6 [2560/7500 (34%)]	Loss: 0.562926
Train Epoch: 6 [3200/7500 (42%)]	Loss: 0.483936
Train Epoch: 6 [3840/7500 (51%)]	Loss: 0.530988
Train Epoch: 6 [4480/7500 (59%)]	Loss: 0.766677
Train Epoch: 6 [5120/7500 (68%)]	Loss: 0.403405
Train Epoch: 6 [5760/7500 (76%)]	Loss: 0.414402
Train Epoch: 6 [6400/7500 (85%)]	Loss: 0.387593
Train Epoch: 6 [7040/7500 (93%)]	Loss: 0.484589
sending model to server...
sent model to server! now waiting to hear back...
Received updated model from server...
Epoch 6 took 124.26663851737976s

Test set: Avg. loss: 0.2270, Accuracy: 9364/10000 (94%)

Train Epoch: 7 [0/7500 (0%)]	Loss: 0.659340
Train Epoch: 7 [640/7500 (8%)]	Loss: 0.357710
Train Epoch: 7 [1280/7500 (17%)]	Loss: 0.480547
Train Epoch: 7 [1920/7500 (25%)]	Loss: 0.537723
Train Epoch: 7 [2560/7500 (34%)]	Loss: 0.724424
Train Epoch: 7 [3200/7500 (42%)]	Loss: 0.335365
Train Epoch: 7 [3840/7500 (51%)]	Loss: 0.431681
Train Epoch: 7 [4480/7500 (59%)]	Loss: 0.617871
Train Epoch: 7 [5120/7500 (68%)]	Loss: 0.477927
Train Epoch: 7 [5760/7500 (76%)]	Loss: 0.314841
Train Epoch: 7 [6400/7500 (85%)]	Loss: 0.453530
Train Epoch: 7 [7040/7500 (93%)]	Loss: 0.404851
sending model to server...
sent model to server! now waiting to hear back...
Received updated model from server...
Epoch 7 took 125.0527229309082s

Test set: Avg. loss: 0.2056, Accuracy: 9433/10000 (94%)

Train Epoch: 8 [0/7500 (0%)]	Loss: 0.457935
Train Epoch: 8 [640/7500 (8%)]	Loss: 0.557238
Train Epoch: 8 [1280/7500 (17%)]	Loss: 0.369923
Train Epoch: 8 [1920/7500 (25%)]	Loss: 0.482299
Train Epoch: 8 [2560/7500 (34%)]	Loss: 0.326958
Train Epoch: 8 [3200/7500 (42%)]	Loss: 0.793100
Train Epoch: 8 [3840/7500 (51%)]	Loss: 0.723325
Train Epoch: 8 [4480/7500 (59%)]	Loss: 0.335882
Train Epoch: 8 [5120/7500 (68%)]	Loss: 0.555393
Train Epoch: 8 [5760/7500 (76%)]	Loss: 0.348351
Train Epoch: 8 [6400/7500 (85%)]	Loss: 0.440869
Train Epoch: 8 [7040/7500 (93%)]	Loss: 0.557122
sending model to server...
sent model to server! now waiting to hear back...
Received updated model from server...
Epoch 8 took 136.33498167991638s

Test set: Avg. loss: 0.1852, Accuracy: 9455/10000 (95%)

Train Epoch: 9 [0/7500 (0%)]	Loss: 0.469686
Train Epoch: 9 [640/7500 (8%)]	Loss: 0.289724
Train Epoch: 9 [1280/7500 (17%)]	Loss: 0.430303
Train Epoch: 9 [1920/7500 (25%)]	Loss: 0.384499
Train Epoch: 9 [2560/7500 (34%)]	Loss: 0.417248
Train Epoch: 9 [3200/7500 (42%)]	Loss: 0.304313
Train Epoch: 9 [3840/7500 (51%)]	Loss: 0.406310
Train Epoch: 9 [4480/7500 (59%)]	Loss: 0.301200
Train Epoch: 9 [5120/7500 (68%)]	Loss: 0.517231
Train Epoch: 9 [5760/7500 (76%)]	Loss: 0.629005
Train Epoch: 9 [6400/7500 (85%)]	Loss: 0.425108
Train Epoch: 9 [7040/7500 (93%)]	Loss: 0.362992
sending model to server...
sent model to server! now waiting to hear back...
Received updated model from server...
Epoch 9 took 134.1117079257965s

Test set: Avg. loss: 0.1701, Accuracy: 9501/10000 (95%)

Train Epoch: 10 [0/7500 (0%)]	Loss: 0.256372
Train Epoch: 10 [640/7500 (8%)]	Loss: 0.453090
Train Epoch: 10 [1280/7500 (17%)]	Loss: 0.234780
Train Epoch: 10 [1920/7500 (25%)]	Loss: 0.549805
Train Epoch: 10 [2560/7500 (34%)]	Loss: 0.305983
Train Epoch: 10 [3200/7500 (42%)]	Loss: 0.353972
Train Epoch: 10 [3840/7500 (51%)]	Loss: 0.435558
Train Epoch: 10 [4480/7500 (59%)]	Loss: 0.221729
Train Epoch: 10 [5120/7500 (68%)]	Loss: 0.405166
Train Epoch: 10 [5760/7500 (76%)]	Loss: 0.533895
Train Epoch: 10 [6400/7500 (85%)]	Loss: 0.340835
Train Epoch: 10 [7040/7500 (93%)]	Loss: 0.422475
sending model to server...
sent model to server! now waiting to hear back...
Received updated model from server...
Epoch 10 took 123.21604561805725s

Test set: Avg. loss: 0.1571, Accuracy: 9534/10000 (95%)

Train Epoch: 11 [0/7500 (0%)]	Loss: 0.215718
Train Epoch: 11 [640/7500 (8%)]	Loss: 0.326224
Train Epoch: 11 [1280/7500 (17%)]	Loss: 0.583599
Train Epoch: 11 [1920/7500 (25%)]	Loss: 0.566610
Train Epoch: 11 [2560/7500 (34%)]	Loss: 0.475791
Train Epoch: 11 [3200/7500 (42%)]	Loss: 0.556492
Train Epoch: 11 [3840/7500 (51%)]	Loss: 0.294939
Train Epoch: 11 [4480/7500 (59%)]	Loss: 0.448803
Train Epoch: 11 [5120/7500 (68%)]	Loss: 0.361353
Train Epoch: 11 [5760/7500 (76%)]	Loss: 0.254194
Train Epoch: 11 [6400/7500 (85%)]	Loss: 0.363669
Train Epoch: 11 [7040/7500 (93%)]	Loss: 0.796622
sending model to server...
sent model to server! now waiting to hear back...
Received updated model from server...
Epoch 11 took 127.86261534690857s

Test set: Avg. loss: 0.1467, Accuracy: 9565/10000 (96%)

Train Epoch: 12 [0/7500 (0%)]	Loss: 0.295806
Train Epoch: 12 [640/7500 (8%)]	Loss: 0.206155
Train Epoch: 12 [1280/7500 (17%)]	Loss: 0.235847
Train Epoch: 12 [1920/7500 (25%)]	Loss: 0.463783
Train Epoch: 12 [2560/7500 (34%)]	Loss: 0.356229
Train Epoch: 12 [3200/7500 (42%)]	Loss: 0.383956
Train Epoch: 12 [3840/7500 (51%)]	Loss: 0.361039
Train Epoch: 12 [4480/7500 (59%)]	Loss: 0.279541
Train Epoch: 12 [5120/7500 (68%)]	Loss: 0.703670
Train Epoch: 12 [5760/7500 (76%)]	Loss: 0.707071
Train Epoch: 12 [6400/7500 (85%)]	Loss: 0.410467
Train Epoch: 12 [7040/7500 (93%)]	Loss: 0.364165
sending model to server...
sent model to server! now waiting to hear back...
Received updated model from server...
Epoch 12 took 144.83223032951355s

Test set: Avg. loss: 0.1371, Accuracy: 9586/10000 (96%)

Train Epoch: 13 [0/7500 (0%)]	Loss: 0.529099
Train Epoch: 13 [640/7500 (8%)]	Loss: 0.324590
Train Epoch: 13 [1280/7500 (17%)]	Loss: 0.480534
Train Epoch: 13 [1920/7500 (25%)]	Loss: 0.310197
Train Epoch: 13 [2560/7500 (34%)]	Loss: 0.218410
Train Epoch: 13 [3200/7500 (42%)]	Loss: 0.354357
Train Epoch: 13 [3840/7500 (51%)]	Loss: 0.332282
Train Epoch: 13 [4480/7500 (59%)]	Loss: 0.391204
Train Epoch: 13 [5120/7500 (68%)]	Loss: 0.418361
Train Epoch: 13 [5760/7500 (76%)]	Loss: 0.351811
Train Epoch: 13 [6400/7500 (85%)]	Loss: 0.281245
Train Epoch: 13 [7040/7500 (93%)]	Loss: 0.446733
sending model to server...
sent model to server! now waiting to hear back...
Received updated model from server...
Epoch 13 took 146.7242169380188s

Test set: Avg. loss: 0.1306, Accuracy: 9596/10000 (96%)

Train Epoch: 14 [0/7500 (0%)]	Loss: 0.293249
Train Epoch: 14 [640/7500 (8%)]	Loss: 0.351967
Train Epoch: 14 [1280/7500 (17%)]	Loss: 0.510689
Train Epoch: 14 [1920/7500 (25%)]	Loss: 0.684324
Train Epoch: 14 [2560/7500 (34%)]	Loss: 0.283946
Train Epoch: 14 [3200/7500 (42%)]	Loss: 0.234330
Train Epoch: 14 [3840/7500 (51%)]	Loss: 0.415686
Train Epoch: 14 [4480/7500 (59%)]	Loss: 0.569560
Train Epoch: 14 [5120/7500 (68%)]	Loss: 0.529843
Train Epoch: 14 [5760/7500 (76%)]	Loss: 0.373973
Train Epoch: 14 [6400/7500 (85%)]	Loss: 0.429730
Train Epoch: 14 [7040/7500 (93%)]	Loss: 0.353254
sending model to server...
sent model to server! now waiting to hear back...
Received updated model from server...
Epoch 14 took 122.48611903190613s

Test set: Avg. loss: 0.1259, Accuracy: 9616/10000 (96%)

Train Epoch: 15 [0/7500 (0%)]	Loss: 0.177777
Train Epoch: 15 [640/7500 (8%)]	Loss: 0.310378
Train Epoch: 15 [1280/7500 (17%)]	Loss: 0.315496
Train Epoch: 15 [1920/7500 (25%)]	Loss: 0.373778
Train Epoch: 15 [2560/7500 (34%)]	Loss: 0.205454
Train Epoch: 15 [3200/7500 (42%)]	Loss: 0.275571
Train Epoch: 15 [3840/7500 (51%)]	Loss: 0.334118
Train Epoch: 15 [4480/7500 (59%)]	Loss: 0.332745
Train Epoch: 15 [5120/7500 (68%)]	Loss: 0.189861
Train Epoch: 15 [5760/7500 (76%)]	Loss: 0.251415
Train Epoch: 15 [6400/7500 (85%)]	Loss: 0.404788
Train Epoch: 15 [7040/7500 (93%)]	Loss: 0.258346
sending model to server...
sent model to server! now waiting to hear back...
Received updated model from server...
Epoch 15 took 120.76312232017517s

Test set: Avg. loss: 0.1203, Accuracy: 9633/10000 (96%)

Train Epoch: 16 [0/7500 (0%)]	Loss: 0.428178
Train Epoch: 16 [640/7500 (8%)]	Loss: 0.301594
Train Epoch: 16 [1280/7500 (17%)]	Loss: 0.505329
Train Epoch: 16 [1920/7500 (25%)]	Loss: 0.349010
Train Epoch: 16 [2560/7500 (34%)]	Loss: 0.232940
Train Epoch: 16 [3200/7500 (42%)]	Loss: 0.235036
Train Epoch: 16 [3840/7500 (51%)]	Loss: 0.412229
Train Epoch: 16 [4480/7500 (59%)]	Loss: 0.365333
Train Epoch: 16 [5120/7500 (68%)]	Loss: 0.327484
Train Epoch: 16 [5760/7500 (76%)]	Loss: 0.223611
Train Epoch: 16 [6400/7500 (85%)]	Loss: 0.371915
Train Epoch: 16 [7040/7500 (93%)]	Loss: 0.334593
sending model to server...
sent model to server! now waiting to hear back...
Received updated model from server...
Epoch 16 took 123.4123420715332s

Test set: Avg. loss: 0.1160, Accuracy: 9650/10000 (96%)

Train Epoch: 17 [0/7500 (0%)]	Loss: 0.183047
Train Epoch: 17 [640/7500 (8%)]	Loss: 0.329936
Train Epoch: 17 [1280/7500 (17%)]	Loss: 0.162873
Train Epoch: 17 [1920/7500 (25%)]	Loss: 0.272468
Train Epoch: 17 [2560/7500 (34%)]	Loss: 0.415633
Train Epoch: 17 [3200/7500 (42%)]	Loss: 0.178245
Train Epoch: 17 [3840/7500 (51%)]	Loss: 0.411114
Train Epoch: 17 [4480/7500 (59%)]	Loss: 0.242788
Train Epoch: 17 [5120/7500 (68%)]	Loss: 0.320440
Train Epoch: 17 [5760/7500 (76%)]	Loss: 0.270425
Train Epoch: 17 [6400/7500 (85%)]	Loss: 0.303382
Train Epoch: 17 [7040/7500 (93%)]	Loss: 0.253427
sending model to server...
sent model to server! now waiting to hear back...
Received updated model from server...
Epoch 17 took 122.70251893997192s

Test set: Avg. loss: 0.1110, Accuracy: 9667/10000 (97%)

Train Epoch: 18 [0/7500 (0%)]	Loss: 0.356843
Train Epoch: 18 [640/7500 (8%)]	Loss: 0.169195
Train Epoch: 18 [1280/7500 (17%)]	Loss: 0.459849
Train Epoch: 18 [1920/7500 (25%)]	Loss: 0.453443
Train Epoch: 18 [2560/7500 (34%)]	Loss: 0.283864
Train Epoch: 18 [3200/7500 (42%)]	Loss: 0.142182
Train Epoch: 18 [3840/7500 (51%)]	Loss: 0.262016
Train Epoch: 18 [4480/7500 (59%)]	Loss: 0.221521
Train Epoch: 18 [5120/7500 (68%)]	Loss: 0.492921
Train Epoch: 18 [5760/7500 (76%)]	Loss: 0.243371
Train Epoch: 18 [6400/7500 (85%)]	Loss: 0.355491
Train Epoch: 18 [7040/7500 (93%)]	Loss: 0.313940
sending model to server...
sent model to server! now waiting to hear back...
Received updated model from server...
Epoch 18 took 119.93520617485046s

Test set: Avg. loss: 0.1077, Accuracy: 9673/10000 (97%)

Train Epoch: 19 [0/7500 (0%)]	Loss: 0.322959
Train Epoch: 19 [640/7500 (8%)]	Loss: 0.245533
Train Epoch: 19 [1280/7500 (17%)]	Loss: 0.205493
Train Epoch: 19 [1920/7500 (25%)]	Loss: 0.511733
Train Epoch: 19 [2560/7500 (34%)]	Loss: 0.241070
Train Epoch: 19 [3200/7500 (42%)]	Loss: 0.332866
Train Epoch: 19 [3840/7500 (51%)]	Loss: 0.233698
Train Epoch: 19 [4480/7500 (59%)]	Loss: 0.407670
Train Epoch: 19 [5120/7500 (68%)]	Loss: 0.379142
Train Epoch: 19 [5760/7500 (76%)]	Loss: 0.306128
Train Epoch: 19 [6400/7500 (85%)]	Loss: 0.215627
Train Epoch: 19 [7040/7500 (93%)]	Loss: 0.325094
sending model to server...
sent model to server! now waiting to hear back...
Received updated model from server...
Epoch 19 took 126.08117365837097s

Test set: Avg. loss: 0.1044, Accuracy: 9680/10000 (97%)

Train Epoch: 20 [0/7500 (0%)]	Loss: 0.180202
Train Epoch: 20 [640/7500 (8%)]	Loss: 0.110142
Train Epoch: 20 [1280/7500 (17%)]	Loss: 0.367072
Train Epoch: 20 [1920/7500 (25%)]	Loss: 0.273845
Train Epoch: 20 [2560/7500 (34%)]	Loss: 0.239908
Train Epoch: 20 [3200/7500 (42%)]	Loss: 0.208762
Train Epoch: 20 [3840/7500 (51%)]	Loss: 0.379015
Train Epoch: 20 [4480/7500 (59%)]	Loss: 0.347019
Train Epoch: 20 [5120/7500 (68%)]	Loss: 0.261239
Train Epoch: 20 [5760/7500 (76%)]	Loss: 0.260615
Train Epoch: 20 [6400/7500 (85%)]	Loss: 0.272129
Train Epoch: 20 [7040/7500 (93%)]	Loss: 0.246591
sending model to server...
sent model to server! now waiting to hear back...
Received updated model from server...
Epoch 20 took 123.38791465759277s

Test set: Avg. loss: 0.1009, Accuracy: 9687/10000 (97%)

Average epoch train time: 128.92623554468156
Convergence time from worker2: 2772.645618200302
Average training time: 127.79120987653732
Average serialization time: 0.0019806504249572756
Average time to send model to parameter server: 0.04623056650161743
Average time it takes worker to receive a new model from when he is done training his model: 1.0831380009651184
Average amount of time it takes to load the new model received from the parameter server: 0.0022848844528198242
Program finished successfully!
