Received IPs:
Workers: [('192.168.1.21', 49153), ('192.168.2.21', 49154), ('192.168.3.21', 49155), ('192.168.4.21', 49156), ('192.168.5.21', 49157), ('192.168.6.21', 49158), ('192.168.7.21', 49159), ('192.168.8.21', 49160)]
Parameter Server: 192.168.0.21:49152
This is worker1
Starting training...
/usr/src/app/./distri_ml_ys.py:35: UserWarning: Implicit dimension choice for log_softmax has been deprecated. Change the call to include dim=X as an argument.
  return F.log_softmax(x)
Train Epoch: 1 [0/7500 (0%)]	Loss: 2.327779
Train Epoch: 1 [640/7500 (8%)]	Loss: 2.323973
Train Epoch: 1 [1280/7500 (17%)]	Loss: 2.315615
Train Epoch: 1 [1920/7500 (25%)]	Loss: 2.311375
Train Epoch: 1 [2560/7500 (34%)]	Loss: 2.302452
Train Epoch: 1 [3200/7500 (42%)]	Loss: 2.271202
Train Epoch: 1 [3840/7500 (51%)]	Loss: 2.225951
Train Epoch: 1 [4480/7500 (59%)]	Loss: 2.207613
Train Epoch: 1 [5120/7500 (68%)]	Loss: 2.190449
Train Epoch: 1 [5760/7500 (76%)]	Loss: 2.148909
Train Epoch: 1 [6400/7500 (85%)]	Loss: 2.082276
Train Epoch: 1 [7040/7500 (93%)]	Loss: 1.913329
sending model to server...
sent model to server! now waiting to hear back...
Received updated model from server...
Epoch 1 took 137.17577457427979s
/usr/local/lib/python3.9/site-packages/torch/nn/_reduction.py:42: UserWarning: size_average and reduce args will be deprecated, please use reduction='sum' instead.
  warnings.warn(warning.format(ret))

Test set: Avg. loss: 1.8061, Accuracy: 6504/10000 (65%)

Train Epoch: 2 [0/7500 (0%)]	Loss: 1.894614
Train Epoch: 2 [640/7500 (8%)]	Loss: 1.775548
Train Epoch: 2 [1280/7500 (17%)]	Loss: 1.609569
Train Epoch: 2 [1920/7500 (25%)]	Loss: 1.578681
Train Epoch: 2 [2560/7500 (34%)]	Loss: 1.543006
Train Epoch: 2 [3200/7500 (42%)]	Loss: 1.267610
Train Epoch: 2 [3840/7500 (51%)]	Loss: 1.119819
Train Epoch: 2 [4480/7500 (59%)]	Loss: 1.285702
Train Epoch: 2 [5120/7500 (68%)]	Loss: 1.091360
Train Epoch: 2 [5760/7500 (76%)]	Loss: 1.292664
Train Epoch: 2 [6400/7500 (85%)]	Loss: 1.038820
Train Epoch: 2 [7040/7500 (93%)]	Loss: 1.122754
sending model to server...
sent model to server! now waiting to hear back...
Received updated model from server...
Epoch 2 took 140.33538174629211s

Test set: Avg. loss: 0.6046, Accuracy: 8595/10000 (86%)

Train Epoch: 3 [0/7500 (0%)]	Loss: 1.256322
Train Epoch: 3 [640/7500 (8%)]	Loss: 1.137564
Train Epoch: 3 [1280/7500 (17%)]	Loss: 0.686195
Train Epoch: 3 [1920/7500 (25%)]	Loss: 1.052467
Train Epoch: 3 [2560/7500 (34%)]	Loss: 0.842977
Train Epoch: 3 [3200/7500 (42%)]	Loss: 1.111041
Train Epoch: 3 [3840/7500 (51%)]	Loss: 0.965037
Train Epoch: 3 [4480/7500 (59%)]	Loss: 0.862906
Train Epoch: 3 [5120/7500 (68%)]	Loss: 0.673909
Train Epoch: 3 [5760/7500 (76%)]	Loss: 0.760079
Train Epoch: 3 [6400/7500 (85%)]	Loss: 0.753294
Train Epoch: 3 [7040/7500 (93%)]	Loss: 0.649008
sending model to server...
sent model to server! now waiting to hear back...
Received updated model from server...
Epoch 3 took 128.543203830719s

Test set: Avg. loss: 0.4108, Accuracy: 8942/10000 (89%)

Train Epoch: 4 [0/7500 (0%)]	Loss: 0.718855
Train Epoch: 4 [640/7500 (8%)]	Loss: 0.640687
Train Epoch: 4 [1280/7500 (17%)]	Loss: 0.793410
Train Epoch: 4 [1920/7500 (25%)]	Loss: 0.615459
Train Epoch: 4 [2560/7500 (34%)]	Loss: 0.943582
Train Epoch: 4 [3200/7500 (42%)]	Loss: 0.583014
Train Epoch: 4 [3840/7500 (51%)]	Loss: 0.766005
Train Epoch: 4 [4480/7500 (59%)]	Loss: 0.782029
Train Epoch: 4 [5120/7500 (68%)]	Loss: 0.631254
Train Epoch: 4 [5760/7500 (76%)]	Loss: 0.730271
Train Epoch: 4 [6400/7500 (85%)]	Loss: 0.729648
Train Epoch: 4 [7040/7500 (93%)]	Loss: 0.525697
sending model to server...
sent model to server! now waiting to hear back...
Received updated model from server...
Epoch 4 took 128.84697246551514s

Test set: Avg. loss: 0.3144, Accuracy: 9157/10000 (92%)

Train Epoch: 5 [0/7500 (0%)]	Loss: 0.501863
Train Epoch: 5 [640/7500 (8%)]	Loss: 0.494811
Train Epoch: 5 [1280/7500 (17%)]	Loss: 0.542144
Train Epoch: 5 [1920/7500 (25%)]	Loss: 0.737812
Train Epoch: 5 [2560/7500 (34%)]	Loss: 0.562832
Train Epoch: 5 [3200/7500 (42%)]	Loss: 0.347493
Train Epoch: 5 [3840/7500 (51%)]	Loss: 0.964776
Train Epoch: 5 [4480/7500 (59%)]	Loss: 0.759379
Train Epoch: 5 [5120/7500 (68%)]	Loss: 0.507917
Train Epoch: 5 [5760/7500 (76%)]	Loss: 0.482680
Train Epoch: 5 [6400/7500 (85%)]	Loss: 0.514292
Train Epoch: 5 [7040/7500 (93%)]	Loss: 0.575750
sending model to server...
sent model to server! now waiting to hear back...
Received updated model from server...
Epoch 5 took 122.73084688186646s

Test set: Avg. loss: 0.2617, Accuracy: 9291/10000 (93%)

Train Epoch: 6 [0/7500 (0%)]	Loss: 0.401904
Train Epoch: 6 [640/7500 (8%)]	Loss: 0.634092
Train Epoch: 6 [1280/7500 (17%)]	Loss: 0.413792
Train Epoch: 6 [1920/7500 (25%)]	Loss: 0.721039
Train Epoch: 6 [2560/7500 (34%)]	Loss: 0.482213
Train Epoch: 6 [3200/7500 (42%)]	Loss: 0.485845
Train Epoch: 6 [3840/7500 (51%)]	Loss: 0.668111
Train Epoch: 6 [4480/7500 (59%)]	Loss: 0.702550
Train Epoch: 6 [5120/7500 (68%)]	Loss: 0.538467
Train Epoch: 6 [5760/7500 (76%)]	Loss: 0.543061
Train Epoch: 6 [6400/7500 (85%)]	Loss: 0.414948
Train Epoch: 6 [7040/7500 (93%)]	Loss: 0.540395
sending model to server...
sent model to server! now waiting to hear back...
Received updated model from server...
Epoch 6 took 124.92207646369934s

Test set: Avg. loss: 0.2270, Accuracy: 9364/10000 (94%)

Train Epoch: 7 [0/7500 (0%)]	Loss: 0.382828
Train Epoch: 7 [640/7500 (8%)]	Loss: 0.506942
Train Epoch: 7 [1280/7500 (17%)]	Loss: 0.491676
Train Epoch: 7 [1920/7500 (25%)]	Loss: 0.935568
Train Epoch: 7 [2560/7500 (34%)]	Loss: 0.742167
Train Epoch: 7 [3200/7500 (42%)]	Loss: 0.732710
Train Epoch: 7 [3840/7500 (51%)]	Loss: 0.235038
Train Epoch: 7 [4480/7500 (59%)]	Loss: 0.386778
Train Epoch: 7 [5120/7500 (68%)]	Loss: 0.613120
Train Epoch: 7 [5760/7500 (76%)]	Loss: 0.422428
Train Epoch: 7 [6400/7500 (85%)]	Loss: 0.601399
Train Epoch: 7 [7040/7500 (93%)]	Loss: 0.662783
sending model to server...
sent model to server! now waiting to hear back...
Received updated model from server...
Epoch 7 took 124.16521191596985s

Test set: Avg. loss: 0.2056, Accuracy: 9433/10000 (94%)

Train Epoch: 8 [0/7500 (0%)]	Loss: 0.604790
Train Epoch: 8 [640/7500 (8%)]	Loss: 0.756533
Train Epoch: 8 [1280/7500 (17%)]	Loss: 0.366174
Train Epoch: 8 [1920/7500 (25%)]	Loss: 0.421791
Train Epoch: 8 [2560/7500 (34%)]	Loss: 0.556980
Train Epoch: 8 [3200/7500 (42%)]	Loss: 0.395248
Train Epoch: 8 [3840/7500 (51%)]	Loss: 0.515432
Train Epoch: 8 [4480/7500 (59%)]	Loss: 0.553849
Train Epoch: 8 [5120/7500 (68%)]	Loss: 0.402134
Train Epoch: 8 [5760/7500 (76%)]	Loss: 0.560807
Train Epoch: 8 [6400/7500 (85%)]	Loss: 0.490260
Train Epoch: 8 [7040/7500 (93%)]	Loss: 0.430520
sending model to server...
sent model to server! now waiting to hear back...
Received updated model from server...
Epoch 8 took 135.70963549613953s

Test set: Avg. loss: 0.1852, Accuracy: 9455/10000 (95%)

Train Epoch: 9 [0/7500 (0%)]	Loss: 0.655140
Train Epoch: 9 [640/7500 (8%)]	Loss: 0.519776
Train Epoch: 9 [1280/7500 (17%)]	Loss: 0.459358
Train Epoch: 9 [1920/7500 (25%)]	Loss: 0.443926
Train Epoch: 9 [2560/7500 (34%)]	Loss: 0.341030
Train Epoch: 9 [3200/7500 (42%)]	Loss: 0.678599
Train Epoch: 9 [3840/7500 (51%)]	Loss: 0.549034
Train Epoch: 9 [4480/7500 (59%)]	Loss: 0.465395
Train Epoch: 9 [5120/7500 (68%)]	Loss: 0.397802
Train Epoch: 9 [5760/7500 (76%)]	Loss: 0.567214
Train Epoch: 9 [6400/7500 (85%)]	Loss: 0.339264
Train Epoch: 9 [7040/7500 (93%)]	Loss: 0.252811
sending model to server...
sent model to server! now waiting to hear back...
Received updated model from server...
Epoch 9 took 134.21405816078186s

Test set: Avg. loss: 0.1701, Accuracy: 9501/10000 (95%)

Train Epoch: 10 [0/7500 (0%)]	Loss: 0.477858
Train Epoch: 10 [640/7500 (8%)]	Loss: 0.262498
Train Epoch: 10 [1280/7500 (17%)]	Loss: 0.349493
Train Epoch: 10 [1920/7500 (25%)]	Loss: 0.374820
Train Epoch: 10 [2560/7500 (34%)]	Loss: 0.312572
Train Epoch: 10 [3200/7500 (42%)]	Loss: 0.408809
Train Epoch: 10 [3840/7500 (51%)]	Loss: 0.354014
Train Epoch: 10 [4480/7500 (59%)]	Loss: 0.386895
Train Epoch: 10 [5120/7500 (68%)]	Loss: 0.321391
Train Epoch: 10 [5760/7500 (76%)]	Loss: 0.506448
Train Epoch: 10 [6400/7500 (85%)]	Loss: 0.303203
Train Epoch: 10 [7040/7500 (93%)]	Loss: 0.450802
sending model to server...
sent model to server! now waiting to hear back...
Received updated model from server...
Epoch 10 took 123.19980263710022s

Test set: Avg. loss: 0.1571, Accuracy: 9534/10000 (95%)

Train Epoch: 11 [0/7500 (0%)]	Loss: 0.152041
Train Epoch: 11 [640/7500 (8%)]	Loss: 0.481310
Train Epoch: 11 [1280/7500 (17%)]	Loss: 0.505403
Train Epoch: 11 [1920/7500 (25%)]	Loss: 0.434880
Train Epoch: 11 [2560/7500 (34%)]	Loss: 0.670565
Train Epoch: 11 [3200/7500 (42%)]	Loss: 0.405763
Train Epoch: 11 [3840/7500 (51%)]	Loss: 0.457852
Train Epoch: 11 [4480/7500 (59%)]	Loss: 0.390910
Train Epoch: 11 [5120/7500 (68%)]	Loss: 0.270101
Train Epoch: 11 [5760/7500 (76%)]	Loss: 0.398468
Train Epoch: 11 [6400/7500 (85%)]	Loss: 0.276734
Train Epoch: 11 [7040/7500 (93%)]	Loss: 0.506951
sending model to server...
sent model to server! now waiting to hear back...
Received updated model from server...
Epoch 11 took 127.89880990982056s

Test set: Avg. loss: 0.1467, Accuracy: 9565/10000 (96%)

Train Epoch: 12 [0/7500 (0%)]	Loss: 0.427448
Train Epoch: 12 [640/7500 (8%)]	Loss: 0.285006
Train Epoch: 12 [1280/7500 (17%)]	Loss: 0.411611
Train Epoch: 12 [1920/7500 (25%)]	Loss: 0.185346
Train Epoch: 12 [2560/7500 (34%)]	Loss: 0.557741
Train Epoch: 12 [3200/7500 (42%)]	Loss: 0.268603
Train Epoch: 12 [3840/7500 (51%)]	Loss: 0.259702
Train Epoch: 12 [4480/7500 (59%)]	Loss: 0.174776
Train Epoch: 12 [5120/7500 (68%)]	Loss: 0.296573
Train Epoch: 12 [5760/7500 (76%)]	Loss: 0.410559
Train Epoch: 12 [6400/7500 (85%)]	Loss: 0.300872
Train Epoch: 12 [7040/7500 (93%)]	Loss: 0.297114
sending model to server...
sent model to server! now waiting to hear back...
Received updated model from server...
Epoch 12 took 145.12014365196228s

Test set: Avg. loss: 0.1371, Accuracy: 9586/10000 (96%)

Train Epoch: 13 [0/7500 (0%)]	Loss: 0.296322
Train Epoch: 13 [640/7500 (8%)]	Loss: 0.398047
Train Epoch: 13 [1280/7500 (17%)]	Loss: 0.347312
Train Epoch: 13 [1920/7500 (25%)]	Loss: 0.705595
Train Epoch: 13 [2560/7500 (34%)]	Loss: 0.401154
Train Epoch: 13 [3200/7500 (42%)]	Loss: 0.262016
Train Epoch: 13 [3840/7500 (51%)]	Loss: 0.587213
Train Epoch: 13 [4480/7500 (59%)]	Loss: 0.419477
Train Epoch: 13 [5120/7500 (68%)]	Loss: 0.464213
Train Epoch: 13 [5760/7500 (76%)]	Loss: 0.256530
Train Epoch: 13 [6400/7500 (85%)]	Loss: 0.340217
Train Epoch: 13 [7040/7500 (93%)]	Loss: 0.433550
sending model to server...
sent model to server! now waiting to hear back...
Received updated model from server...
Epoch 13 took 146.88142371177673s

Test set: Avg. loss: 0.1306, Accuracy: 9596/10000 (96%)

Train Epoch: 14 [0/7500 (0%)]	Loss: 0.207421
Train Epoch: 14 [640/7500 (8%)]	Loss: 0.430626
Train Epoch: 14 [1280/7500 (17%)]	Loss: 0.184862
Train Epoch: 14 [1920/7500 (25%)]	Loss: 0.365578
Train Epoch: 14 [2560/7500 (34%)]	Loss: 0.219380
Train Epoch: 14 [3200/7500 (42%)]	Loss: 0.275966
Train Epoch: 14 [3840/7500 (51%)]	Loss: 0.417026
Train Epoch: 14 [4480/7500 (59%)]	Loss: 0.486502
Train Epoch: 14 [5120/7500 (68%)]	Loss: 0.202144
Train Epoch: 14 [5760/7500 (76%)]	Loss: 0.286130
Train Epoch: 14 [6400/7500 (85%)]	Loss: 0.197746
Train Epoch: 14 [7040/7500 (93%)]	Loss: 0.332896
sending model to server...
sent model to server! now waiting to hear back...
Received updated model from server...
Epoch 14 took 122.74762845039368s

Test set: Avg. loss: 0.1259, Accuracy: 9616/10000 (96%)

Train Epoch: 15 [0/7500 (0%)]	Loss: 0.358878
Train Epoch: 15 [640/7500 (8%)]	Loss: 0.205731
Train Epoch: 15 [1280/7500 (17%)]	Loss: 0.445525
Train Epoch: 15 [1920/7500 (25%)]	Loss: 0.388512
Train Epoch: 15 [2560/7500 (34%)]	Loss: 0.235162
Train Epoch: 15 [3200/7500 (42%)]	Loss: 0.254127
Train Epoch: 15 [3840/7500 (51%)]	Loss: 0.394022
Train Epoch: 15 [4480/7500 (59%)]	Loss: 0.345376
Train Epoch: 15 [5120/7500 (68%)]	Loss: 0.225857
Train Epoch: 15 [5760/7500 (76%)]	Loss: 0.461870
Train Epoch: 15 [6400/7500 (85%)]	Loss: 0.181952
Train Epoch: 15 [7040/7500 (93%)]	Loss: 0.283219
sending model to server...
sent model to server! now waiting to hear back...
Received updated model from server...
Epoch 15 took 120.66733860969543s

Test set: Avg. loss: 0.1203, Accuracy: 9633/10000 (96%)

Train Epoch: 16 [0/7500 (0%)]	Loss: 0.512556
Train Epoch: 16 [640/7500 (8%)]	Loss: 0.134551
Train Epoch: 16 [1280/7500 (17%)]	Loss: 0.463387
Train Epoch: 16 [1920/7500 (25%)]	Loss: 0.383520
Train Epoch: 16 [2560/7500 (34%)]	Loss: 0.255502
Train Epoch: 16 [3200/7500 (42%)]	Loss: 0.166335
Train Epoch: 16 [3840/7500 (51%)]	Loss: 0.342680
Train Epoch: 16 [4480/7500 (59%)]	Loss: 0.235285
Train Epoch: 16 [5120/7500 (68%)]	Loss: 0.371376
Train Epoch: 16 [5760/7500 (76%)]	Loss: 0.317770
Train Epoch: 16 [6400/7500 (85%)]	Loss: 0.187548
Train Epoch: 16 [7040/7500 (93%)]	Loss: 0.242471
sending model to server...
sent model to server! now waiting to hear back...
Received updated model from server...
Epoch 16 took 123.36600852012634s

Test set: Avg. loss: 0.1160, Accuracy: 9650/10000 (96%)

Train Epoch: 17 [0/7500 (0%)]	Loss: 0.259208
Train Epoch: 17 [640/7500 (8%)]	Loss: 0.309846
Train Epoch: 17 [1280/7500 (17%)]	Loss: 0.407885
Train Epoch: 17 [1920/7500 (25%)]	Loss: 0.273837
Train Epoch: 17 [2560/7500 (34%)]	Loss: 0.274887
Train Epoch: 17 [3200/7500 (42%)]	Loss: 0.262663
Train Epoch: 17 [3840/7500 (51%)]	Loss: 0.292399
Train Epoch: 17 [4480/7500 (59%)]	Loss: 0.341430
Train Epoch: 17 [5120/7500 (68%)]	Loss: 0.247668
Train Epoch: 17 [5760/7500 (76%)]	Loss: 0.639177
Train Epoch: 17 [6400/7500 (85%)]	Loss: 0.261918
Train Epoch: 17 [7040/7500 (93%)]	Loss: 0.268489
sending model to server...
sent model to server! now waiting to hear back...
Received updated model from server...
Epoch 17 took 122.69229650497437s

Test set: Avg. loss: 0.1110, Accuracy: 9667/10000 (97%)

Train Epoch: 18 [0/7500 (0%)]	Loss: 0.356538
Train Epoch: 18 [640/7500 (8%)]	Loss: 0.274161
Train Epoch: 18 [1280/7500 (17%)]	Loss: 0.544690
Train Epoch: 18 [1920/7500 (25%)]	Loss: 0.337774
Train Epoch: 18 [2560/7500 (34%)]	Loss: 0.158433
Train Epoch: 18 [3200/7500 (42%)]	Loss: 0.089982
Train Epoch: 18 [3840/7500 (51%)]	Loss: 0.283336
Train Epoch: 18 [4480/7500 (59%)]	Loss: 0.256812
Train Epoch: 18 [5120/7500 (68%)]	Loss: 0.251269
Train Epoch: 18 [5760/7500 (76%)]	Loss: 0.296629
Train Epoch: 18 [6400/7500 (85%)]	Loss: 0.241702
Train Epoch: 18 [7040/7500 (93%)]	Loss: 0.326049
sending model to server...
sent model to server! now waiting to hear back...
Received updated model from server...
Epoch 18 took 119.5320143699646s

Test set: Avg. loss: 0.1077, Accuracy: 9673/10000 (97%)

Train Epoch: 19 [0/7500 (0%)]	Loss: 0.413460
Train Epoch: 19 [640/7500 (8%)]	Loss: 0.161153
Train Epoch: 19 [1280/7500 (17%)]	Loss: 0.244697
Train Epoch: 19 [1920/7500 (25%)]	Loss: 0.260228
Train Epoch: 19 [2560/7500 (34%)]	Loss: 0.244791
Train Epoch: 19 [3200/7500 (42%)]	Loss: 0.519262
Train Epoch: 19 [3840/7500 (51%)]	Loss: 0.539601
Train Epoch: 19 [4480/7500 (59%)]	Loss: 0.277714
Train Epoch: 19 [5120/7500 (68%)]	Loss: 0.464098
Train Epoch: 19 [5760/7500 (76%)]	Loss: 0.237090
Train Epoch: 19 [6400/7500 (85%)]	Loss: 0.410854
Train Epoch: 19 [7040/7500 (93%)]	Loss: 0.255706
sending model to server...
sent model to server! now waiting to hear back...
Received updated model from server...
Epoch 19 took 126.16612792015076s

Test set: Avg. loss: 0.1044, Accuracy: 9680/10000 (97%)

Train Epoch: 20 [0/7500 (0%)]	Loss: 0.181131
Train Epoch: 20 [640/7500 (8%)]	Loss: 0.245817
Train Epoch: 20 [1280/7500 (17%)]	Loss: 0.251203
Train Epoch: 20 [1920/7500 (25%)]	Loss: 0.335828
Train Epoch: 20 [2560/7500 (34%)]	Loss: 0.210610
Train Epoch: 20 [3200/7500 (42%)]	Loss: 0.197179
Train Epoch: 20 [3840/7500 (51%)]	Loss: 0.305552
Train Epoch: 20 [4480/7500 (59%)]	Loss: 0.577249
Train Epoch: 20 [5120/7500 (68%)]	Loss: 0.386020
Train Epoch: 20 [5760/7500 (76%)]	Loss: 0.140820
Train Epoch: 20 [6400/7500 (85%)]	Loss: 0.452851
Train Epoch: 20 [7040/7500 (93%)]	Loss: 0.506944
sending model to server...
sent model to server! now waiting to hear back...
Received updated model from server...
Epoch 20 took 123.6327600479126s

Test set: Avg. loss: 0.1009, Accuracy: 9687/10000 (97%)

Average epoch train time: 128.92737579345703
Convergence time from worker1: 2773.3966999053955
Average training time: 127.74362155199051
Average serialization time: 0.0011171817779541016
Average time to send model to parameter server: 0.014215648174285889
Average time it takes worker to receive a new model from when he is done training his model: 1.1647864699363708
Average amount of time it takes to load the new model received from the parameter server: 0.0026296496391296385
Program finished successfully!
