This is worker2
.
Sent 1 packets.
Starting training...
/usr/src/app/./distri_ml_ys.py:45: UserWarning: Implicit dimension choice for log_softmax has been deprecated. Change the call to include dim=X as an argument.
  return F.log_softmax(x)
Train Epoch: 1 [0/7500 (0%)]	Loss: 2.289188
Train Epoch: 1 [640/7500 (8%)]	Loss: 2.315589
Train Epoch: 1 [1280/7500 (17%)]	Loss: 2.302543
Train Epoch: 1 [1920/7500 (25%)]	Loss: 2.296413
Train Epoch: 1 [2560/7500 (34%)]	Loss: 2.260099
Train Epoch: 1 [3200/7500 (42%)]	Loss: 2.270810
Train Epoch: 1 [3840/7500 (51%)]	Loss: 2.220004
Train Epoch: 1 [4480/7500 (59%)]	Loss: 2.231091
Train Epoch: 1 [5120/7500 (68%)]	Loss: 2.175376
Train Epoch: 1 [5760/7500 (76%)]	Loss: 2.216883
Train Epoch: 1 [6400/7500 (85%)]	Loss: 2.063090
Train Epoch: 1 [7040/7500 (93%)]	Loss: 2.010049
finished training...
writing file...
sending signal...
.
Sent 1 packets.
waiting for a signal back...
Recevied signal from omnet++, time to read...
name conv1.weight

name conv1.bias

name conv2.weight

name conv2.bias

name fc1.weight

name fc1.bias

name fc2.weight

Epoch 1 took 120.2518036365509s
Train Epoch: 2 [0/7500 (0%)]	Loss: 1.927590
Train Epoch: 2 [640/7500 (8%)]	Loss: 1.693207
Train Epoch: 2 [1280/7500 (17%)]	Loss: 1.613963
Train Epoch: 2 [1920/7500 (25%)]	Loss: 1.564287
Train Epoch: 2 [2560/7500 (34%)]	Loss: 1.438389
Train Epoch: 2 [3200/7500 (42%)]	Loss: 1.574473
Train Epoch: 2 [3840/7500 (51%)]	Loss: 1.049084
Train Epoch: 2 [4480/7500 (59%)]	Loss: 1.246230
Train Epoch: 2 [5120/7500 (68%)]	Loss: 1.314177
Train Epoch: 2 [5760/7500 (76%)]	Loss: 1.176014
Train Epoch: 2 [6400/7500 (85%)]	Loss: 1.182459
Train Epoch: 2 [7040/7500 (93%)]	Loss: 1.041233
finished training...
writing file...
sending signal...
.
Sent 1 packets.
waiting for a signal back...
Recevied signal from omnet++, time to read...
name conv1.weight

name conv1.bias

name conv2.weight

name conv2.bias

name fc1.weight

name fc1.bias

name fc2.weight

Epoch 2 took 121.14037322998047s
Train Epoch: 3 [0/7500 (0%)]	Loss: 0.884080
Train Epoch: 3 [640/7500 (8%)]	Loss: 0.871882
Train Epoch: 3 [1280/7500 (17%)]	Loss: 0.967866
Train Epoch: 3 [1920/7500 (25%)]	Loss: 0.776435
Train Epoch: 3 [2560/7500 (34%)]	Loss: 1.091284
Train Epoch: 3 [3200/7500 (42%)]	Loss: 0.988380
Train Epoch: 3 [3840/7500 (51%)]	Loss: 0.745038
Train Epoch: 3 [4480/7500 (59%)]	Loss: 1.248751
Train Epoch: 3 [5120/7500 (68%)]	Loss: 0.642010
Train Epoch: 3 [5760/7500 (76%)]	Loss: 0.834566
Train Epoch: 3 [6400/7500 (85%)]	Loss: 0.780118
Train Epoch: 3 [7040/7500 (93%)]	Loss: 0.967276
finished training...
writing file...
sending signal...
.
Sent 1 packets.
waiting for a signal back...
Recevied signal from omnet++, time to read...
name conv1.weight

name conv1.bias

name conv2.weight

name conv2.bias

name fc1.weight

name fc1.bias

name fc2.weight

Epoch 3 took 119.83029079437256s
Train Epoch: 4 [0/7500 (0%)]	Loss: 0.760244
Train Epoch: 4 [640/7500 (8%)]	Loss: 0.639664
Train Epoch: 4 [1280/7500 (17%)]	Loss: 0.542180
Train Epoch: 4 [1920/7500 (25%)]	Loss: 0.643290
Train Epoch: 4 [2560/7500 (34%)]	Loss: 0.727454
Train Epoch: 4 [3200/7500 (42%)]	Loss: 0.568858
Train Epoch: 4 [3840/7500 (51%)]	Loss: 1.039678
Train Epoch: 4 [4480/7500 (59%)]	Loss: 0.730344
Train Epoch: 4 [5120/7500 (68%)]	Loss: 0.521244
Train Epoch: 4 [5760/7500 (76%)]	Loss: 0.747832
Train Epoch: 4 [6400/7500 (85%)]	Loss: 0.632082
Train Epoch: 4 [7040/7500 (93%)]	Loss: 0.929745
finished training...
writing file...
sending signal...
.
Sent 1 packets.
waiting for a signal back...
Recevied signal from omnet++, time to read...
name conv1.weight

name conv1.bias

name conv2.weight

name conv2.bias

name fc1.weight

name fc1.bias

name fc2.weight

Epoch 4 took 118.24872708320618s
Train Epoch: 5 [0/7500 (0%)]	Loss: 0.653072
Train Epoch: 5 [640/7500 (8%)]	Loss: 0.607695
Train Epoch: 5 [1280/7500 (17%)]	Loss: 0.618542
Train Epoch: 5 [1920/7500 (25%)]	Loss: 0.671106
Train Epoch: 5 [2560/7500 (34%)]	Loss: 0.668100
Train Epoch: 5 [3200/7500 (42%)]	Loss: 0.887516
Train Epoch: 5 [3840/7500 (51%)]	Loss: 0.602478
Train Epoch: 5 [4480/7500 (59%)]	Loss: 0.654343
Train Epoch: 5 [5120/7500 (68%)]	Loss: 0.631352
Train Epoch: 5 [5760/7500 (76%)]	Loss: 0.805191
Train Epoch: 5 [6400/7500 (85%)]	Loss: 0.773328
Train Epoch: 5 [7040/7500 (93%)]	Loss: 0.468976
finished training...
writing file...
sending signal...
.
Sent 1 packets.
waiting for a signal back...
Recevied signal from omnet++, time to read...
name conv1.weight

name conv1.bias

name conv2.weight

name conv2.bias

name fc1.weight

name fc1.bias

name fc2.weight

Epoch 5 took 123.04426383972168s
Average epoch train time: 120.50309171676636
Convergence time from worker2: 602.5180108547211
Average training time: 119.78974232673644
Average time it takes worker to receive a new model from when he is done training his model: 0.4694706916809082
Average amount of time it takes to load the new model received from the parameter server: 0.08893518447875977
Average time it takes to write trained model to text file: 0.10174722671508789
Final loss: 0.18025504052639008

Loss: [1.8557167053222656, 0.8947504162788391, 0.5822014212608337, 0.6229280829429626, 0.18025504052639008]

Train Times: [118.87548875808716, 120.71090030670166, 119.42716407775879, 117.36614227294922, 122.56901621818542]
Program finished successfully!
