This is worker4
.
Sent 1 packets.
Starting training...
/usr/src/app/./distri_ml_ys.py:45: UserWarning: Implicit dimension choice for log_softmax has been deprecated. Change the call to include dim=X as an argument.
  return F.log_softmax(x)
Train Epoch: 1 [0/7500 (0%)]	Loss: 2.299201
Train Epoch: 1 [640/7500 (8%)]	Loss: 2.304947
Train Epoch: 1 [1280/7500 (17%)]	Loss: 2.257720
Train Epoch: 1 [1920/7500 (25%)]	Loss: 2.282010
Train Epoch: 1 [2560/7500 (34%)]	Loss: 2.268317
Train Epoch: 1 [3200/7500 (42%)]	Loss: 2.255790
Train Epoch: 1 [3840/7500 (51%)]	Loss: 2.250008
Train Epoch: 1 [4480/7500 (59%)]	Loss: 2.175229
Train Epoch: 1 [5120/7500 (68%)]	Loss: 2.138967
Train Epoch: 1 [5760/7500 (76%)]	Loss: 2.174514
Train Epoch: 1 [6400/7500 (85%)]	Loss: 2.149724
Train Epoch: 1 [7040/7500 (93%)]	Loss: 2.047124
finished training...
writing file...
sending signal...
.
Sent 1 packets.
waiting for a signal back...
Recevied signal from omnet++, time to read...
name conv1.weight

name conv1.bias

name conv2.weight

name conv2.bias

name fc1.weight

name fc1.bias

name fc2.weight

Epoch 1 took 119.28088855743408s
Train Epoch: 2 [0/7500 (0%)]	Loss: 1.934548
Train Epoch: 2 [640/7500 (8%)]	Loss: 1.773947
Train Epoch: 2 [1280/7500 (17%)]	Loss: 1.557041
Train Epoch: 2 [1920/7500 (25%)]	Loss: 1.633738
Train Epoch: 2 [2560/7500 (34%)]	Loss: 1.563943
Train Epoch: 2 [3200/7500 (42%)]	Loss: 1.560275
Train Epoch: 2 [3840/7500 (51%)]	Loss: 1.392136
Train Epoch: 2 [4480/7500 (59%)]	Loss: 1.311366
Train Epoch: 2 [5120/7500 (68%)]	Loss: 1.097634
Train Epoch: 2 [5760/7500 (76%)]	Loss: 1.295864
Train Epoch: 2 [6400/7500 (85%)]	Loss: 1.079577
Train Epoch: 2 [7040/7500 (93%)]	Loss: 1.197291
finished training...
writing file...
sending signal...
.
Sent 1 packets.
waiting for a signal back...
Recevied signal from omnet++, time to read...
name conv1.weight

name conv1.bias

name conv2.weight

name conv2.bias

name fc1.weight

name fc1.bias

name fc2.weight

Epoch 2 took 121.07948899269104s
Train Epoch: 3 [0/7500 (0%)]	Loss: 0.860851
Train Epoch: 3 [640/7500 (8%)]	Loss: 1.221564
Train Epoch: 3 [1280/7500 (17%)]	Loss: 1.015553
Train Epoch: 3 [1920/7500 (25%)]	Loss: 1.151385
Train Epoch: 3 [2560/7500 (34%)]	Loss: 0.897547
Train Epoch: 3 [3200/7500 (42%)]	Loss: 1.019718
Train Epoch: 3 [3840/7500 (51%)]	Loss: 0.811662
Train Epoch: 3 [4480/7500 (59%)]	Loss: 0.844207
Train Epoch: 3 [5120/7500 (68%)]	Loss: 1.139887
Train Epoch: 3 [5760/7500 (76%)]	Loss: 0.996060
Train Epoch: 3 [6400/7500 (85%)]	Loss: 0.826884
Train Epoch: 3 [7040/7500 (93%)]	Loss: 0.820218
finished training...
writing file...
sending signal...
.
Sent 1 packets.
waiting for a signal back...
Recevied signal from omnet++, time to read...
name conv1.weight

name conv1.bias

name conv2.weight

name conv2.bias

name fc1.weight

name fc1.bias

name fc2.weight

Epoch 3 took 119.80930781364441s
Train Epoch: 4 [0/7500 (0%)]	Loss: 0.971142
Train Epoch: 4 [640/7500 (8%)]	Loss: 0.839657
Train Epoch: 4 [1280/7500 (17%)]	Loss: 0.689418
Train Epoch: 4 [1920/7500 (25%)]	Loss: 0.902367
Train Epoch: 4 [2560/7500 (34%)]	Loss: 0.626419
Train Epoch: 4 [3200/7500 (42%)]	Loss: 0.686545
Train Epoch: 4 [3840/7500 (51%)]	Loss: 0.843615
Train Epoch: 4 [4480/7500 (59%)]	Loss: 0.804792
Train Epoch: 4 [5120/7500 (68%)]	Loss: 1.028891
Train Epoch: 4 [5760/7500 (76%)]	Loss: 0.764846
Train Epoch: 4 [6400/7500 (85%)]	Loss: 0.705678
Train Epoch: 4 [7040/7500 (93%)]	Loss: 0.810251
finished training...
writing file...
sending signal...
.
Sent 1 packets.
waiting for a signal back...
Recevied signal from omnet++, time to read...
name conv1.weight

name conv1.bias

name conv2.weight

name conv2.bias

name fc1.weight

name fc1.bias

name fc2.weight

Epoch 4 took 118.31746888160706s
Train Epoch: 5 [0/7500 (0%)]	Loss: 0.911787
Train Epoch: 5 [640/7500 (8%)]	Loss: 0.605519
Train Epoch: 5 [1280/7500 (17%)]	Loss: 0.921346
Train Epoch: 5 [1920/7500 (25%)]	Loss: 0.770442
Train Epoch: 5 [2560/7500 (34%)]	Loss: 0.571772
Train Epoch: 5 [3200/7500 (42%)]	Loss: 0.735259
Train Epoch: 5 [3840/7500 (51%)]	Loss: 0.646719
Train Epoch: 5 [4480/7500 (59%)]	Loss: 0.590733
Train Epoch: 5 [5120/7500 (68%)]	Loss: 0.592255
Train Epoch: 5 [5760/7500 (76%)]	Loss: 0.770827
Train Epoch: 5 [6400/7500 (85%)]	Loss: 0.335653
Train Epoch: 5 [7040/7500 (93%)]	Loss: 0.510421
finished training...
writing file...
sending signal...
.
Sent 1 packets.
waiting for a signal back...
Recevied signal from omnet++, time to read...
name conv1.weight

name conv1.bias

name conv2.weight

name conv2.bias

name fc1.weight

name fc1.bias

name fc2.weight

Epoch 5 took 123.04187035560608s
Average epoch train time: 120.30580492019654
Convergence time from worker4: 601.5482978820801
Average training time: 119.4105474948883
Average time it takes worker to receive a new model from when he is done training his model: 0.6843810558319092
Average amount of time it takes to load the new model received from the parameter server: 0.04684014320373535
Average time it takes to write trained model to text file: 0.09516768455505371
Final loss: 0.32428354024887085

Loss: [1.6226838827133179, 0.6736276745796204, 0.8301863670349121, 0.7305427193641663, 0.32428354024887085]

Train Times: [117.95077347755432, 118.91337895393372, 119.49775910377502, 118.00731945037842, 122.68350648880005]
Program finished successfully!
