This is worker3
.
Sent 1 packets.
Starting training...
/usr/src/app/./distri_ml_ys.py:45: UserWarning: Implicit dimension choice for log_softmax has been deprecated. Change the call to include dim=X as an argument.
  return F.log_softmax(x)
Train Epoch: 1 [0/7500 (0%)]	Loss: 2.322021
Train Epoch: 1 [640/7500 (8%)]	Loss: 2.323419
Train Epoch: 1 [1280/7500 (17%)]	Loss: 2.286988
Train Epoch: 1 [1920/7500 (25%)]	Loss: 2.301090
Train Epoch: 1 [2560/7500 (34%)]	Loss: 2.297053
Train Epoch: 1 [3200/7500 (42%)]	Loss: 2.279237
Train Epoch: 1 [3840/7500 (51%)]	Loss: 2.233674
Train Epoch: 1 [4480/7500 (59%)]	Loss: 2.233501
Train Epoch: 1 [5120/7500 (68%)]	Loss: 2.159689
Train Epoch: 1 [5760/7500 (76%)]	Loss: 2.116570
Train Epoch: 1 [6400/7500 (85%)]	Loss: 2.058363
Train Epoch: 1 [7040/7500 (93%)]	Loss: 1.968688
finished training...
writing file...
sending signal...
.
Sent 1 packets.
waiting for a signal back...
Recevied signal from omnet++, time to read...
name conv1.weight

name conv1.bias

name conv2.weight

name conv2.bias

name fc1.weight

name fc1.bias

name fc2.weight

Epoch 1 took 119.86827635765076s
Train Epoch: 2 [0/7500 (0%)]	Loss: 2.000171
Train Epoch: 2 [640/7500 (8%)]	Loss: 1.847860
Train Epoch: 2 [1280/7500 (17%)]	Loss: 1.691813
Train Epoch: 2 [1920/7500 (25%)]	Loss: 1.739092
Train Epoch: 2 [2560/7500 (34%)]	Loss: 1.529019
Train Epoch: 2 [3200/7500 (42%)]	Loss: 1.504151
Train Epoch: 2 [3840/7500 (51%)]	Loss: 1.387111
Train Epoch: 2 [4480/7500 (59%)]	Loss: 1.183708
Train Epoch: 2 [5120/7500 (68%)]	Loss: 1.095580
Train Epoch: 2 [5760/7500 (76%)]	Loss: 1.168598
Train Epoch: 2 [6400/7500 (85%)]	Loss: 1.172133
Train Epoch: 2 [7040/7500 (93%)]	Loss: 1.095487
finished training...
writing file...
sending signal...
.
Sent 1 packets.
waiting for a signal back...
Recevied signal from omnet++, time to read...
name conv1.weight

name conv1.bias

name conv2.weight

name conv2.bias

name fc1.weight

name fc1.bias

name fc2.weight

Epoch 2 took 121.09655332565308s
Train Epoch: 3 [0/7500 (0%)]	Loss: 1.084984
Train Epoch: 3 [640/7500 (8%)]	Loss: 0.719307
Train Epoch: 3 [1280/7500 (17%)]	Loss: 0.824459
Train Epoch: 3 [1920/7500 (25%)]	Loss: 0.913541
Train Epoch: 3 [2560/7500 (34%)]	Loss: 0.821121
Train Epoch: 3 [3200/7500 (42%)]	Loss: 0.794992
Train Epoch: 3 [3840/7500 (51%)]	Loss: 0.915538
Train Epoch: 3 [4480/7500 (59%)]	Loss: 0.962243
Train Epoch: 3 [5120/7500 (68%)]	Loss: 0.754484
Train Epoch: 3 [5760/7500 (76%)]	Loss: 0.840362
Train Epoch: 3 [6400/7500 (85%)]	Loss: 0.678591
Train Epoch: 3 [7040/7500 (93%)]	Loss: 0.905257
finished training...
writing file...
sending signal...
.
Sent 1 packets.
waiting for a signal back...
Recevied signal from omnet++, time to read...
name conv1.weight

name conv1.bias

name conv2.weight

name conv2.bias

name fc1.weight

name fc1.bias

name fc2.weight

Epoch 3 took 119.86497354507446s
Train Epoch: 4 [0/7500 (0%)]	Loss: 0.657015
Train Epoch: 4 [640/7500 (8%)]	Loss: 0.870803
Train Epoch: 4 [1280/7500 (17%)]	Loss: 0.711997
Train Epoch: 4 [1920/7500 (25%)]	Loss: 0.648202
Train Epoch: 4 [2560/7500 (34%)]	Loss: 0.608217
Train Epoch: 4 [3200/7500 (42%)]	Loss: 0.646147
Train Epoch: 4 [3840/7500 (51%)]	Loss: 0.609228
Train Epoch: 4 [4480/7500 (59%)]	Loss: 0.810665
Train Epoch: 4 [5120/7500 (68%)]	Loss: 0.584657
Train Epoch: 4 [5760/7500 (76%)]	Loss: 0.476256
Train Epoch: 4 [6400/7500 (85%)]	Loss: 0.771770
Train Epoch: 4 [7040/7500 (93%)]	Loss: 0.463791
finished training...
writing file...
sending signal...
.
Sent 1 packets.
waiting for a signal back...
Recevied signal from omnet++, time to read...
name conv1.weight

name conv1.bias

name conv2.weight

name conv2.bias

name fc1.weight

name fc1.bias

name fc2.weight

Epoch 4 took 118.25993084907532s
Train Epoch: 5 [0/7500 (0%)]	Loss: 0.667033
Train Epoch: 5 [640/7500 (8%)]	Loss: 0.573121
Train Epoch: 5 [1280/7500 (17%)]	Loss: 0.526834
Train Epoch: 5 [1920/7500 (25%)]	Loss: 0.693395
Train Epoch: 5 [2560/7500 (34%)]	Loss: 0.608731
Train Epoch: 5 [3200/7500 (42%)]	Loss: 0.493465
Train Epoch: 5 [3840/7500 (51%)]	Loss: 0.638675
Train Epoch: 5 [4480/7500 (59%)]	Loss: 0.790611
Train Epoch: 5 [5120/7500 (68%)]	Loss: 0.499421
Train Epoch: 5 [5760/7500 (76%)]	Loss: 0.451233
Train Epoch: 5 [6400/7500 (85%)]	Loss: 0.609209
Train Epoch: 5 [7040/7500 (93%)]	Loss: 0.613344
finished training...
writing file...
sending signal...
.
Sent 1 packets.
waiting for a signal back...
Recevied signal from omnet++, time to read...
name conv1.weight

name conv1.bias

name conv2.weight

name conv2.bias

name fc1.weight

name fc1.bias

name fc2.weight

Epoch 5 took 123.04615998268127s
Average epoch train time: 120.42717881202698
Convergence time from worker3: 602.1364681720734
Average training time: 119.71241235733032
Average time it takes worker to receive a new model from when he is done training his model: 0.4889678955078125
Average amount of time it takes to load the new model received from the parameter server: 0.07420520782470703
Average time it takes to write trained model to text file: 0.09505686759948731
Final loss: 0.2595822513103485

Loss: [2.066167116165161, 0.9177401661872864, 0.8946376442909241, 0.33897820115089417, 0.2595822513103485]

Train Times: [118.46234178543091, 120.80438351631165, 119.47727870941162, 117.56523895263672, 122.25281882286072]
Program finished successfully!
