This is a parameter server!
.
Sent 1 packets.
wating for a signal...
reading files...
files to read from:
./logs/root_switch/dict3.txt
name conv1.weight

name conv1.bias

name conv2.weight

name conv2.bias

name fc1.weight

name fc1.bias

name fc2.weight

./logs/root_switch/dict5.txt
name conv1.weight

name conv1.bias

name conv2.weight

name conv2.bias

name fc1.weight

name fc1.bias

name fc2.weight

./logs/root_switch/dict0.txt
name conv1.weight

name conv1.bias

name conv2.weight

name conv2.bias

name fc1.weight

name fc1.bias

name fc2.weight

./logs/root_switch/dict7.txt
name conv1.weight

name conv1.bias

name conv2.weight

name conv2.bias

name fc1.weight

name fc1.bias

name fc2.weight

./logs/root_switch/dict1.txt
name conv1.weight

name conv1.bias

name conv2.weight

name conv2.bias

name fc1.weight

name fc1.bias

name fc2.weight

./logs/root_switch/dict4.txt
name conv1.weight

name conv1.bias

name conv2.weight

name conv2.bias

name fc1.weight

name fc1.bias

name fc2.weight

./logs/root_switch/dict2.txt
name conv1.weight

name conv1.bias

name conv2.weight

name conv2.bias

name fc1.weight

name fc1.bias

name fc2.weight

./logs/root_switch/dict6.txt
name conv1.weight

name conv1.bias

name conv2.weight

name conv2.bias

name fc1.weight

name fc1.bias

name fc2.weight


aggregating received dicts...
writing file...
signaling switches...
.
Sent 1 packets.
/usr/src/app/./distri_ml_ys.py:45: UserWarning: Implicit dimension choice for log_softmax has been deprecated. Change the call to include dim=X as an argument.
  return F.log_softmax(x)
/usr/local/lib/python3.9/site-packages/torch/nn/_reduction.py:42: UserWarning: size_average and reduce args will be deprecated, please use reduction='sum' instead.
  warnings.warn(warning.format(ret))

Test set: Avg. loss: 1.8061, Accuracy: 6504/10000 (65%)

Finished Epoch Number 1
Average time to compute new model: 0.009543895721435547s
Average time it takes the server to read all the new files: 0.1676623821258545
Avergae time to test: 9.900417566299438s


accuracies: [65.04000091552734]


test losses: [1.8060919067382812]
wating for a signal...
reading files...
files to read from:
./logs/root_switch/dict3.txt
name conv1.weight

name conv1.bias

name conv2.weight

name conv2.bias

name fc1.weight

name fc1.bias

name fc2.weight

./logs/root_switch/dict5.txt
name conv1.weight

name conv1.bias

name conv2.weight

name conv2.bias

name fc1.weight

name fc1.bias

name fc2.weight

./logs/root_switch/dict0.txt
name conv1.weight

name conv1.bias

name conv2.weight

name conv2.bias

name fc1.weight

name fc1.bias

name fc2.weight

./logs/root_switch/dict7.txt
name conv1.weight

name conv1.bias

name conv2.weight

name conv2.bias

name fc1.weight

name fc1.bias

name fc2.weight

./logs/root_switch/dict1.txt
name conv1.weight

name conv1.bias

name conv2.weight

name conv2.bias

name fc1.weight

name fc1.bias

name fc2.weight

./logs/root_switch/dict4.txt
name conv1.weight

name conv1.bias

name conv2.weight

name conv2.bias

name fc1.weight

name fc1.bias

name fc2.weight

./logs/root_switch/dict2.txt
name conv1.weight

name conv1.bias

name conv2.weight

name conv2.bias

name fc1.weight

name fc1.bias

name fc2.weight

./logs/root_switch/dict6.txt
name conv1.weight

name conv1.bias

name conv2.weight

name conv2.bias

name fc1.weight

name fc1.bias

name fc2.weight


aggregating received dicts...
writing file...
signaling switches...
.
Sent 1 packets.

Test set: Avg. loss: 0.6101, Accuracy: 8474/10000 (85%)

Finished Epoch Number 2
Average time to compute new model: 0.008774876594543457s
Average time it takes the server to read all the new files: 0.16264259815216064
Avergae time to test: 9.729584574699402s


accuracies: [65.04000091552734, 84.73999786376953]


test losses: [1.8060919067382812, 0.6101461608886719]
wating for a signal...
reading files...
files to read from:
./logs/root_switch/dict3.txt
name conv1.weight

name conv1.bias

name conv2.weight

name conv2.bias

name fc1.weight

name fc1.bias

name fc2.weight

./logs/root_switch/dict5.txt
name conv1.weight

name conv1.bias

name conv2.weight

name conv2.bias

name fc1.weight

name fc1.bias

name fc2.weight

./logs/root_switch/dict0.txt
name conv1.weight

name conv1.bias

name conv2.weight

name conv2.bias

name fc1.weight

name fc1.bias

name fc2.weight

./logs/root_switch/dict7.txt
name conv1.weight

name conv1.bias

name conv2.weight

name conv2.bias

name fc1.weight

name fc1.bias

name fc2.weight

./logs/root_switch/dict1.txt
name conv1.weight

name conv1.bias

name conv2.weight

name conv2.bias

name fc1.weight

name fc1.bias

name fc2.weight

./logs/root_switch/dict4.txt
name conv1.weight

name conv1.bias

name conv2.weight

name conv2.bias

name fc1.weight

name fc1.bias

name fc2.weight

./logs/root_switch/dict2.txt
name conv1.weight

name conv1.bias

name conv2.weight

name conv2.bias

name fc1.weight

name fc1.bias

name fc2.weight

./logs/root_switch/dict6.txt
name conv1.weight

name conv1.bias

name conv2.weight

name conv2.bias

name fc1.weight

name fc1.bias

name fc2.weight


aggregating received dicts...
writing file...
signaling switches...
.
Sent 1 packets.

Test set: Avg. loss: 0.4049, Accuracy: 8991/10000 (90%)

Finished Epoch Number 3
Average time to compute new model: 0.01046315828959147s
Average time it takes the server to read all the new files: 0.16926074028015137
Avergae time to test: 9.92803947130839s


accuracies: [65.04000091552734, 84.73999786376953, 89.91000366210938]


test losses: [1.8060919067382812, 0.6101461608886719, 0.4048717834472656]
wating for a signal...
reading files...
files to read from:
./logs/root_switch/dict3.txt
name conv1.weight

name conv1.bias

name conv2.weight

name conv2.bias

name fc1.weight

name fc1.bias

name fc2.weight

./logs/root_switch/dict5.txt
name conv1.weight

name conv1.bias

name conv2.weight

name conv2.bias

name fc1.weight

name fc1.bias

name fc2.weight

./logs/root_switch/dict0.txt
name conv1.weight

name conv1.bias

name conv2.weight

name conv2.bias

name fc1.weight

name fc1.bias

name fc2.weight

./logs/root_switch/dict7.txt
name conv1.weight

name conv1.bias

name conv2.weight

name conv2.bias

name fc1.weight

name fc1.bias

name fc2.weight

./logs/root_switch/dict1.txt
name conv1.weight

name conv1.bias

name conv2.weight

name conv2.bias

name fc1.weight

name fc1.bias

name fc2.weight

./logs/root_switch/dict4.txt
name conv1.weight

name conv1.bias

name conv2.weight

name conv2.bias

name fc1.weight

name fc1.bias

name fc2.weight

./logs/root_switch/dict2.txt
name conv1.weight

name conv1.bias

name conv2.weight

name conv2.bias

name fc1.weight

name fc1.bias

name fc2.weight

./logs/root_switch/dict6.txt
name conv1.weight

name conv1.bias

name conv2.weight

name conv2.bias

name fc1.weight

name fc1.bias

name fc2.weight


aggregating received dicts...
writing file...
signaling switches...
.
Sent 1 packets.

Test set: Avg. loss: 0.3171, Accuracy: 9166/10000 (92%)

Finished Epoch Number 4
Average time to compute new model: 0.009981155395507812s
Average time it takes the server to read all the new files: 0.17452430725097656
Avergae time to test: 10.124611914157867s


accuracies: [65.04000091552734, 84.73999786376953, 89.91000366210938, 91.66000366210938]


test losses: [1.8060919067382812, 0.6101461608886719, 0.4048717834472656, 0.3171118682861328]
wating for a signal...
reading files...
files to read from:
./logs/root_switch/dict3.txt
name conv1.weight

name conv1.bias

name conv2.weight

name conv2.bias

name fc1.weight

name fc1.bias

name fc2.weight

./logs/root_switch/dict5.txt
name conv1.weight

name conv1.bias

name conv2.weight

name conv2.bias

name fc1.weight

name fc1.bias

name fc2.weight

./logs/root_switch/dict0.txt
name conv1.weight

name conv1.bias

name conv2.weight

name conv2.bias

name fc1.weight

name fc1.bias

name fc2.weight

./logs/root_switch/dict7.txt
name conv1.weight

name conv1.bias

name conv2.weight

name conv2.bias

name fc1.weight

name fc1.bias

name fc2.weight

./logs/root_switch/dict1.txt
name conv1.weight

name conv1.bias

name conv2.weight

name conv2.bias

name fc1.weight

name fc1.bias

name fc2.weight

./logs/root_switch/dict4.txt
name conv1.weight

name conv1.bias

name conv2.weight

name conv2.bias

name fc1.weight

name fc1.bias

name fc2.weight

./logs/root_switch/dict2.txt
name conv1.weight

name conv1.bias

name conv2.weight

name conv2.bias

name fc1.weight

name fc1.bias

name fc2.weight

./logs/root_switch/dict6.txt
name conv1.weight

name conv1.bias

name conv2.weight

name conv2.bias

name fc1.weight

name fc1.bias

name fc2.weight


aggregating received dicts...
writing file...
signaling switches...
.
Sent 1 packets.

Test set: Avg. loss: 0.2589, Accuracy: 9272/10000 (93%)

Finished Epoch Number 5
Average time to compute new model: 0.009820699691772461s
Average time it takes the server to read all the new files: 0.17356319427490235
Avergae time to test: 9.04985270500183s


accuracies: [65.04000091552734, 84.73999786376953, 89.91000366210938, 91.66000366210938, 92.72000122070312]


test losses: [1.8060919067382812, 0.6101461608886719, 0.4048717834472656, 0.3171118682861328, 0.2589292236328125]
Simulation is done!
