This is worker6
.
Sent 1 packets.
Starting training...
/usr/src/app/./distri_ml_ys.py:45: UserWarning: Implicit dimension choice for log_softmax has been deprecated. Change the call to include dim=X as an argument.
  return F.log_softmax(x)
Train Epoch: 1 [0/7500 (0%)]	Loss: 2.390293
Train Epoch: 1 [640/7500 (8%)]	Loss: 2.339042
Train Epoch: 1 [1280/7500 (17%)]	Loss: 2.264636
Train Epoch: 1 [1920/7500 (25%)]	Loss: 2.263185
Train Epoch: 1 [2560/7500 (34%)]	Loss: 2.314513
Train Epoch: 1 [3200/7500 (42%)]	Loss: 2.272655
Train Epoch: 1 [3840/7500 (51%)]	Loss: 2.197064
Train Epoch: 1 [4480/7500 (59%)]	Loss: 2.176059
Train Epoch: 1 [5120/7500 (68%)]	Loss: 2.188628
Train Epoch: 1 [5760/7500 (76%)]	Loss: 2.195065
Train Epoch: 1 [6400/7500 (85%)]	Loss: 2.127443
Train Epoch: 1 [7040/7500 (93%)]	Loss: 2.033368
finished training...
writing file...
sending signal...
.
Sent 1 packets.
waiting for a signal back...
Recevied signal from omnet++, time to read...
name conv1.weight

name conv1.bias

name conv2.weight

name conv2.bias

name fc1.weight

name fc1.bias

name fc2.weight

Epoch 1 took 119.05379915237427s
Train Epoch: 2 [0/7500 (0%)]	Loss: 1.877695
Train Epoch: 2 [640/7500 (8%)]	Loss: 1.765963
Train Epoch: 2 [1280/7500 (17%)]	Loss: 1.641856
Train Epoch: 2 [1920/7500 (25%)]	Loss: 1.539134
Train Epoch: 2 [2560/7500 (34%)]	Loss: 1.349556
Train Epoch: 2 [3200/7500 (42%)]	Loss: 1.424388
Train Epoch: 2 [3840/7500 (51%)]	Loss: 1.199674
Train Epoch: 2 [4480/7500 (59%)]	Loss: 1.112449
Train Epoch: 2 [5120/7500 (68%)]	Loss: 1.256160
Train Epoch: 2 [5760/7500 (76%)]	Loss: 1.078271
Train Epoch: 2 [6400/7500 (85%)]	Loss: 1.276435
Train Epoch: 2 [7040/7500 (93%)]	Loss: 1.023291
finished training...
writing file...
sending signal...
.
Sent 1 packets.
waiting for a signal back...
Recevied signal from omnet++, time to read...
name conv1.weight

name conv1.bias

name conv2.weight

name conv2.bias

name fc1.weight

name fc1.bias

name fc2.weight

Epoch 2 took 124.39960551261902s
Train Epoch: 3 [0/7500 (0%)]	Loss: 0.992003
Train Epoch: 3 [640/7500 (8%)]	Loss: 0.925913
Train Epoch: 3 [1280/7500 (17%)]	Loss: 0.952915
Train Epoch: 3 [1920/7500 (25%)]	Loss: 0.954118
Train Epoch: 3 [2560/7500 (34%)]	Loss: 0.892311
Train Epoch: 3 [3200/7500 (42%)]	Loss: 0.816561
Train Epoch: 3 [3840/7500 (51%)]	Loss: 0.858391
Train Epoch: 3 [4480/7500 (59%)]	Loss: 1.023429
Train Epoch: 3 [5120/7500 (68%)]	Loss: 0.699087
Train Epoch: 3 [5760/7500 (76%)]	Loss: 0.608269
Train Epoch: 3 [6400/7500 (85%)]	Loss: 0.936184
Train Epoch: 3 [7040/7500 (93%)]	Loss: 0.691905
finished training...
writing file...
sending signal...
.
Sent 1 packets.
waiting for a signal back...
Recevied signal from omnet++, time to read...
name conv1.weight

name conv1.bias

name conv2.weight

name conv2.bias

name fc1.weight

name fc1.bias

name fc2.weight

Epoch 3 took 127.32214593887329s
Train Epoch: 4 [0/7500 (0%)]	Loss: 0.805382
Train Epoch: 4 [640/7500 (8%)]	Loss: 0.643855
Train Epoch: 4 [1280/7500 (17%)]	Loss: 0.900274
Train Epoch: 4 [1920/7500 (25%)]	Loss: 0.654802
Train Epoch: 4 [2560/7500 (34%)]	Loss: 0.743145
Train Epoch: 4 [3200/7500 (42%)]	Loss: 0.670666
Train Epoch: 4 [3840/7500 (51%)]	Loss: 0.687955
Train Epoch: 4 [4480/7500 (59%)]	Loss: 0.697842
Train Epoch: 4 [5120/7500 (68%)]	Loss: 0.587427
Train Epoch: 4 [5760/7500 (76%)]	Loss: 0.754665
Train Epoch: 4 [6400/7500 (85%)]	Loss: 0.653710
Train Epoch: 4 [7040/7500 (93%)]	Loss: 0.625306
finished training...
writing file...
sending signal...
.
Sent 1 packets.
waiting for a signal back...
Recevied signal from omnet++, time to read...
name conv1.weight

name conv1.bias

name conv2.weight

name conv2.bias

name fc1.weight

name fc1.bias

name fc2.weight

Epoch 4 took 124.0898323059082s
Train Epoch: 5 [0/7500 (0%)]	Loss: 0.618346
Train Epoch: 5 [640/7500 (8%)]	Loss: 0.640316
Train Epoch: 5 [1280/7500 (17%)]	Loss: 0.754619
Train Epoch: 5 [1920/7500 (25%)]	Loss: 0.673259
Train Epoch: 5 [2560/7500 (34%)]	Loss: 0.577822
Train Epoch: 5 [3200/7500 (42%)]	Loss: 0.565003
Train Epoch: 5 [3840/7500 (51%)]	Loss: 0.616553
Train Epoch: 5 [4480/7500 (59%)]	Loss: 0.486442
Train Epoch: 5 [5120/7500 (68%)]	Loss: 0.653125
Train Epoch: 5 [5760/7500 (76%)]	Loss: 0.666036
Train Epoch: 5 [6400/7500 (85%)]	Loss: 0.678652
Train Epoch: 5 [7040/7500 (93%)]	Loss: 0.604767
finished training...
writing file...
sending signal...
.
Sent 1 packets.
waiting for a signal back...
Recevied signal from omnet++, time to read...
name conv1.weight

name conv1.bias

name conv2.weight

name conv2.bias

name fc1.weight

name fc1.bias

name fc2.weight

Epoch 5 took 125.52859449386597s
Average epoch train time: 124.07879548072815
Convergence time from worker6: 620.3950777053833
Average training time: 123.1462694644928
Average time it takes worker to receive a new model from when he is done training his model: 0.7128522872924805
Average amount of time it takes to load the new model received from the parameter server: 0.07550177574157715
Average time it takes to write trained model to text file: 0.08719887733459472
Final loss: 0.23644036054611206

Loss: [1.789259433746338, 0.9640191197395325, 0.9722537398338318, 1.3114161491394043, 0.23644036054611206]

Train Times: [118.17415881156921, 123.6615355014801, 125.50433731079102, 123.4549343585968, 124.93638134002686]
Program finished successfully!
