This is worker8
.
Sent 1 packets.
Starting training...
/usr/src/app/./distri_ml_ys.py:45: UserWarning: Implicit dimension choice for log_softmax has been deprecated. Change the call to include dim=X as an argument.
  return F.log_softmax(x)
Train Epoch: 1 [0/7500 (0%)]	Loss: 2.329810
Train Epoch: 1 [640/7500 (8%)]	Loss: 2.337940
Train Epoch: 1 [1280/7500 (17%)]	Loss: 2.301862
Train Epoch: 1 [1920/7500 (25%)]	Loss: 2.297509
Train Epoch: 1 [2560/7500 (34%)]	Loss: 2.286408
Train Epoch: 1 [3200/7500 (42%)]	Loss: 2.288817
Train Epoch: 1 [3840/7500 (51%)]	Loss: 2.230488
Train Epoch: 1 [4480/7500 (59%)]	Loss: 2.240627
Train Epoch: 1 [5120/7500 (68%)]	Loss: 2.206501
Train Epoch: 1 [5760/7500 (76%)]	Loss: 2.142090
Train Epoch: 1 [6400/7500 (85%)]	Loss: 2.038583
Train Epoch: 1 [7040/7500 (93%)]	Loss: 1.991726
finished training...
writing file...
sending signal...
.
Sent 1 packets.
waiting for a signal back...
Recevied signal from omnet++, time to read...
name conv1.weight

name conv1.bias

name conv2.weight

name conv2.bias

name fc1.weight

name fc1.bias

name fc2.weight

Epoch 1 took 116.83026885986328s
Train Epoch: 2 [0/7500 (0%)]	Loss: 1.924933
Train Epoch: 2 [640/7500 (8%)]	Loss: 1.725653
Train Epoch: 2 [1280/7500 (17%)]	Loss: 1.753691
Train Epoch: 2 [1920/7500 (25%)]	Loss: 1.601588
Train Epoch: 2 [2560/7500 (34%)]	Loss: 1.506665
Train Epoch: 2 [3200/7500 (42%)]	Loss: 1.336068
Train Epoch: 2 [3840/7500 (51%)]	Loss: 1.496239
Train Epoch: 2 [4480/7500 (59%)]	Loss: 1.171754
Train Epoch: 2 [5120/7500 (68%)]	Loss: 1.197501
Train Epoch: 2 [5760/7500 (76%)]	Loss: 1.001688
Train Epoch: 2 [6400/7500 (85%)]	Loss: 1.226612
Train Epoch: 2 [7040/7500 (93%)]	Loss: 1.161877
finished training...
writing file...
sending signal...
.
Sent 1 packets.
waiting for a signal back...
Recevied signal from omnet++, time to read...
name conv1.weight

name conv1.bias

name conv2.weight

name conv2.bias

name fc1.weight

name fc1.bias

name fc2.weight

Epoch 2 took 124.41191482543945s
Train Epoch: 3 [0/7500 (0%)]	Loss: 1.022166
Train Epoch: 3 [640/7500 (8%)]	Loss: 1.145025
Train Epoch: 3 [1280/7500 (17%)]	Loss: 0.768770
Train Epoch: 3 [1920/7500 (25%)]	Loss: 0.679484
Train Epoch: 3 [2560/7500 (34%)]	Loss: 0.963024
Train Epoch: 3 [3200/7500 (42%)]	Loss: 1.206664
Train Epoch: 3 [3840/7500 (51%)]	Loss: 0.874917
Train Epoch: 3 [4480/7500 (59%)]	Loss: 0.928646
Train Epoch: 3 [5120/7500 (68%)]	Loss: 0.944499
Train Epoch: 3 [5760/7500 (76%)]	Loss: 0.825761
Train Epoch: 3 [6400/7500 (85%)]	Loss: 0.854227
Train Epoch: 3 [7040/7500 (93%)]	Loss: 0.806465
finished training...
writing file...
sending signal...
.
Sent 1 packets.
waiting for a signal back...
Recevied signal from omnet++, time to read...
name conv1.weight

name conv1.bias

name conv2.weight

name conv2.bias

name fc1.weight

name fc1.bias

name fc2.weight

Epoch 3 took 127.25528502464294s
Train Epoch: 4 [0/7500 (0%)]	Loss: 0.691955
Train Epoch: 4 [640/7500 (8%)]	Loss: 0.749859
Train Epoch: 4 [1280/7500 (17%)]	Loss: 0.567426
Train Epoch: 4 [1920/7500 (25%)]	Loss: 0.578770
Train Epoch: 4 [2560/7500 (34%)]	Loss: 0.627135
Train Epoch: 4 [3200/7500 (42%)]	Loss: 1.004437
Train Epoch: 4 [3840/7500 (51%)]	Loss: 0.556139
Train Epoch: 4 [4480/7500 (59%)]	Loss: 0.562314
Train Epoch: 4 [5120/7500 (68%)]	Loss: 0.578943
Train Epoch: 4 [5760/7500 (76%)]	Loss: 0.653654
Train Epoch: 4 [6400/7500 (85%)]	Loss: 0.675194
Train Epoch: 4 [7040/7500 (93%)]	Loss: 0.726125
finished training...
writing file...
sending signal...
.
Sent 1 packets.
waiting for a signal back...
Recevied signal from omnet++, time to read...
name conv1.weight

name conv1.bias

name conv2.weight

name conv2.bias

name fc1.weight

name fc1.bias

name fc2.weight

Epoch 4 took 124.07359528541565s
Train Epoch: 5 [0/7500 (0%)]	Loss: 0.700292
Train Epoch: 5 [640/7500 (8%)]	Loss: 0.487486
Train Epoch: 5 [1280/7500 (17%)]	Loss: 0.400913
Train Epoch: 5 [1920/7500 (25%)]	Loss: 0.439077
Train Epoch: 5 [2560/7500 (34%)]	Loss: 0.562255
Train Epoch: 5 [3200/7500 (42%)]	Loss: 0.393492
Train Epoch: 5 [3840/7500 (51%)]	Loss: 0.693256
Train Epoch: 5 [4480/7500 (59%)]	Loss: 0.471387
Train Epoch: 5 [5120/7500 (68%)]	Loss: 0.511032
Train Epoch: 5 [5760/7500 (76%)]	Loss: 0.568473
Train Epoch: 5 [6400/7500 (85%)]	Loss: 0.525702
Train Epoch: 5 [7040/7500 (93%)]	Loss: 0.405023
finished training...
writing file...
sending signal...
.
Sent 1 packets.
waiting for a signal back...
Recevied signal from omnet++, time to read...
name conv1.weight

name conv1.bias

name conv2.weight

name conv2.bias

name fc1.weight

name fc1.bias

name fc2.weight

Epoch 5 took 125.59668064117432s
Average epoch train time: 123.63354892730713
Convergence time from worker8: 618.1840219497681
Average training time: 122.8201657295227
Average time it takes worker to receive a new model from when he is done training his model: 0.6181456089019776
Average amount of time it takes to load the new model received from the parameter server: 0.05083479881286621
Average time it takes to write trained model to text file: 0.09418106079101562
Final loss: 0.40691110491752625

Loss: [1.8851752281188965, 1.8978368043899536, 0.4947374165058136, 0.5927287936210632, 0.40691110491752625]

Train Times: [116.3968734741211, 123.70443344116211, 126.58231282234192, 122.80049347877502, 124.61671543121338]
Program finished successfully!
