This is worker7
.
Sent 1 packets.
Starting training...
/usr/src/app/./distri_ml_ys.py:45: UserWarning: Implicit dimension choice for log_softmax has been deprecated. Change the call to include dim=X as an argument.
  return F.log_softmax(x)
Train Epoch: 1 [0/7500 (0%)]	Loss: 2.355870
Train Epoch: 1 [640/7500 (8%)]	Loss: 2.306517
Train Epoch: 1 [1280/7500 (17%)]	Loss: 2.322281
Train Epoch: 1 [1920/7500 (25%)]	Loss: 2.289152
Train Epoch: 1 [2560/7500 (34%)]	Loss: 2.295896
Train Epoch: 1 [3200/7500 (42%)]	Loss: 2.267839
Train Epoch: 1 [3840/7500 (51%)]	Loss: 2.271069
Train Epoch: 1 [4480/7500 (59%)]	Loss: 2.240219
Train Epoch: 1 [5120/7500 (68%)]	Loss: 2.155063
Train Epoch: 1 [5760/7500 (76%)]	Loss: 2.172883
Train Epoch: 1 [6400/7500 (85%)]	Loss: 2.078746
Train Epoch: 1 [7040/7500 (93%)]	Loss: 1.904154
finished training...
writing file...
sending signal...
.
Sent 1 packets.
waiting for a signal back...
Recevied signal from omnet++, time to read...
name conv1.weight

name conv1.bias

name conv2.weight

name conv2.bias

name fc1.weight

name fc1.bias

name fc2.weight

Epoch 1 took 117.27248358726501s
Train Epoch: 2 [0/7500 (0%)]	Loss: 1.923315
Train Epoch: 2 [640/7500 (8%)]	Loss: 1.736999
Train Epoch: 2 [1280/7500 (17%)]	Loss: 1.670057
Train Epoch: 2 [1920/7500 (25%)]	Loss: 1.493551
Train Epoch: 2 [2560/7500 (34%)]	Loss: 1.513755
Train Epoch: 2 [3200/7500 (42%)]	Loss: 1.216274
Train Epoch: 2 [3840/7500 (51%)]	Loss: 1.271147
Train Epoch: 2 [4480/7500 (59%)]	Loss: 1.247018
Train Epoch: 2 [5120/7500 (68%)]	Loss: 1.164082
Train Epoch: 2 [5760/7500 (76%)]	Loss: 1.342108
Train Epoch: 2 [6400/7500 (85%)]	Loss: 0.909270
Train Epoch: 2 [7040/7500 (93%)]	Loss: 0.906881
finished training...
writing file...
sending signal...
.
Sent 1 packets.
waiting for a signal back...
Recevied signal from omnet++, time to read...
name conv1.weight

name conv1.bias

name conv2.weight

name conv2.bias

name fc1.weight

name fc1.bias

name fc2.weight

Epoch 2 took 124.4483151435852s
Train Epoch: 3 [0/7500 (0%)]	Loss: 0.887204
Train Epoch: 3 [640/7500 (8%)]	Loss: 1.141674
Train Epoch: 3 [1280/7500 (17%)]	Loss: 1.056305
Train Epoch: 3 [1920/7500 (25%)]	Loss: 0.851850
Train Epoch: 3 [2560/7500 (34%)]	Loss: 0.767684
Train Epoch: 3 [3200/7500 (42%)]	Loss: 0.990771
Train Epoch: 3 [3840/7500 (51%)]	Loss: 1.086139
Train Epoch: 3 [4480/7500 (59%)]	Loss: 0.962044
Train Epoch: 3 [5120/7500 (68%)]	Loss: 0.840682
Train Epoch: 3 [5760/7500 (76%)]	Loss: 0.769061
Train Epoch: 3 [6400/7500 (85%)]	Loss: 0.896478
Train Epoch: 3 [7040/7500 (93%)]	Loss: 0.609216
finished training...
writing file...
sending signal...
.
Sent 1 packets.
waiting for a signal back...
Recevied signal from omnet++, time to read...
name conv1.weight

name conv1.bias

name conv2.weight

name conv2.bias

name fc1.weight

name fc1.bias

name fc2.weight

Epoch 3 took 127.24416947364807s
Train Epoch: 4 [0/7500 (0%)]	Loss: 0.795734
Train Epoch: 4 [640/7500 (8%)]	Loss: 0.710317
Train Epoch: 4 [1280/7500 (17%)]	Loss: 0.642091
Train Epoch: 4 [1920/7500 (25%)]	Loss: 0.701275
Train Epoch: 4 [2560/7500 (34%)]	Loss: 0.604049
Train Epoch: 4 [3200/7500 (42%)]	Loss: 0.797748
Train Epoch: 4 [3840/7500 (51%)]	Loss: 0.578396
Train Epoch: 4 [4480/7500 (59%)]	Loss: 0.506300
Train Epoch: 4 [5120/7500 (68%)]	Loss: 0.637707
Train Epoch: 4 [5760/7500 (76%)]	Loss: 0.704145
Train Epoch: 4 [6400/7500 (85%)]	Loss: 0.618814
Train Epoch: 4 [7040/7500 (93%)]	Loss: 1.104971
finished training...
writing file...
sending signal...
.
Sent 1 packets.
waiting for a signal back...
Recevied signal from omnet++, time to read...
name conv1.weight

name conv1.bias

name conv2.weight

name conv2.bias

name fc1.weight

name fc1.bias

name fc2.weight

Epoch 4 took 124.01930022239685s
Train Epoch: 5 [0/7500 (0%)]	Loss: 0.553917
Train Epoch: 5 [640/7500 (8%)]	Loss: 0.350577
Train Epoch: 5 [1280/7500 (17%)]	Loss: 0.591031
Train Epoch: 5 [1920/7500 (25%)]	Loss: 0.626734
Train Epoch: 5 [2560/7500 (34%)]	Loss: 0.662103
Train Epoch: 5 [3200/7500 (42%)]	Loss: 0.496021
Train Epoch: 5 [3840/7500 (51%)]	Loss: 0.574540
Train Epoch: 5 [4480/7500 (59%)]	Loss: 0.368731
Train Epoch: 5 [5120/7500 (68%)]	Loss: 1.035245
Train Epoch: 5 [5760/7500 (76%)]	Loss: 0.613132
Train Epoch: 5 [6400/7500 (85%)]	Loss: 0.439887
Train Epoch: 5 [7040/7500 (93%)]	Loss: 0.338780
finished training...
writing file...
sending signal...
.
Sent 1 packets.
waiting for a signal back...
Recevied signal from omnet++, time to read...
name conv1.weight

name conv1.bias

name conv2.weight

name conv2.bias

name fc1.weight

name fc1.bias

name fc2.weight

Epoch 5 took 125.63378739356995s
Average epoch train time: 123.72361116409301
Convergence time from worker7: 618.6190135478973
Average training time: 122.65529861450196
Average time it takes worker to receive a new model from when he is done training his model: 0.8225557804107666
Average amount of time it takes to load the new model received from the parameter server: 0.06195611953735351
Average time it takes to write trained model to text file: 0.12322916984558105
Final loss: 0.4360335171222687

Loss: [1.6817083358764648, 0.3930942118167877, 1.1152089834213257, 0.4907127618789673, 0.4360335171222687]

Train Times: [116.67272663116455, 123.2204704284668, 126.59336304664612, 123.02198028564453, 123.76795268058777]
Program finished successfully!
