This is worker3
.
Sent 1 packets.
Starting training...
/usr/src/app/./distri_ml_ys.py:45: UserWarning: Implicit dimension choice for log_softmax has been deprecated. Change the call to include dim=X as an argument.
  return F.log_softmax(x)
Train Epoch: 1 [0/7500 (0%)]	Loss: 2.322021
Train Epoch: 1 [640/7500 (8%)]	Loss: 2.323419
Train Epoch: 1 [1280/7500 (17%)]	Loss: 2.286988
Train Epoch: 1 [1920/7500 (25%)]	Loss: 2.301090
Train Epoch: 1 [2560/7500 (34%)]	Loss: 2.297053
Train Epoch: 1 [3200/7500 (42%)]	Loss: 2.279237
Train Epoch: 1 [3840/7500 (51%)]	Loss: 2.233674
Train Epoch: 1 [4480/7500 (59%)]	Loss: 2.233501
Train Epoch: 1 [5120/7500 (68%)]	Loss: 2.159689
Train Epoch: 1 [5760/7500 (76%)]	Loss: 2.116570
Train Epoch: 1 [6400/7500 (85%)]	Loss: 2.058363
Train Epoch: 1 [7040/7500 (93%)]	Loss: 1.968688
finished training...
writing file...
sending signal...
.
Sent 1 packets.
waiting for a signal back...
Recevied signal from omnet++, time to read...
name conv1.weight

name conv1.bias

name conv2.weight

name conv2.bias

name fc1.weight

name fc1.bias

name fc2.weight

Epoch 1 took 121.77881002426147s
Train Epoch: 2 [0/7500 (0%)]	Loss: 2.000171
Train Epoch: 2 [640/7500 (8%)]	Loss: 1.847860
Train Epoch: 2 [1280/7500 (17%)]	Loss: 1.691813
Train Epoch: 2 [1920/7500 (25%)]	Loss: 1.739092
Train Epoch: 2 [2560/7500 (34%)]	Loss: 1.529019
Train Epoch: 2 [3200/7500 (42%)]	Loss: 1.504151
Train Epoch: 2 [3840/7500 (51%)]	Loss: 1.387111
Train Epoch: 2 [4480/7500 (59%)]	Loss: 1.183708
Train Epoch: 2 [5120/7500 (68%)]	Loss: 1.095580
Train Epoch: 2 [5760/7500 (76%)]	Loss: 1.168598
Train Epoch: 2 [6400/7500 (85%)]	Loss: 1.172133
Train Epoch: 2 [7040/7500 (93%)]	Loss: 1.095487
finished training...
writing file...
sending signal...
.
Sent 1 packets.
waiting for a signal back...
Recevied signal from omnet++, time to read...
name conv1.weight

name conv1.bias

name conv2.weight

name conv2.bias

name fc1.weight

name fc1.bias

name fc2.weight

Epoch 2 took 124.40642404556274s
Train Epoch: 3 [0/7500 (0%)]	Loss: 1.085270
Train Epoch: 3 [640/7500 (8%)]	Loss: 0.718705
Train Epoch: 3 [1280/7500 (17%)]	Loss: 0.828255
Train Epoch: 3 [1920/7500 (25%)]	Loss: 0.913540
Train Epoch: 3 [2560/7500 (34%)]	Loss: 0.821693
Train Epoch: 3 [3200/7500 (42%)]	Loss: 0.793089
Train Epoch: 3 [3840/7500 (51%)]	Loss: 0.916453
Train Epoch: 3 [4480/7500 (59%)]	Loss: 0.965135
Train Epoch: 3 [5120/7500 (68%)]	Loss: 0.761294
Train Epoch: 3 [5760/7500 (76%)]	Loss: 0.847154
Train Epoch: 3 [6400/7500 (85%)]	Loss: 0.677766
Train Epoch: 3 [7040/7500 (93%)]	Loss: 0.905016
finished training...
writing file...
sending signal...
.
Sent 1 packets.
waiting for a signal back...
Recevied signal from omnet++, time to read...
name conv1.weight

name conv1.bias

name conv2.weight

name conv2.bias

name fc1.weight

name fc1.bias

name fc2.weight

Epoch 3 took 127.31735634803772s
Train Epoch: 4 [0/7500 (0%)]	Loss: 0.654855
Train Epoch: 4 [640/7500 (8%)]	Loss: 0.867259
Train Epoch: 4 [1280/7500 (17%)]	Loss: 0.704699
Train Epoch: 4 [1920/7500 (25%)]	Loss: 0.649093
Train Epoch: 4 [2560/7500 (34%)]	Loss: 0.609124
Train Epoch: 4 [3200/7500 (42%)]	Loss: 0.642976
Train Epoch: 4 [3840/7500 (51%)]	Loss: 0.610191
Train Epoch: 4 [4480/7500 (59%)]	Loss: 0.804377
Train Epoch: 4 [5120/7500 (68%)]	Loss: 0.584600
Train Epoch: 4 [5760/7500 (76%)]	Loss: 0.470501
Train Epoch: 4 [6400/7500 (85%)]	Loss: 0.778082
Train Epoch: 4 [7040/7500 (93%)]	Loss: 0.464212
finished training...
writing file...
sending signal...
.
Sent 1 packets.
waiting for a signal back...
Recevied signal from omnet++, time to read...
name conv1.weight

name conv1.bias

name conv2.weight

name conv2.bias

name fc1.weight

name fc1.bias

name fc2.weight

Epoch 4 took 124.01658296585083s
Train Epoch: 5 [0/7500 (0%)]	Loss: 0.667339
Train Epoch: 5 [640/7500 (8%)]	Loss: 0.572496
Train Epoch: 5 [1280/7500 (17%)]	Loss: 0.529919
Train Epoch: 5 [1920/7500 (25%)]	Loss: 0.693232
Train Epoch: 5 [2560/7500 (34%)]	Loss: 0.605045
Train Epoch: 5 [3200/7500 (42%)]	Loss: 0.491031
Train Epoch: 5 [3840/7500 (51%)]	Loss: 0.640460
Train Epoch: 5 [4480/7500 (59%)]	Loss: 0.793477
Train Epoch: 5 [5120/7500 (68%)]	Loss: 0.497885
Train Epoch: 5 [5760/7500 (76%)]	Loss: 0.451303
Train Epoch: 5 [6400/7500 (85%)]	Loss: 0.617462
Train Epoch: 5 [7040/7500 (93%)]	Loss: 0.615952
finished training...
writing file...
sending signal...
.
Sent 1 packets.
waiting for a signal back...
Recevied signal from omnet++, time to read...
name conv1.weight

name conv1.bias

name conv2.weight

name conv2.bias

name fc1.weight

name fc1.bias

name fc2.weight

Epoch 5 took 125.6170666217804s
Average epoch train time: 124.62724800109864
Convergence time from worker3: 623.1395761966705
Average training time: 123.15423412322998
Average time it takes worker to receive a new model from when he is done training his model: 1.2046533584594727
Average amount of time it takes to load the new model received from the parameter server: 0.061902856826782225
Average time it takes to write trained model to text file: 0.13566064834594727
Final loss: 0.2523998022079468

Loss: [2.066167116165161, 0.9177402853965759, 0.8729782104492188, 0.33958694338798523, 0.2523998022079468]

Train Times: [119.38193154335022, 123.52345609664917, 125.21205711364746, 122.591632604599, 125.06209325790405]
Program finished successfully!
