This is worker4
.
Sent 1 packets.
Starting training...
/usr/src/app/./distri_ml_ys.py:45: UserWarning: Implicit dimension choice for log_softmax has been deprecated. Change the call to include dim=X as an argument.
  return F.log_softmax(x)
Train Epoch: 1 [0/7500 (0%)]	Loss: 2.299201
Train Epoch: 1 [640/7500 (8%)]	Loss: 2.304947
Train Epoch: 1 [1280/7500 (17%)]	Loss: 2.257720
Train Epoch: 1 [1920/7500 (25%)]	Loss: 2.282010
Train Epoch: 1 [2560/7500 (34%)]	Loss: 2.268317
Train Epoch: 1 [3200/7500 (42%)]	Loss: 2.255790
Train Epoch: 1 [3840/7500 (51%)]	Loss: 2.250008
Train Epoch: 1 [4480/7500 (59%)]	Loss: 2.175229
Train Epoch: 1 [5120/7500 (68%)]	Loss: 2.138967
Train Epoch: 1 [5760/7500 (76%)]	Loss: 2.174514
Train Epoch: 1 [6400/7500 (85%)]	Loss: 2.149724
Train Epoch: 1 [7040/7500 (93%)]	Loss: 2.047124
finished training...
writing file...
sending signal...
.
Sent 1 packets.
waiting for a signal back...
Recevied signal from omnet++, time to read...
name conv1.weight

name conv1.bias

name conv2.weight

name conv2.bias

name fc1.weight

name fc1.bias

name fc2.weight

Epoch 1 took 120.43413925170898s
Train Epoch: 2 [0/7500 (0%)]	Loss: 1.934548
Train Epoch: 2 [640/7500 (8%)]	Loss: 1.773947
Train Epoch: 2 [1280/7500 (17%)]	Loss: 1.557041
Train Epoch: 2 [1920/7500 (25%)]	Loss: 1.633738
Train Epoch: 2 [2560/7500 (34%)]	Loss: 1.563942
Train Epoch: 2 [3200/7500 (42%)]	Loss: 1.560275
Train Epoch: 2 [3840/7500 (51%)]	Loss: 1.392136
Train Epoch: 2 [4480/7500 (59%)]	Loss: 1.311366
Train Epoch: 2 [5120/7500 (68%)]	Loss: 1.097634
Train Epoch: 2 [5760/7500 (76%)]	Loss: 1.295864
Train Epoch: 2 [6400/7500 (85%)]	Loss: 1.079577
Train Epoch: 2 [7040/7500 (93%)]	Loss: 1.197290
finished training...
writing file...
sending signal...
.
Sent 1 packets.
waiting for a signal back...
Recevied signal from omnet++, time to read...
name conv1.weight

name conv1.bias

name conv2.weight

name conv2.bias

name fc1.weight

name fc1.bias

name fc2.weight

Epoch 2 took 124.41270971298218s
Train Epoch: 3 [0/7500 (0%)]	Loss: 0.861069
Train Epoch: 3 [640/7500 (8%)]	Loss: 1.226012
Train Epoch: 3 [1280/7500 (17%)]	Loss: 1.013689
Train Epoch: 3 [1920/7500 (25%)]	Loss: 1.148662
Train Epoch: 3 [2560/7500 (34%)]	Loss: 0.892786
Train Epoch: 3 [3200/7500 (42%)]	Loss: 1.024433
Train Epoch: 3 [3840/7500 (51%)]	Loss: 0.815214
Train Epoch: 3 [4480/7500 (59%)]	Loss: 0.845675
Train Epoch: 3 [5120/7500 (68%)]	Loss: 1.138184
Train Epoch: 3 [5760/7500 (76%)]	Loss: 0.991210
Train Epoch: 3 [6400/7500 (85%)]	Loss: 0.833592
Train Epoch: 3 [7040/7500 (93%)]	Loss: 0.810727
finished training...
writing file...
sending signal...
.
Sent 1 packets.
waiting for a signal back...
Recevied signal from omnet++, time to read...
name conv1.weight

name conv1.bias

name conv2.weight

name conv2.bias

name fc1.weight

name fc1.bias

name fc2.weight

Epoch 3 took 127.31264233589172s
Train Epoch: 4 [0/7500 (0%)]	Loss: 0.971372
Train Epoch: 4 [640/7500 (8%)]	Loss: 0.844782
Train Epoch: 4 [1280/7500 (17%)]	Loss: 0.691433
Train Epoch: 4 [1920/7500 (25%)]	Loss: 0.900811
Train Epoch: 4 [2560/7500 (34%)]	Loss: 0.627733
Train Epoch: 4 [3200/7500 (42%)]	Loss: 0.685167
Train Epoch: 4 [3840/7500 (51%)]	Loss: 0.832727
Train Epoch: 4 [4480/7500 (59%)]	Loss: 0.802344
Train Epoch: 4 [5120/7500 (68%)]	Loss: 1.028654
Train Epoch: 4 [5760/7500 (76%)]	Loss: 0.752503
Train Epoch: 4 [6400/7500 (85%)]	Loss: 0.717894
Train Epoch: 4 [7040/7500 (93%)]	Loss: 0.811373
finished training...
writing file...
sending signal...
.
Sent 1 packets.
waiting for a signal back...
Recevied signal from omnet++, time to read...
name conv1.weight

name conv1.bias

name conv2.weight

name conv2.bias

name fc1.weight

name fc1.bias

name fc2.weight

Epoch 4 took 124.0723967552185s
Train Epoch: 5 [0/7500 (0%)]	Loss: 0.909713
Train Epoch: 5 [640/7500 (8%)]	Loss: 0.593929
Train Epoch: 5 [1280/7500 (17%)]	Loss: 0.919934
Train Epoch: 5 [1920/7500 (25%)]	Loss: 0.774067
Train Epoch: 5 [2560/7500 (34%)]	Loss: 0.567900
Train Epoch: 5 [3200/7500 (42%)]	Loss: 0.730271
Train Epoch: 5 [3840/7500 (51%)]	Loss: 0.637360
Train Epoch: 5 [4480/7500 (59%)]	Loss: 0.587895
Train Epoch: 5 [5120/7500 (68%)]	Loss: 0.586882
Train Epoch: 5 [5760/7500 (76%)]	Loss: 0.771864
Train Epoch: 5 [6400/7500 (85%)]	Loss: 0.332536
Train Epoch: 5 [7040/7500 (93%)]	Loss: 0.516747
finished training...
writing file...
sending signal...
.
Sent 1 packets.
waiting for a signal back...
Recevied signal from omnet++, time to read...
name conv1.weight

name conv1.bias

name conv2.weight

name conv2.bias

name fc1.weight

name fc1.bias

name fc2.weight

Epoch 5 took 125.55782341957092s
Average epoch train time: 124.35794229507447
Convergence time from worker4: 621.7923386096954
Average training time: 123.1523555278778
Average time it takes worker to receive a new model from when he is done training his model: 0.9827848434448242
Average amount of time it takes to load the new model received from the parameter server: 0.06998910903930664
Average time it takes to write trained model to text file: 0.09351124763488769
Final loss: 0.32281965017318726

Loss: [1.6226838827133179, 0.6736277937889099, 0.8445461392402649, 0.7477770447731018, 0.32281965017318726]

Train Times: [118.10166335105896, 123.73265624046326, 125.86758184432983, 123.06467723846436, 124.99519896507263]
Program finished successfully!
