This is worker25
Starting training...
Train Epoch: 1 [0/1935 (0%)]	Loss: 2.301312
Train Epoch: 1 [640/1935 (32%)]	Loss: 0.768777
Train Epoch: 1 [1280/1935 (65%)]	Loss: 0.276827
Train Epoch: 1 [450/1935 (97%)]	Loss: 0.259670
finished training...
writing file...
sending signal at time.struct_time(tm_year=2023, tm_mon=6, tm_mday=19, tm_hour=19, tm_min=58, tm_sec=49, tm_wday=0, tm_yday=170, tm_isdst=0) or 1687204729.9274797 in seconds
Compute time is : 71.6621630191803
.
Sent 1 packets.
waiting for a signal back...
Recevied signal from omnet++, time to read...
Epoch 1 took 117.57825136184692s
Train Epoch: 2 [0/1935 (0%)]	Loss: 0.270222
Train Epoch: 2 [640/1935 (32%)]	Loss: 0.350085
Train Epoch: 2 [1280/1935 (65%)]	Loss: 0.391062
Train Epoch: 2 [450/1935 (97%)]	Loss: 0.214081
finished training...
writing file...
sending signal at time.struct_time(tm_year=2023, tm_mon=6, tm_mday=19, tm_hour=20, tm_min=0, tm_sec=58, tm_wday=0, tm_yday=170, tm_isdst=0) or 1687204858.0174448 in seconds
Compute time is : 82.17368507385254
.
Sent 1 packets.
waiting for a signal back...
Recevied signal from omnet++, time to read...
Epoch 2 took 130.1314127445221s
Train Epoch: 3 [0/1935 (0%)]	Loss: 0.152670
Train Epoch: 3 [640/1935 (32%)]	Loss: 0.295403
Train Epoch: 3 [1280/1935 (65%)]	Loss: 0.272639
Train Epoch: 3 [450/1935 (97%)]	Loss: 0.350371
finished training...
writing file...
sending signal at time.struct_time(tm_year=2023, tm_mon=6, tm_mday=19, tm_hour=20, tm_min=3, tm_sec=7, tm_wday=0, tm_yday=170, tm_isdst=0) or 1687204987.7391975 in seconds
Compute time is : 81.76412177085876
.
Sent 1 packets.
waiting for a signal back...
Recevied signal from omnet++, time to read...
Epoch 3 took 130.1037883758545s
Train Epoch: 4 [0/1935 (0%)]	Loss: 0.117017
Train Epoch: 4 [640/1935 (32%)]	Loss: 0.195111
Train Epoch: 4 [1280/1935 (65%)]	Loss: 0.196667
Train Epoch: 4 [450/1935 (97%)]	Loss: 0.320867
finished training...
writing file...
sending signal at time.struct_time(tm_year=2023, tm_mon=6, tm_mday=19, tm_hour=20, tm_min=5, tm_sec=17, tm_wday=0, tm_yday=170, tm_isdst=0) or 1687205117.4086945 in seconds
Compute time is : 81.32966589927673
.
Sent 1 packets.
waiting for a signal back...
Recevied signal from omnet++, time to read...
Epoch 4 took 130.16812801361084s
Train Epoch: 5 [0/1935 (0%)]	Loss: 0.088824
Train Epoch: 5 [640/1935 (32%)]	Loss: 0.097792
Train Epoch: 5 [1280/1935 (65%)]	Loss: 0.158578
Train Epoch: 5 [450/1935 (97%)]	Loss: 0.509717
finished training...
writing file...
sending signal at time.struct_time(tm_year=2023, tm_mon=6, tm_mday=19, tm_hour=20, tm_min=7, tm_sec=29, tm_wday=0, tm_yday=170, tm_isdst=0) or 1687205249.1275394 in seconds
Compute time is : 82.88044595718384
.
Sent 1 packets.
waiting for a signal back...
Recevied signal from omnet++, time to read...
Epoch 5 took 130.54173254966736s
Average epoch train time: 127.70466260910034
Convergence time from worker25: 638.5424177646637
Average training time: 79.81809210777283
Average time it takes worker to receive a new model from when he is done training his model: 47.532409286499025
Average amount of time it takes to load the new model received from the parameter server: 0.12166104316711426
Average time it takes to write trained model to text file: 0.14391651153564453
Final loss: 0.5097168684005737
for 5 epochs and 24 workers:
Loss: [0.25967004895210266, 0.21408110857009888, 0.35037142038345337, 0.32086706161499023, 0.5097168684005737]
Train Times: [71.58545780181885, 82.00950622558594, 81.60562419891357, 81.16764664649963, 82.72222566604614]
Computation times of worker25: [71.6621630191803, 82.17368507385254, 81.76412177085876, 81.32966589927673, 82.88044595718384]
Times it took to receive new model each epoch: [45.72459268569946, 47.72813153266907, 48.134907245635986, 48.633769035339355, 47.440645933151245]
Program finished successfully!
