This is worker22
Starting training...
Train Epoch: 1 [0/1935 (0%)]	Loss: 2.305969
Train Epoch: 1 [640/1935 (32%)]	Loss: 0.568676
Train Epoch: 1 [1280/1935 (65%)]	Loss: 0.378869
Train Epoch: 1 [450/1935 (97%)]	Loss: 0.130130
finished training...
writing file...
sending signal at time.struct_time(tm_year=2023, tm_mon=6, tm_mday=19, tm_hour=19, tm_min=58, tm_sec=47, tm_wday=0, tm_yday=170, tm_isdst=0) or 1687204727.0241663 in seconds
Compute time is : 71.11263489723206
.
Sent 1 packets.
waiting for a signal back...
Recevied signal from omnet++, time to read...
Epoch 1 took 119.92376375198364s
Train Epoch: 2 [0/1935 (0%)]	Loss: 0.359032
Train Epoch: 2 [640/1935 (32%)]	Loss: 0.141260
Train Epoch: 2 [1280/1935 (65%)]	Loss: 0.556684
Train Epoch: 2 [450/1935 (97%)]	Loss: 0.252235
finished training...
writing file...
sending signal at time.struct_time(tm_year=2023, tm_mon=6, tm_mday=19, tm_hour=20, tm_min=0, tm_sec=57, tm_wday=0, tm_yday=170, tm_isdst=0) or 1687204857.628084 in seconds
Compute time is : 81.79272055625916
.
Sent 1 packets.
waiting for a signal back...
Recevied signal from omnet++, time to read...
Epoch 2 took 130.10394048690796s
Train Epoch: 3 [0/1935 (0%)]	Loss: 0.064173
Train Epoch: 3 [640/1935 (32%)]	Loss: 0.157189
Train Epoch: 3 [1280/1935 (65%)]	Loss: 0.395634
Train Epoch: 3 [450/1935 (97%)]	Loss: 0.409945
finished training...
writing file...
sending signal at time.struct_time(tm_year=2023, tm_mon=6, tm_mday=19, tm_hour=20, tm_min=3, tm_sec=9, tm_wday=0, tm_yday=170, tm_isdst=0) or 1687204989.891228 in seconds
Compute time is : 83.9518530368805
.
Sent 1 packets.
waiting for a signal back...
Recevied signal from omnet++, time to read...
Epoch 3 took 130.1158468723297s
Train Epoch: 4 [0/1935 (0%)]	Loss: 0.106740
Train Epoch: 4 [640/1935 (32%)]	Loss: 0.103274
Train Epoch: 4 [1280/1935 (65%)]	Loss: 0.119615
Train Epoch: 4 [450/1935 (97%)]	Loss: 0.169486
finished training...
writing file...
sending signal at time.struct_time(tm_year=2023, tm_mon=6, tm_mday=19, tm_hour=20, tm_min=5, tm_sec=20, tm_wday=0, tm_yday=170, tm_isdst=0) or 1687205120.0078387 in seconds
Compute time is : 83.95230150222778
.
Sent 1 packets.
waiting for a signal back...
Recevied signal from omnet++, time to read...
Epoch 4 took 130.12267637252808s
Train Epoch: 5 [0/1935 (0%)]	Loss: 0.239028
Train Epoch: 5 [640/1935 (32%)]	Loss: 0.097276
Train Epoch: 5 [1280/1935 (65%)]	Loss: 0.125752
Train Epoch: 5 [450/1935 (97%)]	Loss: 0.077749
finished training...
writing file...
sending signal at time.struct_time(tm_year=2023, tm_mon=6, tm_mday=19, tm_hour=20, tm_min=7, tm_sec=30, tm_wday=0, tm_yday=170, tm_isdst=0) or 1687205250.8086 in seconds
Compute time is : 84.63033270835876
.
Sent 1 packets.
waiting for a signal back...
Recevied signal from omnet++, time to read...
Epoch 5 took 130.5494420528412s
Average epoch train time: 128.16313390731813
Convergence time from worker22: 640.8167037963867
Average training time: 80.92695531845092
Average time it takes worker to receive a new model from when he is done training his model: 46.91017093658447
Average amount of time it takes to load the new model received from the parameter server: 0.0837888240814209
Average time it takes to write trained model to text file: 0.16100854873657228
Final loss: 0.07774893939495087
for 5 epochs and 21 workers:
Loss: [0.13012966513633728, 0.2522346079349518, 0.40994542837142944, 0.16948635876178741, 0.07774893939495087]
Train Times: [70.95271635055542, 81.63365840911865, 83.7908763885498, 83.78587079048157, 84.4716546535492]
Computation times of worker22: [71.11263489723206, 81.79272055625916, 83.9518530368805, 83.95230150222778, 84.63033270835876]
Times it took to receive new model each epoch: [48.60928535461426, 48.1295645236969, 45.962218046188354, 46.02531552314758, 45.82447123527527]
Program finished successfully!
