This is worker31
Starting training...
Train Epoch: 1 [0/1935 (0%)]	Loss: 2.312536
Train Epoch: 1 [640/1935 (32%)]	Loss: 0.597450
Train Epoch: 1 [1280/1935 (65%)]	Loss: 0.496503
Train Epoch: 1 [450/1935 (97%)]	Loss: 0.364212
finished training...
writing file...
sending signal at time.struct_time(tm_year=2023, tm_mon=6, tm_mday=19, tm_hour=19, tm_min=58, tm_sec=49, tm_wday=0, tm_yday=170, tm_isdst=0) or 1687204729.4921324 in seconds
Compute time is : 66.42431497573853
.
Sent 1 packets.
waiting for a signal back...
Recevied signal from omnet++, time to read...
Epoch 1 took 112.77038264274597s
Train Epoch: 2 [0/1935 (0%)]	Loss: 0.398865
Train Epoch: 2 [640/1935 (32%)]	Loss: 0.445457
Train Epoch: 2 [1280/1935 (65%)]	Loss: 0.488377
Train Epoch: 2 [450/1935 (97%)]	Loss: 0.112987
finished training...
writing file...
sending signal at time.struct_time(tm_year=2023, tm_mon=6, tm_mday=19, tm_hour=20, tm_min=1, tm_sec=0, tm_wday=0, tm_yday=170, tm_isdst=0) or 1687204860.1366863 in seconds
Compute time is : 84.29849863052368
.
Sent 1 packets.
waiting for a signal back...
Recevied signal from omnet++, time to read...
Epoch 2 took 130.10720324516296s
Train Epoch: 3 [0/1935 (0%)]	Loss: 0.133055
Train Epoch: 3 [640/1935 (32%)]	Loss: 0.223458
Train Epoch: 3 [1280/1935 (65%)]	Loss: 0.314633
Train Epoch: 3 [450/1935 (97%)]	Loss: 0.824805
finished training...
writing file...
sending signal at time.struct_time(tm_year=2023, tm_mon=6, tm_mday=19, tm_hour=20, tm_min=3, tm_sec=10, tm_wday=0, tm_yday=170, tm_isdst=0) or 1687204990.2764046 in seconds
Compute time is : 84.33091378211975
.
Sent 1 packets.
waiting for a signal back...
Recevied signal from omnet++, time to read...
Epoch 3 took 130.12960743904114s
Train Epoch: 4 [0/1935 (0%)]	Loss: 0.107426
Train Epoch: 4 [640/1935 (32%)]	Loss: 0.289562
Train Epoch: 4 [1280/1935 (65%)]	Loss: 0.251320
Train Epoch: 4 [450/1935 (97%)]	Loss: 0.475163
finished training...
writing file...
sending signal at time.struct_time(tm_year=2023, tm_mon=6, tm_mday=19, tm_hour=20, tm_min=5, tm_sec=19, tm_wday=0, tm_yday=170, tm_isdst=0) or 1687205119.9757276 in seconds
Compute time is : 83.90056300163269
.
Sent 1 packets.
waiting for a signal back...
Recevied signal from omnet++, time to read...
Epoch 4 took 130.14538049697876s
Train Epoch: 5 [0/1935 (0%)]	Loss: 0.216350
Train Epoch: 5 [640/1935 (32%)]	Loss: 0.286868
Train Epoch: 5 [1280/1935 (65%)]	Loss: 0.108023
Train Epoch: 5 [450/1935 (97%)]	Loss: 0.031700
finished training...
writing file...
sending signal at time.struct_time(tm_year=2023, tm_mon=6, tm_mday=19, tm_hour=20, tm_min=7, tm_sec=30, tm_wday=0, tm_yday=170, tm_isdst=0) or 1687205250.8777626 in seconds
Compute time is : 84.65709948539734
.
Sent 1 packets.
waiting for a signal back...
Recevied signal from omnet++, time to read...
Epoch 5 took 130.54150891304016s
Average epoch train time: 126.7388165473938
Convergence time from worker31: 633.7183690071106
Average training time: 80.5784417629242
Average time it takes worker to receive a new model from when he is done training his model: 45.8292622089386
Average amount of time it takes to load the new model received from the parameter server: 0.10158472061157227
Average time it takes to write trained model to text file: 0.1438321590423584
Final loss: 0.03169966861605644
for 5 epochs and 30 workers:
Loss: [0.36421167850494385, 0.11298734694719315, 0.824805498123169, 0.47516340017318726, 0.03169966861605644]
Train Times: [66.26391124725342, 84.16627788543701, 84.22162437438965, 83.73832941055298, 84.50206589698792]
Computation times of worker31: [66.42431497573853, 84.29849863052368, 84.33091378211975, 83.90056300163269, 84.65709948539734]
Times it took to receive new model each epoch: [46.13660955429077, 45.65007281303406, 45.623746395111084, 46.03882884979248, 45.6970534324646]
Program finished successfully!
