This is worker3
.
Sent 1 packets.
Starting training...
Train Epoch: 1 [0/7500 (0%)]	Loss: 2.288648
Train Epoch: 1 [640/7500 (8%)]	Loss: 0.702393
Train Epoch: 1 [1280/7500 (17%)]	Loss: 0.385660
Train Epoch: 1 [1920/7500 (25%)]	Loss: 0.416476
Train Epoch: 1 [2560/7500 (34%)]	Loss: 0.324825
Train Epoch: 1 [3200/7500 (42%)]	Loss: 0.349815
Train Epoch: 1 [3840/7500 (51%)]	Loss: 0.416485
Train Epoch: 1 [4480/7500 (59%)]	Loss: 0.468930
Train Epoch: 1 [5120/7500 (68%)]	Loss: 0.381305
Train Epoch: 1 [5760/7500 (76%)]	Loss: 0.563708
Train Epoch: 1 [6400/7500 (85%)]	Loss: 0.424783
Train Epoch: 1 [7040/7500 (93%)]	Loss: 0.304010
finished training...
writing file...
sending signal at time.struct_time(tm_year=2023, tm_mon=6, tm_mday=14, tm_hour=22, tm_min=53, tm_sec=45, tm_wday=2, tm_yday=165, tm_isdst=0) or 1686783226.0023222 in seconds
Compute time is : 123.22007942199707
.
Sent 1 packets.
waiting for a signal back...
Recevied signal from omnet++, time to read...
Epoch 1 took 270.20946407318115s
Train Epoch: 2 [0/7500 (0%)]	Loss: 0.218593
Train Epoch: 2 [640/7500 (8%)]	Loss: 0.156053
Train Epoch: 2 [1280/7500 (17%)]	Loss: 0.159351
Train Epoch: 2 [1920/7500 (25%)]	Loss: 0.238989
Train Epoch: 2 [2560/7500 (34%)]	Loss: 0.202777
Train Epoch: 2 [3200/7500 (42%)]	Loss: 0.278920
Train Epoch: 2 [3840/7500 (51%)]	Loss: 0.157703
Train Epoch: 2 [4480/7500 (59%)]	Loss: 0.232780
Train Epoch: 2 [5120/7500 (68%)]	Loss: 0.187201
Train Epoch: 2 [5760/7500 (76%)]	Loss: 0.219954
Train Epoch: 2 [6400/7500 (85%)]	Loss: 0.285325
Train Epoch: 2 [7040/7500 (93%)]	Loss: 0.191217
finished training...
writing file...
sending signal at time.struct_time(tm_year=2023, tm_mon=6, tm_mday=14, tm_hour=22, tm_min=58, tm_sec=16, tm_wday=2, tm_yday=165, tm_isdst=0) or 1686783496.4397686 in seconds
Compute time is : 123.44759726524353
.
Sent 1 packets.
waiting for a signal back...
Recevied signal from omnet++, time to read...
Epoch 2 took 269.398934841156s
Train Epoch: 3 [0/7500 (0%)]	Loss: 0.144197
Train Epoch: 3 [640/7500 (8%)]	Loss: 0.063242
Train Epoch: 3 [1280/7500 (17%)]	Loss: 0.106994
Train Epoch: 3 [1920/7500 (25%)]	Loss: 0.066458
Train Epoch: 3 [2560/7500 (34%)]	Loss: 0.114543
Train Epoch: 3 [3200/7500 (42%)]	Loss: 0.213446
Train Epoch: 3 [3840/7500 (51%)]	Loss: 0.249758
Train Epoch: 3 [4480/7500 (59%)]	Loss: 0.062837
Train Epoch: 3 [5120/7500 (68%)]	Loss: 0.193553
Train Epoch: 3 [5760/7500 (76%)]	Loss: 0.113558
Train Epoch: 3 [6400/7500 (85%)]	Loss: 0.303020
Train Epoch: 3 [7040/7500 (93%)]	Loss: 0.028851
finished training...
writing file...
sending signal at time.struct_time(tm_year=2023, tm_mon=6, tm_mday=14, tm_hour=23, tm_min=2, tm_sec=44, tm_wday=2, tm_yday=165, tm_isdst=0) or 1686783764.9983835 in seconds
Compute time is : 122.6071343421936
.
Sent 1 packets.
waiting for a signal back...
Recevied signal from omnet++, time to read...
Epoch 3 took 269.22194719314575s
Train Epoch: 4 [0/7500 (0%)]	Loss: 0.016647
Train Epoch: 4 [640/7500 (8%)]	Loss: 0.318957
Train Epoch: 4 [1280/7500 (17%)]	Loss: 0.078794
Train Epoch: 4 [1920/7500 (25%)]	Loss: 0.266701
Train Epoch: 4 [2560/7500 (34%)]	Loss: 0.133259
Train Epoch: 4 [3200/7500 (42%)]	Loss: 0.061480
Train Epoch: 4 [3840/7500 (51%)]	Loss: 0.261302
Train Epoch: 4 [4480/7500 (59%)]	Loss: 0.046901
Train Epoch: 4 [5120/7500 (68%)]	Loss: 0.048893
Train Epoch: 4 [5760/7500 (76%)]	Loss: 0.071936
Train Epoch: 4 [6400/7500 (85%)]	Loss: 0.122505
Train Epoch: 4 [7040/7500 (93%)]	Loss: 0.277046
finished training...
writing file...
sending signal at time.struct_time(tm_year=2023, tm_mon=6, tm_mday=14, tm_hour=23, tm_min=7, tm_sec=17, tm_wday=2, tm_yday=165, tm_isdst=0) or 1686784037.0436218 in seconds
Compute time is : 125.42996859550476
.
Sent 1 packets.
waiting for a signal back...
Recevied signal from omnet++, time to read...
Epoch 4 took 271.7130482196808s
Train Epoch: 5 [0/7500 (0%)]	Loss: 0.015619
Train Epoch: 5 [640/7500 (8%)]	Loss: 0.124097
Train Epoch: 5 [1280/7500 (17%)]	Loss: 0.119091
Train Epoch: 5 [1920/7500 (25%)]	Loss: 0.079655
Train Epoch: 5 [2560/7500 (34%)]	Loss: 0.225720
Train Epoch: 5 [3200/7500 (42%)]	Loss: 0.350409
Train Epoch: 5 [3840/7500 (51%)]	Loss: 0.069569
Train Epoch: 5 [4480/7500 (59%)]	Loss: 0.066619
Train Epoch: 5 [5120/7500 (68%)]	Loss: 0.079878
Train Epoch: 5 [5760/7500 (76%)]	Loss: 0.239917
Train Epoch: 5 [6400/7500 (85%)]	Loss: 0.009499
Train Epoch: 5 [7040/7500 (93%)]	Loss: 0.111917
finished training...
writing file...
sending signal at time.struct_time(tm_year=2023, tm_mon=6, tm_mday=14, tm_hour=23, tm_min=11, tm_sec=45, tm_wday=2, tm_yday=165, tm_isdst=0) or 1686784305.9965591 in seconds
Compute time is : 122.66985130310059
.
Sent 1 packets.
waiting for a signal back...
Recevied signal from omnet++, time to read...
Epoch 5 took 268.3142819404602s
Average epoch train time: 269.7715352535248
Convergence time from worker3: 1348.8662028312683
Average training time: 123.33395438194275
Average time it takes worker to receive a new model from when he is done training his model: 146.17746806144714
Average amount of time it takes to load the new model received from the parameter server: 0.06248078346252441
Average time it takes to write trained model to text file: 0.14096789360046386
Final loss: 0.006950301583856344
for 5 epochs and 2 workers:
Loss: [0.38046690821647644, 0.8407241702079773, 0.12079449743032455, 0.15627257525920868, 0.006950301583856344]
Train Times: [123.05499601364136, 123.36393547058105, 122.36486053466797, 125.27451801300049, 122.61146187782288]
Computation times of worker3: [123.22007942199707, 123.44759726524353, 122.6071343421936, 125.42996859550476, 122.66985130310059]
Times it took to receive new model each epoch: [146.87162494659424, 145.84002041816711, 146.48388838768005, 146.16043138504028, 145.53137516975403]
Program finished successfully!
