This is worker6
.
Sent 1 packets.
Starting training...
Train Epoch: 1 [0/7500 (0%)]	Loss: 2.298226
Train Epoch: 1 [640/7500 (8%)]	Loss: 0.688224
Train Epoch: 1 [1280/7500 (17%)]	Loss: 0.557019
Train Epoch: 1 [1920/7500 (25%)]	Loss: 0.633319
Train Epoch: 1 [2560/7500 (34%)]	Loss: 0.400447
Train Epoch: 1 [3200/7500 (42%)]	Loss: 0.214020
Train Epoch: 1 [3840/7500 (51%)]	Loss: 0.384390
Train Epoch: 1 [4480/7500 (59%)]	Loss: 0.232179
Train Epoch: 1 [5120/7500 (68%)]	Loss: 0.335450
Train Epoch: 1 [5760/7500 (76%)]	Loss: 0.565294
Train Epoch: 1 [6400/7500 (85%)]	Loss: 0.388403
Train Epoch: 1 [7040/7500 (93%)]	Loss: 0.260153
finished training...
writing file...
sending signal at time.struct_time(tm_year=2023, tm_mon=6, tm_mday=14, tm_hour=22, tm_min=53, tm_sec=46, tm_wday=2, tm_yday=165, tm_isdst=0) or 1686783226.60282 in seconds
Compute time is : 122.22881484031677
.
Sent 1 packets.
waiting for a signal back...
Recevied signal from omnet++, time to read...
Epoch 1 took 268.61657333374023s
Train Epoch: 2 [0/7500 (0%)]	Loss: 0.138843
Train Epoch: 2 [640/7500 (8%)]	Loss: 0.174406
Train Epoch: 2 [1280/7500 (17%)]	Loss: 0.230669
Train Epoch: 2 [1920/7500 (25%)]	Loss: 0.485859
Train Epoch: 2 [2560/7500 (34%)]	Loss: 0.347124
Train Epoch: 2 [3200/7500 (42%)]	Loss: 0.114942
Train Epoch: 2 [3840/7500 (51%)]	Loss: 0.248941
Train Epoch: 2 [4480/7500 (59%)]	Loss: 0.128608
Train Epoch: 2 [5120/7500 (68%)]	Loss: 0.190912
Train Epoch: 2 [5760/7500 (76%)]	Loss: 0.148734
Train Epoch: 2 [6400/7500 (85%)]	Loss: 0.205498
Train Epoch: 2 [7040/7500 (93%)]	Loss: 0.235343
finished training...
writing file...
sending signal at time.struct_time(tm_year=2023, tm_mon=6, tm_mday=14, tm_hour=22, tm_min=58, tm_sec=16, tm_wday=2, tm_yday=165, tm_isdst=0) or 1686783496.4475563 in seconds
Compute time is : 123.45539617538452
.
Sent 1 packets.
waiting for a signal back...
Recevied signal from omnet++, time to read...
Epoch 2 took 269.4021646976471s
Train Epoch: 3 [0/7500 (0%)]	Loss: 0.105409
Train Epoch: 3 [640/7500 (8%)]	Loss: 0.093012
Train Epoch: 3 [1280/7500 (17%)]	Loss: 0.196947
Train Epoch: 3 [1920/7500 (25%)]	Loss: 0.070678
Train Epoch: 3 [2560/7500 (34%)]	Loss: 0.189079
Train Epoch: 3 [3200/7500 (42%)]	Loss: 0.152222
Train Epoch: 3 [3840/7500 (51%)]	Loss: 0.315966
Train Epoch: 3 [4480/7500 (59%)]	Loss: 0.313949
Train Epoch: 3 [5120/7500 (68%)]	Loss: 0.057289
Train Epoch: 3 [5760/7500 (76%)]	Loss: 0.134259
Train Epoch: 3 [6400/7500 (85%)]	Loss: 0.216306
Train Epoch: 3 [7040/7500 (93%)]	Loss: 0.162763
finished training...
writing file...
sending signal at time.struct_time(tm_year=2023, tm_mon=6, tm_mday=14, tm_hour=23, tm_min=2, tm_sec=45, tm_wday=2, tm_yday=165, tm_isdst=0) or 1686783765.634381 in seconds
Compute time is : 123.23989200592041
.
Sent 1 packets.
waiting for a signal back...
Recevied signal from omnet++, time to read...
Epoch 3 took 269.21509647369385s
Train Epoch: 4 [0/7500 (0%)]	Loss: 0.087111
Train Epoch: 4 [640/7500 (8%)]	Loss: 0.252107
Train Epoch: 4 [1280/7500 (17%)]	Loss: 0.272144
Train Epoch: 4 [1920/7500 (25%)]	Loss: 0.070257
Train Epoch: 4 [2560/7500 (34%)]	Loss: 0.172871
Train Epoch: 4 [3200/7500 (42%)]	Loss: 0.164833
Train Epoch: 4 [3840/7500 (51%)]	Loss: 0.139014
Train Epoch: 4 [4480/7500 (59%)]	Loss: 0.067197
Train Epoch: 4 [5120/7500 (68%)]	Loss: 0.216519
Train Epoch: 4 [5760/7500 (76%)]	Loss: 0.130990
Train Epoch: 4 [6400/7500 (85%)]	Loss: 0.282937
Train Epoch: 4 [7040/7500 (93%)]	Loss: 0.078533
finished training...
writing file...
sending signal at time.struct_time(tm_year=2023, tm_mon=6, tm_mday=14, tm_hour=23, tm_min=7, tm_sec=15, tm_wday=2, tm_yday=165, tm_isdst=0) or 1686784035.9562962 in seconds
Compute time is : 124.34659552574158
.
Sent 1 packets.
waiting for a signal back...
Recevied signal from omnet++, time to read...
Epoch 4 took 271.71628737449646s
Train Epoch: 5 [0/7500 (0%)]	Loss: 0.001310
Train Epoch: 5 [640/7500 (8%)]	Loss: 0.139745
Train Epoch: 5 [1280/7500 (17%)]	Loss: 0.020798
Train Epoch: 5 [1920/7500 (25%)]	Loss: 0.140204
Train Epoch: 5 [2560/7500 (34%)]	Loss: 0.131977
Train Epoch: 5 [3200/7500 (42%)]	Loss: 0.160034
Train Epoch: 5 [3840/7500 (51%)]	Loss: 0.120249
Train Epoch: 5 [4480/7500 (59%)]	Loss: 0.076639
Train Epoch: 5 [5120/7500 (68%)]	Loss: 0.179898
Train Epoch: 5 [5760/7500 (76%)]	Loss: 0.158529
Train Epoch: 5 [6400/7500 (85%)]	Loss: 0.052921
Train Epoch: 5 [7040/7500 (93%)]	Loss: 0.193386
finished training...
writing file...
sending signal at time.struct_time(tm_year=2023, tm_mon=6, tm_mday=14, tm_hour=23, tm_min=11, tm_sec=45, tm_wday=2, tm_yday=165, tm_isdst=0) or 1686784305.6025765 in seconds
Compute time is : 122.27652168273926
.
Sent 1 packets.
waiting for a signal back...
Recevied signal from omnet++, time to read...
Epoch 5 took 268.31493759155273s
Average epoch train time: 269.45301189422605
Convergence time from worker6: 1347.2673788070679
Average training time: 122.96809043884278
Average time it takes worker to receive a new model from when he is done training his model: 146.22078952789306
Average amount of time it takes to load the new model received from the parameter server: 0.06114273071289063
Average time it takes to write trained model to text file: 0.14134979248046875
Final loss: 0.34095844626426697
for 5 epochs and 5 workers:
Loss: [0.13722170889377594, 0.0064998809248209, 0.5151234269142151, 0.269834965467453, 0.34095844626426697]
Train Times: [122.11356568336487, 123.35664963722229, 123.10533165931702, 124.14311027526855, 122.12179493904114]
Computation times of worker6: [122.22881484031677, 123.45539617538452, 123.23989200592041, 124.34659552574158, 122.27652168273926]
Times it took to receive new model each epoch: [146.2742829322815, 145.8217432498932, 145.84405159950256, 147.25153231620789, 145.9123375415802]
Program finished successfully!
