This is worker2
.
Sent 1 packets.
Starting training...
Train Epoch: 1 [0/7500 (0%)]	Loss: 2.281608
Train Epoch: 1 [640/7500 (8%)]	Loss: 0.858890
Train Epoch: 1 [1280/7500 (17%)]	Loss: 0.517113
Train Epoch: 1 [1920/7500 (25%)]	Loss: 0.391886
Train Epoch: 1 [2560/7500 (34%)]	Loss: 0.434447
Train Epoch: 1 [3200/7500 (42%)]	Loss: 0.422556
Train Epoch: 1 [3840/7500 (51%)]	Loss: 0.268321
Train Epoch: 1 [4480/7500 (59%)]	Loss: 0.233068
Train Epoch: 1 [5120/7500 (68%)]	Loss: 0.199839
Train Epoch: 1 [5760/7500 (76%)]	Loss: 0.297376
Train Epoch: 1 [6400/7500 (85%)]	Loss: 0.181966
Train Epoch: 1 [7040/7500 (93%)]	Loss: 0.141162
finished training...
writing file...
sending signal at time.struct_time(tm_year=2023, tm_mon=6, tm_mday=14, tm_hour=21, tm_min=45, tm_sec=0, tm_wday=2, tm_yday=165, tm_isdst=0) or 1686779100.2022738 in seconds
Compute time is : 122.83292841911316
.
Sent 1 packets.
waiting for a signal back...
Recevied signal from omnet++, time to read...
Epoch 1 took 274.171493768692s
Train Epoch: 2 [0/7500 (0%)]	Loss: 0.440147
Train Epoch: 2 [640/7500 (8%)]	Loss: 0.459382
Train Epoch: 2 [1280/7500 (17%)]	Loss: 0.333806
Train Epoch: 2 [1920/7500 (25%)]	Loss: 0.108370
Train Epoch: 2 [2560/7500 (34%)]	Loss: 0.576675
Train Epoch: 2 [3200/7500 (42%)]	Loss: 0.407292
Train Epoch: 2 [3840/7500 (51%)]	Loss: 0.363141
Train Epoch: 2 [4480/7500 (59%)]	Loss: 0.269396
Train Epoch: 2 [5120/7500 (68%)]	Loss: 0.203404
Train Epoch: 2 [5760/7500 (76%)]	Loss: 0.242334
Train Epoch: 2 [6400/7500 (85%)]	Loss: 0.242785
Train Epoch: 2 [7040/7500 (93%)]	Loss: 0.229632
finished training...
writing file...
sending signal at time.struct_time(tm_year=2023, tm_mon=6, tm_mday=14, tm_hour=21, tm_min=49, tm_sec=37, tm_wday=2, tm_yday=165, tm_isdst=0) or 1686779377.460231 in seconds
Compute time is : 125.91909265518188
.
Sent 1 packets.
waiting for a signal back...
Recevied signal from omnet++, time to read...
Epoch 2 took 271.9291536808014s
Train Epoch: 3 [0/7500 (0%)]	Loss: 0.308384
Train Epoch: 3 [640/7500 (8%)]	Loss: 0.187127
Train Epoch: 3 [1280/7500 (17%)]	Loss: 0.108961
Train Epoch: 3 [1920/7500 (25%)]	Loss: 0.112402
Train Epoch: 3 [2560/7500 (34%)]	Loss: 0.396072
Train Epoch: 3 [3200/7500 (42%)]	Loss: 0.342309
Train Epoch: 3 [3840/7500 (51%)]	Loss: 0.063921
Train Epoch: 3 [4480/7500 (59%)]	Loss: 0.161728
Train Epoch: 3 [5120/7500 (68%)]	Loss: 0.166805
Train Epoch: 3 [5760/7500 (76%)]	Loss: 0.220418
Train Epoch: 3 [6400/7500 (85%)]	Loss: 0.068107
Train Epoch: 3 [7040/7500 (93%)]	Loss: 0.153332
finished training...
writing file...
sending signal at time.struct_time(tm_year=2023, tm_mon=6, tm_mday=14, tm_hour=21, tm_min=54, tm_sec=5, tm_wday=2, tm_yday=165, tm_isdst=0) or 1686779645.9564414 in seconds
Compute time is : 122.4861192703247
.
Sent 1 packets.
waiting for a signal back...
Recevied signal from omnet++, time to read...
Epoch 3 took 268.10828495025635s
Train Epoch: 4 [0/7500 (0%)]	Loss: 0.093257
Train Epoch: 4 [640/7500 (8%)]	Loss: 0.039802
Train Epoch: 4 [1280/7500 (17%)]	Loss: 0.072127
Train Epoch: 4 [1920/7500 (25%)]	Loss: 0.188833
Train Epoch: 4 [2560/7500 (34%)]	Loss: 0.177816
Train Epoch: 4 [3200/7500 (42%)]	Loss: 0.097213
Train Epoch: 4 [3840/7500 (51%)]	Loss: 0.143435
Train Epoch: 4 [4480/7500 (59%)]	Loss: 0.121058
Train Epoch: 4 [5120/7500 (68%)]	Loss: 0.183239
Train Epoch: 4 [5760/7500 (76%)]	Loss: 0.303952
Train Epoch: 4 [6400/7500 (85%)]	Loss: 0.059903
Train Epoch: 4 [7040/7500 (93%)]	Loss: 0.171635
finished training...
writing file...
sending signal at time.struct_time(tm_year=2023, tm_mon=6, tm_mday=14, tm_hour=21, tm_min=58, tm_sec=36, tm_wday=2, tm_yday=165, tm_isdst=0) or 1686779916.3360887 in seconds
Compute time is : 124.75735926628113
.
Sent 1 packets.
waiting for a signal back...
Recevied signal from omnet++, time to read...
Epoch 4 took 270.6315631866455s
Train Epoch: 5 [0/7500 (0%)]	Loss: 0.140922
Train Epoch: 5 [640/7500 (8%)]	Loss: 0.155101
Train Epoch: 5 [1280/7500 (17%)]	Loss: 0.106277
Train Epoch: 5 [1920/7500 (25%)]	Loss: 0.156738
Train Epoch: 5 [2560/7500 (34%)]	Loss: 0.167336
Train Epoch: 5 [3200/7500 (42%)]	Loss: 0.068592
Train Epoch: 5 [3840/7500 (51%)]	Loss: 0.111656
Train Epoch: 5 [4480/7500 (59%)]	Loss: 0.180502
Train Epoch: 5 [5120/7500 (68%)]	Loss: 0.270474
Train Epoch: 5 [5760/7500 (76%)]	Loss: 0.131506
Train Epoch: 5 [6400/7500 (85%)]	Loss: 0.014147
Train Epoch: 5 [7040/7500 (93%)]	Loss: 0.115582
finished training...
writing file...
sending signal at time.struct_time(tm_year=2023, tm_mon=6, tm_mday=14, tm_hour=22, tm_min=3, tm_sec=4, tm_wday=2, tm_yday=165, tm_isdst=0) or 1686780184.8823888 in seconds
Compute time is : 122.67201685905457
.
Sent 1 packets.
waiting for a signal back...
Recevied signal from omnet++, time to read...
Epoch 5 took 268.45396852493286s
Average epoch train time: 270.6588928222656
Convergence time from worker2: 1353.295240163803
Average training time: 123.60609035491943
Average time it takes worker to receive a new model from when he is done training his model: 146.80320463180541
Average amount of time it takes to load the new model received from the parameter server: 0.06763854026794433
Average time it takes to write trained model to text file: 0.12740874290466309
Final loss: 0.003169466508552432
for 5 epochs and 1 workers:
Loss: [0.019556673243641853, 0.6308462619781494, 0.03172396123409271, 0.010959903709590435, 0.003169466508552432]
Train Times: [122.66616249084473, 125.79014778137207, 122.40726161003113, 124.61201095581055, 122.5548689365387]
Computation times of worker2: [122.83292841911316, 125.91909265518188, 122.4861192703247, 124.75735926628113, 122.67201685905457]
Times it took to receive new model each epoch: [151.1849081516266, 145.87976145744324, 145.52547883987427, 145.76116800308228, 145.66470670700073]
Program finished successfully!
