This is worker1
.
Sent 1 packets.
Starting training...
Train Epoch: 1 [0/1935 (0%)]	Loss: 2.290435
Train Epoch: 1 [640/1935 (32%)]	Loss: 0.760090
Train Epoch: 1 [1280/1935 (65%)]	Loss: 0.424225
Train Epoch: 1 [450/1935 (97%)]	Loss: 0.636469
finished training...
writing file...
sending signal at time.struct_time(tm_year=2023, tm_mon=6, tm_mday=19, tm_hour=18, tm_min=1, tm_sec=22, tm_wday=0, tm_yday=170, tm_isdst=0) or 1687197682.163938 in seconds
Compute time is : 52.93083596229553
.
Sent 1 packets.
waiting for a signal back...
Recevied signal from omnet++, time to read...
Epoch 1 took 116.36489057540894s
Train Epoch: 2 [0/1935 (0%)]	Loss: 0.579299
Train Epoch: 2 [640/1935 (32%)]	Loss: 0.484487
Train Epoch: 2 [1280/1935 (65%)]	Loss: 0.225352
Train Epoch: 2 [450/1935 (97%)]	Loss: 0.623225
finished training...
writing file...
sending signal at time.struct_time(tm_year=2023, tm_mon=6, tm_mday=19, tm_hour=18, tm_min=3, tm_sec=43, tm_wday=0, tm_yday=170, tm_isdst=0) or 1687197823.2467456 in seconds
Compute time is : 77.648854970932
.
Sent 1 packets.
waiting for a signal back...
Recevied signal from omnet++, time to read...
Epoch 2 took 113.9962363243103s
Train Epoch: 3 [0/1935 (0%)]	Loss: 0.317266
Train Epoch: 3 [640/1935 (32%)]	Loss: 0.315414
Train Epoch: 3 [1280/1935 (65%)]	Loss: 0.445562
Train Epoch: 3 [450/1935 (97%)]	Loss: 0.084998
finished training...
writing file...
sending signal at time.struct_time(tm_year=2023, tm_mon=6, tm_mday=19, tm_hour=18, tm_min=5, tm_sec=36, tm_wday=0, tm_yday=170, tm_isdst=0) or 1687197936.083303 in seconds
Compute time is : 76.48914170265198
.
Sent 1 packets.
waiting for a signal back...
Recevied signal from omnet++, time to read...
Epoch 3 took 113.95612096786499s
Train Epoch: 4 [0/1935 (0%)]	Loss: 0.074566
Train Epoch: 4 [640/1935 (32%)]	Loss: 0.244175
Train Epoch: 4 [1280/1935 (65%)]	Loss: 0.402832
Train Epoch: 4 [450/1935 (97%)]	Loss: 0.044027
finished training...
writing file...
sending signal at time.struct_time(tm_year=2023, tm_mon=6, tm_mday=19, tm_hour=18, tm_min=7, tm_sec=31, tm_wday=0, tm_yday=170, tm_isdst=0) or 1687198051.2819254 in seconds
Compute time is : 77.73159670829773
.
Sent 1 packets.
waiting for a signal back...
Recevied signal from omnet++, time to read...
Epoch 4 took 114.01377606391907s
Train Epoch: 5 [0/1935 (0%)]	Loss: 0.117103
Train Epoch: 5 [640/1935 (32%)]	Loss: 0.139069
Train Epoch: 5 [1280/1935 (65%)]	Loss: 0.267386
Train Epoch: 5 [450/1935 (97%)]	Loss: 0.136519
finished training...
writing file...
sending signal at time.struct_time(tm_year=2023, tm_mon=6, tm_mday=19, tm_hour=18, tm_min=9, tm_sec=25, tm_wday=0, tm_yday=170, tm_isdst=0) or 1687198165.7769344 in seconds
Compute time is : 78.21276450157166
.
Sent 1 packets.
waiting for a signal back...
Recevied signal from omnet++, time to read...
Epoch 5 took 114.1670093536377s
Average epoch train time: 114.4996066570282
Convergence time from worker1: 572.4985072612762
Average training time: 72.43238687515259
Average time it takes worker to receive a new model from when he is done training his model: 41.67851057052612
Average amount of time it takes to load the new model received from the parameter server: 0.12282042503356934
Average time it takes to write trained model to text file: 0.17024693489074708
Final loss: 0.136519193649292
for 5 epochs and 0 workers:
Loss: [0.6364694237709045, 0.6232247948646545, 0.08499807864427567, 0.04402672499418259, 0.136519193649292]
Train Times: [52.73161959648132, 77.48769807815552, 76.3164575099945, 77.5734748840332, 78.05268430709839]
Computation times of worker1: [52.93083596229553, 77.648854970932, 76.48914170265198, 77.73159670829773, 78.21276450157166]
Times it took to receive new model each epoch: [63.24654150009155, 36.112064361572266, 37.248279094696045, 36.06146717071533, 35.72420072555542]
Program finished successfully!
