This is worker27
Starting training...
Train Epoch: 1 [0/1935 (0%)]	Loss: 2.291584
Train Epoch: 1 [640/1935 (32%)]	Loss: 0.708290
Train Epoch: 1 [1280/1935 (65%)]	Loss: 0.507213
Train Epoch: 1 [450/1935 (97%)]	Loss: 0.733699
finished training...
writing file...
sending signal at time.struct_time(tm_year=2023, tm_mon=6, tm_mday=19, tm_hour=18, tm_min=1, tm_sec=48, tm_wday=0, tm_yday=170, tm_isdst=0) or 1687197708.2553964 in seconds
Compute time is : 63.81609511375427
.
Sent 1 packets.
waiting for a signal back...
Recevied signal from omnet++, time to read...
Epoch 1 took 101.13373160362244s
Train Epoch: 2 [0/1935 (0%)]	Loss: 0.245241
Train Epoch: 2 [640/1935 (32%)]	Loss: 0.172936
Train Epoch: 2 [1280/1935 (65%)]	Loss: 0.419506
Train Epoch: 2 [450/1935 (97%)]	Loss: 0.733218
finished training...
writing file...
sending signal at time.struct_time(tm_year=2023, tm_mon=6, tm_mday=19, tm_hour=18, tm_min=3, tm_sec=43, tm_wday=0, tm_yday=170, tm_isdst=0) or 1687197823.1988094 in seconds
Compute time is : 77.62576007843018
.
Sent 1 packets.
waiting for a signal back...
Recevied signal from omnet++, time to read...
Epoch 2 took 114.02313160896301s
Train Epoch: 3 [0/1935 (0%)]	Loss: 0.170927
Train Epoch: 3 [640/1935 (32%)]	Loss: 0.170911
Train Epoch: 3 [1280/1935 (65%)]	Loss: 0.231537
Train Epoch: 3 [450/1935 (97%)]	Loss: 0.072316
finished training...
writing file...
sending signal at time.struct_time(tm_year=2023, tm_mon=6, tm_mday=19, tm_hour=18, tm_min=5, tm_sec=35, tm_wday=0, tm_yday=170, tm_isdst=0) or 1687197935.9806397 in seconds
Compute time is : 76.38438820838928
.
Sent 1 packets.
waiting for a signal back...
Recevied signal from omnet++, time to read...
Epoch 3 took 113.9520833492279s
Train Epoch: 4 [0/1935 (0%)]	Loss: 0.200289
Train Epoch: 4 [640/1935 (32%)]	Loss: 0.322958
Train Epoch: 4 [1280/1935 (65%)]	Loss: 0.201367
Train Epoch: 4 [450/1935 (97%)]	Loss: 0.059848
finished training...
writing file...
sending signal at time.struct_time(tm_year=2023, tm_mon=6, tm_mday=19, tm_hour=18, tm_min=7, tm_sec=31, tm_wday=0, tm_yday=170, tm_isdst=0) or 1687198051.6309657 in seconds
Compute time is : 78.08259177207947
.
Sent 1 packets.
waiting for a signal back...
Recevied signal from omnet++, time to read...
Epoch 4 took 114.01823663711548s
Train Epoch: 5 [0/1935 (0%)]	Loss: 0.319193
Train Epoch: 5 [640/1935 (32%)]	Loss: 0.277995
Train Epoch: 5 [1280/1935 (65%)]	Loss: 0.105554
Train Epoch: 5 [450/1935 (97%)]	Loss: 0.202952
finished training...
writing file...
sending signal at time.struct_time(tm_year=2023, tm_mon=6, tm_mday=19, tm_hour=18, tm_min=9, tm_sec=25, tm_wday=0, tm_yday=170, tm_isdst=0) or 1687198165.8023858 in seconds
Compute time is : 78.23572015762329
.
Sent 1 packets.
waiting for a signal back...
Recevied signal from omnet++, time to read...
Epoch 5 took 114.16364622116089s
Average epoch train time: 111.45816588401794
Convergence time from worker27: 557.2917990684509
Average training time: 74.6629864692688
Average time it takes worker to receive a new model from when he is done training his model: 36.42559628486633
Average amount of time it takes to load the new model received from the parameter server: 0.11342029571533203
Average time it takes to write trained model to text file: 0.16592016220092773
Final loss: 0.20295225083827972
for 5 epochs and 26 workers:
Loss: [0.7336986064910889, 0.7332176566123962, 0.0723155066370964, 0.05984793230891228, 0.20295225083827972]
Train Times: [63.656805753707886, 77.46422100067139, 76.21608996391296, 77.91765642166138, 78.06015920639038]
Computation times of worker27: [63.81609511375427, 77.62576007843018, 76.38438820838928, 78.08259177207947, 78.23572015762329]
Times it took to receive new model each epoch: [37.16507434844971, 36.20268440246582, 37.35240840911865, 35.720285177230835, 35.68752908706665]
Program finished successfully!
