This is worker18
Starting training...
Train Epoch: 1 [0/1935 (0%)]	Loss: 2.298421
Train Epoch: 1 [640/1935 (32%)]	Loss: 0.528162
Train Epoch: 1 [1280/1935 (65%)]	Loss: 0.547122
Train Epoch: 1 [450/1935 (97%)]	Loss: 0.259595
finished training...
writing file...
sending signal at time.struct_time(tm_year=2023, tm_mon=6, tm_mday=19, tm_hour=18, tm_min=1, tm_sec=53, tm_wday=0, tm_yday=170, tm_isdst=0) or 1687197713.476623 in seconds
Compute time is : 75.29148554801941
.
Sent 1 packets.
waiting for a signal back...
Recevied signal from omnet++, time to read...
Epoch 1 took 107.4229826927185s
Train Epoch: 2 [0/1935 (0%)]	Loss: 0.361620
Train Epoch: 2 [640/1935 (32%)]	Loss: 0.298263
Train Epoch: 2 [1280/1935 (65%)]	Loss: 0.363512
Train Epoch: 2 [450/1935 (97%)]	Loss: 0.487891
finished training...
writing file...
sending signal at time.struct_time(tm_year=2023, tm_mon=6, tm_mday=19, tm_hour=18, tm_min=3, tm_sec=49, tm_wday=0, tm_yday=170, tm_isdst=0) or 1687197829.6582365 in seconds
Compute time is : 84.05007863044739
.
Sent 1 packets.
waiting for a signal back...
Recevied signal from omnet++, time to read...
Epoch 2 took 113.97219347953796s
Train Epoch: 3 [0/1935 (0%)]	Loss: 0.190047
Train Epoch: 3 [640/1935 (32%)]	Loss: 0.390245
Train Epoch: 3 [1280/1935 (65%)]	Loss: 0.279272
Train Epoch: 3 [450/1935 (97%)]	Loss: 0.137373
finished training...
writing file...
sending signal at time.struct_time(tm_year=2023, tm_mon=6, tm_mday=19, tm_hour=18, tm_min=5, tm_sec=42, tm_wday=0, tm_yday=170, tm_isdst=0) or 1687197942.7346315 in seconds
Compute time is : 83.15422439575195
.
Sent 1 packets.
waiting for a signal back...
Recevied signal from omnet++, time to read...
Epoch 3 took 113.91099619865417s
Train Epoch: 4 [0/1935 (0%)]	Loss: 0.255689
Train Epoch: 4 [640/1935 (32%)]	Loss: 0.233958
Train Epoch: 4 [1280/1935 (65%)]	Loss: 0.195521
Train Epoch: 4 [450/1935 (97%)]	Loss: 0.108881
finished training...
writing file...
sending signal at time.struct_time(tm_year=2023, tm_mon=6, tm_mday=19, tm_hour=18, tm_min=7, tm_sec=37, tm_wday=0, tm_yday=170, tm_isdst=0) or 1687198057.8542953 in seconds
Compute time is : 84.36283349990845
.
Sent 1 packets.
waiting for a signal back...
Recevied signal from omnet++, time to read...
Epoch 4 took 114.00250697135925s
Train Epoch: 5 [0/1935 (0%)]	Loss: 0.160009
Train Epoch: 5 [640/1935 (32%)]	Loss: 0.282305
Train Epoch: 5 [1280/1935 (65%)]	Loss: 0.224965
Train Epoch: 5 [450/1935 (97%)]	Loss: 0.868416
finished training...
writing file...
sending signal at time.struct_time(tm_year=2023, tm_mon=6, tm_mday=19, tm_hour=18, tm_min=9, tm_sec=32, tm_wday=0, tm_yday=170, tm_isdst=0) or 1687198172.026131 in seconds
Compute time is : 84.53211975097656
.
Sent 1 packets.
waiting for a signal back...
Recevied signal from omnet++, time to read...
Epoch 5 took 114.19265031814575s
Average epoch train time: 112.70026593208313
Convergence time from worker18: 563.5016701221466
Average training time: 82.11826643943786
Average time it takes worker to receive a new model from when he is done training his model: 30.256427574157716
Average amount of time it takes to load the new model received from the parameter server: 0.08468527793884277
Average time it takes to write trained model to text file: 0.15987682342529297
Final loss: 0.868416428565979
for 5 epochs and 17 workers:
Loss: [0.2595948576927185, 0.4878914952278137, 0.1373731791973114, 0.10888148844242096, 0.868416428565979]
Train Times: [75.12760949134827, 83.89182782173157, 82.99553894996643, 84.20115780830383, 84.37519812583923]
Computation times of worker18: [75.29148554801941, 84.05007863044739, 83.15422439575195, 84.36283349990845, 84.53211975097656]
Times it took to receive new model each epoch: [31.924620628356934, 29.749520540237427, 30.602754592895508, 29.50702977180481, 29.498212337493896]
Program finished successfully!
