This is worker19
Starting training...
Train Epoch: 1 [0/1935 (0%)]	Loss: 2.293068
Train Epoch: 1 [640/1935 (32%)]	Loss: 0.647119
Train Epoch: 1 [1280/1935 (65%)]	Loss: 0.314728
Train Epoch: 1 [450/1935 (97%)]	Loss: 0.789109
finished training...
writing file...
sending signal at time.struct_time(tm_year=2023, tm_mon=6, tm_mday=19, tm_hour=18, tm_min=1, tm_sec=52, tm_wday=0, tm_yday=170, tm_isdst=0) or 1687197712.9848285 in seconds
Compute time is : 74.30197238922119
.
Sent 1 packets.
waiting for a signal back...
Recevied signal from omnet++, time to read...
Epoch 1 took 106.9053521156311s
Train Epoch: 2 [0/1935 (0%)]	Loss: 0.363262
Train Epoch: 2 [640/1935 (32%)]	Loss: 0.497371
Train Epoch: 2 [1280/1935 (65%)]	Loss: 0.465616
Train Epoch: 2 [450/1935 (97%)]	Loss: 0.125187
finished training...
writing file...
sending signal at time.struct_time(tm_year=2023, tm_mon=6, tm_mday=19, tm_hour=18, tm_min=3, tm_sec=49, tm_wday=0, tm_yday=170, tm_isdst=0) or 1687197829.3752482 in seconds
Compute time is : 83.78697776794434
.
Sent 1 packets.
waiting for a signal back...
Recevied signal from omnet++, time to read...
Epoch 2 took 113.99594163894653s
Train Epoch: 3 [0/1935 (0%)]	Loss: 0.114799
Train Epoch: 3 [640/1935 (32%)]	Loss: 0.256287
Train Epoch: 3 [1280/1935 (65%)]	Loss: 0.409001
Train Epoch: 3 [450/1935 (97%)]	Loss: 0.150695
finished training...
writing file...
sending signal at time.struct_time(tm_year=2023, tm_mon=6, tm_mday=19, tm_hour=18, tm_min=5, tm_sec=42, tm_wday=0, tm_yday=170, tm_isdst=0) or 1687197942.8647065 in seconds
Compute time is : 83.2804229259491
.
Sent 1 packets.
waiting for a signal back...
Recevied signal from omnet++, time to read...
Epoch 3 took 113.9004533290863s
Train Epoch: 4 [0/1935 (0%)]	Loss: 0.241349
Train Epoch: 4 [640/1935 (32%)]	Loss: 0.214025
Train Epoch: 4 [1280/1935 (65%)]	Loss: 0.420953
Train Epoch: 4 [450/1935 (97%)]	Loss: 0.334722
finished training...
writing file...
sending signal at time.struct_time(tm_year=2023, tm_mon=6, tm_mday=19, tm_hour=18, tm_min=7, tm_sec=35, tm_wday=0, tm_yday=170, tm_isdst=0) or 1687198055.2924237 in seconds
Compute time is : 81.80752539634705
.
Sent 1 packets.
waiting for a signal back...
Recevied signal from omnet++, time to read...
Epoch 4 took 114.00969386100769s
Train Epoch: 5 [0/1935 (0%)]	Loss: 0.081845
Train Epoch: 5 [640/1935 (32%)]	Loss: 0.227685
Train Epoch: 5 [1280/1935 (65%)]	Loss: 0.137635
Train Epoch: 5 [450/1935 (97%)]	Loss: 0.697217
finished training...
writing file...
sending signal at time.struct_time(tm_year=2023, tm_mon=6, tm_mday=19, tm_hour=18, tm_min=9, tm_sec=31, tm_wday=0, tm_yday=170, tm_isdst=0) or 1687198171.705781 in seconds
Compute time is : 84.21127557754517
.
Sent 1 packets.
waiting for a signal back...
Recevied signal from omnet++, time to read...
Epoch 5 took 114.18315148353577s
Average epoch train time: 112.59891848564148
Convergence time from worker19: 562.9951236248016
Average training time: 81.32249975204468
Average time it takes worker to receive a new model from when he is done training his model: 30.958043241500853
Average amount of time it takes to load the new model received from the parameter server: 0.07836847305297852
Average time it takes to write trained model to text file: 0.15512571334838868
Final loss: 0.6972171068191528
for 5 epochs and 18 workers:
Loss: [0.7891086339950562, 0.12518693506717682, 0.15069521963596344, 0.3347216546535492, 0.6972171068191528]
Train Times: [74.14167213439941, 83.62745094299316, 83.11732411384583, 81.63536834716797, 84.09068322181702]
Computation times of worker19: [74.30197238922119, 83.78697776794434, 83.2804229259491, 81.80752539634705, 84.21127557754517]
Times it took to receive new model each epoch: [32.42464256286621, 30.021610498428345, 30.47824239730835, 32.06318688392639, 29.802533864974976]
Program finished successfully!
