This is worker8
.
Sent 1 packets.
Starting training...
Train Epoch: 1 [0/1935 (0%)]	Loss: 2.286287
Train Epoch: 1 [640/1935 (32%)]	Loss: 0.750239
Train Epoch: 1 [1280/1935 (65%)]	Loss: 0.693321
Train Epoch: 1 [450/1935 (97%)]	Loss: 0.382593
finished training...
writing file...
sending signal at time.struct_time(tm_year=2023, tm_mon=6, tm_mday=19, tm_hour=18, tm_min=1, tm_sec=52, tm_wday=0, tm_yday=170, tm_isdst=0) or 1687197712.1584356 in seconds
Compute time is : 79.63395547866821
.
Sent 1 packets.
waiting for a signal back...
Recevied signal from omnet++, time to read...
Epoch 1 took 113.08947038650513s
Train Epoch: 2 [0/1935 (0%)]	Loss: 0.366492
Train Epoch: 2 [640/1935 (32%)]	Loss: 0.251809
Train Epoch: 2 [1280/1935 (65%)]	Loss: 0.225226
Train Epoch: 2 [450/1935 (97%)]	Loss: 0.296790
finished training...
writing file...
sending signal at time.struct_time(tm_year=2023, tm_mon=6, tm_mday=19, tm_hour=18, tm_min=3, tm_sec=49, tm_wday=0, tm_yday=170, tm_isdst=0) or 1687197829.5983102 in seconds
Compute time is : 83.98431587219238
.
Sent 1 packets.
waiting for a signal back...
Recevied signal from omnet++, time to read...
Epoch 2 took 113.92803430557251s
Train Epoch: 3 [0/1935 (0%)]	Loss: 0.309794
Train Epoch: 3 [640/1935 (32%)]	Loss: 0.185774
Train Epoch: 3 [1280/1935 (65%)]	Loss: 0.339417
Train Epoch: 3 [450/1935 (97%)]	Loss: 0.189418
finished training...
writing file...
sending signal at time.struct_time(tm_year=2023, tm_mon=6, tm_mday=19, tm_hour=18, tm_min=5, tm_sec=42, tm_wday=0, tm_yday=170, tm_isdst=0) or 1687197942.908933 in seconds
Compute time is : 83.36686420440674
.
Sent 1 packets.
waiting for a signal back...
Recevied signal from omnet++, time to read...
Epoch 3 took 113.94561195373535s
Train Epoch: 4 [0/1935 (0%)]	Loss: 0.060350
Train Epoch: 4 [640/1935 (32%)]	Loss: 0.260894
Train Epoch: 4 [1280/1935 (65%)]	Loss: 0.359280
Train Epoch: 4 [450/1935 (97%)]	Loss: 0.124253
finished training...
writing file...
sending signal at time.struct_time(tm_year=2023, tm_mon=6, tm_mday=19, tm_hour=18, tm_min=7, tm_sec=37, tm_wday=0, tm_yday=170, tm_isdst=0) or 1687198057.6594923 in seconds
Compute time is : 84.17176342010498
.
Sent 1 packets.
waiting for a signal back...
Recevied signal from omnet++, time to read...
Epoch 4 took 114.07087254524231s
Train Epoch: 5 [0/1935 (0%)]	Loss: 0.188039
Train Epoch: 5 [640/1935 (32%)]	Loss: 0.193981
Train Epoch: 5 [1280/1935 (65%)]	Loss: 0.116926
Train Epoch: 5 [450/1935 (97%)]	Loss: 0.038738
finished training...
writing file...
sending signal at time.struct_time(tm_year=2023, tm_mon=6, tm_mday=19, tm_hour=18, tm_min=9, tm_sec=32, tm_wday=0, tm_yday=170, tm_isdst=0) or 1687198172.1048822 in seconds
Compute time is : 84.54610919952393
.
Sent 1 packets.
waiting for a signal back...
Recevied signal from omnet++, time to read...
Epoch 5 took 114.13958716392517s
Average epoch train time: 113.8347152709961
Convergence time from worker8: 569.1742606163025
Average training time: 82.9931345462799
Average time it takes worker to receive a new model from when he is done training his model: 30.520925188064574
Average amount of time it takes to load the new model received from the parameter server: 0.09379982948303223
Average time it takes to write trained model to text file: 0.1474626064300537
Final loss: 0.03873812034726143
for 5 epochs and 7 workers:
Loss: [0.3825932741165161, 0.2967899441719055, 0.18941809237003326, 0.12425307184457779, 0.03873812034726143]
Train Times: [79.4645745754242, 83.8273093700409, 83.20895314216614, 84.02663064002991, 84.4382050037384]
Computation times of worker8: [79.63395547866821, 83.98431587219238, 83.36686420440674, 84.17176342010498, 84.54610919952393]
Times it took to receive new model each epoch: [33.276209592819214, 29.804633617401123, 30.42092490196228, 29.6780047416687, 29.424853086471558]
Program finished successfully!
