This is worker14
Starting training...
Train Epoch: 1 [0/1935 (0%)]	Loss: 2.302478
Train Epoch: 1 [640/1935 (32%)]	Loss: 0.594129
Train Epoch: 1 [1280/1935 (65%)]	Loss: 0.510388
Train Epoch: 1 [450/1935 (97%)]	Loss: 0.430182
finished training...
writing file...
sending signal at time.struct_time(tm_year=2023, tm_mon=6, tm_mday=19, tm_hour=18, tm_min=1, tm_sec=43, tm_wday=0, tm_yday=170, tm_isdst=0) or 1687197703.6982665 in seconds
Compute time is : 68.18003225326538
.
Sent 1 packets.
waiting for a signal back...
Recevied signal from omnet++, time to read...
Epoch 1 took 110.10305070877075s
Train Epoch: 2 [0/1935 (0%)]	Loss: 0.523954
Train Epoch: 2 [640/1935 (32%)]	Loss: 0.284180
Train Epoch: 2 [1280/1935 (65%)]	Loss: 0.475375
Train Epoch: 2 [450/1935 (97%)]	Loss: 0.486357
finished training...
writing file...
sending signal at time.struct_time(tm_year=2023, tm_mon=6, tm_mday=19, tm_hour=18, tm_min=3, tm_sec=42, tm_wday=0, tm_yday=170, tm_isdst=0) or 1687197822.9205317 in seconds
Compute time is : 77.29922938346863
.
Sent 1 packets.
waiting for a signal back...
Recevied signal from omnet++, time to read...
Epoch 2 took 113.97820854187012s
Train Epoch: 3 [0/1935 (0%)]	Loss: 0.257060
Train Epoch: 3 [640/1935 (32%)]	Loss: 0.394675
Train Epoch: 3 [1280/1935 (65%)]	Loss: 0.188870
Train Epoch: 3 [450/1935 (97%)]	Loss: 0.190420
finished training...
writing file...
sending signal at time.struct_time(tm_year=2023, tm_mon=6, tm_mday=19, tm_hour=18, tm_min=5, tm_sec=37, tm_wday=0, tm_yday=170, tm_isdst=0) or 1687197937.8993428 in seconds
Compute time is : 78.29977250099182
.
Sent 1 packets.
waiting for a signal back...
Recevied signal from omnet++, time to read...
Epoch 3 took 113.94717073440552s
Train Epoch: 4 [0/1935 (0%)]	Loss: 0.123125
Train Epoch: 4 [640/1935 (32%)]	Loss: 0.234728
Train Epoch: 4 [1280/1935 (65%)]	Loss: 0.381015
Train Epoch: 4 [450/1935 (97%)]	Loss: 0.281047
finished training...
writing file...
sending signal at time.struct_time(tm_year=2023, tm_mon=6, tm_mday=19, tm_hour=18, tm_min=7, tm_sec=30, tm_wday=0, tm_yday=170, tm_isdst=0) or 1687198050.843588 in seconds
Compute time is : 77.29680037498474
.
Sent 1 packets.
waiting for a signal back...
Recevied signal from omnet++, time to read...
Epoch 4 took 114.01991438865662s
Train Epoch: 5 [0/1935 (0%)]	Loss: 0.096757
Train Epoch: 5 [640/1935 (32%)]	Loss: 0.335079
Train Epoch: 5 [1280/1935 (65%)]	Loss: 0.433973
Train Epoch: 5 [450/1935 (97%)]	Loss: 0.060473
finished training...
writing file...
sending signal at time.struct_time(tm_year=2023, tm_mon=6, tm_mday=19, tm_hour=18, tm_min=9, tm_sec=25, tm_wday=0, tm_yday=170, tm_isdst=0) or 1687198165.4867792 in seconds
Compute time is : 77.9200210571289
.
Sent 1 packets.
waiting for a signal back...
Recevied signal from omnet++, time to read...
Epoch 5 took 114.16109728813171s
Average epoch train time: 113.24188833236694
Convergence time from worker14: 566.2100389003754
Average training time: 75.63126249313355
Average time it takes worker to receive a new model from when he is done training his model: 37.21302556991577
Average amount of time it takes to load the new model received from the parameter server: 0.12540936470031738
Average time it takes to write trained model to text file: 0.16790471076965333
Final loss: 0.06047280132770538
for 5 epochs and 13 workers:
Loss: [0.43018195033073425, 0.48635709285736084, 0.19042041897773743, 0.28104734420776367, 0.06047280132770538]
Train Times: [68.02049374580383, 77.13507509231567, 78.13553094863892, 77.10639977455139, 77.75881290435791]
Computation times of worker14: [68.18003225326538, 77.29922938346863, 78.29977250099182, 77.29680037498474, 77.9200210571289]
Times it took to receive new model each epoch: [41.70842266082764, 36.449174880981445, 35.405755281448364, 36.49466395378113, 36.00711107254028]
Program finished successfully!
