This is worker12
Starting training...
Train Epoch: 1 [0/1935 (0%)]	Loss: 2.309709
Train Epoch: 1 [640/1935 (32%)]	Loss: 0.682991
Train Epoch: 1 [1280/1935 (65%)]	Loss: 0.397455
Train Epoch: 1 [450/1935 (97%)]	Loss: 0.637112
finished training...
writing file...
sending signal at time.struct_time(tm_year=2023, tm_mon=6, tm_mday=19, tm_hour=18, tm_min=1, tm_sec=43, tm_wday=0, tm_yday=170, tm_isdst=0) or 1687197703.1930966 in seconds
Compute time is : 68.71219825744629
.
Sent 1 packets.
waiting for a signal back...
Recevied signal from omnet++, time to read...
Epoch 1 took 111.14260745048523s
Train Epoch: 2 [0/1935 (0%)]	Loss: 0.281556
Train Epoch: 2 [640/1935 (32%)]	Loss: 0.354867
Train Epoch: 2 [1280/1935 (65%)]	Loss: 0.330076
Train Epoch: 2 [450/1935 (97%)]	Loss: 0.110198
finished training...
writing file...
sending signal at time.struct_time(tm_year=2023, tm_mon=6, tm_mday=19, tm_hour=18, tm_min=3, tm_sec=42, tm_wday=0, tm_yday=170, tm_isdst=0) or 1687197822.291607 in seconds
Compute time is : 76.66806983947754
.
Sent 1 packets.
waiting for a signal back...
Recevied signal from omnet++, time to read...
Epoch 2 took 113.97057461738586s
Train Epoch: 3 [0/1935 (0%)]	Loss: 0.221231
Train Epoch: 3 [640/1935 (32%)]	Loss: 0.121089
Train Epoch: 3 [1280/1935 (65%)]	Loss: 0.204823
Train Epoch: 3 [450/1935 (97%)]	Loss: 0.136591
finished training...
writing file...
sending signal at time.struct_time(tm_year=2023, tm_mon=6, tm_mday=19, tm_hour=18, tm_min=5, tm_sec=37, tm_wday=0, tm_yday=170, tm_isdst=0) or 1687197937.3500338 in seconds
Compute time is : 77.75586676597595
.
Sent 1 packets.
waiting for a signal back...
Recevied signal from omnet++, time to read...
Epoch 3 took 113.95518708229065s
Train Epoch: 4 [0/1935 (0%)]	Loss: 0.102515
Train Epoch: 4 [640/1935 (32%)]	Loss: 0.085602
Train Epoch: 4 [1280/1935 (65%)]	Loss: 0.317122
Train Epoch: 4 [450/1935 (97%)]	Loss: 0.854844
finished training...
writing file...
sending signal at time.struct_time(tm_year=2023, tm_mon=6, tm_mday=19, tm_hour=18, tm_min=7, tm_sec=30, tm_wday=0, tm_yday=170, tm_isdst=0) or 1687198050.8311334 in seconds
Compute time is : 77.28171753883362
.
Sent 1 packets.
waiting for a signal back...
Recevied signal from omnet++, time to read...
Epoch 4 took 114.0184645652771s
Train Epoch: 5 [0/1935 (0%)]	Loss: 0.149054
Train Epoch: 5 [640/1935 (32%)]	Loss: 0.255768
Train Epoch: 5 [1280/1935 (65%)]	Loss: 0.333073
Train Epoch: 5 [450/1935 (97%)]	Loss: 0.212250
finished training...
writing file...
sending signal at time.struct_time(tm_year=2023, tm_mon=6, tm_mday=19, tm_hour=18, tm_min=9, tm_sec=25, tm_wday=0, tm_yday=170, tm_isdst=0) or 1687198165.5665114 in seconds
Compute time is : 77.99854850769043
.
Sent 1 packets.
waiting for a signal back...
Recevied signal from omnet++, time to read...
Epoch 5 took 114.15839743614197s
Average epoch train time: 113.44904623031616
Convergence time from worker12: 567.2541625499725
Average training time: 75.51153464317322
Average time it takes worker to receive a new model from when he is done training his model: 37.53895983695984
Average amount of time it takes to load the new model received from the parameter server: 0.1255021095275879
Average time it takes to write trained model to text file: 0.17174134254455567
Final loss: 0.2122497409582138
for 5 epochs and 11 workers:
Loss: [0.6371123790740967, 0.11019781231880188, 0.13659051060676575, 0.85484379529953, 0.2122497409582138]
Train Times: [68.54844546318054, 76.49894428253174, 77.59355592727661, 77.09082531929016, 77.82590222358704]
Computation times of worker12: [68.71219825744629, 76.66806983947754, 77.75586676597595, 77.28171753883362, 77.99854850769043]
Times it took to receive new model each epoch: [42.20836853981018, 37.08504009246826, 35.965529441833496, 36.50643563270569, 35.92942547798157]
Program finished successfully!
