This is worker26
.
Sent 1 packets.
Starting training...
Train Epoch: 1 [0/1935 (0%)]	Loss: 2.304808
Train Epoch: 1 [640/1935 (32%)]	Loss: 0.534863
Train Epoch: 1 [1280/1935 (65%)]	Loss: 0.393779
Train Epoch: 1 [450/1935 (97%)]	Loss: 0.068938
finished training...
writing file...
sending signal at time.struct_time(tm_year=2023, tm_mon=6, tm_mday=19, tm_hour=18, tm_min=1, tm_sec=56, tm_wday=0, tm_yday=170, tm_isdst=0) or 1687197716.036734 in seconds
Compute time is : 72.42823719978333
.
Sent 1 packets.
waiting for a signal back...
Recevied signal from omnet++, time to read...
Epoch 1 took 102.00041723251343s
Train Epoch: 2 [0/1935 (0%)]	Loss: 0.441682
Train Epoch: 2 [640/1935 (32%)]	Loss: 0.525308
Train Epoch: 2 [1280/1935 (65%)]	Loss: 0.268285
Train Epoch: 2 [450/1935 (97%)]	Loss: 0.796508
finished training...
writing file...
sending signal at time.struct_time(tm_year=2023, tm_mon=6, tm_mday=19, tm_hour=18, tm_min=3, tm_sec=50, tm_wday=0, tm_yday=170, tm_isdst=0) or 1687197830.0612454 in seconds
Compute time is : 84.45228171348572
.
Sent 1 packets.
waiting for a signal back...
Recevied signal from omnet++, time to read...
Epoch 2 took 113.97093152999878s
Train Epoch: 3 [0/1935 (0%)]	Loss: 0.203592
Train Epoch: 3 [640/1935 (32%)]	Loss: 0.213727
Train Epoch: 3 [1280/1935 (65%)]	Loss: 0.111117
Train Epoch: 3 [450/1935 (97%)]	Loss: 0.411852
finished training...
writing file...
sending signal at time.struct_time(tm_year=2023, tm_mon=6, tm_mday=19, tm_hour=18, tm_min=5, tm_sec=43, tm_wday=0, tm_yday=170, tm_isdst=0) or 1687197943.6166642 in seconds
Compute time is : 84.03665924072266
.
Sent 1 packets.
waiting for a signal back...
Recevied signal from omnet++, time to read...
Epoch 3 took 113.94845986366272s
Train Epoch: 4 [0/1935 (0%)]	Loss: 0.153544
Train Epoch: 4 [640/1935 (32%)]	Loss: 0.366714
Train Epoch: 4 [1280/1935 (65%)]	Loss: 0.188642
Train Epoch: 4 [450/1935 (97%)]	Loss: 0.425114
finished training...
writing file...
sending signal at time.struct_time(tm_year=2023, tm_mon=6, tm_mday=19, tm_hour=18, tm_min=7, tm_sec=36, tm_wday=0, tm_yday=170, tm_isdst=0) or 1687198056.9013412 in seconds
Compute time is : 83.37281632423401
.
Sent 1 packets.
waiting for a signal back...
Recevied signal from omnet++, time to read...
Epoch 4 took 114.00393724441528s
Train Epoch: 5 [0/1935 (0%)]	Loss: 0.136713
Train Epoch: 5 [640/1935 (32%)]	Loss: 0.392012
Train Epoch: 5 [1280/1935 (65%)]	Loss: 0.362769
Train Epoch: 5 [450/1935 (97%)]	Loss: 0.039367
finished training...
writing file...
sending signal at time.struct_time(tm_year=2023, tm_mon=6, tm_mday=19, tm_hour=18, tm_min=9, tm_sec=32, tm_wday=0, tm_yday=170, tm_isdst=0) or 1687198172.0455618 in seconds
Compute time is : 84.5130705833435
.
Sent 1 packets.
waiting for a signal back...
Recevied signal from omnet++, time to read...
Epoch 5 took 114.15011358261108s
Average epoch train time: 111.61477189064026
Convergence time from worker26: 558.0748810768127
Average training time: 81.6373601436615
Average time it takes worker to receive a new model from when he is done training his model: 29.686216735839842
Average amount of time it takes to load the new model received from the parameter server: 0.09723033905029296
Average time it takes to write trained model to text file: 0.12324833869934082
Final loss: 0.03936684504151344
for 5 epochs and 25 workers:
Loss: [0.06893771141767502, 0.7965084314346313, 0.4118524193763733, 0.4251135587692261, 0.03936684504151344]
Train Times: [72.34566974639893, 84.35932397842407, 83.87611889839172, 83.21329474449158, 84.3923933506012]
Computation times of worker26: [72.42823719978333, 84.45228171348572, 84.03665924072266, 83.37281632423401, 84.5130705833435]
Times it took to receive new model each epoch: [29.40107274055481, 29.366434812545776, 29.72718048095703, 30.448291301727295, 29.488104343414307]
Program finished successfully!
