This is worker22
Starting training...
Train Epoch: 1 [0/1935 (0%)]	Loss: 2.305969
Train Epoch: 1 [640/1935 (32%)]	Loss: 0.568676
Train Epoch: 1 [1280/1935 (65%)]	Loss: 0.378869
Train Epoch: 1 [450/1935 (97%)]	Loss: 0.130130
finished training...
writing file...
sending signal at time.struct_time(tm_year=2023, tm_mon=6, tm_mday=19, tm_hour=18, tm_min=1, tm_sec=55, tm_wday=0, tm_yday=170, tm_isdst=0) or 1687197715.9734886 in seconds
Compute time is : 75.16743445396423
.
Sent 1 packets.
waiting for a signal back...
Recevied signal from omnet++, time to read...
Epoch 1 took 104.75960397720337s
Train Epoch: 2 [0/1935 (0%)]	Loss: 0.359032
Train Epoch: 2 [640/1935 (32%)]	Loss: 0.141260
Train Epoch: 2 [1280/1935 (65%)]	Loss: 0.556684
Train Epoch: 2 [450/1935 (97%)]	Loss: 0.252235
finished training...
writing file...
sending signal at time.struct_time(tm_year=2023, tm_mon=6, tm_mday=19, tm_hour=18, tm_min=3, tm_sec=47, tm_wday=0, tm_yday=170, tm_isdst=0) or 1687197827.990689 in seconds
Compute time is : 82.42496466636658
.
Sent 1 packets.
waiting for a signal back...
Recevied signal from omnet++, time to read...
Epoch 2 took 114.01155710220337s
Train Epoch: 3 [0/1935 (0%)]	Loss: 0.064173
Train Epoch: 3 [640/1935 (32%)]	Loss: 0.157189
Train Epoch: 3 [1280/1935 (65%)]	Loss: 0.395634
Train Epoch: 3 [450/1935 (97%)]	Loss: 0.409945
finished training...
writing file...
sending signal at time.struct_time(tm_year=2023, tm_mon=6, tm_mday=19, tm_hour=18, tm_min=5, tm_sec=43, tm_wday=0, tm_yday=170, tm_isdst=0) or 1687197943.9455788 in seconds
Compute time is : 84.36824584007263
.
Sent 1 packets.
waiting for a signal back...
Recevied signal from omnet++, time to read...
Epoch 3 took 113.98254370689392s
Train Epoch: 4 [0/1935 (0%)]	Loss: 0.106740
Train Epoch: 4 [640/1935 (32%)]	Loss: 0.103274
Train Epoch: 4 [1280/1935 (65%)]	Loss: 0.119615
Train Epoch: 4 [450/1935 (97%)]	Loss: 0.169487
finished training...
writing file...
sending signal at time.struct_time(tm_year=2023, tm_mon=6, tm_mday=19, tm_hour=18, tm_min=7, tm_sec=37, tm_wday=0, tm_yday=170, tm_isdst=0) or 1687198057.6481652 in seconds
Compute time is : 84.08818817138672
.
Sent 1 packets.
waiting for a signal back...
Recevied signal from omnet++, time to read...
Epoch 4 took 113.99227714538574s
Train Epoch: 5 [0/1935 (0%)]	Loss: 0.239028
Train Epoch: 5 [640/1935 (32%)]	Loss: 0.097276
Train Epoch: 5 [1280/1935 (65%)]	Loss: 0.125752
Train Epoch: 5 [450/1935 (97%)]	Loss: 0.077749
finished training...
writing file...
sending signal at time.struct_time(tm_year=2023, tm_mon=6, tm_mday=19, tm_hour=18, tm_min=9, tm_sec=31, tm_wday=0, tm_yday=170, tm_isdst=0) or 1687198171.5792432 in seconds
Compute time is : 84.02687811851501
.
Sent 1 packets.
waiting for a signal back...
Recevied signal from omnet++, time to read...
Epoch 5 took 114.15682220458984s
Average epoch train time: 112.18056082725525
Convergence time from worker22: 560.9038822650909
Average training time: 81.87840313911438
Average time it takes worker to receive a new model from when he is done training his model: 29.97523784637451
Average amount of time it takes to load the new model received from the parameter server: 0.10491061210632324
Average time it takes to write trained model to text file: 0.13673477172851561
Final loss: 0.0777493342757225
for 5 epochs and 21 workers:
Loss: [0.13012966513633728, 0.252234548330307, 0.40994536876678467, 0.16948683559894562, 0.0777493342757225]
Train Times: [75.04869818687439, 82.26340246200562, 84.26462388038635, 83.95025539398193, 83.86503577232361]
Computation times of worker22: [75.16743445396423, 82.42496466636658, 84.36824584007263, 84.08818817138672, 84.02687811851501]
Times it took to receive new model each epoch: [29.452810525894165, 31.39792799949646, 29.426870346069336, 29.68375253677368, 29.914827823638916]
Program finished successfully!
