This is worker20
Starting training...
Train Epoch: 1 [0/1935 (0%)]	Loss: 2.304578
Train Epoch: 1 [640/1935 (32%)]	Loss: 0.740688
Train Epoch: 1 [1280/1935 (65%)]	Loss: 0.349447
Train Epoch: 1 [450/1935 (97%)]	Loss: 0.440331
finished training...
writing file...
sending signal at time.struct_time(tm_year=2023, tm_mon=6, tm_mday=19, tm_hour=18, tm_min=1, tm_sec=46, tm_wday=0, tm_yday=170, tm_isdst=0) or 1687197706.20784 in seconds
Compute time is : 66.76455688476562
.
Sent 1 packets.
waiting for a signal back...
Recevied signal from omnet++, time to read...
Epoch 1 took 106.17767834663391s
Train Epoch: 2 [0/1935 (0%)]	Loss: 0.380753
Train Epoch: 2 [640/1935 (32%)]	Loss: 0.495172
Train Epoch: 2 [1280/1935 (65%)]	Loss: 0.268498
Train Epoch: 2 [450/1935 (97%)]	Loss: 0.070958
finished training...
writing file...
sending signal at time.struct_time(tm_year=2023, tm_mon=6, tm_mday=19, tm_hour=18, tm_min=3, tm_sec=43, tm_wday=0, tm_yday=170, tm_isdst=0) or 1687197823.196157 in seconds
Compute time is : 77.57515168190002
.
Sent 1 packets.
waiting for a signal back...
Recevied signal from omnet++, time to read...
Epoch 2 took 113.97476530075073s
Train Epoch: 3 [0/1935 (0%)]	Loss: 0.136198
Train Epoch: 3 [640/1935 (32%)]	Loss: 0.198790
Train Epoch: 3 [1280/1935 (65%)]	Loss: 0.403504
Train Epoch: 3 [450/1935 (97%)]	Loss: 0.522576
finished training...
writing file...
sending signal at time.struct_time(tm_year=2023, tm_mon=6, tm_mday=19, tm_hour=18, tm_min=5, tm_sec=36, tm_wday=0, tm_yday=170, tm_isdst=0) or 1687197936.8498228 in seconds
Compute time is : 77.25399732589722
.
Sent 1 packets.
waiting for a signal back...
Recevied signal from omnet++, time to read...
Epoch 3 took 113.94920492172241s
Train Epoch: 4 [0/1935 (0%)]	Loss: 0.272021
Train Epoch: 4 [640/1935 (32%)]	Loss: 0.135347
Train Epoch: 4 [1280/1935 (65%)]	Loss: 0.243440
Train Epoch: 4 [450/1935 (97%)]	Loss: 0.229016
finished training...
writing file...
sending signal at time.struct_time(tm_year=2023, tm_mon=6, tm_mday=19, tm_hour=18, tm_min=7, tm_sec=29, tm_wday=0, tm_yday=170, tm_isdst=0) or 1687198049.5075977 in seconds
Compute time is : 75.9625015258789
.
Sent 1 packets.
waiting for a signal back...
Recevied signal from omnet++, time to read...
Epoch 4 took 114.02425003051758s
Train Epoch: 5 [0/1935 (0%)]	Loss: 0.146276
Train Epoch: 5 [640/1935 (32%)]	Loss: 0.269648
Train Epoch: 5 [1280/1935 (65%)]	Loss: 0.259017
Train Epoch: 5 [450/1935 (97%)]	Loss: 0.055771
finished training...
writing file...
sending signal at time.struct_time(tm_year=2023, tm_mon=6, tm_mday=19, tm_hour=18, tm_min=9, tm_sec=25, tm_wday=0, tm_yday=170, tm_isdst=0) or 1687198165.5449495 in seconds
Compute time is : 77.97544503211975
.
Sent 1 packets.
waiting for a signal back...
Recevied signal from omnet++, time to read...
Epoch 5 took 114.15880012512207s
Average epoch train time: 112.45693974494934
Convergence time from worker20: 562.2852447032928
Average training time: 74.93543043136597
Average time it takes worker to receive a new model from when he is done training his model: 37.12778635025025
Average amount of time it takes to load the new model received from the parameter server: 0.12428507804870606
Average time it takes to write trained model to text file: 0.17089519500732422
Final loss: 0.05577081814408302
for 5 epochs and 19 workers:
Loss: [0.4403313994407654, 0.07095769047737122, 0.5225756168365479, 0.22901558876037598, 0.05577081814408302]
Train Times: [66.60158443450928, 77.41644978523254, 77.06520104408264, 75.80137348175049, 77.79254341125488]
Computation times of worker20: [66.76455688476562, 77.57515168190002, 77.25399732589722, 75.9625015258789, 77.97544503211975]
Times it took to receive new model each epoch: [39.188777685165405, 36.19378042221069, 36.49444055557251, 37.81935715675354, 35.94257593154907]
Program finished successfully!
