This is worker7
Starting training...
Train Epoch: 1 [0/1935 (0%)]	Loss: 2.297401
Train Epoch: 1 [640/1935 (32%)]	Loss: 0.506918
Train Epoch: 1 [1280/1935 (65%)]	Loss: 0.447878
Train Epoch: 1 [450/1935 (97%)]	Loss: 0.542910
finished training...
writing file...
sending signal at time.struct_time(tm_year=2023, tm_mon=6, tm_mday=19, tm_hour=18, tm_min=1, tm_sec=35, tm_wday=0, tm_yday=170, tm_isdst=0) or 1687197695.3430927 in seconds
Compute time is : 63.68968200683594
.
Sent 1 packets.
waiting for a signal back...
Recevied signal from omnet++, time to read...
Epoch 1 took 113.96403336524963s
Train Epoch: 2 [0/1935 (0%)]	Loss: 0.335880
Train Epoch: 2 [640/1935 (32%)]	Loss: 0.389656
Train Epoch: 2 [1280/1935 (65%)]	Loss: 0.245548
Train Epoch: 2 [450/1935 (97%)]	Loss: 0.292898
finished training...
writing file...
sending signal at time.struct_time(tm_year=2023, tm_mon=6, tm_mday=19, tm_hour=18, tm_min=3, tm_sec=43, tm_wday=0, tm_yday=170, tm_isdst=0) or 1687197823.2155666 in seconds
Compute time is : 77.59806251525879
.
Sent 1 packets.
waiting for a signal back...
Recevied signal from omnet++, time to read...
Epoch 2 took 113.93662405014038s
Train Epoch: 3 [0/1935 (0%)]	Loss: 0.273000
Train Epoch: 3 [640/1935 (32%)]	Loss: 0.436580
Train Epoch: 3 [1280/1935 (65%)]	Loss: 0.387300
Train Epoch: 3 [450/1935 (97%)]	Loss: 0.584630
finished training...
writing file...
sending signal at time.struct_time(tm_year=2023, tm_mon=6, tm_mday=19, tm_hour=18, tm_min=5, tm_sec=37, tm_wday=0, tm_yday=170, tm_isdst=0) or 1687197937.2592733 in seconds
Compute time is : 77.70483326911926
.
Sent 1 packets.
waiting for a signal back...
Recevied signal from omnet++, time to read...
Epoch 3 took 113.98977160453796s
Train Epoch: 4 [0/1935 (0%)]	Loss: 0.113757
Train Epoch: 4 [640/1935 (32%)]	Loss: 0.228351
Train Epoch: 4 [1280/1935 (65%)]	Loss: 0.175343
Train Epoch: 4 [450/1935 (97%)]	Loss: 0.537879
finished training...
writing file...
sending signal at time.struct_time(tm_year=2023, tm_mon=6, tm_mday=19, tm_hour=18, tm_min=7, tm_sec=31, tm_wday=0, tm_yday=170, tm_isdst=0) or 1687198051.0935018 in seconds
Compute time is : 77.54916715621948
.
Sent 1 packets.
waiting for a signal back...
Recevied signal from omnet++, time to read...
Epoch 4 took 114.02330136299133s
Train Epoch: 5 [0/1935 (0%)]	Loss: 0.152204
Train Epoch: 5 [640/1935 (32%)]	Loss: 0.137433
Train Epoch: 5 [1280/1935 (65%)]	Loss: 0.322139
Train Epoch: 5 [450/1935 (97%)]	Loss: 0.035634
finished training...
writing file...
sending signal at time.struct_time(tm_year=2023, tm_mon=6, tm_mday=19, tm_hour=18, tm_min=9, tm_sec=25, tm_wday=0, tm_yday=170, tm_isdst=0) or 1687198165.6133647 in seconds
Compute time is : 78.04567646980286
.
Sent 1 packets.
waiting for a signal back...
Recevied signal from omnet++, time to read...
Epoch 5 took 114.15579891204834s
Average epoch train time: 114.01390585899352
Convergence time from worker7: 570.0706446170807
Average training time: 74.75427532196045
Average time it takes worker to receive a new model from when he is done training his model: 38.889142227172854
Average amount of time it takes to load the new model received from the parameter server: 0.11513915061950683
Average time it takes to write trained model to text file: 0.16320505142211914
Final loss: 0.03563385084271431
for 5 epochs and 6 workers:
Loss: [0.5429096817970276, 0.29289767146110535, 0.5846298933029175, 0.5378789305686951, 0.03563385084271431]
Train Times: [63.51381516456604, 77.43961524963379, 77.53833961486816, 77.38982009887695, 77.8897864818573]
Computation times of worker7: [63.68968200683594, 77.59806251525879, 77.70483326911926, 77.54916715621948, 78.04567646980286]
Times it took to receive new model each epoch: [50.071815490722656, 36.16863179206848, 36.072758436203, 36.255757570266724, 35.876747846603394]
Program finished successfully!
