This is worker10
.
Sent 1 packets.
Starting training...
Train Epoch: 1 [0/1935 (0%)]	Loss: 2.293532
Train Epoch: 1 [640/1935 (32%)]	Loss: 0.565340
Train Epoch: 1 [1280/1935 (65%)]	Loss: 0.406666
Train Epoch: 1 [450/1935 (97%)]	Loss: 1.020575
finished training...
writing file...
sending signal at time.struct_time(tm_year=2023, tm_mon=6, tm_mday=19, tm_hour=18, tm_min=1, tm_sec=40, tm_wday=0, tm_yday=170, tm_isdst=0) or 1687197700.4420557 in seconds
Compute time is : 67.10933756828308
.
Sent 1 packets.
waiting for a signal back...
Recevied signal from omnet++, time to read...
Epoch 1 took 112.28588819503784s
Train Epoch: 2 [0/1935 (0%)]	Loss: 0.294352
Train Epoch: 2 [640/1935 (32%)]	Loss: 0.538753
Train Epoch: 2 [1280/1935 (65%)]	Loss: 0.305153
Train Epoch: 2 [450/1935 (97%)]	Loss: 0.054423
finished training...
writing file...
sending signal at time.struct_time(tm_year=2023, tm_mon=6, tm_mday=19, tm_hour=18, tm_min=3, tm_sec=42, tm_wday=0, tm_yday=170, tm_isdst=0) or 1687197822.7403371 in seconds
Compute time is : 77.12173080444336
.
Sent 1 packets.
waiting for a signal back...
Recevied signal from omnet++, time to read...
Epoch 2 took 113.98320031166077s
Train Epoch: 3 [0/1935 (0%)]	Loss: 0.185481
Train Epoch: 3 [640/1935 (32%)]	Loss: 0.470679
Train Epoch: 3 [1280/1935 (65%)]	Loss: 0.169875
Train Epoch: 3 [450/1935 (97%)]	Loss: 0.434694
finished training...
writing file...
sending signal at time.struct_time(tm_year=2023, tm_mon=6, tm_mday=19, tm_hour=18, tm_min=5, tm_sec=37, tm_wday=0, tm_yday=170, tm_isdst=0) or 1687197937.2349122 in seconds
Compute time is : 77.6330246925354
.
Sent 1 packets.
waiting for a signal back...
Recevied signal from omnet++, time to read...
Epoch 3 took 113.8920509815216s
Train Epoch: 4 [0/1935 (0%)]	Loss: 0.147561
Train Epoch: 4 [640/1935 (32%)]	Loss: 0.119956
Train Epoch: 4 [1280/1935 (65%)]	Loss: 0.385474
Train Epoch: 4 [450/1935 (97%)]	Loss: 0.392679
finished training...
writing file...
sending signal at time.struct_time(tm_year=2023, tm_mon=6, tm_mday=19, tm_hour=18, tm_min=7, tm_sec=31, tm_wday=0, tm_yday=170, tm_isdst=0) or 1687198051.1008332 in seconds
Compute time is : 77.60684871673584
.
Sent 1 packets.
waiting for a signal back...
Recevied signal from omnet++, time to read...
Epoch 4 took 114.07391023635864s
Train Epoch: 5 [0/1935 (0%)]	Loss: 0.305598
Train Epoch: 5 [640/1935 (32%)]	Loss: 0.148723
Train Epoch: 5 [1280/1935 (65%)]	Loss: 0.155520
Train Epoch: 5 [450/1935 (97%)]	Loss: 0.032382
finished training...
writing file...
sending signal at time.struct_time(tm_year=2023, tm_mon=6, tm_mday=19, tm_hour=18, tm_min=9, tm_sec=23, tm_wday=0, tm_yday=170, tm_isdst=0) or 1687198163.5294697 in seconds
Compute time is : 75.96148920059204
.
Sent 1 packets.
waiting for a signal back...
Recevied signal from omnet++, time to read...
Epoch 5 took 114.15776085853577s
Average epoch train time: 113.67856211662293
Convergence time from worker10: 568.3933732509613
Average training time: 74.92643480300903
Average time it takes worker to receive a new model from when he is done training his model: 38.37661228179932
Average amount of time it takes to load the new model received from the parameter server: 0.1150550365447998
Average time it takes to write trained model to text file: 0.1600466251373291
Final loss: 0.03238153085112572
for 5 epochs and 9 workers:
Loss: [1.0205750465393066, 0.05442322418093681, 0.4346943497657776, 0.3926786184310913, 0.03238153085112572]
Train Times: [66.95116710662842, 76.96614003181458, 77.47289657592773, 77.44817447662354, 75.7937958240509]
Computation times of worker10: [67.10933756828308, 77.12173080444336, 77.6330246925354, 77.60684871673584, 75.96148920059204]
Times it took to receive new model each epoch: [44.95228052139282, 36.644899129867554, 36.09052109718323, 36.242223024368286, 37.95313763618469]
Program finished successfully!
