This is worker19
Starting training...
Train Epoch: 1 [0/1935 (0%)]	Loss: 2.293068
Train Epoch: 1 [640/1935 (32%)]	Loss: 0.647119
Train Epoch: 1 [1280/1935 (65%)]	Loss: 0.314728
Train Epoch: 1 [450/1935 (97%)]	Loss: 0.789109
finished training...
writing file...
sending signal at time.struct_time(tm_year=2023, tm_mon=6, tm_mday=19, tm_hour=18, tm_min=49, tm_sec=34, tm_wday=0, tm_yday=170, tm_isdst=0) or 1687200574.135194 in seconds
Compute time is : 76.05445170402527
.
Sent 1 packets.
waiting for a signal back...
Recevied signal from omnet++, time to read...
Epoch 1 took 144.80579161643982s
Train Epoch: 2 [0/1935 (0%)]	Loss: 0.363262
Train Epoch: 2 [640/1935 (32%)]	Loss: 0.497371
Train Epoch: 2 [1280/1935 (65%)]	Loss: 0.465616
Train Epoch: 2 [450/1935 (97%)]	Loss: 0.125187
finished training...
writing file...
sending signal at time.struct_time(tm_year=2023, tm_mon=6, tm_mday=19, tm_hour=18, tm_min=52, tm_sec=7, tm_wday=0, tm_yday=170, tm_isdst=0) or 1687200727.4131787 in seconds
Compute time is : 84.52656555175781
.
Sent 1 packets.
waiting for a signal back...
Recevied signal from omnet++, time to read...
Epoch 2 took 152.49658346176147s
Train Epoch: 3 [0/1935 (0%)]	Loss: 0.114799
Train Epoch: 3 [640/1935 (32%)]	Loss: 0.256287
Train Epoch: 3 [1280/1935 (65%)]	Loss: 0.409001
Train Epoch: 3 [450/1935 (97%)]	Loss: 0.150695
finished training...
writing file...
sending signal at time.struct_time(tm_year=2023, tm_mon=6, tm_mday=19, tm_hour=18, tm_min=54, tm_sec=39, tm_wday=0, tm_yday=170, tm_isdst=0) or 1687200879.7740843 in seconds
Compute time is : 84.39081931114197
.
Sent 1 packets.
waiting for a signal back...
Recevied signal from omnet++, time to read...
Epoch 3 took 152.32979798316956s
Train Epoch: 4 [0/1935 (0%)]	Loss: 0.241349
Train Epoch: 4 [640/1935 (32%)]	Loss: 0.214025
Train Epoch: 4 [1280/1935 (65%)]	Loss: 0.420953
Train Epoch: 4 [450/1935 (97%)]	Loss: 0.334722
finished training...
writing file...
sending signal at time.struct_time(tm_year=2023, tm_mon=6, tm_mday=19, tm_hour=18, tm_min=57, tm_sec=10, tm_wday=0, tm_yday=170, tm_isdst=0) or 1687201030.926197 in seconds
Compute time is : 83.21308016777039
.
Sent 1 packets.
waiting for a signal back...
Recevied signal from omnet++, time to read...
Epoch 4 took 152.73931860923767s
Train Epoch: 5 [0/1935 (0%)]	Loss: 0.081845
Train Epoch: 5 [640/1935 (32%)]	Loss: 0.227685
Train Epoch: 5 [1280/1935 (65%)]	Loss: 0.137635
Train Epoch: 5 [450/1935 (97%)]	Loss: 0.697217
finished training...
writing file...
sending signal at time.struct_time(tm_year=2023, tm_mon=6, tm_mday=19, tm_hour=18, tm_min=59, tm_sec=44, tm_wday=0, tm_yday=170, tm_isdst=0) or 1687201184.7160866 in seconds
Compute time is : 84.26357936859131
.
Sent 1 packets.
waiting for a signal back...
Recevied signal from omnet++, time to read...
Epoch 5 took 152.60351300239563s
Average epoch train time: 150.99500093460082
Convergence time from worker19: 754.9763016700745
Average training time: 82.36328811645508
Average time it takes worker to receive a new model from when he is done training his model: 68.3382526397705
Average amount of time it takes to load the new model received from the parameter server: 0.08898930549621582
Average time it takes to write trained model to text file: 0.12640719413757323
Final loss: 0.6972169876098633
for 5 epochs and 18 workers:
Loss: [0.7891086339950562, 0.12518693506717682, 0.1506950706243515, 0.3347216844558716, 0.6972169876098633]
Train Times: [75.89702343940735, 84.44971752166748, 84.30679821968079, 83.05741739273071, 84.10548400878906]
Computation times of worker19: [76.05445170402527, 84.52656555175781, 84.39081931114197, 83.21308016777039, 84.26357936859131]
Times it took to receive new model each epoch: [68.51717066764832, 67.81729245185852, 67.82156014442444, 69.34263706207275, 68.19260287284851]
Program finished successfully!
