This is worker24
.
Sent 1 packets.
Starting training...
Train Epoch: 1 [0/1935 (0%)]	Loss: 2.299454
Train Epoch: 1 [640/1935 (32%)]	Loss: 0.468182
Train Epoch: 1 [1280/1935 (65%)]	Loss: 0.358905
Train Epoch: 1 [450/1935 (97%)]	Loss: 0.311927
finished training...
writing file...
sending signal at time.struct_time(tm_year=2023, tm_mon=6, tm_mday=19, tm_hour=18, tm_min=49, tm_sec=34, tm_wday=0, tm_yday=170, tm_isdst=0) or 1687200574.8525512 in seconds
Compute time is : 73.00666952133179
.
Sent 1 packets.
waiting for a signal back...
Recevied signal from omnet++, time to read...
Epoch 1 took 140.96551394462585s
Train Epoch: 2 [0/1935 (0%)]	Loss: 0.486639
Train Epoch: 2 [640/1935 (32%)]	Loss: 0.388360
Train Epoch: 2 [1280/1935 (65%)]	Loss: 0.212084
Train Epoch: 2 [450/1935 (97%)]	Loss: 0.487405
finished training...
writing file...
sending signal at time.struct_time(tm_year=2023, tm_mon=6, tm_mday=19, tm_hour=18, tm_min=52, tm_sec=6, tm_wday=0, tm_yday=170, tm_isdst=0) or 1687200726.555879 in seconds
Compute time is : 83.74444437026978
.
Sent 1 packets.
waiting for a signal back...
Recevied signal from omnet++, time to read...
Epoch 2 took 152.57038712501526s
Train Epoch: 3 [0/1935 (0%)]	Loss: 0.364371
Train Epoch: 3 [640/1935 (32%)]	Loss: 0.385467
Train Epoch: 3 [1280/1935 (65%)]	Loss: 0.346996
Train Epoch: 3 [450/1935 (97%)]	Loss: 0.433128
finished training...
writing file...
sending signal at time.struct_time(tm_year=2023, tm_mon=6, tm_mday=19, tm_hour=18, tm_min=54, tm_sec=39, tm_wday=0, tm_yday=170, tm_isdst=0) or 1687200879.7757437 in seconds
Compute time is : 84.39385509490967
.
Sent 1 packets.
waiting for a signal back...
Recevied signal from omnet++, time to read...
Epoch 3 took 152.3304512500763s
Train Epoch: 4 [0/1935 (0%)]	Loss: 0.210795
Train Epoch: 4 [640/1935 (32%)]	Loss: 0.276599
Train Epoch: 4 [1280/1935 (65%)]	Loss: 0.209429
Train Epoch: 4 [450/1935 (97%)]	Loss: 0.191221
finished training...
writing file...
sending signal at time.struct_time(tm_year=2023, tm_mon=6, tm_mday=19, tm_hour=18, tm_min=57, tm_sec=11, tm_wday=0, tm_yday=170, tm_isdst=0) or 1687201031.718387 in seconds
Compute time is : 84.0060019493103
.
Sent 1 packets.
waiting for a signal back...
Recevied signal from omnet++, time to read...
Epoch 4 took 152.74528455734253s
Train Epoch: 5 [0/1935 (0%)]	Loss: 0.159360
Train Epoch: 5 [640/1935 (32%)]	Loss: 0.140372
Train Epoch: 5 [1280/1935 (65%)]	Loss: 0.179282
Train Epoch: 5 [450/1935 (97%)]	Loss: 0.096515
finished training...
writing file...
sending signal at time.struct_time(tm_year=2023, tm_mon=6, tm_mday=19, tm_hour=18, tm_min=59, tm_sec=44, tm_wday=0, tm_yday=170, tm_isdst=0) or 1687201184.0598297 in seconds
Compute time is : 83.60182452201843
.
Sent 1 packets.
waiting for a signal back...
Recevied signal from omnet++, time to read...
Epoch 5 took 152.6399703025818s
Average epoch train time: 150.25032143592836
Convergence time from worker24: 751.2528457641602
Average training time: 81.61799645423889
Average time it takes worker to receive a new model from when he is done training his model: 68.33568968772889
Average amount of time it takes to load the new model received from the parameter server: 0.08253493309020996
Average time it takes to write trained model to text file: 0.13255882263183594
Final loss: 0.09651481360197067
for 5 epochs and 23 workers:
Loss: [0.31192663311958313, 0.4874054193496704, 0.43312767148017883, 0.19122081995010376, 0.09651481360197067]
Train Times: [72.93101072311401, 83.5697729587555, 84.31155705451965, 83.84575748443604, 83.43188405036926]
Computation times of worker24: [73.00666952133179, 83.74444437026978, 84.39385509490967, 84.0060019493103, 83.60182452201843]
Times it took to receive new model each epoch: [67.84134221076965, 68.6266918182373, 67.82227373123169, 68.54282927513123, 68.84531140327454]
Program finished successfully!
