This is worker6
Starting training...
Train Epoch: 1 [0/1935 (0%)]	Loss: 2.292526
Train Epoch: 1 [640/1935 (32%)]	Loss: 0.589657
Train Epoch: 1 [1280/1935 (65%)]	Loss: 0.619961
Train Epoch: 1 [450/1935 (97%)]	Loss: 0.596860
finished training...
writing file...
sending signal at time.struct_time(tm_year=2023, tm_mon=6, tm_mday=19, tm_hour=18, tm_min=49, tm_sec=31, tm_wday=0, tm_yday=170, tm_isdst=0) or 1687200571.5705166 in seconds
Compute time is : 80.76645565032959
.
Sent 1 packets.
waiting for a signal back...
Recevied signal from omnet++, time to read...
Epoch 1 took 152.04524493217468s
Train Epoch: 2 [0/1935 (0%)]	Loss: 0.594537
Train Epoch: 2 [640/1935 (32%)]	Loss: 0.416643
Train Epoch: 2 [1280/1935 (65%)]	Loss: 0.411601
Train Epoch: 2 [450/1935 (97%)]	Loss: 0.101280
finished training...
writing file...
sending signal at time.struct_time(tm_year=2023, tm_mon=6, tm_mday=19, tm_hour=18, tm_min=52, tm_sec=7, tm_wday=0, tm_yday=170, tm_isdst=0) or 1687200727.2044854 in seconds
Compute time is : 84.35514307022095
.
Sent 1 packets.
waiting for a signal back...
Recevied signal from omnet++, time to read...
Epoch 2 took 152.4939751625061s
Train Epoch: 3 [0/1935 (0%)]	Loss: 0.237325
Train Epoch: 3 [640/1935 (32%)]	Loss: 0.231269
Train Epoch: 3 [1280/1935 (65%)]	Loss: 0.162305
Train Epoch: 3 [450/1935 (97%)]	Loss: 0.156330
finished training...
writing file...
sending signal at time.struct_time(tm_year=2023, tm_mon=6, tm_mday=19, tm_hour=18, tm_min=54, tm_sec=36, tm_wday=0, tm_yday=170, tm_isdst=0) or 1687200876.0225084 in seconds
Compute time is : 80.67912340164185
.
Sent 1 packets.
waiting for a signal back...
Recevied signal from omnet++, time to read...
Epoch 3 took 152.40699791908264s
Train Epoch: 4 [0/1935 (0%)]	Loss: 0.105673
Train Epoch: 4 [640/1935 (32%)]	Loss: 0.140813
Train Epoch: 4 [1280/1935 (65%)]	Loss: 0.107341
Train Epoch: 4 [450/1935 (97%)]	Loss: 0.018040
finished training...
writing file...
sending signal at time.struct_time(tm_year=2023, tm_mon=6, tm_mday=19, tm_hour=18, tm_min=57, tm_sec=12, tm_wday=0, tm_yday=170, tm_isdst=0) or 1687201032.443109 in seconds
Compute time is : 84.69268298149109
.
Sent 1 packets.
waiting for a signal back...
Recevied signal from omnet++, time to read...
Epoch 4 took 152.696142911911s
Train Epoch: 5 [0/1935 (0%)]	Loss: 0.083390
Train Epoch: 5 [640/1935 (32%)]	Loss: 0.047095
Train Epoch: 5 [1280/1935 (65%)]	Loss: 0.406357
Train Epoch: 5 [450/1935 (97%)]	Loss: 0.042356
finished training...
writing file...
sending signal at time.struct_time(tm_year=2023, tm_mon=6, tm_mday=19, tm_hour=18, tm_min=59, tm_sec=45, tm_wday=0, tm_yday=170, tm_isdst=0) or 1687201185.126914 in seconds
Compute time is : 84.68026423454285
.
Sent 1 packets.
waiting for a signal back...
Recevied signal from omnet++, time to read...
Epoch 5 took 152.64761519432068s
Average epoch train time: 152.45799522399903
Convergence time from worker6: 762.2906641960144
Average training time: 82.90046753883362
Average time it takes worker to receive a new model from when he is done training his model: 69.2589406490326
Average amount of time it takes to load the new model received from the parameter server: 0.08876333236694336
Average time it takes to write trained model to text file: 0.13426198959350585
Final loss: 0.04235563799738884
for 5 epochs and 5 workers:
Loss: [0.5968603491783142, 0.10128000378608704, 0.15633006393909454, 0.01804002933204174, 0.04235563799738884]
Train Times: [80.60147261619568, 84.1995587348938, 80.52011322975159, 84.58355641365051, 84.59763669967651]
Computation times of worker6: [80.76645565032959, 84.35514307022095, 80.67912340164185, 84.69268298149109, 84.68026423454285]
Times it took to receive new model each epoch: [71.08870720863342, 67.97146677970886, 71.55727791786194, 67.85395693778992, 67.82329440116882]
Program finished successfully!
