This is worker13
Starting training...
Train Epoch: 1 [0/1935 (0%)]	Loss: 2.299223
Train Epoch: 1 [640/1935 (32%)]	Loss: 0.551750
Train Epoch: 1 [1280/1935 (65%)]	Loss: 0.482892
Train Epoch: 1 [450/1935 (97%)]	Loss: 0.140109
finished training...
writing file...
sending signal at time.struct_time(tm_year=2023, tm_mon=6, tm_mday=19, tm_hour=18, tm_min=49, tm_sec=16, tm_wday=0, tm_yday=170, tm_isdst=0) or 1687200556.5950506 in seconds
Compute time is : 62.2386212348938
.
Sent 1 packets.
waiting for a signal back...
Recevied signal from omnet++, time to read...
Epoch 1 took 148.52048420906067s
Train Epoch: 2 [0/1935 (0%)]	Loss: 0.314923
Train Epoch: 2 [640/1935 (32%)]	Loss: 0.457644
Train Epoch: 2 [1280/1935 (65%)]	Loss: 0.405027
Train Epoch: 2 [450/1935 (97%)]	Loss: 0.596964
finished training...
writing file...
sending signal at time.struct_time(tm_year=2023, tm_mon=6, tm_mday=19, tm_hour=18, tm_min=51, tm_sec=59, tm_wday=0, tm_yday=170, tm_isdst=0) or 1687200719.5221655 in seconds
Compute time is : 76.64519357681274
.
Sent 1 packets.
waiting for a signal back...
Recevied signal from omnet++, time to read...
Epoch 2 took 152.52765583992004s
Train Epoch: 3 [0/1935 (0%)]	Loss: 0.188326
Train Epoch: 3 [640/1935 (32%)]	Loss: 0.163116
Train Epoch: 3 [1280/1935 (65%)]	Loss: 0.245351
Train Epoch: 3 [450/1935 (97%)]	Loss: 0.054731
finished training...
writing file...
sending signal at time.struct_time(tm_year=2023, tm_mon=6, tm_mday=19, tm_hour=18, tm_min=54, tm_sec=33, tm_wday=0, tm_yday=170, tm_isdst=0) or 1687200873.8313906 in seconds
Compute time is : 78.42668581008911
.
Sent 1 packets.
waiting for a signal back...
Recevied signal from omnet++, time to read...
Epoch 3 took 152.37442874908447s
Train Epoch: 4 [0/1935 (0%)]	Loss: 0.146851
Train Epoch: 4 [640/1935 (32%)]	Loss: 0.093087
Train Epoch: 4 [1280/1935 (65%)]	Loss: 0.193023
Train Epoch: 4 [450/1935 (97%)]	Loss: 0.273388
finished training...
writing file...
sending signal at time.struct_time(tm_year=2023, tm_mon=6, tm_mday=19, tm_hour=18, tm_min=57, tm_sec=7, tm_wday=0, tm_yday=170, tm_isdst=0) or 1687201027.8707714 in seconds
Compute time is : 80.09157872200012
.
Sent 1 packets.
waiting for a signal back...
Recevied signal from omnet++, time to read...
Epoch 4 took 152.68079042434692s
Train Epoch: 5 [0/1935 (0%)]	Loss: 0.092714
Train Epoch: 5 [640/1935 (32%)]	Loss: 0.132273
Train Epoch: 5 [1280/1935 (65%)]	Loss: 0.485403
Train Epoch: 5 [450/1935 (97%)]	Loss: 0.382081
finished training...
writing file...
sending signal at time.struct_time(tm_year=2023, tm_mon=6, tm_mday=19, tm_hour=18, tm_min=59, tm_sec=43, tm_wday=0, tm_yday=170, tm_isdst=0) or 1687201183.347817 in seconds
Compute time is : 82.88769721984863
.
Sent 1 packets.
waiting for a signal back...
Recevied signal from omnet++, time to read...
Epoch 5 took 152.66748714447021s
Average epoch train time: 151.75416927337648
Convergence time from worker13: 758.7748265266418
Average training time: 75.89162921905518
Average time it takes worker to receive a new model from when he is done training his model: 75.48100256919861
Average amount of time it takes to load the new model received from the parameter server: 0.12083768844604492
Average time it takes to write trained model to text file: 0.16632113456726075
Final loss: 0.3820813298225403
for 5 epochs and 12 workers:
Loss: [0.14010852575302124, 0.5969637632369995, 0.054731447249650955, 0.27338841557502747, 0.3820813298225403]
Train Times: [62.06419634819031, 76.48341798782349, 78.26838493347168, 79.91724681854248, 82.72490000724792]
Computation times of worker13: [62.2386212348938, 76.64519357681274, 78.42668581008911, 80.09157872200012, 82.88769721984863]
Times it took to receive new model each epoch: [86.0529134273529, 75.66505432128906, 73.74073791503906, 72.37425780296326, 69.57204937934875]
Program finished successfully!
