This is worker29
Starting training...
Train Epoch: 1 [0/1935 (0%)]	Loss: 2.294467
Train Epoch: 1 [640/1935 (32%)]	Loss: 0.783797
Train Epoch: 1 [1280/1935 (65%)]	Loss: 0.481422
Train Epoch: 1 [450/1935 (97%)]	Loss: 0.305023
finished training...
writing file...
sending signal at time.struct_time(tm_year=2023, tm_mon=6, tm_mday=19, tm_hour=18, tm_min=49, tm_sec=22, tm_wday=0, tm_yday=170, tm_isdst=0) or 1687200562.4846835 in seconds
Compute time is : 57.62031388282776
.
Sent 1 packets.
waiting for a signal back...
Recevied signal from omnet++, time to read...
Epoch 1 took 137.9589183330536s
Train Epoch: 2 [0/1935 (0%)]	Loss: 0.514250
Train Epoch: 2 [640/1935 (32%)]	Loss: 0.438076
Train Epoch: 2 [1280/1935 (65%)]	Loss: 0.464993
Train Epoch: 2 [450/1935 (97%)]	Loss: 0.462000
finished training...
writing file...
sending signal at time.struct_time(tm_year=2023, tm_mon=6, tm_mday=19, tm_hour=18, tm_min=51, tm_sec=59, tm_wday=0, tm_yday=170, tm_isdst=0) or 1687200719.5659325 in seconds
Compute time is : 76.74251818656921
.
Sent 1 packets.
waiting for a signal back...
Recevied signal from omnet++, time to read...
Epoch 2 took 152.59129309654236s
Train Epoch: 3 [0/1935 (0%)]	Loss: 0.481909
Train Epoch: 3 [640/1935 (32%)]	Loss: 0.187051
Train Epoch: 3 [1280/1935 (65%)]	Loss: 0.380128
Train Epoch: 3 [450/1935 (97%)]	Loss: 0.335935
finished training...
writing file...
sending signal at time.struct_time(tm_year=2023, tm_mon=6, tm_mday=19, tm_hour=18, tm_min=54, tm_sec=33, tm_wday=0, tm_yday=170, tm_isdst=0) or 1687200873.0698996 in seconds
Compute time is : 77.65510988235474
.
Sent 1 packets.
waiting for a signal back...
Recevied signal from omnet++, time to read...
Epoch 3 took 152.36443424224854s
Train Epoch: 4 [0/1935 (0%)]	Loss: 0.160562
Train Epoch: 4 [640/1935 (32%)]	Loss: 0.320516
Train Epoch: 4 [1280/1935 (65%)]	Loss: 0.261667
Train Epoch: 4 [450/1935 (97%)]	Loss: 0.389320
finished training...
writing file...
sending signal at time.struct_time(tm_year=2023, tm_mon=6, tm_mday=19, tm_hour=18, tm_min=57, tm_sec=9, tm_wday=0, tm_yday=170, tm_isdst=0) or 1687201029.8394 in seconds
Compute time is : 82.06016421318054
.
Sent 1 packets.
waiting for a signal back...
Recevied signal from omnet++, time to read...
Epoch 4 took 152.64368891716003s
Train Epoch: 5 [0/1935 (0%)]	Loss: 0.091265
Train Epoch: 5 [640/1935 (32%)]	Loss: 0.301205
Train Epoch: 5 [1280/1935 (65%)]	Loss: 0.250368
Train Epoch: 5 [450/1935 (97%)]	Loss: 0.086654
finished training...
writing file...
sending signal at time.struct_time(tm_year=2023, tm_mon=6, tm_mday=19, tm_hour=18, tm_min=59, tm_sec=39, tm_wday=0, tm_yday=170, tm_isdst=0) or 1687201179.8735418 in seconds
Compute time is : 79.45039582252502
.
Sent 1 packets.
waiting for a signal back...
Recevied signal from omnet++, time to read...
Epoch 5 took 152.70201230049133s
Average epoch train time: 149.65206937789918
Convergence time from worker29: 748.2615752220154
Average training time: 74.54207301139832
Average time it takes worker to receive a new model from when he is done training his model: 74.75813779830932
Average amount of time it takes to load the new model received from the parameter server: 0.09909634590148926
Average time it takes to write trained model to text file: 0.16362247467041016
Final loss: 0.0866544246673584
for 5 epochs and 28 workers:
Loss: [0.305023193359375, 0.46199971437454224, 0.3359353244304657, 0.38932010531425476, 0.0866544246673584]
Train Times: [57.46611166000366, 76.57380867004395, 77.49541807174683, 81.89346361160278, 79.28156304359436]
Computation times of worker29: [57.62031388282776, 76.74251818656921, 77.65510988235474, 82.06016421318054, 79.45039582252502]
Times it took to receive new model each epoch: [80.18591928482056, 75.65932154655457, 74.50432777404785, 70.4190104007721, 73.02210998535156]
Program finished successfully!
