This is worker8
.
Sent 1 packets.
Starting training...
Train Epoch: 1 [0/1935 (0%)]	Loss: 2.286287
Train Epoch: 1 [640/1935 (32%)]	Loss: 0.750239
Train Epoch: 1 [1280/1935 (65%)]	Loss: 0.693321
Train Epoch: 1 [450/1935 (97%)]	Loss: 0.382593
finished training...
writing file...
sending signal at time.struct_time(tm_year=2023, tm_mon=6, tm_mday=19, tm_hour=18, tm_min=49, tm_sec=11, tm_wday=0, tm_yday=170, tm_isdst=0) or 1687200551.2695117 in seconds
Compute time is : 59.43638825416565
.
Sent 1 packets.
waiting for a signal back...
Recevied signal from omnet++, time to read...
Epoch 1 took 151.0511510372162s
Train Epoch: 2 [0/1935 (0%)]	Loss: 0.366492
Train Epoch: 2 [640/1935 (32%)]	Loss: 0.251809
Train Epoch: 2 [1280/1935 (65%)]	Loss: 0.225226
Train Epoch: 2 [450/1935 (97%)]	Loss: 0.296790
finished training...
writing file...
sending signal at time.struct_time(tm_year=2023, tm_mon=6, tm_mday=19, tm_hour=18, tm_min=51, tm_sec=59, tm_wday=0, tm_yday=170, tm_isdst=0) or 1687200719.285845 in seconds
Compute time is : 76.40153908729553
.
Sent 1 packets.
waiting for a signal back...
Recevied signal from omnet++, time to read...
Epoch 2 took 152.51981949806213s
Train Epoch: 3 [0/1935 (0%)]	Loss: 0.309794
Train Epoch: 3 [640/1935 (32%)]	Loss: 0.185774
Train Epoch: 3 [1280/1935 (65%)]	Loss: 0.339417
Train Epoch: 3 [450/1935 (97%)]	Loss: 0.189418
finished training...
writing file...
sending signal at time.struct_time(tm_year=2023, tm_mon=6, tm_mday=19, tm_hour=18, tm_min=54, tm_sec=32, tm_wday=0, tm_yday=170, tm_isdst=0) or 1687200872.7035577 in seconds
Compute time is : 77.29926753044128
.
Sent 1 packets.
waiting for a signal back...
Recevied signal from omnet++, time to read...
Epoch 3 took 152.3698616027832s
Train Epoch: 4 [0/1935 (0%)]	Loss: 0.060350
Train Epoch: 4 [640/1935 (32%)]	Loss: 0.260894
Train Epoch: 4 [1280/1935 (65%)]	Loss: 0.359280
Train Epoch: 4 [450/1935 (97%)]	Loss: 0.124253
finished training...
writing file...
sending signal at time.struct_time(tm_year=2023, tm_mon=6, tm_mday=19, tm_hour=18, tm_min=57, tm_sec=9, tm_wday=0, tm_yday=170, tm_isdst=0) or 1687201029.6569312 in seconds
Compute time is : 81.8826801776886
.
Sent 1 packets.
waiting for a signal back...
Recevied signal from omnet++, time to read...
Epoch 4 took 152.64931392669678s
Train Epoch: 5 [0/1935 (0%)]	Loss: 0.188039
Train Epoch: 5 [640/1935 (32%)]	Loss: 0.193981
Train Epoch: 5 [1280/1935 (65%)]	Loss: 0.116925
Train Epoch: 5 [450/1935 (97%)]	Loss: 0.038738
finished training...
writing file...
sending signal at time.struct_time(tm_year=2023, tm_mon=6, tm_mday=19, tm_hour=18, tm_min=59, tm_sec=42, tm_wday=0, tm_yday=170, tm_isdst=0) or 1687201182.997149 in seconds
Compute time is : 82.57348489761353
.
Sent 1 packets.
waiting for a signal back...
Recevied signal from omnet++, time to read...
Epoch 5 took 152.6411213874817s
Average epoch train time: 152.246253490448
Convergence time from worker8: 761.2319252490997
Average training time: 75.35741844177247
Average time it takes worker to receive a new model from when he is done training his model: 76.53240604400635
Average amount of time it takes to load the new model received from the parameter server: 0.1019831657409668
Average time it takes to write trained model to text file: 0.16124911308288575
Final loss: 0.03873809427022934
for 5 epochs and 7 workers:
Loss: [0.3825932741165161, 0.2967900037765503, 0.18941792845726013, 0.12425310909748077, 0.03873809427022934]
Train Times: [59.27672243118286, 76.24204277992249, 77.13572120666504, 81.71870160102844, 82.41390419006348]
Computation times of worker8: [59.43638825416565, 76.40153908729553, 77.29926753044128, 81.8826801776886, 82.57348489761353]
Times it took to receive new model each epoch: [91.3848009109497, 75.91562700271606, 74.85989117622375, 70.60218143463135, 69.89952969551086]
Program finished successfully!
