This is a parameter server!
.
Sent 1 packets.
wating for a signal...
reading files...
files to read from:
./logs/root_switch/dict0.txt
name conv1.weight

name conv1.bias

name conv2.weight

name conv2.bias

name fc1.weight

name fc1.bias

name fc2.weight

./logs/root_switch/dict1.txt
name conv1.weight

name conv1.bias

name conv2.weight

name conv2.bias

name fc1.weight

name fc1.bias

name fc2.weight


aggregating received dicts...
writing file...
signaling switches...
.
Sent 1 packets.
/usr/src/app/./distri_ml_ys.py:45: UserWarning: Implicit dimension choice for log_softmax has been deprecated. Change the call to include dim=X as an argument.
  return F.log_softmax(x)
/usr/local/lib/python3.9/site-packages/torch/nn/_reduction.py:42: UserWarning: size_average and reduce args will be deprecated, please use reduction='sum' instead.
  warnings.warn(warning.format(ret))

Test set: Avg. loss: 1.8061, Accuracy: 6504/10000 (65%)

Finished Epoch Number 1
Average time to compute new model: 0.0033452510833740234s
Average time it takes the server to read all the new files: 0.048302412033081055
Avergae time to test: 11.510604858398438s


accuracies: [65.04000091552734]


test losses: [1.8060918212890624]
wating for a signal...
reading files...
files to read from:
./logs/root_switch/dict0.txt
name conv1.weight

name conv1.bias

name conv2.weight

name conv2.bias

name fc1.weight

name fc1.bias

name fc2.weight

./logs/root_switch/dict1.txt
name conv1.weight

name conv1.bias

name conv2.weight

name conv2.bias

name fc1.weight

name fc1.bias

name fc2.weight


aggregating received dicts...
writing file...
signaling switches...
.
Sent 1 packets.

Test set: Avg. loss: 0.6101, Accuracy: 8477/10000 (85%)

Finished Epoch Number 2
Average time to compute new model: 0.0028977394104003906s
Average time it takes the server to read all the new files: 0.0445634126663208
Avergae time to test: 10.740105509757996s


accuracies: [65.04000091552734, 84.7699966430664]


test losses: [1.8060918212890624, 0.6100936157226563]
wating for a signal...
reading files...
files to read from:
./logs/root_switch/dict0.txt
name conv1.weight

name conv1.bias

name conv2.weight

name conv2.bias

name fc1.weight

name fc1.bias

name fc2.weight

./logs/root_switch/dict1.txt
name conv1.weight

name conv1.bias

name conv2.weight

name conv2.bias

name fc1.weight

name fc1.bias

name fc2.weight


aggregating received dicts...
writing file...
signaling switches...
.
Sent 1 packets.

Test set: Avg. loss: 0.4054, Accuracy: 8984/10000 (90%)

Finished Epoch Number 3
Average time to compute new model: 0.0031082630157470703s
Average time it takes the server to read all the new files: 0.045384486516316734
Avergae time to test: 10.461143334706625s


accuracies: [65.04000091552734, 84.7699966430664, 89.83999633789062]


test losses: [1.8060918212890624, 0.6100936157226563, 0.4053976348876953]
wating for a signal...
reading files...
files to read from:
./logs/root_switch/dict0.txt
name conv1.weight

name conv1.bias

name conv2.weight

name conv2.bias

name fc1.weight

name fc1.bias

name fc2.weight

./logs/root_switch/dict1.txt
name conv1.weight

name conv1.bias

name conv2.weight

name conv2.bias

name fc1.weight

name fc1.bias

name fc2.weight


aggregating received dicts...
writing file...
signaling switches...
.
Sent 1 packets.

Test set: Avg. loss: 0.3169, Accuracy: 9170/10000 (92%)

Finished Epoch Number 4
Average time to compute new model: 0.0029404759407043457s
Average time it takes the server to read all the new files: 0.04444700479507446
Avergae time to test: 10.508526086807251s


accuracies: [65.04000091552734, 84.7699966430664, 89.83999633789062, 91.69999694824219]


test losses: [1.8060918212890624, 0.6100936157226563, 0.4053976348876953, 0.31693355712890625]
wating for a signal...
reading files...
files to read from:
./logs/root_switch/dict0.txt
name conv1.weight

name conv1.bias

name conv2.weight

name conv2.bias

name fc1.weight

name fc1.bias

name fc2.weight

./logs/root_switch/dict1.txt
name conv1.weight

name conv1.bias

name conv2.weight

name conv2.bias

name fc1.weight

name fc1.bias

name fc2.weight


aggregating received dicts...
writing file...
signaling switches...
.
Sent 1 packets.

Test set: Avg. loss: 0.2593, Accuracy: 9269/10000 (93%)

Finished Epoch Number 5
Average time to compute new model: 0.0028272151947021486s
Average time it takes the server to read all the new files: 0.04358243942260742
Avergae time to test: 9.371162605285644s


accuracies: [65.04000091552734, 84.7699966430664, 89.83999633789062, 91.69999694824219, 92.69000244140625]


test losses: [1.8060918212890624, 0.6100936157226563, 0.4053976348876953, 0.31693355712890625, 0.25926954193115237]
Simulation is done!
