This is worker3
.
Sent 1 packets.
Starting training...
/usr/src/app/./distri_ml_ys.py:45: UserWarning: Implicit dimension choice for log_softmax has been deprecated. Change the call to include dim=X as an argument.
  return F.log_softmax(x)
Train Epoch: 1 [0/7500 (0%)]	Loss: 2.322021
Train Epoch: 1 [640/7500 (8%)]	Loss: 2.323419
Train Epoch: 1 [1280/7500 (17%)]	Loss: 2.286988
Train Epoch: 1 [1920/7500 (25%)]	Loss: 2.301090
Train Epoch: 1 [2560/7500 (34%)]	Loss: 2.297053
Train Epoch: 1 [3200/7500 (42%)]	Loss: 2.279237
Train Epoch: 1 [3840/7500 (51%)]	Loss: 2.233674
Train Epoch: 1 [4480/7500 (59%)]	Loss: 2.233501
Train Epoch: 1 [5120/7500 (68%)]	Loss: 2.159689
Train Epoch: 1 [5760/7500 (76%)]	Loss: 2.116570
Train Epoch: 1 [6400/7500 (85%)]	Loss: 2.058363
Train Epoch: 1 [7040/7500 (93%)]	Loss: 1.968688
finished training...
writing file...
sending signal...
.
Sent 1 packets.
waiting for a signal back...
Recevied signal from omnet++, time to read...
name conv1.weight

name conv1.bias

name conv2.weight

name conv2.bias

name fc1.weight

name fc1.bias

name fc2.weight

Epoch 1 took 125.33922505378723s
Train Epoch: 2 [0/7500 (0%)]	Loss: 2.000171
Train Epoch: 2 [640/7500 (8%)]	Loss: 1.847860
Train Epoch: 2 [1280/7500 (17%)]	Loss: 1.691813
Train Epoch: 2 [1920/7500 (25%)]	Loss: 1.739092
Train Epoch: 2 [2560/7500 (34%)]	Loss: 1.529019
Train Epoch: 2 [3200/7500 (42%)]	Loss: 1.504151
Train Epoch: 2 [3840/7500 (51%)]	Loss: 1.387111
Train Epoch: 2 [4480/7500 (59%)]	Loss: 1.183708
Train Epoch: 2 [5120/7500 (68%)]	Loss: 1.095580
Train Epoch: 2 [5760/7500 (76%)]	Loss: 1.168598
Train Epoch: 2 [6400/7500 (85%)]	Loss: 1.172133
Train Epoch: 2 [7040/7500 (93%)]	Loss: 1.095487
finished training...
writing file...
sending signal...
.
Sent 1 packets.
waiting for a signal back...
Recevied signal from omnet++, time to read...
name conv1.weight

name conv1.bias

name conv2.weight

name conv2.bias

name fc1.weight

name fc1.bias

name fc2.weight

Epoch 2 took 124.61443948745728s
Train Epoch: 3 [0/7500 (0%)]	Loss: 1.085438
Train Epoch: 3 [640/7500 (8%)]	Loss: 0.718956
Train Epoch: 3 [1280/7500 (17%)]	Loss: 0.825630
Train Epoch: 3 [1920/7500 (25%)]	Loss: 0.912339
Train Epoch: 3 [2560/7500 (34%)]	Loss: 0.823674
Train Epoch: 3 [3200/7500 (42%)]	Loss: 0.792389
Train Epoch: 3 [3840/7500 (51%)]	Loss: 0.916766
Train Epoch: 3 [4480/7500 (59%)]	Loss: 0.965636
Train Epoch: 3 [5120/7500 (68%)]	Loss: 0.759362
Train Epoch: 3 [5760/7500 (76%)]	Loss: 0.847782
Train Epoch: 3 [6400/7500 (85%)]	Loss: 0.681365
Train Epoch: 3 [7040/7500 (93%)]	Loss: 0.895733
finished training...
writing file...
sending signal...
.
Sent 1 packets.
waiting for a signal back...
Recevied signal from omnet++, time to read...
name conv1.weight

name conv1.bias

name conv2.weight

name conv2.bias

name fc1.weight

name fc1.bias

name fc2.weight

Epoch 3 took 124.68293190002441s
Train Epoch: 4 [0/7500 (0%)]	Loss: 0.659085
Train Epoch: 4 [640/7500 (8%)]	Loss: 0.874271
Train Epoch: 4 [1280/7500 (17%)]	Loss: 0.715271
Train Epoch: 4 [1920/7500 (25%)]	Loss: 0.651393
Train Epoch: 4 [2560/7500 (34%)]	Loss: 0.611717
Train Epoch: 4 [3200/7500 (42%)]	Loss: 0.640013
Train Epoch: 4 [3840/7500 (51%)]	Loss: 0.614746
Train Epoch: 4 [4480/7500 (59%)]	Loss: 0.797458
Train Epoch: 4 [5120/7500 (68%)]	Loss: 0.586600
Train Epoch: 4 [5760/7500 (76%)]	Loss: 0.474261
Train Epoch: 4 [6400/7500 (85%)]	Loss: 0.770724
Train Epoch: 4 [7040/7500 (93%)]	Loss: 0.468673
finished training...
writing file...
sending signal...
.
Sent 1 packets.
waiting for a signal back...
Recevied signal from omnet++, time to read...
name conv1.weight

name conv1.bias

name conv2.weight

name conv2.bias

name fc1.weight

name fc1.bias

name fc2.weight

Epoch 4 took 129.48912262916565s
Train Epoch: 5 [0/7500 (0%)]	Loss: 0.667908
Train Epoch: 5 [640/7500 (8%)]	Loss: 0.576463
Train Epoch: 5 [1280/7500 (17%)]	Loss: 0.526722
Train Epoch: 5 [1920/7500 (25%)]	Loss: 0.692954
Train Epoch: 5 [2560/7500 (34%)]	Loss: 0.599408
Train Epoch: 5 [3200/7500 (42%)]	Loss: 0.494282
Train Epoch: 5 [3840/7500 (51%)]	Loss: 0.634277
Train Epoch: 5 [4480/7500 (59%)]	Loss: 0.789233
Train Epoch: 5 [5120/7500 (68%)]	Loss: 0.492237
Train Epoch: 5 [5760/7500 (76%)]	Loss: 0.454409
Train Epoch: 5 [6400/7500 (85%)]	Loss: 0.623027
Train Epoch: 5 [7040/7500 (93%)]	Loss: 0.618906
finished training...
writing file...
sending signal...
.
Sent 1 packets.
waiting for a signal back...
Recevied signal from omnet++, time to read...
name conv1.weight

name conv1.bias

name conv2.weight

name conv2.bias

name fc1.weight

name fc1.bias

name fc2.weight

Epoch 5 took 128.11245203018188s
Average epoch train time: 126.44763422012329
Convergence time from worker3: 632.2866895198822
Average training time: 125.24895195960998
Average time it takes worker to receive a new model from when he is done training his model: 0.9960573196411133
Average amount of time it takes to load the new model received from the parameter server: 0.0396970272064209
Average time it takes to write trained model to text file: 0.11415510177612305
Final loss: 0.2527308762073517

Loss: [2.066167116165161, 0.9177403450012207, 0.8795943260192871, 0.3500165641307831, 0.2527308762073517]

Train Times: [123.07219219207764, 124.38773274421692, 123.25225949287415, 129.19930839538574, 126.33326697349548]
Program finished successfully!
