This is worker4
.
Sent 1 packets.
Starting training...
/usr/src/app/./distri_ml_ys.py:45: UserWarning: Implicit dimension choice for log_softmax has been deprecated. Change the call to include dim=X as an argument.
  return F.log_softmax(x)
Train Epoch: 1 [0/7500 (0%)]	Loss: 2.299201
Train Epoch: 1 [640/7500 (8%)]	Loss: 2.304947
Train Epoch: 1 [1280/7500 (17%)]	Loss: 2.257720
Train Epoch: 1 [1920/7500 (25%)]	Loss: 2.282010
Train Epoch: 1 [2560/7500 (34%)]	Loss: 2.268317
Train Epoch: 1 [3200/7500 (42%)]	Loss: 2.255790
Train Epoch: 1 [3840/7500 (51%)]	Loss: 2.250008
Train Epoch: 1 [4480/7500 (59%)]	Loss: 2.175229
Train Epoch: 1 [5120/7500 (68%)]	Loss: 2.138967
Train Epoch: 1 [5760/7500 (76%)]	Loss: 2.174514
Train Epoch: 1 [6400/7500 (85%)]	Loss: 2.149724
Train Epoch: 1 [7040/7500 (93%)]	Loss: 2.047124
finished training...
writing file...
sending signal...
.
Sent 1 packets.
waiting for a signal back...
Recevied signal from omnet++, time to read...
name conv1.weight

name conv1.bias

name conv2.weight

name conv2.bias

name fc1.weight

name fc1.bias

name fc2.weight

Epoch 1 took 124.78192210197449s
Train Epoch: 2 [0/7500 (0%)]	Loss: 1.934548
Train Epoch: 2 [640/7500 (8%)]	Loss: 1.773947
Train Epoch: 2 [1280/7500 (17%)]	Loss: 1.557041
Train Epoch: 2 [1920/7500 (25%)]	Loss: 1.633738
Train Epoch: 2 [2560/7500 (34%)]	Loss: 1.563943
Train Epoch: 2 [3200/7500 (42%)]	Loss: 1.560275
Train Epoch: 2 [3840/7500 (51%)]	Loss: 1.392136
Train Epoch: 2 [4480/7500 (59%)]	Loss: 1.311366
Train Epoch: 2 [5120/7500 (68%)]	Loss: 1.097634
Train Epoch: 2 [5760/7500 (76%)]	Loss: 1.295864
Train Epoch: 2 [6400/7500 (85%)]	Loss: 1.079577
Train Epoch: 2 [7040/7500 (93%)]	Loss: 1.197291
finished training...
writing file...
sending signal...
.
Sent 1 packets.
waiting for a signal back...
Recevied signal from omnet++, time to read...
name conv1.weight

name conv1.bias

name conv2.weight

name conv2.bias

name fc1.weight

name fc1.bias

name fc2.weight

Epoch 2 took 124.59806728363037s
Train Epoch: 3 [0/7500 (0%)]	Loss: 0.860965
Train Epoch: 3 [640/7500 (8%)]	Loss: 1.222067
Train Epoch: 3 [1280/7500 (17%)]	Loss: 1.014552
Train Epoch: 3 [1920/7500 (25%)]	Loss: 1.150396
Train Epoch: 3 [2560/7500 (34%)]	Loss: 0.894094
Train Epoch: 3 [3200/7500 (42%)]	Loss: 1.024694
Train Epoch: 3 [3840/7500 (51%)]	Loss: 0.813672
Train Epoch: 3 [4480/7500 (59%)]	Loss: 0.850135
Train Epoch: 3 [5120/7500 (68%)]	Loss: 1.141466
Train Epoch: 3 [5760/7500 (76%)]	Loss: 0.978009
Train Epoch: 3 [6400/7500 (85%)]	Loss: 0.827414
Train Epoch: 3 [7040/7500 (93%)]	Loss: 0.808719
finished training...
writing file...
sending signal...
.
Sent 1 packets.
waiting for a signal back...
Recevied signal from omnet++, time to read...
name conv1.weight

name conv1.bias

name conv2.weight

name conv2.bias

name fc1.weight

name fc1.bias

name fc2.weight

Epoch 3 took 124.68984031677246s
Train Epoch: 4 [0/7500 (0%)]	Loss: 0.971020
Train Epoch: 4 [640/7500 (8%)]	Loss: 0.847090
Train Epoch: 4 [1280/7500 (17%)]	Loss: 0.690684
Train Epoch: 4 [1920/7500 (25%)]	Loss: 0.907000
Train Epoch: 4 [2560/7500 (34%)]	Loss: 0.627073
Train Epoch: 4 [3200/7500 (42%)]	Loss: 0.679812
Train Epoch: 4 [3840/7500 (51%)]	Loss: 0.831896
Train Epoch: 4 [4480/7500 (59%)]	Loss: 0.794161
Train Epoch: 4 [5120/7500 (68%)]	Loss: 1.029166
Train Epoch: 4 [5760/7500 (76%)]	Loss: 0.752612
Train Epoch: 4 [6400/7500 (85%)]	Loss: 0.707653
Train Epoch: 4 [7040/7500 (93%)]	Loss: 0.815012
finished training...
writing file...
sending signal...
.
Sent 1 packets.
waiting for a signal back...
Recevied signal from omnet++, time to read...
name conv1.weight

name conv1.bias

name conv2.weight

name conv2.bias

name fc1.weight

name fc1.bias

name fc2.weight

Epoch 4 took 129.48173642158508s
Train Epoch: 5 [0/7500 (0%)]	Loss: 0.912666
Train Epoch: 5 [640/7500 (8%)]	Loss: 0.595427
Train Epoch: 5 [1280/7500 (17%)]	Loss: 0.916653
Train Epoch: 5 [1920/7500 (25%)]	Loss: 0.775822
Train Epoch: 5 [2560/7500 (34%)]	Loss: 0.571027
Train Epoch: 5 [3200/7500 (42%)]	Loss: 0.736200
Train Epoch: 5 [3840/7500 (51%)]	Loss: 0.641350
Train Epoch: 5 [4480/7500 (59%)]	Loss: 0.590499
Train Epoch: 5 [5120/7500 (68%)]	Loss: 0.582576
Train Epoch: 5 [5760/7500 (76%)]	Loss: 0.767640
Train Epoch: 5 [6400/7500 (85%)]	Loss: 0.332160
Train Epoch: 5 [7040/7500 (93%)]	Loss: 0.515622
finished training...
writing file...
sending signal...
.
Sent 1 packets.
waiting for a signal back...
Recevied signal from omnet++, time to read...
name conv1.weight

name conv1.bias

name conv2.weight

name conv2.bias

name fc1.weight

name fc1.bias

name fc2.weight

Epoch 5 took 128.10999608039856s
Average epoch train time: 126.33231244087219
Convergence time from worker4: 631.6960391998291
Average training time: 125.72140140533448
Average time it takes worker to receive a new model from when he is done training his model: 0.41992893218994143
Average amount of time it takes to load the new model received from the parameter server: 0.042137765884399415
Average time it takes to write trained model to text file: 0.08945684432983399
Final loss: 0.33603107929229736

Loss: [1.6226838827133179, 0.6736276745796204, 0.8542729020118713, 0.7434609532356262, 0.33603107929229736]

Train Times: [123.91453742980957, 124.14235782623291, 123.67492985725403, 129.04680943489075, 127.82837247848511]
Program finished successfully!
