This is worker2
.
Sent 1 packets.
Starting training...
/usr/src/app/./distri_ml_ys.py:45: UserWarning: Implicit dimension choice for log_softmax has been deprecated. Change the call to include dim=X as an argument.
  return F.log_softmax(x)
Train Epoch: 1 [0/7500 (0%)]	Loss: 2.289188
Train Epoch: 1 [640/7500 (8%)]	Loss: 2.315589
Train Epoch: 1 [1280/7500 (17%)]	Loss: 2.302543
Train Epoch: 1 [1920/7500 (25%)]	Loss: 2.296413
Train Epoch: 1 [2560/7500 (34%)]	Loss: 2.260099
Train Epoch: 1 [3200/7500 (42%)]	Loss: 2.270810
Train Epoch: 1 [3840/7500 (51%)]	Loss: 2.220004
Train Epoch: 1 [4480/7500 (59%)]	Loss: 2.231091
Train Epoch: 1 [5120/7500 (68%)]	Loss: 2.175376
Train Epoch: 1 [5760/7500 (76%)]	Loss: 2.216883
Train Epoch: 1 [6400/7500 (85%)]	Loss: 2.063090
Train Epoch: 1 [7040/7500 (93%)]	Loss: 2.010049
finished training...
writing file...
sending signal...
.
Sent 1 packets.
waiting for a signal back...
Recevied signal from omnet++, time to read...
name conv1.weight

name conv1.bias

name conv2.weight

name conv2.bias

name fc1.weight

name fc1.bias

name fc2.weight

Epoch 1 took 125.82586026191711s
Train Epoch: 2 [0/7500 (0%)]	Loss: 1.927590
Train Epoch: 2 [640/7500 (8%)]	Loss: 1.693207
Train Epoch: 2 [1280/7500 (17%)]	Loss: 1.613963
Train Epoch: 2 [1920/7500 (25%)]	Loss: 1.564287
Train Epoch: 2 [2560/7500 (34%)]	Loss: 1.438389
Train Epoch: 2 [3200/7500 (42%)]	Loss: 1.574473
Train Epoch: 2 [3840/7500 (51%)]	Loss: 1.049084
Train Epoch: 2 [4480/7500 (59%)]	Loss: 1.246230
Train Epoch: 2 [5120/7500 (68%)]	Loss: 1.314177
Train Epoch: 2 [5760/7500 (76%)]	Loss: 1.176014
Train Epoch: 2 [6400/7500 (85%)]	Loss: 1.182459
Train Epoch: 2 [7040/7500 (93%)]	Loss: 1.041233
finished training...
writing file...
sending signal...
.
Sent 1 packets.
waiting for a signal back...
Recevied signal from omnet++, time to read...
name conv1.weight

name conv1.bias

name conv2.weight

name conv2.bias

name fc1.weight

name fc1.bias

name fc2.weight

Epoch 2 took 124.60269522666931s
Train Epoch: 3 [0/7500 (0%)]	Loss: 0.884228
Train Epoch: 3 [640/7500 (8%)]	Loss: 0.871631
Train Epoch: 3 [1280/7500 (17%)]	Loss: 0.969471
Train Epoch: 3 [1920/7500 (25%)]	Loss: 0.773181
Train Epoch: 3 [2560/7500 (34%)]	Loss: 1.091747
Train Epoch: 3 [3200/7500 (42%)]	Loss: 0.985159
Train Epoch: 3 [3840/7500 (51%)]	Loss: 0.750120
Train Epoch: 3 [4480/7500 (59%)]	Loss: 1.257652
Train Epoch: 3 [5120/7500 (68%)]	Loss: 0.646996
Train Epoch: 3 [5760/7500 (76%)]	Loss: 0.839677
Train Epoch: 3 [6400/7500 (85%)]	Loss: 0.780720
Train Epoch: 3 [7040/7500 (93%)]	Loss: 0.969444
finished training...
writing file...
sending signal...
.
Sent 1 packets.
waiting for a signal back...
Recevied signal from omnet++, time to read...
name conv1.weight

name conv1.bias

name conv2.weight

name conv2.bias

name fc1.weight

name fc1.bias

name fc2.weight

Epoch 3 took 124.77625441551208s
Train Epoch: 4 [0/7500 (0%)]	Loss: 0.759482
Train Epoch: 4 [640/7500 (8%)]	Loss: 0.638171
Train Epoch: 4 [1280/7500 (17%)]	Loss: 0.542056
Train Epoch: 4 [1920/7500 (25%)]	Loss: 0.642738
Train Epoch: 4 [2560/7500 (34%)]	Loss: 0.722130
Train Epoch: 4 [3200/7500 (42%)]	Loss: 0.571570
Train Epoch: 4 [3840/7500 (51%)]	Loss: 1.040101
Train Epoch: 4 [4480/7500 (59%)]	Loss: 0.734348
Train Epoch: 4 [5120/7500 (68%)]	Loss: 0.515601
Train Epoch: 4 [5760/7500 (76%)]	Loss: 0.749364
Train Epoch: 4 [6400/7500 (85%)]	Loss: 0.630987
Train Epoch: 4 [7040/7500 (93%)]	Loss: 0.920630
finished training...
writing file...
sending signal...
.
Sent 1 packets.
waiting for a signal back...
Recevied signal from omnet++, time to read...
name conv1.weight

name conv1.bias

name conv2.weight

name conv2.bias

name fc1.weight

name fc1.bias

name fc2.weight

Epoch 4 took 129.4176208972931s
Train Epoch: 5 [0/7500 (0%)]	Loss: 0.655983
Train Epoch: 5 [640/7500 (8%)]	Loss: 0.606449
Train Epoch: 5 [1280/7500 (17%)]	Loss: 0.611678
Train Epoch: 5 [1920/7500 (25%)]	Loss: 0.668344
Train Epoch: 5 [2560/7500 (34%)]	Loss: 0.677999
Train Epoch: 5 [3200/7500 (42%)]	Loss: 0.882177
Train Epoch: 5 [3840/7500 (51%)]	Loss: 0.590956
Train Epoch: 5 [4480/7500 (59%)]	Loss: 0.664538
Train Epoch: 5 [5120/7500 (68%)]	Loss: 0.627235
Train Epoch: 5 [5760/7500 (76%)]	Loss: 0.799876
Train Epoch: 5 [6400/7500 (85%)]	Loss: 0.764421
Train Epoch: 5 [7040/7500 (93%)]	Loss: 0.473854
finished training...
writing file...
sending signal...
.
Sent 1 packets.
waiting for a signal back...
Recevied signal from omnet++, time to read...
name conv1.weight

name conv1.bias

name conv2.weight

name conv2.bias

name fc1.weight

name fc1.bias

name fc2.weight

Epoch 5 took 128.10174775123596s
Average epoch train time: 126.54483571052552
Convergence time from worker2: 632.7281141281128
Average training time: 125.73858394622803
Average time it takes worker to receive a new model from when he is done training his model: 0.597204065322876
Average amount of time it takes to load the new model received from the parameter server: 0.06516380310058593
Average time it takes to write trained model to text file: 0.0921790599822998
Final loss: 0.17267240583896637

Loss: [1.8557167053222656, 0.8947502970695496, 0.5833922624588013, 0.6242125630378723, 0.17267240583896637]

Train Times: [123.85813450813293, 123.67394876480103, 124.31310176849365, 129.01117610931396, 127.83655858039856]
Program finished successfully!
