This is worker21
Starting training...
Train Epoch: 1 [0/1935 (0%)]	Loss: 2.307718
Train Epoch: 1 [640/1935 (32%)]	Loss: 0.782937
Train Epoch: 1 [1280/1935 (65%)]	Loss: 0.522656
Train Epoch: 1 [450/1935 (97%)]	Loss: 0.796629
finished training...
writing file...
sending signal at time.struct_time(tm_year=2023, tm_mon=6, tm_mday=19, tm_hour=19, tm_min=42, tm_sec=58, tm_wday=0, tm_yday=170, tm_isdst=0) or 1687203778.16661 in seconds
Compute time is : 58.6405987739563
.
Sent 1 packets.
waiting for a signal back...
Recevied signal from omnet++, time to read...
Epoch 1 took 120.82660269737244s
Train Epoch: 2 [0/1935 (0%)]	Loss: 0.226030
Train Epoch: 2 [640/1935 (32%)]	Loss: 0.544747
Train Epoch: 2 [1280/1935 (65%)]	Loss: 0.625583
Train Epoch: 2 [450/1935 (97%)]	Loss: 0.279760
finished training...
writing file...
sending signal at time.struct_time(tm_year=2023, tm_mon=6, tm_mday=19, tm_hour=19, tm_min=45, tm_sec=22, tm_wday=0, tm_yday=170, tm_isdst=0) or 1687203922.4372666 in seconds
Compute time is : 82.08456301689148
.
Sent 1 packets.
waiting for a signal back...
Recevied signal from omnet++, time to read...
Epoch 2 took 130.5218484401703s
Train Epoch: 3 [0/1935 (0%)]	Loss: 0.066802
Train Epoch: 3 [640/1935 (32%)]	Loss: 0.247223
Train Epoch: 3 [1280/1935 (65%)]	Loss: 0.273263
Train Epoch: 3 [450/1935 (97%)]	Loss: 0.302641
finished training...
writing file...
sending signal at time.struct_time(tm_year=2023, tm_mon=6, tm_mday=19, tm_hour=19, tm_min=47, tm_sec=33, tm_wday=0, tm_yday=170, tm_isdst=0) or 1687204053.515568 in seconds
Compute time is : 82.64101076126099
.
Sent 1 packets.
waiting for a signal back...
Recevied signal from omnet++, time to read...
Epoch 3 took 130.58007144927979s
Train Epoch: 4 [0/1935 (0%)]	Loss: 0.160242
Train Epoch: 4 [640/1935 (32%)]	Loss: 0.335886
Train Epoch: 4 [1280/1935 (65%)]	Loss: 0.307894
Train Epoch: 4 [450/1935 (97%)]	Loss: 0.360652
finished training...
writing file...
sending signal at time.struct_time(tm_year=2023, tm_mon=6, tm_mday=19, tm_hour=19, tm_min=49, tm_sec=43, tm_wday=0, tm_yday=170, tm_isdst=0) or 1687204183.0546312 in seconds
Compute time is : 81.59993267059326
.
Sent 1 packets.
waiting for a signal back...
Recevied signal from omnet++, time to read...
Epoch 4 took 130.52707195281982s
Train Epoch: 5 [0/1935 (0%)]	Loss: 0.321956
Train Epoch: 5 [640/1935 (32%)]	Loss: 0.122411
Train Epoch: 5 [1280/1935 (65%)]	Loss: 0.266106
Train Epoch: 5 [450/1935 (97%)]	Loss: 0.414387
finished training...
writing file...
sending signal at time.struct_time(tm_year=2023, tm_mon=6, tm_mday=19, tm_hour=19, tm_min=51, tm_sec=55, tm_wday=0, tm_yday=170, tm_isdst=0) or 1687204315.4471655 in seconds
Compute time is : 83.46536040306091
.
Sent 1 packets.
waiting for a signal back...
Recevied signal from omnet++, time to read...
Epoch 5 took 130.49573230743408s
Average epoch train time: 128.59026536941528
Convergence time from worker21: 642.9516727924347
Average training time: 77.51292586326599
Average time it takes worker to receive a new model from when he is done training his model: 50.71794695854187
Average amount of time it takes to load the new model received from the parameter server: 0.0854454517364502
Average time it takes to write trained model to text file: 0.17336292266845704
Final loss: 0.41438695788383484
for 5 epochs and 20 workers:
Loss: [0.7966288924217224, 0.27975988388061523, 0.30264121294021606, 0.360652357339859, 0.41438695788383484]
Train Times: [58.473026752471924, 81.89456939697266, 82.47279930114746, 81.41792941093445, 83.30630445480347]
Computation times of worker21: [58.6405987739563, 82.08456301689148, 82.64101076126099, 81.59993267059326, 83.46536040306091]
Times it took to receive new model each epoch: [62.02851223945618, 48.24087929725647, 47.74194097518921, 48.745790004730225, 46.83261227607727]
Program finished successfully!
