This is worker19
Starting training...
Train Epoch: 1 [0/1935 (0%)]	Loss: 2.293068
Train Epoch: 1 [640/1935 (32%)]	Loss: 0.647119
Train Epoch: 1 [1280/1935 (65%)]	Loss: 0.314728
Train Epoch: 1 [450/1935 (97%)]	Loss: 0.789109
finished training...
writing file...
sending signal at time.struct_time(tm_year=2023, tm_mon=6, tm_mday=19, tm_hour=19, tm_min=43, tm_sec=5, tm_wday=0, tm_yday=170, tm_isdst=0) or 1687203785.358534 in seconds
Compute time is : 67.29397177696228
.
Sent 1 packets.
waiting for a signal back...
Recevied signal from omnet++, time to read...
Epoch 1 took 122.34037280082703s
Train Epoch: 2 [0/1935 (0%)]	Loss: 0.363262
Train Epoch: 2 [640/1935 (32%)]	Loss: 0.497371
Train Epoch: 2 [1280/1935 (65%)]	Loss: 0.465616
Train Epoch: 2 [450/1935 (97%)]	Loss: 0.125187
finished training...
writing file...
sending signal at time.struct_time(tm_year=2023, tm_mon=6, tm_mday=19, tm_hour=19, tm_min=45, tm_sec=22, tm_wday=0, tm_yday=170, tm_isdst=0) or 1687203922.3968005 in seconds
Compute time is : 81.99180769920349
.
Sent 1 packets.
waiting for a signal back...
Recevied signal from omnet++, time to read...
Epoch 2 took 130.47180438041687s
Train Epoch: 3 [0/1935 (0%)]	Loss: 0.114799
Train Epoch: 3 [640/1935 (32%)]	Loss: 0.256287
Train Epoch: 3 [1280/1935 (65%)]	Loss: 0.409001
Train Epoch: 3 [450/1935 (97%)]	Loss: 0.150695
finished training...
writing file...
sending signal at time.struct_time(tm_year=2023, tm_mon=6, tm_mday=19, tm_hour=19, tm_min=47, tm_sec=34, tm_wday=0, tm_yday=170, tm_isdst=0) or 1687204054.0593336 in seconds
Compute time is : 83.18246269226074
.
Sent 1 packets.
waiting for a signal back...
Recevied signal from omnet++, time to read...
Epoch 3 took 130.58063912391663s
Train Epoch: 4 [0/1935 (0%)]	Loss: 0.241349
Train Epoch: 4 [640/1935 (32%)]	Loss: 0.214025
Train Epoch: 4 [1280/1935 (65%)]	Loss: 0.420953
Train Epoch: 4 [450/1935 (97%)]	Loss: 0.334722
finished training...
writing file...
sending signal at time.struct_time(tm_year=2023, tm_mon=6, tm_mday=19, tm_hour=19, tm_min=49, tm_sec=44, tm_wday=0, tm_yday=170, tm_isdst=0) or 1687204184.8679838 in seconds
Compute time is : 83.41014432907104
.
Sent 1 packets.
waiting for a signal back...
Recevied signal from omnet++, time to read...
Epoch 4 took 130.56885862350464s
Train Epoch: 5 [0/1935 (0%)]	Loss: 0.081845
Train Epoch: 5 [640/1935 (32%)]	Loss: 0.227685
Train Epoch: 5 [1280/1935 (65%)]	Loss: 0.137635
Train Epoch: 5 [450/1935 (97%)]	Loss: 0.697217
finished training...
writing file...
sending signal at time.struct_time(tm_year=2023, tm_mon=6, tm_mday=19, tm_hour=19, tm_min=51, tm_sec=55, tm_wday=0, tm_yday=170, tm_isdst=0) or 1687204315.5143657 in seconds
Compute time is : 83.48761558532715
.
Sent 1 packets.
waiting for a signal back...
Recevied signal from omnet++, time to read...
Epoch 5 took 130.51288485527039s
Average epoch train time: 128.8949119567871
Convergence time from worker19: 644.475793838501
Average training time: 79.71250858306885
Average time it takes worker to receive a new model from when he is done training his model: 48.799579286575316
Average amount of time it takes to load the new model received from the parameter server: 0.11870322227478028
Average time it takes to write trained model to text file: 0.16068744659423828
Final loss: 0.6972168684005737
for 5 epochs and 18 workers:
Loss: [0.7891086339950562, 0.12518692016601562, 0.15069527924060822, 0.33472156524658203, 0.6972168684005737]
Train Times: [67.13461136817932, 81.83270025253296, 83.02191138267517, 83.24377775192261, 83.32954216003418]
Computation times of worker19: [67.29397177696228, 81.99180769920349, 83.18246269226074, 83.41014432907104, 83.48761558532715]
Times it took to receive new model each epoch: [54.81995344161987, 48.27206897735596, 47.18164896965027, 46.94912385940552, 46.77510118484497]
Program finished successfully!
