This is worker30
Starting training...
Train Epoch: 1 [0/1935 (0%)]	Loss: 2.293939
Train Epoch: 1 [640/1935 (32%)]	Loss: 0.544776
Train Epoch: 1 [1280/1935 (65%)]	Loss: 0.606442
Train Epoch: 1 [450/1935 (97%)]	Loss: 0.835601
finished training...
writing file...
sending signal at time.struct_time(tm_year=2023, tm_mon=6, tm_mday=19, tm_hour=19, tm_min=43, tm_sec=14, tm_wday=0, tm_yday=170, tm_isdst=0) or 1687203794.479464 in seconds
Compute time is : 68.00045037269592
.
Sent 1 packets.
waiting for a signal back...
Recevied signal from omnet++, time to read...
Epoch 1 took 113.9038028717041s
Train Epoch: 2 [0/1935 (0%)]	Loss: 0.329619
Train Epoch: 2 [640/1935 (32%)]	Loss: 0.612226
Train Epoch: 2 [1280/1935 (65%)]	Loss: 0.236313
Train Epoch: 2 [450/1935 (97%)]	Loss: 0.408076
finished training...
writing file...
sending signal at time.struct_time(tm_year=2023, tm_mon=6, tm_mday=19, tm_hour=19, tm_min=45, tm_sec=24, tm_wday=0, tm_yday=170, tm_isdst=0) or 1687203924.7204564 in seconds
Compute time is : 84.33759784698486
.
Sent 1 packets.
waiting for a signal back...
Recevied signal from omnet++, time to read...
Epoch 2 took 130.4793996810913s
Train Epoch: 3 [0/1935 (0%)]	Loss: 0.230531
Train Epoch: 3 [640/1935 (32%)]	Loss: 0.118481
Train Epoch: 3 [1280/1935 (65%)]	Loss: 0.131108
Train Epoch: 3 [450/1935 (97%)]	Loss: 0.297741
finished training...
writing file...
sending signal at time.struct_time(tm_year=2023, tm_mon=6, tm_mday=19, tm_hour=19, tm_min=47, tm_sec=35, tm_wday=0, tm_yday=170, tm_isdst=0) or 1687204055.543494 in seconds
Compute time is : 84.68113613128662
.
Sent 1 packets.
waiting for a signal back...
Recevied signal from omnet++, time to read...
Epoch 3 took 130.5352668762207s
Train Epoch: 4 [0/1935 (0%)]	Loss: 0.123804
Train Epoch: 4 [640/1935 (32%)]	Loss: 0.194939
Train Epoch: 4 [1280/1935 (65%)]	Loss: 0.291339
Train Epoch: 4 [450/1935 (97%)]	Loss: 0.383429
finished training...
writing file...
sending signal at time.struct_time(tm_year=2023, tm_mon=6, tm_mday=19, tm_hour=19, tm_min=49, tm_sec=46, tm_wday=0, tm_yday=170, tm_isdst=0) or 1687204186.115726 in seconds
Compute time is : 84.71805810928345
.
Sent 1 packets.
waiting for a signal back...
Recevied signal from omnet++, time to read...
Epoch 4 took 130.57604146003723s
Train Epoch: 5 [0/1935 (0%)]	Loss: 0.185869
Train Epoch: 5 [640/1935 (32%)]	Loss: 0.221891
Train Epoch: 5 [1280/1935 (65%)]	Loss: 0.124763
Train Epoch: 5 [450/1935 (97%)]	Loss: 0.332936
finished training...
writing file...
sending signal at time.struct_time(tm_year=2023, tm_mon=6, tm_mday=19, tm_hour=19, tm_min=51, tm_sec=56, tm_wday=0, tm_yday=170, tm_isdst=0) or 1687204316.4577043 in seconds
Compute time is : 84.48395347595215
.
Sent 1 packets.
waiting for a signal back...
Recevied signal from omnet++, time to read...
Epoch 5 took 130.53828835487366s
Average epoch train time: 127.2065598487854
Convergence time from worker30: 636.0364372730255
Average training time: 81.08889484405518
Average time it takes worker to receive a new model from when he is done training his model: 45.80548505783081
Average amount of time it takes to load the new model received from the parameter server: 0.08123188018798828
Average time it takes to write trained model to text file: 0.15534067153930664
Final loss: 0.33293578028678894
for 5 epochs and 29 workers:
Loss: [0.8356005549430847, 0.4080756604671478, 0.29774099588394165, 0.3834291398525238, 0.33293578028678894]
Train Times: [67.85462427139282, 84.17886328697205, 84.53160190582275, 84.55758357048035, 84.32180118560791]
Computation times of worker30: [68.00045037269592, 84.33759784698486, 84.68113613128662, 84.71805810928345, 84.48395347595215]
Times it took to receive new model each epoch: [45.74874401092529, 45.941195487976074, 45.726996183395386, 45.73827624320984, 45.87221336364746]
Program finished successfully!
