This is worker16
.
Sent 1 packets.
Starting training...
Train Epoch: 1 [0/1935 (0%)]	Loss: 2.292762
Train Epoch: 1 [640/1935 (32%)]	Loss: 0.842235
Train Epoch: 1 [1280/1935 (65%)]	Loss: 0.851118
Train Epoch: 1 [450/1935 (97%)]	Loss: 0.176237
finished training...
writing file...
sending signal at time.struct_time(tm_year=2023, tm_mon=6, tm_mday=19, tm_hour=20, tm_min=55, tm_sec=32, tm_wday=0, tm_yday=170, tm_isdst=0) or 1687208132.5920305 in seconds
Compute time is : 63.62351846694946
.
Sent 1 packets.
waiting for a signal back...
Recevied signal from omnet++, time to read...
Epoch 1 took 114.68445420265198s
Train Epoch: 2 [0/1935 (0%)]	Loss: 0.359937
Train Epoch: 2 [640/1935 (32%)]	Loss: 0.820692
Train Epoch: 2 [1280/1935 (65%)]	Loss: 0.427688
Train Epoch: 2 [450/1935 (97%)]	Loss: 0.145188
finished training...
writing file...
sending signal at time.struct_time(tm_year=2023, tm_mon=6, tm_mday=19, tm_hour=20, tm_min=57, tm_sec=36, tm_wday=0, tm_yday=170, tm_isdst=0) or 1687208256.9069238 in seconds
Compute time is : 73.25394082069397
.
Sent 1 packets.
waiting for a signal back...
Recevied signal from omnet++, time to read...
Epoch 2 took 120.21609139442444s
Train Epoch: 3 [0/1935 (0%)]	Loss: 0.312464
Train Epoch: 3 [640/1935 (32%)]	Loss: 0.087446
Train Epoch: 3 [1280/1935 (65%)]	Loss: 0.242056
Train Epoch: 3 [450/1935 (97%)]	Loss: 0.077936
finished training...
writing file...
sending signal at time.struct_time(tm_year=2023, tm_mon=6, tm_mday=19, tm_hour=20, tm_min=59, tm_sec=41, tm_wday=0, tm_yday=170, tm_isdst=0) or 1687208381.0864203 in seconds
Compute time is : 77.2172749042511
.
Sent 1 packets.
waiting for a signal back...
Recevied signal from omnet++, time to read...
Epoch 3 took 120.50065064430237s
Train Epoch: 4 [0/1935 (0%)]	Loss: 0.397838
Train Epoch: 4 [640/1935 (32%)]	Loss: 0.511698
Train Epoch: 4 [1280/1935 (65%)]	Loss: 0.231913
Train Epoch: 4 [450/1935 (97%)]	Loss: 0.477583
finished training...
writing file...
sending signal at time.struct_time(tm_year=2023, tm_mon=6, tm_mday=19, tm_hour=21, tm_min=1, tm_sec=41, tm_wday=0, tm_yday=170, tm_isdst=0) or 1687208501.6809974 in seconds
Compute time is : 77.3111560344696
.
Sent 1 packets.
waiting for a signal back...
Recevied signal from omnet++, time to read...
Epoch 4 took 120.45988178253174s
Train Epoch: 5 [0/1935 (0%)]	Loss: 0.160755
Train Epoch: 5 [640/1935 (32%)]	Loss: 0.047162
Train Epoch: 5 [1280/1935 (65%)]	Loss: 0.137019
Train Epoch: 5 [450/1935 (97%)]	Loss: 0.277090
finished training...
writing file...
sending signal at time.struct_time(tm_year=2023, tm_mon=6, tm_mday=19, tm_hour=21, tm_min=3, tm_sec=44, tm_wday=0, tm_yday=170, tm_isdst=0) or 1687208624.8652084 in seconds
Compute time is : 80.03540706634521
.
Sent 1 packets.
waiting for a signal back...
Recevied signal from omnet++, time to read...
Epoch 5 took 120.67847084999084s
Average epoch train time: 119.30790977478027
Convergence time from worker16: 596.5399692058563
Average training time: 74.12398352622986
Average time it takes worker to receive a new model from when he is done training his model: 44.80516452789307
Average amount of time it takes to load the new model received from the parameter server: 0.11288280487060547
Average time it takes to write trained model to text file: 0.16427092552185057
Final loss: 0.27709028124809265
for 5 epochs and 15 workers:
Loss: [0.17623725533485413, 0.14518801867961884, 0.07793594151735306, 0.4775831997394562, 0.27709028124809265]
Train Times: [63.457436323165894, 73.09170198440552, 77.05823183059692, 77.15256547927856, 79.85998201370239]
Computation times of worker16: [63.62351846694946, 73.25394082069397, 77.2172749042511, 77.3111560344696, 80.03540706634521]
Times it took to receive new model each epoch: [50.854928970336914, 46.73252725601196, 43.02940773963928, 42.93479084968567, 40.474167823791504]
Program finished successfully!
