This is worker29
Starting training...
Train Epoch: 1 [0/1935 (0%)]	Loss: 2.294467
Train Epoch: 1 [640/1935 (32%)]	Loss: 0.783797
Train Epoch: 1 [1280/1935 (65%)]	Loss: 0.481422
Train Epoch: 1 [450/1935 (97%)]	Loss: 0.305023
finished training...
writing file...
sending signal at time.struct_time(tm_year=2023, tm_mon=6, tm_mday=19, tm_hour=20, tm_min=55, tm_sec=47, tm_wday=0, tm_yday=170, tm_isdst=0) or 1687208147.1345692 in seconds
Compute time is : 68.90169191360474
.
Sent 1 packets.
waiting for a signal back...
Recevied signal from omnet++, time to read...
Epoch 1 took 105.43588495254517s
Train Epoch: 2 [0/1935 (0%)]	Loss: 0.514250
Train Epoch: 2 [640/1935 (32%)]	Loss: 0.438075
Train Epoch: 2 [1280/1935 (65%)]	Loss: 0.464993
Train Epoch: 2 [450/1935 (97%)]	Loss: 0.462000
finished training...
writing file...
sending signal at time.struct_time(tm_year=2023, tm_mon=6, tm_mday=19, tm_hour=20, tm_min=57, tm_sec=43, tm_wday=0, tm_yday=170, tm_isdst=0) or 1687208263.8036132 in seconds
Compute time is : 80.13477349281311
.
Sent 1 packets.
waiting for a signal back...
Recevied signal from omnet++, time to read...
Epoch 2 took 120.18926119804382s
Train Epoch: 3 [0/1935 (0%)]	Loss: 0.481909
Train Epoch: 3 [640/1935 (32%)]	Loss: 0.187051
Train Epoch: 3 [1280/1935 (65%)]	Loss: 0.380128
Train Epoch: 3 [450/1935 (97%)]	Loss: 0.335935
finished training...
writing file...
sending signal at time.struct_time(tm_year=2023, tm_mon=6, tm_mday=19, tm_hour=20, tm_min=59, tm_sec=42, tm_wday=0, tm_yday=170, tm_isdst=0) or 1687208382.9345865 in seconds
Compute time is : 79.07612466812134
.
Sent 1 packets.
waiting for a signal back...
Recevied signal from omnet++, time to read...
Epoch 3 took 120.51671314239502s
Train Epoch: 4 [0/1935 (0%)]	Loss: 0.160562
Train Epoch: 4 [640/1935 (32%)]	Loss: 0.320517
Train Epoch: 4 [1280/1935 (65%)]	Loss: 0.261667
Train Epoch: 4 [450/1935 (97%)]	Loss: 0.389320
finished training...
writing file...
sending signal at time.struct_time(tm_year=2023, tm_mon=6, tm_mday=19, tm_hour=21, tm_min=1, tm_sec=38, tm_wday=0, tm_yday=170, tm_isdst=0) or 1687208498.8555174 in seconds
Compute time is : 74.48029017448425
.
Sent 1 packets.
waiting for a signal back...
Recevied signal from omnet++, time to read...
Epoch 4 took 120.46642184257507s
Train Epoch: 5 [0/1935 (0%)]	Loss: 0.091266
Train Epoch: 5 [640/1935 (32%)]	Loss: 0.301205
Train Epoch: 5 [1280/1935 (65%)]	Loss: 0.250368
Train Epoch: 5 [450/1935 (97%)]	Loss: 0.086654
finished training...
writing file...
sending signal at time.struct_time(tm_year=2023, tm_mon=6, tm_mday=19, tm_hour=21, tm_min=3, tm_sec=44, tm_wday=0, tm_yday=170, tm_isdst=0) or 1687208624.9046676 in seconds
Compute time is : 80.06296563148499
.
Sent 1 packets.
waiting for a signal back...
Recevied signal from omnet++, time to read...
Epoch 5 took 120.70977830886841s
Average epoch train time: 117.4636118888855
Convergence time from worker29: 587.3193049430847
Average training time: 76.3589985370636
Average time it takes worker to receive a new model from when he is done training his model: 40.7279990196228
Average amount of time it takes to load the new model received from the parameter server: 0.11876416206359863
Average time it takes to write trained model to text file: 0.172166109085083
Final loss: 0.08665425330400467
for 5 epochs and 28 workers:
Loss: [0.305023193359375, 0.4619995653629303, 0.3359352648258209, 0.3893202245235443, 0.08665425330400467]
Train Times: [68.74279141426086, 79.97397494316101, 78.91306042671204, 74.26445269584656, 79.90071320533752]
Computation times of worker29: [68.90169191360474, 80.13477349281311, 79.07612466812134, 74.48029017448425, 80.06296563148499]
Times it took to receive new model each epoch: [36.331624269485474, 39.86208987236023, 41.2485613822937, 45.76683187484741, 40.4308876991272]
Program finished successfully!
