This is worker17
Starting training...
Train Epoch: 1 [0/1935 (0%)]	Loss: 2.300524
Train Epoch: 1 [640/1935 (32%)]	Loss: 0.705761
Train Epoch: 1 [1280/1935 (65%)]	Loss: 0.604557
Train Epoch: 1 [450/1935 (97%)]	Loss: 0.652735
finished training...
writing file...
sending signal at time.struct_time(tm_year=2023, tm_mon=6, tm_mday=19, tm_hour=20, tm_min=55, tm_sec=33, tm_wday=0, tm_yday=170, tm_isdst=0) or 1687208133.0865068 in seconds
Compute time is : 63.472331523895264
.
Sent 1 packets.
waiting for a signal back...
Recevied signal from omnet++, time to read...
Epoch 1 took 114.03938317298889s
Train Epoch: 2 [0/1935 (0%)]	Loss: 0.444488
Train Epoch: 2 [640/1935 (32%)]	Loss: 0.445928
Train Epoch: 2 [1280/1935 (65%)]	Loss: 0.325441
Train Epoch: 2 [450/1935 (97%)]	Loss: 0.482013
finished training...
writing file...
sending signal at time.struct_time(tm_year=2023, tm_mon=6, tm_mday=19, tm_hour=20, tm_min=57, tm_sec=37, tm_wday=0, tm_yday=170, tm_isdst=0) or 1687208257.3840778 in seconds
Compute time is : 73.73050570487976
.
Sent 1 packets.
waiting for a signal back...
Recevied signal from omnet++, time to read...
Epoch 2 took 120.21315312385559s
Train Epoch: 3 [0/1935 (0%)]	Loss: 0.163285
Train Epoch: 3 [640/1935 (32%)]	Loss: 0.178681
Train Epoch: 3 [1280/1935 (65%)]	Loss: 0.216449
Train Epoch: 3 [450/1935 (97%)]	Loss: 0.170462
finished training...
writing file...
sending signal at time.struct_time(tm_year=2023, tm_mon=6, tm_mday=19, tm_hour=20, tm_min=59, tm_sec=42, tm_wday=0, tm_yday=170, tm_isdst=0) or 1687208382.080483 in seconds
Compute time is : 78.21370053291321
.
Sent 1 packets.
waiting for a signal back...
Recevied signal from omnet++, time to read...
Epoch 3 took 120.49954533576965s
Train Epoch: 4 [0/1935 (0%)]	Loss: 0.027495
Train Epoch: 4 [640/1935 (32%)]	Loss: 0.249189
Train Epoch: 4 [1280/1935 (65%)]	Loss: 0.174050
Train Epoch: 4 [450/1935 (97%)]	Loss: 0.513585
finished training...
writing file...
sending signal at time.struct_time(tm_year=2023, tm_mon=6, tm_mday=19, tm_hour=21, tm_min=1, tm_sec=41, tm_wday=0, tm_yday=170, tm_isdst=0) or 1687208501.4837859 in seconds
Compute time is : 77.1173505783081
.
Sent 1 packets.
waiting for a signal back...
Recevied signal from omnet++, time to read...
Epoch 4 took 120.46932911872864s
Train Epoch: 5 [0/1935 (0%)]	Loss: 0.178628
Train Epoch: 5 [640/1935 (32%)]	Loss: 0.294239
Train Epoch: 5 [1280/1935 (65%)]	Loss: 0.137671
Train Epoch: 5 [450/1935 (97%)]	Loss: 0.118817
finished training...
writing file...
sending signal at time.struct_time(tm_year=2023, tm_mon=6, tm_mday=19, tm_hour=21, tm_min=3, tm_sec=44, tm_wday=0, tm_yday=170, tm_isdst=0) or 1687208624.3921134 in seconds
Compute time is : 79.55631303787231
.
Sent 1 packets.
waiting for a signal back...
Recevied signal from omnet++, time to read...
Epoch 5 took 120.6710352897644s
Average epoch train time: 119.17848920822144
Convergence time from worker17: 595.8929302692413
Average training time: 74.25705327987671
Average time it takes worker to receive a new model from when he is done training his model: 44.543221139907835
Average amount of time it takes to load the new model received from the parameter server: 0.1126594066619873
Average time it takes to write trained model to text file: 0.16098308563232422
Final loss: 0.11881706863641739
for 5 epochs and 16 workers:
Loss: [0.6527349948883057, 0.4820133447647095, 0.1704624593257904, 0.5135853886604309, 0.11881706863641739]
Train Times: [63.31125521659851, 73.57322144508362, 78.04263043403625, 76.95992159843445, 79.39823770523071]
Computation times of worker17: [63.472331523895264, 73.73050570487976, 78.21370053291321, 77.1173505783081, 79.55631303787231]
Times it took to receive new model each epoch: [50.337517738342285, 46.26864814758301, 42.07070231437683, 43.13701248168945, 40.90222501754761]
Program finished successfully!
