This is worker28
Starting training...
Train Epoch: 1 [0/1935 (0%)]	Loss: 2.303084
Train Epoch: 1 [640/1935 (32%)]	Loss: 0.829819
Train Epoch: 1 [1280/1935 (65%)]	Loss: 0.313091
Train Epoch: 1 [450/1935 (97%)]	Loss: 0.560591
finished training...
writing file...
sending signal at time.struct_time(tm_year=2023, tm_mon=6, tm_mday=19, tm_hour=20, tm_min=55, tm_sec=35, tm_wday=0, tm_yday=170, tm_isdst=0) or 1687208135.930881 in seconds
Compute time is : 58.8944354057312
.
Sent 1 packets.
waiting for a signal back...
Recevied signal from omnet++, time to read...
Epoch 1 took 106.56642746925354s
Train Epoch: 2 [0/1935 (0%)]	Loss: 0.300549
Train Epoch: 2 [640/1935 (32%)]	Loss: 0.598229
Train Epoch: 2 [1280/1935 (65%)]	Loss: 0.340309
Train Epoch: 2 [450/1935 (97%)]	Loss: 0.368520
finished training...
writing file...
sending signal at time.struct_time(tm_year=2023, tm_mon=6, tm_mday=19, tm_hour=20, tm_min=57, tm_sec=37, tm_wday=0, tm_yday=170, tm_isdst=0) or 1687208257.632501 in seconds
Compute time is : 74.02959728240967
.
Sent 1 packets.
waiting for a signal back...
Recevied signal from omnet++, time to read...
Epoch 2 took 120.26360368728638s
Train Epoch: 3 [0/1935 (0%)]	Loss: 0.049527
Train Epoch: 3 [640/1935 (32%)]	Loss: 0.655691
Train Epoch: 3 [1280/1935 (65%)]	Loss: 0.134099
Train Epoch: 3 [450/1935 (97%)]	Loss: 0.543298
finished training...
writing file...
sending signal at time.struct_time(tm_year=2023, tm_mon=6, tm_mday=19, tm_hour=20, tm_min=59, tm_sec=42, tm_wday=0, tm_yday=170, tm_isdst=0) or 1687208382.6261475 in seconds
Compute time is : 78.7595751285553
.
Sent 1 packets.
waiting for a signal back...
Recevied signal from omnet++, time to read...
Epoch 3 took 120.50831270217896s
Train Epoch: 4 [0/1935 (0%)]	Loss: 0.133399
Train Epoch: 4 [640/1935 (32%)]	Loss: 0.289918
Train Epoch: 4 [1280/1935 (65%)]	Loss: 0.227479
Train Epoch: 4 [450/1935 (97%)]	Loss: 0.212624
finished training...
writing file...
sending signal at time.struct_time(tm_year=2023, tm_mon=6, tm_mday=19, tm_hour=21, tm_min=1, tm_sec=41, tm_wday=0, tm_yday=170, tm_isdst=0) or 1687208501.7821066 in seconds
Compute time is : 77.40716910362244
.
Sent 1 packets.
waiting for a signal back...
Recevied signal from omnet++, time to read...
Epoch 4 took 120.45807433128357s
Train Epoch: 5 [0/1935 (0%)]	Loss: 0.110923
Train Epoch: 5 [640/1935 (32%)]	Loss: 0.111053
Train Epoch: 5 [1280/1935 (65%)]	Loss: 0.196190
Train Epoch: 5 [450/1935 (97%)]	Loss: 0.115868
finished training...
writing file...
sending signal at time.struct_time(tm_year=2023, tm_mon=6, tm_mday=19, tm_hour=21, tm_min=3, tm_sec=45, tm_wday=0, tm_yday=170, tm_isdst=0) or 1687208625.3984985 in seconds
Compute time is : 80.56543445587158
.
Sent 1 packets.
waiting for a signal back...
Recevied signal from omnet++, time to read...
Epoch 5 took 120.71927213668823s
Average epoch train time: 117.70313806533814
Convergence time from worker28: 588.5167326927185
Average training time: 73.7715748310089
Average time it takes worker to receive a new model from when he is done training his model: 43.57621750831604
Average amount of time it takes to load the new model received from the parameter server: 0.10559005737304687
Average time it takes to write trained model to text file: 0.15966229438781737
Final loss: 0.11586795747280121
for 5 epochs and 27 workers:
Loss: [0.5605911016464233, 0.3685203194618225, 0.5432981252670288, 0.21262405812740326, 0.11586795747280121]
Train Times: [58.7264928817749, 73.87151074409485, 78.60096788406372, 77.24785470962524, 80.41104793548584]
Computation times of worker28: [58.8944354057312, 74.02959728240967, 78.7595751285553, 77.40716910362244, 80.56543445587158]
Times it took to receive new model each epoch: [47.52210879325867, 46.009936809539795, 41.559104204177856, 42.83909845352173, 39.95083928108215]
Program finished successfully!
