This is worker22
Starting training...
Train Epoch: 1 [0/1935 (0%)]	Loss: 2.305969
Train Epoch: 1 [640/1935 (32%)]	Loss: 0.568676
Train Epoch: 1 [1280/1935 (65%)]	Loss: 0.378869
Train Epoch: 1 [450/1935 (97%)]	Loss: 0.130130
finished training...
writing file...
sending signal at time.struct_time(tm_year=2023, tm_mon=6, tm_mday=19, tm_hour=20, tm_min=55, tm_sec=34, tm_wday=0, tm_yday=170, tm_isdst=0) or 1687208134.8091052 in seconds
Compute time is : 62.208985567092896
.
Sent 1 packets.
waiting for a signal back...
Recevied signal from omnet++, time to read...
Epoch 1 took 111.05728101730347s
Train Epoch: 2 [0/1935 (0%)]	Loss: 0.359032
Train Epoch: 2 [640/1935 (32%)]	Loss: 0.141260
Train Epoch: 2 [1280/1935 (65%)]	Loss: 0.556684
Train Epoch: 2 [450/1935 (97%)]	Loss: 0.252235
finished training...
writing file...
sending signal at time.struct_time(tm_year=2023, tm_mon=6, tm_mday=19, tm_hour=20, tm_min=57, tm_sec=37, tm_wday=0, tm_yday=170, tm_isdst=0) or 1687208257.3715434 in seconds
Compute time is : 73.71410322189331
.
Sent 1 packets.
waiting for a signal back...
Recevied signal from omnet++, time to read...
Epoch 2 took 120.15177488327026s
Train Epoch: 3 [0/1935 (0%)]	Loss: 0.064173
Train Epoch: 3 [640/1935 (32%)]	Loss: 0.157189
Train Epoch: 3 [1280/1935 (65%)]	Loss: 0.395634
Train Epoch: 3 [450/1935 (97%)]	Loss: 0.409945
finished training...
writing file...
sending signal at time.struct_time(tm_year=2023, tm_mon=6, tm_mday=19, tm_hour=20, tm_min=59, tm_sec=41, tm_wday=0, tm_yday=170, tm_isdst=0) or 1687208381.7274315 in seconds
Compute time is : 77.91814851760864
.
Sent 1 packets.
waiting for a signal back...
Recevied signal from omnet++, time to read...
Epoch 3 took 120.51021337509155s
Train Epoch: 4 [0/1935 (0%)]	Loss: 0.106740
Train Epoch: 4 [640/1935 (32%)]	Loss: 0.103274
Train Epoch: 4 [1280/1935 (65%)]	Loss: 0.119615
Train Epoch: 4 [450/1935 (97%)]	Loss: 0.169487
finished training...
writing file...
sending signal at time.struct_time(tm_year=2023, tm_mon=6, tm_mday=19, tm_hour=21, tm_min=1, tm_sec=42, tm_wday=0, tm_yday=170, tm_isdst=0) or 1687208502.3106024 in seconds
Compute time is : 77.99105381965637
.
Sent 1 packets.
waiting for a signal back...
Recevied signal from omnet++, time to read...
Epoch 4 took 120.47857308387756s
Train Epoch: 5 [0/1935 (0%)]	Loss: 0.239028
Train Epoch: 5 [640/1935 (32%)]	Loss: 0.097276
Train Epoch: 5 [1280/1935 (65%)]	Loss: 0.125752
Train Epoch: 5 [450/1935 (97%)]	Loss: 0.077749
finished training...
writing file...
sending signal at time.struct_time(tm_year=2023, tm_mon=6, tm_mday=19, tm_hour=21, tm_min=3, tm_sec=45, tm_wday=0, tm_yday=170, tm_isdst=0) or 1687208625.500753 in seconds
Compute time is : 80.70241093635559
.
Sent 1 packets.
waiting for a signal back...
Recevied signal from omnet++, time to read...
Epoch 5 took 120.70751643180847s
Average epoch train time: 118.58107175827027
Convergence time from worker22: 592.9064834117889
Average training time: 74.34709668159485
Average time it takes worker to receive a new model from when he is done training his model: 43.89397640228272
Average amount of time it takes to load the new model received from the parameter server: 0.08452782630920411
Average time it takes to write trained model to text file: 0.15983920097351073
Final loss: 0.0777493342757225
for 5 epochs and 21 workers:
Loss: [0.13012966513633728, 0.252234548330307, 0.40994536876678467, 0.16948683559894562, 0.0777493342757225]
Train Times: [62.04885458946228, 73.54784440994263, 77.75952577590942, 77.8329496383667, 80.54630899429321]
Computation times of worker22: [62.208985567092896, 73.71410322189331, 77.91814851760864, 77.99105381965637, 80.70241093635559]
Times it took to receive new model each epoch: [48.64194464683533, 46.28104305267334, 42.40584993362427, 42.310595750808716, 39.830448627471924]
Program finished successfully!
