This is worker19
Starting training...
Train Epoch: 1 [0/1935 (0%)]	Loss: 2.293068
Train Epoch: 1 [640/1935 (32%)]	Loss: 0.647119
Train Epoch: 1 [1280/1935 (65%)]	Loss: 0.314728
Train Epoch: 1 [450/1935 (97%)]	Loss: 0.789109
finished training...
writing file...
sending signal at time.struct_time(tm_year=2023, tm_mon=6, tm_mday=19, tm_hour=20, tm_min=55, tm_sec=47, tm_wday=0, tm_yday=170, tm_isdst=0) or 1687208147.651939 in seconds
Compute time is : 76.766836643219
.
Sent 1 packets.
waiting for a signal back...
Recevied signal from omnet++, time to read...
Epoch 1 took 112.75586438179016s
Train Epoch: 2 [0/1935 (0%)]	Loss: 0.363262
Train Epoch: 2 [640/1935 (32%)]	Loss: 0.497371
Train Epoch: 2 [1280/1935 (65%)]	Loss: 0.465616
Train Epoch: 2 [450/1935 (97%)]	Loss: 0.125187
finished training...
writing file...
sending signal at time.struct_time(tm_year=2023, tm_mon=6, tm_mday=19, tm_hour=20, tm_min=57, tm_sec=47, tm_wday=0, tm_yday=170, tm_isdst=0) or 1687208267.897669 in seconds
Compute time is : 84.2566454410553
.
Sent 1 packets.
waiting for a signal back...
Recevied signal from omnet++, time to read...
Epoch 2 took 120.20215654373169s
Train Epoch: 3 [0/1935 (0%)]	Loss: 0.114799
Train Epoch: 3 [640/1935 (32%)]	Loss: 0.256287
Train Epoch: 3 [1280/1935 (65%)]	Loss: 0.409001
Train Epoch: 3 [450/1935 (97%)]	Loss: 0.150695
finished training...
writing file...
sending signal at time.struct_time(tm_year=2023, tm_mon=6, tm_mday=19, tm_hour=20, tm_min=59, tm_sec=47, tm_wday=0, tm_yday=170, tm_isdst=0) or 1687208387.62876 in seconds
Compute time is : 83.78550863265991
.
Sent 1 packets.
waiting for a signal back...
Recevied signal from omnet++, time to read...
Epoch 3 took 120.52071285247803s
Train Epoch: 4 [0/1935 (0%)]	Loss: 0.241349
Train Epoch: 4 [640/1935 (32%)]	Loss: 0.214025
Train Epoch: 4 [1280/1935 (65%)]	Loss: 0.420953
Train Epoch: 4 [450/1935 (97%)]	Loss: 0.334722
finished training...
writing file...
sending signal at time.struct_time(tm_year=2023, tm_mon=6, tm_mday=19, tm_hour=21, tm_min=1, tm_sec=48, tm_wday=0, tm_yday=170, tm_isdst=0) or 1687208508.2630749 in seconds
Compute time is : 83.8989987373352
.
Sent 1 packets.
waiting for a signal back...
Recevied signal from omnet++, time to read...
Epoch 4 took 120.4427421092987s
Train Epoch: 5 [0/1935 (0%)]	Loss: 0.081845
Train Epoch: 5 [640/1935 (32%)]	Loss: 0.227685
Train Epoch: 5 [1280/1935 (65%)]	Loss: 0.137635
Train Epoch: 5 [450/1935 (97%)]	Loss: 0.697217
finished training...
writing file...
sending signal at time.struct_time(tm_year=2023, tm_mon=6, tm_mday=19, tm_hour=21, tm_min=3, tm_sec=49, tm_wday=0, tm_yday=170, tm_isdst=0) or 1687208629.2347243 in seconds
Compute time is : 84.42784118652344
.
Sent 1 packets.
waiting for a signal back...
Recevied signal from omnet++, time to read...
Epoch 5 took 120.72135424613953s
Average epoch train time: 118.92856602668762
Convergence time from worker19: 594.6435902118683
Average training time: 82.48424029350281
Average time it takes worker to receive a new model from when he is done training his model: 36.11902484893799
Average amount of time it takes to load the new model received from the parameter server: 0.10341153144836426
Average time it takes to write trained model to text file: 0.1429210662841797
Final loss: 0.6972171068191528
for 5 epochs and 18 workers:
Loss: [0.7891086339950562, 0.12518693506717682, 0.15069521963596344, 0.3347216546535492, 0.6972171068191528]
Train Times: [76.6439003944397, 84.14921069145203, 83.62627124786377, 83.73273754119873, 84.26908159255981]
Computation times of worker19: [76.766836643219, 84.2566454410553, 83.78550863265991, 83.8989987373352, 84.42784118652344]
Times it took to receive new model each epoch: [35.82157897949219, 35.78865146636963, 36.52563548088074, 36.357022523880005, 36.10223579406738]
Program finished successfully!
