This is worker5
Starting training...
Train Epoch: 1 [0/1935 (0%)]	Loss: 2.297720
Train Epoch: 1 [640/1935 (32%)]	Loss: 0.819702
Train Epoch: 1 [1280/1935 (65%)]	Loss: 0.708000
Train Epoch: 1 [450/1935 (97%)]	Loss: 0.373699
finished training...
writing file...
sending signal at time.struct_time(tm_year=2023, tm_mon=6, tm_mday=19, tm_hour=20, tm_min=55, tm_sec=42, tm_wday=0, tm_yday=170, tm_isdst=0) or 1687208142.5224175 in seconds
Compute time is : 79.31774520874023
.
Sent 1 packets.
waiting for a signal back...
Recevied signal from omnet++, time to read...
Epoch 1 took 120.43379139900208s
Train Epoch: 2 [0/1935 (0%)]	Loss: 0.246443
Train Epoch: 2 [640/1935 (32%)]	Loss: 0.552601
Train Epoch: 2 [1280/1935 (65%)]	Loss: 0.359119
Train Epoch: 2 [450/1935 (97%)]	Loss: 0.957073
finished training...
writing file...
sending signal at time.struct_time(tm_year=2023, tm_mon=6, tm_mday=19, tm_hour=20, tm_min=57, tm_sec=47, tm_wday=0, tm_yday=170, tm_isdst=0) or 1687208267.802815 in seconds
Compute time is : 84.16429853439331
.
Sent 1 packets.
waiting for a signal back...
Recevied signal from omnet++, time to read...
Epoch 2 took 120.21047759056091s
Train Epoch: 3 [0/1935 (0%)]	Loss: 0.259900
Train Epoch: 3 [640/1935 (32%)]	Loss: 0.436801
Train Epoch: 3 [1280/1935 (65%)]	Loss: 0.402037
Train Epoch: 3 [450/1935 (97%)]	Loss: 0.536306
finished training...
writing file...
sending signal at time.struct_time(tm_year=2023, tm_mon=6, tm_mday=19, tm_hour=20, tm_min=59, tm_sec=48, tm_wday=0, tm_yday=170, tm_isdst=0) or 1687208388.416657 in seconds
Compute time is : 84.56763219833374
.
Sent 1 packets.
waiting for a signal back...
Recevied signal from omnet++, time to read...
Epoch 3 took 120.45754981040955s
Train Epoch: 4 [0/1935 (0%)]	Loss: 0.269599
Train Epoch: 4 [640/1935 (32%)]	Loss: 0.320548
Train Epoch: 4 [1280/1935 (65%)]	Loss: 0.527128
Train Epoch: 4 [450/1935 (97%)]	Loss: 0.344934
finished training...
writing file...
sending signal at time.struct_time(tm_year=2023, tm_mon=6, tm_mday=19, tm_hour=21, tm_min=1, tm_sec=46, tm_wday=0, tm_yday=170, tm_isdst=0) or 1687208506.9282403 in seconds
Compute time is : 82.62157893180847
.
Sent 1 packets.
waiting for a signal back...
Recevied signal from omnet++, time to read...
Epoch 4 took 120.45552349090576s
Train Epoch: 5 [0/1935 (0%)]	Loss: 0.071031
Train Epoch: 5 [640/1935 (32%)]	Loss: 0.105354
Train Epoch: 5 [1280/1935 (65%)]	Loss: 0.132866
Train Epoch: 5 [450/1935 (97%)]	Loss: 0.012450
finished training...
writing file...
sending signal at time.struct_time(tm_year=2023, tm_mon=6, tm_mday=19, tm_hour=21, tm_min=3, tm_sec=47, tm_wday=0, tm_yday=170, tm_isdst=0) or 1687208627.789239 in seconds
Compute time is : 83.02701735496521
.
Sent 1 packets.
waiting for a signal back...
Recevied signal from omnet++, time to read...
Epoch 5 took 120.72646713256836s
Average epoch train time: 120.45676188468933
Convergence time from worker5: 602.2841627597809
Average training time: 82.58964314460755
Average time it takes worker to receive a new model from when he is done training his model: 37.55378737449646
Average amount of time it takes to load the new model received from the parameter server: 0.07778973579406738
Average time it takes to write trained model to text file: 0.15000205039978026
Final loss: 0.012449519708752632
for 5 epochs and 4 workers:
Loss: [0.3736988604068756, 0.9570727944374084, 0.5363064408302307, 0.34493446350097656, 0.012449519708752632]
Train Times: [79.13698816299438, 84.00089597702026, 84.48952460289001, 82.4519956111908, 82.86881136894226]
Computation times of worker5: [79.31774520874023, 84.16429853439331, 84.56763219833374, 82.62157893180847, 83.02701735496521]
Times it took to receive new model each epoch: [40.92752242088318, 35.8753821849823, 35.76834225654602, 37.68389844894409, 37.51379156112671]
Program finished successfully!
