This is worker14
Starting training...
Train Epoch: 1 [0/1935 (0%)]	Loss: 2.302478
Train Epoch: 1 [640/1935 (32%)]	Loss: 0.594129
Train Epoch: 1 [1280/1935 (65%)]	Loss: 0.510388
Train Epoch: 1 [450/1935 (97%)]	Loss: 0.430182
finished training...
writing file...
sending signal at time.struct_time(tm_year=2023, tm_mon=6, tm_mday=19, tm_hour=20, tm_min=55, tm_sec=46, tm_wday=0, tm_yday=170, tm_isdst=0) or 1687208146.8034704 in seconds
Compute time is : 79.24576592445374
.
Sent 1 packets.
waiting for a signal back...
Recevied signal from omnet++, time to read...
Epoch 1 took 116.08090949058533s
Train Epoch: 2 [0/1935 (0%)]	Loss: 0.523954
Train Epoch: 2 [640/1935 (32%)]	Loss: 0.284180
Train Epoch: 2 [1280/1935 (65%)]	Loss: 0.475375
Train Epoch: 2 [450/1935 (97%)]	Loss: 0.486357
finished training...
writing file...
sending signal at time.struct_time(tm_year=2023, tm_mon=6, tm_mday=19, tm_hour=20, tm_min=57, tm_sec=47, tm_wday=0, tm_yday=170, tm_isdst=0) or 1687208267.6684747 in seconds
Compute time is : 84.02997541427612
.
Sent 1 packets.
waiting for a signal back...
Recevied signal from omnet++, time to read...
Epoch 2 took 120.15972423553467s
Train Epoch: 3 [0/1935 (0%)]	Loss: 0.257060
Train Epoch: 3 [640/1935 (32%)]	Loss: 0.394675
Train Epoch: 3 [1280/1935 (65%)]	Loss: 0.188870
Train Epoch: 3 [450/1935 (97%)]	Loss: 0.190420
finished training...
writing file...
sending signal at time.struct_time(tm_year=2023, tm_mon=6, tm_mday=19, tm_hour=20, tm_min=59, tm_sec=48, tm_wday=0, tm_yday=170, tm_isdst=0) or 1687208388.3531034 in seconds
Compute time is : 84.55482983589172
.
Sent 1 packets.
waiting for a signal back...
Recevied signal from omnet++, time to read...
Epoch 3 took 120.54740285873413s
Train Epoch: 4 [0/1935 (0%)]	Loss: 0.123125
Train Epoch: 4 [640/1935 (32%)]	Loss: 0.234728
Train Epoch: 4 [1280/1935 (65%)]	Loss: 0.381015
Train Epoch: 4 [450/1935 (97%)]	Loss: 0.281047
finished training...
writing file...
sending signal at time.struct_time(tm_year=2023, tm_mon=6, tm_mday=19, tm_hour=21, tm_min=1, tm_sec=48, tm_wday=0, tm_yday=170, tm_isdst=0) or 1687208508.3805165 in seconds
Compute time is : 84.03476476669312
.
Sent 1 packets.
waiting for a signal back...
Recevied signal from omnet++, time to read...
Epoch 4 took 120.45106291770935s
Train Epoch: 5 [0/1935 (0%)]	Loss: 0.096757
Train Epoch: 5 [640/1935 (32%)]	Loss: 0.335079
Train Epoch: 5 [1280/1935 (65%)]	Loss: 0.433973
Train Epoch: 5 [450/1935 (97%)]	Loss: 0.060473
finished training...
writing file...
sending signal at time.struct_time(tm_year=2023, tm_mon=6, tm_mday=19, tm_hour=21, tm_min=3, tm_sec=48, tm_wday=0, tm_yday=170, tm_isdst=0) or 1687208628.8256776 in seconds
Compute time is : 84.02877068519592
.
Sent 1 packets.
waiting for a signal back...
Recevied signal from omnet++, time to read...
Epoch 5 took 120.7339141368866s
Average epoch train time: 119.59460272789002
Convergence time from worker14: 597.9738039970398
Average training time: 83.02121686935425
Average time it takes worker to receive a new model from when he is done training his model: 36.24431247711182
Average amount of time it takes to load the new model received from the parameter server: 0.08909497261047364
Average time it takes to write trained model to text file: 0.15759944915771484
Final loss: 0.06047280132770538
for 5 epochs and 13 workers:
Loss: [0.43018195033073425, 0.48635709285736084, 0.19042041897773743, 0.28104734420776367, 0.06047280132770538]
Train Times: [79.08338475227356, 83.86090230941772, 84.40687108039856, 83.88197040557861, 83.87295579910278]
Computation times of worker14: [79.24576592445374, 84.02997541427612, 84.55482983589172, 84.03476476669312, 84.02877068519592]
Times it took to receive new model each epoch: [36.629459381103516, 35.996258020401, 35.833192586898804, 36.244662046432495, 36.51799035072327]
Program finished successfully!
