This is worker6
Starting training...
Train Epoch: 1 [0/1935 (0%)]	Loss: 2.292526
Train Epoch: 1 [640/1935 (32%)]	Loss: 0.589657
Train Epoch: 1 [1280/1935 (65%)]	Loss: 0.619961
Train Epoch: 1 [450/1935 (97%)]	Loss: 0.596860
finished training...
writing file...
sending signal at time.struct_time(tm_year=2023, tm_mon=6, tm_mday=19, tm_hour=18, tm_min=27, tm_sec=37, tm_wday=0, tm_yday=170, tm_isdst=0) or 1687199257.3118997 in seconds
Compute time is : 55.4148383140564
.
Sent 1 packets.
waiting for a signal back...
Recevied signal from omnet++, time to read...
Epoch 1 took 178.8263099193573s
Train Epoch: 2 [0/1935 (0%)]	Loss: 0.594537
Train Epoch: 2 [640/1935 (32%)]	Loss: 0.416643
Train Epoch: 2 [1280/1935 (65%)]	Loss: 0.411601
Train Epoch: 2 [450/1935 (97%)]	Loss: 0.101280
finished training...
writing file...
sending signal at time.struct_time(tm_year=2023, tm_mon=6, tm_mday=19, tm_hour=18, tm_min=31, tm_sec=1, tm_wday=0, tm_yday=170, tm_isdst=0) or 1687199461.8297224 in seconds
Compute time is : 81.10622668266296
.
Sent 1 packets.
waiting for a signal back...
Recevied signal from omnet++, time to read...
Epoch 2 took 179.44912195205688s
Train Epoch: 3 [0/1935 (0%)]	Loss: 0.237325
Train Epoch: 3 [640/1935 (32%)]	Loss: 0.231269
Train Epoch: 3 [1280/1935 (65%)]	Loss: 0.162305
Train Epoch: 3 [450/1935 (97%)]	Loss: 0.156330
finished training...
writing file...
sending signal at time.struct_time(tm_year=2023, tm_mon=6, tm_mday=19, tm_hour=18, tm_min=34, tm_sec=3, tm_wday=0, tm_yday=170, tm_isdst=0) or 1687199643.310797 in seconds
Compute time is : 83.13798141479492
.
Sent 1 packets.
waiting for a signal back...
Recevied signal from omnet++, time to read...
Epoch 3 took 179.55463933944702s
Train Epoch: 4 [0/1935 (0%)]	Loss: 0.105673
Train Epoch: 4 [640/1935 (32%)]	Loss: 0.140813
Train Epoch: 4 [1280/1935 (65%)]	Loss: 0.107341
Train Epoch: 4 [450/1935 (97%)]	Loss: 0.018040
finished training...
writing file...
sending signal at time.struct_time(tm_year=2023, tm_mon=6, tm_mday=19, tm_hour=18, tm_min=37, tm_sec=1, tm_wday=0, tm_yday=170, tm_isdst=0) or 1687199821.2020004 in seconds
Compute time is : 81.47448635101318
.
Sent 1 packets.
waiting for a signal back...
Recevied signal from omnet++, time to read...
Epoch 4 took 179.43481516838074s
Train Epoch: 5 [0/1935 (0%)]	Loss: 0.083390
Train Epoch: 5 [640/1935 (32%)]	Loss: 0.047095
Train Epoch: 5 [1280/1935 (65%)]	Loss: 0.406356
Train Epoch: 5 [450/1935 (97%)]	Loss: 0.042356
finished training...
writing file...
sending signal at time.struct_time(tm_year=2023, tm_mon=6, tm_mday=19, tm_hour=18, tm_min=40, tm_sec=0, tm_wday=0, tm_yday=170, tm_isdst=0) or 1687200000.2982528 in seconds
Compute time is : 81.13581252098083
.
Sent 1 packets.
waiting for a signal back...
Recevied signal from omnet++, time to read...
Epoch 5 took 179.38374829292297s
Average epoch train time: 179.32972693443298
Convergence time from worker6: 896.6526031494141
Average training time: 76.27312064170837
Average time it takes worker to receive a new model from when he is done training his model: 102.67553644180298
Average amount of time it takes to load the new model received from the parameter server: 0.1110626220703125
Average time it takes to write trained model to text file: 0.18074421882629393
Final loss: 0.042355574667453766
for 5 epochs and 5 workers:
Loss: [0.5968603491783142, 0.10127996653318405, 0.15633001923561096, 0.018040044233202934, 0.042355574667453766]
Train Times: [55.23971438407898, 80.94184160232544, 82.96590447425842, 81.3085629940033, 80.90957975387573]
Computation times of worker6: [55.4148383140564, 81.10622668266296, 83.13798141479492, 81.47448635101318, 81.13581252098083]
Times it took to receive new model each epoch: [123.20332622528076, 98.13199162483215, 96.21100878715515, 97.76390480995178, 98.06745076179504]
Program finished successfully!
