This is worker17
Starting training...
Train Epoch: 1 [0/1935 (0%)]	Loss: 2.300524
Train Epoch: 1 [640/1935 (32%)]	Loss: 0.705761
Train Epoch: 1 [1280/1935 (65%)]	Loss: 0.604557
Train Epoch: 1 [450/1935 (97%)]	Loss: 0.652735
finished training...
writing file...
sending signal at time.struct_time(tm_year=2023, tm_mon=6, tm_mday=19, tm_hour=18, tm_min=28, tm_sec=5, tm_wday=0, tm_yday=170, tm_isdst=0) or 1687199285.2697144 in seconds
Compute time is : 77.35255098342896
.
Sent 1 packets.
waiting for a signal back...
Recevied signal from omnet++, time to read...
Epoch 1 took 172.7410387992859s
Train Epoch: 2 [0/1935 (0%)]	Loss: 0.444488
Train Epoch: 2 [640/1935 (32%)]	Loss: 0.445928
Train Epoch: 2 [1280/1935 (65%)]	Loss: 0.325441
Train Epoch: 2 [450/1935 (97%)]	Loss: 0.482013
finished training...
writing file...
sending signal at time.struct_time(tm_year=2023, tm_mon=6, tm_mday=19, tm_hour=18, tm_min=31, tm_sec=5, tm_wday=0, tm_yday=170, tm_isdst=0) or 1687199465.344567 in seconds
Compute time is : 84.68641662597656
.
Sent 1 packets.
waiting for a signal back...
Recevied signal from omnet++, time to read...
Epoch 2 took 179.43997168540955s
Train Epoch: 3 [0/1935 (0%)]	Loss: 0.163285
Train Epoch: 3 [640/1935 (32%)]	Loss: 0.178681
Train Epoch: 3 [1280/1935 (65%)]	Loss: 0.216449
Train Epoch: 3 [450/1935 (97%)]	Loss: 0.170463
finished training...
writing file...
sending signal at time.struct_time(tm_year=2023, tm_mon=6, tm_mday=19, tm_hour=18, tm_min=34, tm_sec=3, tm_wday=0, tm_yday=170, tm_isdst=0) or 1687199643.9617538 in seconds
Compute time is : 83.86357879638672
.
Sent 1 packets.
waiting for a signal back...
Recevied signal from omnet++, time to read...
Epoch 3 took 179.63014459609985s
Train Epoch: 4 [0/1935 (0%)]	Loss: 0.027495
Train Epoch: 4 [640/1935 (32%)]	Loss: 0.249189
Train Epoch: 4 [1280/1935 (65%)]	Loss: 0.174050
Train Epoch: 4 [450/1935 (97%)]	Loss: 0.513586
finished training...
writing file...
sending signal at time.struct_time(tm_year=2023, tm_mon=6, tm_mday=19, tm_hour=18, tm_min=37, tm_sec=3, tm_wday=0, tm_yday=170, tm_isdst=0) or 1687199823.1360464 in seconds
Compute time is : 83.40766477584839
.
Sent 1 packets.
waiting for a signal back...
Recevied signal from omnet++, time to read...
Epoch 4 took 179.4225549697876s
Train Epoch: 5 [0/1935 (0%)]	Loss: 0.178628
Train Epoch: 5 [640/1935 (32%)]	Loss: 0.294239
Train Epoch: 5 [1280/1935 (65%)]	Loss: 0.137671
Train Epoch: 5 [450/1935 (97%)]	Loss: 0.118817
finished training...
writing file...
sending signal at time.struct_time(tm_year=2023, tm_mon=6, tm_mday=19, tm_hour=18, tm_min=40, tm_sec=3, tm_wday=0, tm_yday=170, tm_isdst=0) or 1687200003.6637046 in seconds
Compute time is : 84.51259326934814
.
Sent 1 packets.
waiting for a signal back...
Recevied signal from omnet++, time to read...
Epoch 5 took 179.38163828849792s
Average epoch train time: 178.12306966781617
Convergence time from worker17: 890.6178925037384
Average training time: 82.61933555603028
Average time it takes worker to receive a new model from when he is done training his model: 95.18902626037598
Average amount of time it takes to load the new model received from the parameter server: 0.07812542915344238
Average time it takes to write trained model to text file: 0.14522004127502441
Final loss: 0.11881716549396515
for 5 epochs and 16 workers:
Loss: [0.6527349948883057, 0.48201337456703186, 0.17046257853507996, 0.5135858058929443, 0.11881716549396515]
Train Times: [77.20157122612, 84.60691976547241, 83.70656657218933, 83.23174452781677, 84.34987568855286]
Computation times of worker17: [77.35255098342896, 84.68641662597656, 83.86357879638672, 83.40766477584839, 84.51259326934814]
Times it took to receive new model each epoch: [95.19706511497498, 94.6373872756958, 95.56126475334167, 95.8295350074768, 94.71987915039062]
Program finished successfully!
