This is worker16
.
Sent 1 packets.
Starting training...
Train Epoch: 1 [0/1935 (0%)]	Loss: 2.292762
Train Epoch: 1 [640/1935 (32%)]	Loss: 0.842235
Train Epoch: 1 [1280/1935 (65%)]	Loss: 0.851118
Train Epoch: 1 [450/1935 (97%)]	Loss: 0.176237
finished training...
writing file...
sending signal at time.struct_time(tm_year=2023, tm_mon=6, tm_mday=19, tm_hour=18, tm_min=28, tm_sec=3, tm_wday=0, tm_yday=170, tm_isdst=0) or 1687199283.1528962 in seconds
Compute time is : 75.72137808799744
.
Sent 1 packets.
waiting for a signal back...
Recevied signal from omnet++, time to read...
Epoch 1 took 173.22831511497498s
Train Epoch: 2 [0/1935 (0%)]	Loss: 0.359937
Train Epoch: 2 [640/1935 (32%)]	Loss: 0.820692
Train Epoch: 2 [1280/1935 (65%)]	Loss: 0.427688
Train Epoch: 2 [450/1935 (97%)]	Loss: 0.145188
finished training...
writing file...
sending signal at time.struct_time(tm_year=2023, tm_mon=6, tm_mday=19, tm_hour=18, tm_min=31, tm_sec=4, tm_wday=0, tm_yday=170, tm_isdst=0) or 1687199464.163687 in seconds
Compute time is : 83.50380730628967
.
Sent 1 packets.
waiting for a signal back...
Recevied signal from omnet++, time to read...
Epoch 2 took 179.48782110214233s
Train Epoch: 3 [0/1935 (0%)]	Loss: 0.312464
Train Epoch: 3 [640/1935 (32%)]	Loss: 0.087446
Train Epoch: 3 [1280/1935 (65%)]	Loss: 0.242056
Train Epoch: 3 [450/1935 (97%)]	Loss: 0.077936
finished training...
writing file...
sending signal at time.struct_time(tm_year=2023, tm_mon=6, tm_mday=19, tm_hour=18, tm_min=34, tm_sec=4, tm_wday=0, tm_yday=170, tm_isdst=0) or 1687199644.7055576 in seconds
Compute time is : 84.55773878097534
.
Sent 1 packets.
waiting for a signal back...
Recevied signal from omnet++, time to read...
Epoch 3 took 179.56278610229492s
Train Epoch: 4 [0/1935 (0%)]	Loss: 0.397838
Train Epoch: 4 [640/1935 (32%)]	Loss: 0.511698
Train Epoch: 4 [1280/1935 (65%)]	Loss: 0.231913
Train Epoch: 4 [450/1935 (97%)]	Loss: 0.477583
finished training...
writing file...
sending signal at time.struct_time(tm_year=2023, tm_mon=6, tm_mday=19, tm_hour=18, tm_min=37, tm_sec=4, tm_wday=0, tm_yday=170, tm_isdst=0) or 1687199824.332094 in seconds
Compute time is : 84.62144899368286
.
Sent 1 packets.
waiting for a signal back...
Recevied signal from omnet++, time to read...
Epoch 4 took 179.44262313842773s
Train Epoch: 5 [0/1935 (0%)]	Loss: 0.160755
Train Epoch: 5 [640/1935 (32%)]	Loss: 0.047162
Train Epoch: 5 [1280/1935 (65%)]	Loss: 0.137019
Train Epoch: 5 [450/1935 (97%)]	Loss: 0.277090
finished training...
writing file...
sending signal at time.struct_time(tm_year=2023, tm_mon=6, tm_mday=19, tm_hour=18, tm_min=40, tm_sec=3, tm_wday=0, tm_yday=170, tm_isdst=0) or 1687200003.1627438 in seconds
Compute time is : 84.00926780700684
.
Sent 1 packets.
waiting for a signal back...
Recevied signal from omnet++, time to read...
Epoch 5 took 179.41924023628235s
Average epoch train time: 178.22815713882446
Convergence time from worker16: 891.141407251358
Average training time: 82.33809270858765
Average time it takes worker to receive a new model from when he is done training his model: 95.57188625335694
Average amount of time it takes to load the new model received from the parameter server: 0.0934218406677246
Average time it takes to write trained model to text file: 0.14463071823120116
Final loss: 0.27709028124809265
for 5 epochs and 15 workers:
Loss: [0.17623725533485413, 0.14518795907497406, 0.07793588191270828, 0.47758325934410095, 0.27709028124809265]
Train Times: [75.5619490146637, 83.34339952468872, 84.40873527526855, 84.5238196849823, 83.85256004333496]
Computation times of worker16: [75.72137808799744, 83.50380730628967, 84.55773878097534, 84.62144899368286, 84.00926780700684]
Times it took to receive new model each epoch: [97.3621997833252, 95.78537631034851, 94.82380795478821, 94.65222835540771, 95.23581886291504]
Program finished successfully!
