This is worker7
Starting training...
Train Epoch: 1 [0/1935 (0%)]	Loss: 2.297401
Train Epoch: 1 [640/1935 (32%)]	Loss: 0.506918
Train Epoch: 1 [1280/1935 (65%)]	Loss: 0.447878
Train Epoch: 1 [450/1935 (97%)]	Loss: 0.542910
finished training...
writing file...
sending signal at time.struct_time(tm_year=2023, tm_mon=6, tm_mday=19, tm_hour=18, tm_min=27, tm_sec=37, tm_wday=0, tm_yday=170, tm_isdst=0) or 1687199257.7309232 in seconds
Compute time is : 55.37305665016174
.
Sent 1 packets.
waiting for a signal back...
Recevied signal from omnet++, time to read...
Epoch 1 took 178.37059569358826s
Train Epoch: 2 [0/1935 (0%)]	Loss: 0.335880
Train Epoch: 2 [640/1935 (32%)]	Loss: 0.389656
Train Epoch: 2 [1280/1935 (65%)]	Loss: 0.245548
Train Epoch: 2 [450/1935 (97%)]	Loss: 0.292898
finished training...
writing file...
sending signal at time.struct_time(tm_year=2023, tm_mon=6, tm_mday=19, tm_hour=18, tm_min=31, tm_sec=1, tm_wday=0, tm_yday=170, tm_isdst=0) or 1687199461.756927 in seconds
Compute time is : 81.02844882011414
.
Sent 1 packets.
waiting for a signal back...
Recevied signal from omnet++, time to read...
Epoch 2 took 179.4398672580719s
Train Epoch: 3 [0/1935 (0%)]	Loss: 0.273000
Train Epoch: 3 [640/1935 (32%)]	Loss: 0.436580
Train Epoch: 3 [1280/1935 (65%)]	Loss: 0.387300
Train Epoch: 3 [450/1935 (97%)]	Loss: 0.584630
finished training...
writing file...
sending signal at time.struct_time(tm_year=2023, tm_mon=6, tm_mday=19, tm_hour=18, tm_min=34, tm_sec=2, tm_wday=0, tm_yday=170, tm_isdst=0) or 1687199642.9758747 in seconds
Compute time is : 82.80727219581604
.
Sent 1 packets.
waiting for a signal back...
Recevied signal from omnet++, time to read...
Epoch 3 took 179.55958080291748s
Train Epoch: 4 [0/1935 (0%)]	Loss: 0.113757
Train Epoch: 4 [640/1935 (32%)]	Loss: 0.228351
Train Epoch: 4 [1280/1935 (65%)]	Loss: 0.175343
Train Epoch: 4 [450/1935 (97%)]	Loss: 0.537878
finished training...
writing file...
sending signal at time.struct_time(tm_year=2023, tm_mon=6, tm_mday=19, tm_hour=18, tm_min=37, tm_sec=2, tm_wday=0, tm_yday=170, tm_isdst=0) or 1687199822.2219348 in seconds
Compute time is : 82.49370288848877
.
Sent 1 packets.
waiting for a signal back...
Recevied signal from omnet++, time to read...
Epoch 4 took 179.38795375823975s
Train Epoch: 5 [0/1935 (0%)]	Loss: 0.152204
Train Epoch: 5 [640/1935 (32%)]	Loss: 0.137433
Train Epoch: 5 [1280/1935 (65%)]	Loss: 0.322139
Train Epoch: 5 [450/1935 (97%)]	Loss: 0.035634
finished training...
writing file...
sending signal at time.struct_time(tm_year=2023, tm_mon=6, tm_mday=19, tm_hour=18, tm_min=39, tm_sec=59, tm_wday=0, tm_yday=170, tm_isdst=0) or 1687199999.801894 in seconds
Compute time is : 80.68565487861633
.
Sent 1 packets.
waiting for a signal back...
Recevied signal from omnet++, time to read...
Epoch 5 took 179.480082988739s
Average epoch train time: 179.2476161003113
Convergence time from worker7: 896.2391631603241
Average training time: 76.30965805053711
Average time it takes worker to receive a new model from when he is done training his model: 102.56498737335205
Average amount of time it takes to load the new model received from the parameter server: 0.11291179656982422
Average time it takes to write trained model to text file: 0.1679638385772705
Final loss: 0.035633768886327744
for 5 epochs and 6 workers:
Loss: [0.5429096817970276, 0.2928977310657501, 0.5846298336982727, 0.5378782749176025, 0.035633768886327744]
Train Times: [55.20525598526001, 80.86368608474731, 82.65466809272766, 82.33628106117249, 80.48839902877808]
Computation times of worker7: [55.37305665016174, 81.02844882011414, 82.80727219581604, 82.49370288848877, 80.68565487861633]
Times it took to receive new model each epoch: [122.77947282791138, 98.1975028514862, 96.53255653381348, 96.7559163570404, 98.55948829650879]
Program finished successfully!
