This is worker27
Starting training...
Train Epoch: 1 [0/1935 (0%)]	Loss: 2.291584
Train Epoch: 1 [640/1935 (32%)]	Loss: 0.708290
Train Epoch: 1 [1280/1935 (65%)]	Loss: 0.507213
Train Epoch: 1 [450/1935 (97%)]	Loss: 0.733699
finished training...
writing file...
sending signal at time.struct_time(tm_year=2023, tm_mon=6, tm_mday=19, tm_hour=18, tm_min=27, tm_sec=47, tm_wday=0, tm_yday=170, tm_isdst=0) or 1687199267.922369 in seconds
Compute time is : 53.068811655044556
.
Sent 1 packets.
waiting for a signal back...
Recevied signal from omnet++, time to read...
Epoch 1 took 165.87748861312866s
Train Epoch: 2 [0/1935 (0%)]	Loss: 0.245241
Train Epoch: 2 [640/1935 (32%)]	Loss: 0.172936
Train Epoch: 2 [1280/1935 (65%)]	Loss: 0.419506
Train Epoch: 2 [450/1935 (97%)]	Loss: 0.733218
finished training...
writing file...
sending signal at time.struct_time(tm_year=2023, tm_mon=6, tm_mday=19, tm_hour=18, tm_min=31, tm_sec=1, tm_wday=0, tm_yday=170, tm_isdst=0) or 1687199461.4847953 in seconds
Compute time is : 80.7537317276001
.
Sent 1 packets.
waiting for a signal back...
Recevied signal from omnet++, time to read...
Epoch 2 took 179.44278573989868s
Train Epoch: 3 [0/1935 (0%)]	Loss: 0.170927
Train Epoch: 3 [640/1935 (32%)]	Loss: 0.170911
Train Epoch: 3 [1280/1935 (65%)]	Loss: 0.231537
Train Epoch: 3 [450/1935 (97%)]	Loss: 0.072315
finished training...
writing file...
sending signal at time.struct_time(tm_year=2023, tm_mon=6, tm_mday=19, tm_hour=18, tm_min=34, tm_sec=3, tm_wday=0, tm_yday=170, tm_isdst=0) or 1687199643.5471723 in seconds
Compute time is : 83.37313294410706
.
Sent 1 packets.
waiting for a signal back...
Recevied signal from omnet++, time to read...
Epoch 3 took 179.55436968803406s
Train Epoch: 4 [0/1935 (0%)]	Loss: 0.200289
Train Epoch: 4 [640/1935 (32%)]	Loss: 0.322958
Train Epoch: 4 [1280/1935 (65%)]	Loss: 0.201367
Train Epoch: 4 [450/1935 (97%)]	Loss: 0.059848
finished training...
writing file...
sending signal at time.struct_time(tm_year=2023, tm_mon=6, tm_mday=19, tm_hour=18, tm_min=37, tm_sec=1, tm_wday=0, tm_yday=170, tm_isdst=0) or 1687199821.8496907 in seconds
Compute time is : 82.12123346328735
.
Sent 1 packets.
waiting for a signal back...
Recevied signal from omnet++, time to read...
Epoch 4 took 179.4344446659088s
Train Epoch: 5 [0/1935 (0%)]	Loss: 0.319193
Train Epoch: 5 [640/1935 (32%)]	Loss: 0.277995
Train Epoch: 5 [1280/1935 (65%)]	Loss: 0.105554
Train Epoch: 5 [450/1935 (97%)]	Loss: 0.202951
finished training...
writing file...
sending signal at time.struct_time(tm_year=2023, tm_mon=6, tm_mday=19, tm_hour=18, tm_min=40, tm_sec=1, tm_wday=0, tm_yday=170, tm_isdst=0) or 1687200001.3884091 in seconds
Compute time is : 82.22543740272522
.
Sent 1 packets.
waiting for a signal back...
Recevied signal from omnet++, time to read...
Epoch 5 took 179.43589663505554s
Average epoch train time: 176.74899706840515
Convergence time from worker27: 883.7527809143066
Average training time: 76.14759950637817
Average time it takes worker to receive a new model from when he is done training his model: 100.2311342716217
Average amount of time it takes to load the new model received from the parameter server: 0.12230067253112793
Average time it takes to write trained model to text file: 0.1608654499053955
Final loss: 0.2029511034488678
for 5 epochs and 26 workers:
Loss: [0.7336986064910889, 0.7332176566123962, 0.07231544703245163, 0.059847962111234665, 0.2029511034488678]
Train Times: [52.90835165977478, 80.59250068664551, 83.20982646942139, 81.96298956871033, 82.06432914733887]
Computation times of worker27: [53.068811655044556, 80.7537317276001, 83.37313294410706, 82.12123346328735, 82.22543740272522]
Times it took to receive new model each epoch: [112.58894419670105, 98.46269059181213, 95.97461366653442, 97.12085008621216, 97.00857281684875]
Program finished successfully!
