This is worker13
Starting training...
Train Epoch: 1 [0/1935 (0%)]	Loss: 2.299223
Train Epoch: 1 [640/1935 (32%)]	Loss: 0.551750
Train Epoch: 1 [1280/1935 (65%)]	Loss: 0.482892
Train Epoch: 1 [450/1935 (97%)]	Loss: 0.140109
finished training...
writing file...
sending signal at time.struct_time(tm_year=2023, tm_mon=6, tm_mday=19, tm_hour=18, tm_min=28, tm_sec=2, tm_wday=0, tm_yday=170, tm_isdst=0) or 1687199282.356948 in seconds
Compute time is : 76.84019374847412
.
Sent 1 packets.
waiting for a signal back...
Recevied signal from omnet++, time to read...
Epoch 1 took 175.1912808418274s
Train Epoch: 2 [0/1935 (0%)]	Loss: 0.314923
Train Epoch: 2 [640/1935 (32%)]	Loss: 0.457644
Train Epoch: 2 [1280/1935 (65%)]	Loss: 0.405027
Train Epoch: 2 [450/1935 (97%)]	Loss: 0.596964
finished training...
writing file...
sending signal at time.struct_time(tm_year=2023, tm_mon=6, tm_mday=19, tm_hour=18, tm_min=31, tm_sec=3, tm_wday=0, tm_yday=170, tm_isdst=0) or 1687199463.2120466 in seconds
Compute time is : 82.5040853023529
.
Sent 1 packets.
waiting for a signal back...
Recevied signal from omnet++, time to read...
Epoch 2 took 179.46368765830994s
Train Epoch: 3 [0/1935 (0%)]	Loss: 0.188326
Train Epoch: 3 [640/1935 (32%)]	Loss: 0.163116
Train Epoch: 3 [1280/1935 (65%)]	Loss: 0.245351
Train Epoch: 3 [450/1935 (97%)]	Loss: 0.054731
finished training...
writing file...
sending signal at time.struct_time(tm_year=2023, tm_mon=6, tm_mday=19, tm_hour=18, tm_min=34, tm_sec=4, tm_wday=0, tm_yday=170, tm_isdst=0) or 1687199644.6511421 in seconds
Compute time is : 84.47908973693848
.
Sent 1 packets.
waiting for a signal back...
Recevied signal from omnet++, time to read...
Epoch 3 took 179.54060292243958s
Train Epoch: 4 [0/1935 (0%)]	Loss: 0.146851
Train Epoch: 4 [640/1935 (32%)]	Loss: 0.093087
Train Epoch: 4 [1280/1935 (65%)]	Loss: 0.193023
Train Epoch: 4 [450/1935 (97%)]	Loss: 0.273388
finished training...
writing file...
sending signal at time.struct_time(tm_year=2023, tm_mon=6, tm_mday=19, tm_hour=18, tm_min=37, tm_sec=3, tm_wday=0, tm_yday=170, tm_isdst=0) or 1687199823.8508296 in seconds
Compute time is : 84.1381413936615
.
Sent 1 packets.
waiting for a signal back...
Recevied signal from omnet++, time to read...
Epoch 4 took 179.43693351745605s
Train Epoch: 5 [0/1935 (0%)]	Loss: 0.092714
Train Epoch: 5 [640/1935 (32%)]	Loss: 0.132272
Train Epoch: 5 [1280/1935 (65%)]	Loss: 0.485403
Train Epoch: 5 [450/1935 (97%)]	Loss: 0.382081
finished training...
writing file...
sending signal at time.struct_time(tm_year=2023, tm_mon=6, tm_mday=19, tm_hour=18, tm_min=40, tm_sec=3, tm_wday=0, tm_yday=170, tm_isdst=0) or 1687200003.3577478 in seconds
Compute time is : 84.20807123184204
.
Sent 1 packets.
waiting for a signal back...
Recevied signal from omnet++, time to read...
Epoch 5 took 179.38131308555603s
Average epoch train time: 178.6027636051178
Convergence time from worker13: 893.014568567276
Average training time: 82.2727442741394
Average time it takes worker to receive a new model from when he is done training his model: 95.97841362953186
Average amount of time it takes to load the new model received from the parameter server: 0.09943680763244629
Average time it takes to write trained model to text file: 0.16116685867309571
Final loss: 0.38208138942718506
for 5 epochs and 12 workers:
Loss: [0.14010852575302124, 0.5969638228416443, 0.054731473326683044, 0.2733882963657379, 0.38208138942718506]
Train Times: [76.66909050941467, 82.35703945159912, 84.31961727142334, 83.97856664657593, 84.03940749168396]
Computation times of worker13: [76.84019374847412, 82.5040853023529, 84.47908973693848, 84.1381413936615, 84.20807123184204]
Times it took to receive new model each epoch: [98.14834403991699, 96.74095058441162, 94.87349128723145, 95.10817623138428, 95.02110600471497]
Program finished successfully!
