This is worker3
.
Sent 1 packets.
Starting training...
Train Epoch: 1 [0/7500 (0%)]	Loss: 2.288648
Train Epoch: 1 [640/7500 (8%)]	Loss: 0.702393
Train Epoch: 1 [1280/7500 (17%)]	Loss: 0.385660
Train Epoch: 1 [1920/7500 (25%)]	Loss: 0.416476
Train Epoch: 1 [2560/7500 (34%)]	Loss: 0.324825
Train Epoch: 1 [3200/7500 (42%)]	Loss: 0.349815
Train Epoch: 1 [3840/7500 (51%)]	Loss: 0.416485
Train Epoch: 1 [4480/7500 (59%)]	Loss: 0.468930
Train Epoch: 1 [5120/7500 (68%)]	Loss: 0.381305
Train Epoch: 1 [5760/7500 (76%)]	Loss: 0.563708
Train Epoch: 1 [6400/7500 (85%)]	Loss: 0.424783
Train Epoch: 1 [7040/7500 (93%)]	Loss: 0.304010
finished training...
writing file...
sending signal at time.struct_time(tm_year=2023, tm_mon=6, tm_mday=14, tm_hour=23, tm_min=21, tm_sec=12, tm_wday=2, tm_yday=165, tm_isdst=0) or 1686784872.0537734 in seconds
Compute time is : 123.26028418540955
.
Sent 1 packets.
waiting for a signal back...
Recevied signal from omnet++, time to read...
Epoch 1 took 250.60132336616516s
Train Epoch: 2 [0/7500 (0%)]	Loss: 0.218593
Train Epoch: 2 [640/7500 (8%)]	Loss: 0.156053
Train Epoch: 2 [1280/7500 (17%)]	Loss: 0.159351
Train Epoch: 2 [1920/7500 (25%)]	Loss: 0.238989
Train Epoch: 2 [2560/7500 (34%)]	Loss: 0.202777
Train Epoch: 2 [3200/7500 (42%)]	Loss: 0.278920
Train Epoch: 2 [3840/7500 (51%)]	Loss: 0.157703
Train Epoch: 2 [4480/7500 (59%)]	Loss: 0.232780
Train Epoch: 2 [5120/7500 (68%)]	Loss: 0.187201
Train Epoch: 2 [5760/7500 (76%)]	Loss: 0.219954
Train Epoch: 2 [6400/7500 (85%)]	Loss: 0.285325
Train Epoch: 2 [7040/7500 (93%)]	Loss: 0.191217
finished training...
writing file...
sending signal at time.struct_time(tm_year=2023, tm_mon=6, tm_mday=14, tm_hour=23, tm_min=25, tm_sec=22, tm_wday=2, tm_yday=165, tm_isdst=0) or 1686785122.7353923 in seconds
Compute time is : 123.34048295021057
.
Sent 1 packets.
waiting for a signal back...
Recevied signal from omnet++, time to read...
Epoch 2 took 249.91057801246643s
Train Epoch: 3 [0/7500 (0%)]	Loss: 0.144197
Train Epoch: 3 [640/7500 (8%)]	Loss: 0.063242
Train Epoch: 3 [1280/7500 (17%)]	Loss: 0.106994
Train Epoch: 3 [1920/7500 (25%)]	Loss: 0.066458
Train Epoch: 3 [2560/7500 (34%)]	Loss: 0.114543
Train Epoch: 3 [3200/7500 (42%)]	Loss: 0.213446
Train Epoch: 3 [3840/7500 (51%)]	Loss: 0.249758
Train Epoch: 3 [4480/7500 (59%)]	Loss: 0.062837
Train Epoch: 3 [5120/7500 (68%)]	Loss: 0.193553
Train Epoch: 3 [5760/7500 (76%)]	Loss: 0.113558
Train Epoch: 3 [6400/7500 (85%)]	Loss: 0.303020
Train Epoch: 3 [7040/7500 (93%)]	Loss: 0.028851
finished training...
writing file...
sending signal at time.struct_time(tm_year=2023, tm_mon=6, tm_mday=14, tm_hour=23, tm_min=29, tm_sec=31, tm_wday=2, tm_yday=165, tm_isdst=0) or 1686785371.9984126 in seconds
Compute time is : 122.69253444671631
.
Sent 1 packets.
waiting for a signal back...
Recevied signal from omnet++, time to read...
Epoch 3 took 249.31340909004211s
Train Epoch: 4 [0/7500 (0%)]	Loss: 0.016647
Train Epoch: 4 [640/7500 (8%)]	Loss: 0.318957
Train Epoch: 4 [1280/7500 (17%)]	Loss: 0.078794
Train Epoch: 4 [1920/7500 (25%)]	Loss: 0.266701
Train Epoch: 4 [2560/7500 (34%)]	Loss: 0.133259
Train Epoch: 4 [3200/7500 (42%)]	Loss: 0.061480
Train Epoch: 4 [3840/7500 (51%)]	Loss: 0.261302
Train Epoch: 4 [4480/7500 (59%)]	Loss: 0.046901
Train Epoch: 4 [5120/7500 (68%)]	Loss: 0.048893
Train Epoch: 4 [5760/7500 (76%)]	Loss: 0.071936
Train Epoch: 4 [6400/7500 (85%)]	Loss: 0.122505
Train Epoch: 4 [7040/7500 (93%)]	Loss: 0.277046
finished training...
writing file...
sending signal at time.struct_time(tm_year=2023, tm_mon=6, tm_mday=14, tm_hour=23, tm_min=33, tm_sec=40, tm_wday=2, tm_yday=165, tm_isdst=0) or 1686785620.5624855 in seconds
Compute time is : 121.94294381141663
.
Sent 1 packets.
waiting for a signal back...
Recevied signal from omnet++, time to read...
Epoch 4 took 249.30280184745789s
Train Epoch: 5 [0/7500 (0%)]	Loss: 0.015619
Train Epoch: 5 [640/7500 (8%)]	Loss: 0.124097
Train Epoch: 5 [1280/7500 (17%)]	Loss: 0.119091
Train Epoch: 5 [1920/7500 (25%)]	Loss: 0.079655
Train Epoch: 5 [2560/7500 (34%)]	Loss: 0.225720
Train Epoch: 5 [3200/7500 (42%)]	Loss: 0.350409
Train Epoch: 5 [3840/7500 (51%)]	Loss: 0.069569
Train Epoch: 5 [4480/7500 (59%)]	Loss: 0.066619
Train Epoch: 5 [5120/7500 (68%)]	Loss: 0.079878
Train Epoch: 5 [5760/7500 (76%)]	Loss: 0.239917
Train Epoch: 5 [6400/7500 (85%)]	Loss: 0.009499
Train Epoch: 5 [7040/7500 (93%)]	Loss: 0.111917
finished training...
writing file...
sending signal at time.struct_time(tm_year=2023, tm_mon=6, tm_mday=14, tm_hour=23, tm_min=37, tm_sec=50, tm_wday=2, tm_yday=165, tm_isdst=0) or 1686785870.240063 in seconds
Compute time is : 122.3176531791687
.
Sent 1 packets.
waiting for a signal back...
Recevied signal from omnet++, time to read...
Epoch 5 took 249.35296058654785s
Average epoch train time: 249.6962145805359
Convergence time from worker3: 1248.4821360111237
Average training time: 122.57444920539857
Average time it takes worker to receive a new model from when he is done training his model: 126.87832078933715
Average amount of time it takes to load the new model received from the parameter server: 0.06047282218933105
Average time it takes to write trained model to text file: 0.13632607460021973
Final loss: 0.006950301583856344
for 5 epochs and 2 workers:
Loss: [0.38046690821647644, 0.8407241702079773, 0.12079449743032455, 0.15627257525920868, 0.006950301583856344]
Train Times: [123.13451147079468, 123.27628374099731, 122.59275197982788, 121.75297331809998, 122.11572551727295]
Computation times of worker3: [123.26028418540955, 123.34048295021057, 122.69253444671631, 121.94294381141663, 122.3176531791687]
Times it took to receive new model each epoch: [127.22239923477173, 126.45124745368958, 126.54265260696411, 127.24378728866577, 126.9315173625946]
Program finished successfully!
